SF:/Users/tettuan/github/frontmatter-to-schema/cli.ts
FN:40,printUsage
FN:64,loadPromptTemplates
FN:90,main
FN:259,map
FN:289,mapWithOrchestrator
FNDA:5,printUsage
FNDA:12,loadPromptTemplates
FNDA:15,main
FNDA:40,map
FNDA:0,mapWithOrchestrator
FNF:5
FNH:4
BRDA:420,0,0,12
BRDA:69,2,0,11
BRDA:75,2,1,1
BRDA:101,3,0,1
BRDA:106,3,1,14
BRDA:109,3,2,12
BRDA:112,3,3,2
BRDA:115,3,4,0
BRDA:121,3,5,14
BRDA:129,3,6,13
BRDA:129,3,7,2
BRDA:131,3,8,1
BRDA:131,3,9,1
BRDA:132,3,10,12
BRDA:137,3,11,6
BRDA:138,3,12,10
BRDA:140,3,13,10
BRDA:140,3,14,2
BRDA:144,3,15,10
BRDA:154,3,16,2
BRDA:157,3,17,1
BRDA:164,3,18,0
BRDA:169,3,19,1
BRDA:176,3,20,0
BRDA:181,3,21,1
BRDA:188,3,22,0
BRDA:195,3,23,10
BRDA:200,3,24,0
BRDA:201,3,25,10
BRDA:211,3,26,10
BRDA:212,3,27,10
BRDA:212,3,28,10
BRDA:213,3,29,0
BRDA:215,3,30,10
BRDA:217,3,31,9
BRDA:218,3,32,1
BRDA:219,3,33,9
BRDA:227,3,34,10
BRDA:227,3,35,10
BRDA:228,3,36,0
BRDA:245,3,37,10
BRDA:246,3,38,2
BRDA:249,3,39,10
BRDA:309,3,40,2
BRDA:315,3,41,10
BRDA:316,3,42,2
BRDA:319,3,43,10
BRDA:320,3,44,2
BRDA:323,3,45,10
BRDA:324,3,46,2
BRDA:328,3,47,10
BRDA:334,3,48,2
BRDA:337,3,49,10
BRDA:349,3,50,2
BRDA:365,3,51,10
BRDA:387,3,52,6
BRDA:391,3,53,4
BRDA:397,3,54,0
BRDA:399,3,55,0
BRDA:407,3,56,2
BRDA:413,3,57,4
BRDA:95,4,0,32
BRDA:95,4,1,29
BRDA:98,4,2,15
BRDA:267,5,0,0
BRF:65
BRH:55
DA:16,13
DA:17,13
DA:18,13
DA:19,13
DA:20,13
DA:21,13
DA:23,13
DA:24,13
DA:25,13
DA:26,13
DA:27,13
DA:28,13
DA:29,13
DA:30,13
DA:31,13
DA:32,13
DA:33,13
DA:34,13
DA:38,13
DA:40,13
DA:41,18
DA:61,18
DA:62,18
DA:64,13
DA:67,25
DA:68,25
DA:69,25
DA:71,36
DA:72,36
DA:74,144
DA:75,25
DA:76,26
DA:77,26
DA:78,26
DA:81,26
DA:82,26
DA:85,26
DA:86,26
DA:87,26
DA:88,25
DA:90,13
DA:92,28
DA:93,28
DA:94,28
DA:95,72
DA:96,101
DA:97,404
DA:98,101
DA:99,87
DA:100,28
DA:101,28
DA:102,29
DA:103,29
DA:105,29
DA:106,29
DA:109,28
DA:110,28
DA:111,28
DA:112,28
DA:113,30
DA:114,90
DA:115,0
DA:116,0
DA:117,0
DA:118,0
DA:119,0
DA:120,90
DA:121,30
DA:123,42
DA:124,210
DA:125,168
DA:126,42
DA:127,42
DA:129,28
DA:130,30
DA:131,30
DA:132,30
DA:134,40
DA:135,40
DA:136,40
DA:137,28
DA:138,28
DA:140,28
DA:141,30
DA:142,30
DA:143,30
DA:144,30
DA:146,38
DA:147,38
DA:148,38
DA:149,38
DA:150,38
DA:151,38
DA:154,38
DA:155,28
DA:156,30
DA:157,30
DA:158,30
DA:159,31
DA:160,31
DA:161,31
DA:162,31
DA:163,31
DA:164,0
DA:165,0
DA:166,31
DA:168,30
DA:169,30
DA:170,30
DA:171,31
DA:172,31
DA:173,31
DA:174,31
DA:175,31
DA:176,0
DA:177,0
DA:178,31
DA:180,30
DA:181,30
DA:182,30
DA:183,31
DA:184,31
DA:185,31
DA:186,31
DA:187,31
DA:188,0
DA:189,0
DA:190,31
DA:192,30
DA:193,30
DA:198,0
DA:199,0
DA:200,0
DA:201,0
DA:203,28
DA:205,28
DA:209,28
DA:210,28
DA:211,28
DA:212,28
DA:213,28
DA:214,0
DA:215,0
DA:216,38
DA:217,38
DA:218,38
DA:219,38
DA:220,38
DA:221,38
DA:222,38
DA:223,38
DA:225,28
DA:226,28
DA:227,28
DA:228,28
DA:229,0
DA:230,0
DA:231,0
DA:232,0
DA:233,0
DA:234,0
DA:235,0
DA:236,0
DA:237,0
DA:238,0
DA:239,0
DA:240,0
DA:241,0
DA:242,0
DA:243,0
DA:246,38
DA:247,28
DA:248,30
DA:249,28
DA:250,38
DA:251,38
DA:252,38
DA:255,38
DA:256,38
DA:258,38
DA:259,38
DA:260,78
DA:262,78
DA:263,78
DA:264,78
DA:265,78
DA:266,312
DA:267,0
DA:268,0
DA:269,0
DA:270,0
DA:271,0
DA:272,0
DA:273,0
DA:274,0
DA:275,0
DA:276,0
DA:277,0
DA:278,0
DA:279,0
DA:280,0
DA:281,0
DA:282,0
DA:283,0
DA:284,0
DA:286,0
DA:287,0
DA:288,0
DA:289,0
DA:290,0
DA:291,0
DA:292,0
DA:295,0
DA:296,0
DA:297,0
DA:298,0
DA:299,0
DA:300,0
DA:301,0
DA:302,0
DA:303,0
DA:305,0
DA:306,0
DA:307,0
DA:308,38
DA:309,38
DA:310,28
DA:311,30
DA:312,30
DA:313,30
DA:316,38
DA:317,28
DA:318,30
DA:319,28
DA:320,38
DA:321,28
DA:322,30
DA:324,38
DA:325,28
DA:326,30
DA:328,28
DA:329,28
DA:330,28
DA:334,38
DA:335,28
DA:336,30
DA:337,28
DA:338,28
DA:339,28
DA:340,28
DA:341,28
DA:342,28
DA:343,28
DA:344,28
DA:345,28
DA:349,38
DA:350,28
DA:351,30
DA:352,30
DA:353,30
DA:354,30
DA:355,30
DA:356,30
DA:357,30
DA:358,30
DA:359,30
DA:360,30
DA:362,30
DA:363,30
DA:365,28
DA:366,38
DA:367,38
DA:368,38
DA:369,38
DA:370,38
DA:371,38
DA:372,38
DA:373,38
DA:374,38
DA:375,38
DA:377,38
DA:378,38
DA:382,38
DA:383,38
DA:384,38
DA:386,38
DA:387,28
DA:388,34
DA:389,34
DA:390,34
DA:391,34
DA:392,28
DA:395,0
DA:396,0
DA:397,0
DA:398,0
DA:399,0
DA:400,0
DA:401,0
DA:402,0
DA:403,0
DA:406,32
DA:407,32
DA:408,34
DA:409,34
DA:411,32
DA:412,32
DA:413,28
DA:414,32
DA:415,32
DA:416,32
DA:417,32
DA:419,13
DA:420,13
DA:421,25
LH:237
LF:315
end_of_record
SF:/Users/tettuan/github/frontmatter-to-schema/src/application/services/registry-aggregator.ts
FN:8,<instance_members_initializer>
FN:11,addAnalysisResult
FN:40,build
FN:52,sortCommands
FNDA:12,<instance_members_initializer>
FNDA:16,addAnalysisResult
FNDA:12,build
FNDA:12,sortCommands
FNF:4
FNH:4
BRDA:16,2,0,11
BRDA:18,2,1,11
BRDA:20,2,2,5
BRDA:26,2,3,0
BRDA:54,6,0,7
BRDA:54,6,1,3
BRDA:55,6,2,0
BRF:7
BRH:5
DA:1,2
DA:2,2
DA:5,2
DA:7,2
DA:8,2
DA:9,2
DA:11,2
DA:12,18
DA:15,18
DA:16,18
DA:17,18
DA:18,18
DA:19,29
DA:20,18
DA:21,18
DA:22,18
DA:23,18
DA:24,18
DA:25,23
DA:26,0
DA:27,0
DA:28,0
DA:29,0
DA:31,18
DA:32,18
DA:34,18
DA:35,36
DA:36,18
DA:37,18
DA:38,18
DA:40,2
DA:41,14
DA:42,14
DA:43,14
DA:44,14
DA:45,14
DA:46,14
DA:47,14
DA:48,14
DA:49,14
DA:50,14
DA:52,2
DA:53,14
DA:54,24
DA:55,27
DA:56,0
DA:57,0
DA:58,14
DA:59,2
LH:43
LF:49
end_of_record
SF:/Users/tettuan/github/frontmatter-to-schema/src/application/use-cases/build-registry-use-case.ts
FN:33,<instance_members_initializer>
FN:34,BuildRegistryUseCase
FN:41,execute
FN:174,createDefaultCliSchema
FN:226,convertFrontMatterSafely
FNDA:13,<instance_members_initializer>
FNDA:13,BuildRegistryUseCase
FNDA:11,execute
FNDA:0,createDefaultCliSchema
FNDA:0,convertFrontMatterSafely
FNF:5
FNH:3
BRDA:48,3,0,10
BRDA:53,3,1,14
BRDA:57,3,2,1
BRDA:62,3,3,13
BRDA:67,3,4,0
BRDA:71,3,5,13
BRDA:74,3,6,12
BRDA:77,3,7,11
BRDA:83,3,8,1
BRDA:87,3,9,12
BRDA:91,3,10,0
BRDA:142,3,11,0
BRDA:150,3,12,1
BRDA:153,3,13,0
BRDA:156,3,14,10
BRDA:159,3,15,9
BRF:16
BRH:12
DA:6,1
DA:8,1
DA:10,1
DA:11,1
DA:12,1
DA:13,1
DA:14,1
DA:15,1
DA:16,1
DA:33,1
DA:34,1
DA:35,15
DA:36,15
DA:37,15
DA:38,15
DA:39,15
DA:41,1
DA:42,1
DA:43,1
DA:44,1
DA:45,12
DA:46,12
DA:48,12
DA:49,66
DA:51,22
DA:53,12
DA:54,78
DA:56,26
DA:57,26
DA:58,27
DA:59,27
DA:60,27
DA:61,27
DA:62,27
DA:64,39
DA:66,39
DA:67,0
DA:68,0
DA:69,0
DA:71,65
DA:72,39
DA:73,39
DA:74,39
DA:77,39
DA:78,50
DA:79,50
DA:80,50
DA:81,50
DA:82,50
DA:83,39
DA:84,40
DA:85,40
DA:86,40
DA:87,40
DA:88,51
DA:89,51
DA:91,0
DA:93,0
DA:96,0
DA:97,0
DA:99,0
DA:100,0
DA:101,0
DA:102,0
DA:103,0
DA:104,0
DA:105,0
DA:106,0
DA:108,0
DA:109,0
DA:110,0
DA:113,0
DA:116,0
DA:117,0
DA:120,0
DA:121,0
DA:122,0
DA:123,0
DA:124,0
DA:125,0
DA:126,0
DA:127,0
DA:128,0
DA:129,0
DA:130,0
DA:131,0
DA:132,0
DA:133,0
DA:134,0
DA:135,0
DA:136,0
DA:137,0
DA:138,0
DA:139,0
DA:140,0
DA:142,0
DA:144,0
DA:145,0
DA:146,0
DA:148,0
DA:149,26
DA:150,26
DA:151,27
DA:152,27
DA:153,0
DA:154,27
DA:155,27
DA:156,26
DA:158,22
DA:159,22
DA:161,21
DA:162,21
DA:163,21
DA:164,21
DA:165,21
DA:167,21
DA:168,12
DA:174,0
DA:175,0
DA:176,0
DA:177,0
DA:178,0
DA:180,0
DA:181,0
DA:182,0
DA:183,0
DA:186,0
DA:187,0
DA:188,0
DA:189,0
DA:190,0
DA:191,0
DA:192,0
DA:193,0
DA:194,0
DA:195,0
DA:196,0
DA:197,0
DA:198,0
DA:199,0
DA:200,0
DA:201,0
DA:202,0
DA:203,0
DA:204,0
DA:206,0
DA:207,0
DA:208,0
DA:210,0
DA:211,0
DA:212,0
DA:214,0
DA:215,0
DA:216,0
DA:217,0
DA:218,0
DA:220,0
DA:226,0
DA:227,0
DA:228,0
DA:232,0
DA:233,0
DA:235,0
DA:236,0
DA:238,0
DA:239,0
DA:240,0
DA:241,0
DA:242,0
DA:243,0
DA:244,0
DA:245,0
DA:246,0
DA:247,0
DA:250,0
DA:251,0
DA:252,0
DA:255,0
DA:256,0
DA:257,0
DA:258,0
DA:259,0
DA:260,0
DA:261,0
DA:262,0
DA:263,0
DA:264,0
DA:265,0
DA:266,0
DA:267,1
LH:70
LF:190
end_of_record
SF:/Users/tettuan/github/frontmatter-to-schema/src/application/use-cases/process-documents.ts
FN:41,<instance_members_initializer>
FN:42,ProcessDocumentsUseCase
FN:53,execute
FN:494,processDocument
FNDA:10,<instance_members_initializer>
FNDA:10,ProcessDocumentsUseCase
FNDA:10,execute
FNDA:41,processDocument
FNF:4
FNH:4
BRDA:61,3,0,0
BRDA:73,3,1,0
BRDA:82,3,2,0
BRDA:91,3,3,4
BRDA:92,3,4,0
BRDA:104,3,5,0
BRDA:110,3,6,0
BRDA:122,3,7,6
BRDA:126,3,8,0
BRDA:137,3,9,0
BRDA:146,3,10,0
BRDA:182,3,11,0
BRDA:193,3,12,0
BRDA:203,3,13,0
BRDA:213,3,14,0
BRDA:249,3,15,1
BRDA:250,3,16,0
BRDA:267,3,17,5
BRDA:271,3,18,0
BRDA:286,3,19,0
BRDA:308,3,20,0
BRDA:351,3,21,0
BRDA:362,3,22,0
BRDA:369,3,23,41
BRDA:370,3,24,40
BRDA:372,3,25,1
BRDA:383,3,26,0
BRDA:426,3,27,0
BRDA:453,3,28,0
BRDA:472,3,29,0
BRDA:324,5,0,0
BRDA:337,6,0,40
BRDA:341,6,1,1
BRDA:502,8,0,0
BRDA:510,8,1,0
BRDA:517,8,2,0
BRDA:527,8,3,1
BRDA:528,8,4,0
BRDA:542,8,5,40
BRDA:546,8,6,0
BRDA:562,8,7,40
BRDA:565,8,8,0
BRDA:572,8,9,40
BRDA:577,8,10,0
BRDA:585,8,11,40
BRDA:586,8,12,0
BRDA:597,8,13,40
BRDA:598,8,14,0
BRDA:605,8,15,40
BRDA:608,8,16,0
BRDA:615,8,17,40
BRDA:621,8,18,0
BRDA:631,8,19,40
BRDA:633,8,20,0
BRDA:648,8,21,40
BRF:55
BRH:19
DA:3,13
DA:4,13
DA:6,13
DA:7,13
DA:9,13
DA:10,13
DA:11,13
DA:15,13
DA:16,13
DA:17,13
DA:41,13
DA:42,13
DA:43,36
DA:44,36
DA:45,36
DA:46,36
DA:47,36
DA:48,36
DA:49,36
DA:50,36
DA:51,36
DA:53,13
DA:54,13
DA:57,13
DA:58,23
DA:59,23
DA:61,0
DA:62,0
DA:63,0
DA:65,0
DA:66,0
DA:67,0
DA:68,0
DA:69,0
DA:70,0
DA:73,0
DA:74,0
DA:75,0
DA:77,0
DA:78,0
DA:79,0
DA:80,0
DA:81,23
DA:82,0
DA:83,0
DA:84,0
DA:86,0
DA:87,0
DA:88,0
DA:89,0
DA:90,0
DA:91,23
DA:92,0
DA:93,0
DA:94,0
DA:96,0
DA:97,0
DA:98,0
DA:99,0
DA:100,0
DA:101,0
DA:103,27
DA:104,0
DA:105,0
DA:106,0
DA:107,0
DA:108,0
DA:109,27
DA:110,0
DA:111,0
DA:112,0
DA:114,27
DA:115,27
DA:116,27
DA:117,27
DA:118,27
DA:119,27
DA:120,27
DA:121,27
DA:122,27
DA:123,29
DA:126,0
DA:127,0
DA:128,0
DA:130,0
DA:131,0
DA:132,0
DA:133,0
DA:134,29
DA:135,29
DA:137,0
DA:138,0
DA:139,0
DA:141,0
DA:142,0
DA:143,0
DA:144,0
DA:145,0
DA:146,0
DA:147,0
DA:148,0
DA:149,0
DA:151,0
DA:152,0
DA:153,0
DA:154,0
DA:155,0
DA:156,0
DA:158,0
DA:159,0
DA:160,0
DA:161,0
DA:162,0
DA:163,0
DA:164,0
DA:165,0
DA:166,0
DA:167,0
DA:168,0
DA:170,0
DA:171,0
DA:172,0
DA:173,0
DA:174,0
DA:175,0
DA:176,0
DA:177,0
DA:178,0
DA:179,29
DA:182,0
DA:183,0
DA:184,0
DA:186,0
DA:187,0
DA:188,0
DA:189,0
DA:190,29
DA:191,29
DA:193,0
DA:194,0
DA:195,0
DA:197,0
DA:198,0
DA:199,0
DA:200,0
DA:201,0
DA:202,29
DA:203,0
DA:204,0
DA:205,0
DA:207,0
DA:208,0
DA:209,0
DA:210,0
DA:211,0
DA:212,29
DA:213,0
DA:214,0
DA:215,0
DA:216,0
DA:218,0
DA:219,0
DA:220,0
DA:221,0
DA:222,0
DA:223,0
DA:225,0
DA:226,0
DA:227,0
DA:228,0
DA:229,0
DA:230,0
DA:231,0
DA:232,0
DA:233,0
DA:234,0
DA:235,0
DA:237,0
DA:238,0
DA:239,0
DA:240,0
DA:241,0
DA:242,0
DA:243,0
DA:244,0
DA:245,0
DA:246,29
DA:249,29
DA:250,0
DA:251,0
DA:252,0
DA:254,0
DA:255,0
DA:257,0
DA:258,30
DA:259,30
DA:260,30
DA:261,30
DA:262,30
DA:263,30
DA:264,30
DA:265,30
DA:266,30
DA:267,30
DA:270,34
DA:271,0
DA:272,0
DA:273,0
DA:274,0
DA:275,0
DA:276,0
DA:277,0
DA:278,0
DA:279,0
DA:280,34
DA:283,34
DA:284,34
DA:286,0
DA:287,0
DA:288,0
DA:290,0
DA:291,0
DA:292,0
DA:293,0
DA:294,0
DA:297,34
DA:298,34
DA:300,34
DA:301,34
DA:302,34
DA:303,34
DA:304,34
DA:306,34
DA:308,0
DA:309,0
DA:310,0
DA:312,0
DA:313,0
DA:314,0
DA:315,0
DA:317,34
DA:318,75
DA:319,75
DA:320,75
DA:322,225
DA:324,0
DA:325,0
DA:326,0
DA:328,0
DA:329,0
DA:330,0
DA:331,0
DA:332,75
DA:333,75
DA:334,116
DA:335,116
DA:337,116
DA:338,156
DA:339,156
DA:340,156
DA:341,116
DA:342,117
DA:343,117
DA:344,117
DA:345,117
DA:346,117
DA:347,464
DA:348,75
DA:349,34
DA:351,0
DA:352,0
DA:353,0
DA:355,0
DA:356,0
DA:357,0
DA:358,0
DA:360,34
DA:362,0
DA:363,0
DA:364,0
DA:366,0
DA:367,0
DA:369,34
DA:370,75
DA:371,115
DA:372,75
DA:373,76
DA:374,76
DA:375,76
DA:376,76
DA:378,76
DA:379,76
DA:380,76
DA:381,76
DA:382,75
DA:383,0
DA:385,0
DA:386,0
DA:387,0
DA:388,0
DA:390,0
DA:392,0
DA:394,0
DA:395,0
DA:397,0
DA:398,0
DA:399,0
DA:400,0
DA:401,0
DA:402,0
DA:403,0
DA:404,0
DA:405,0
DA:406,0
DA:407,0
DA:408,0
DA:409,0
DA:410,0
DA:412,0
DA:413,0
DA:414,0
DA:416,0
DA:417,0
DA:418,0
DA:419,0
DA:420,0
DA:421,0
DA:422,0
DA:423,0
DA:426,0
DA:427,0
DA:428,0
DA:430,0
DA:431,0
DA:432,0
DA:433,0
DA:435,0
DA:436,0
DA:437,0
DA:438,0
DA:439,0
DA:440,0
DA:441,0
DA:442,0
DA:443,0
DA:446,34
DA:447,34
DA:449,34
DA:450,34
DA:451,34
DA:452,34
DA:453,0
DA:454,0
DA:455,0
DA:457,0
DA:458,0
DA:459,0
DA:460,0
DA:461,0
DA:462,0
DA:463,0
DA:464,0
DA:465,34
DA:468,34
DA:469,34
DA:470,34
DA:472,0
DA:473,0
DA:474,0
DA:475,0
DA:476,0
DA:477,0
DA:478,0
DA:479,0
DA:480,0
DA:481,0
DA:483,34
DA:484,34
DA:485,34
DA:486,34
DA:487,34
DA:488,34
DA:489,34
DA:490,34
DA:491,34
DA:492,23
DA:494,13
DA:495,13
DA:496,13
DA:497,13
DA:498,13
DA:499,54
DA:500,54
DA:502,0
DA:503,0
DA:504,0
DA:506,0
DA:507,0
DA:510,0
DA:511,0
DA:512,0
DA:514,0
DA:515,0
DA:516,54
DA:517,0
DA:518,0
DA:519,0
DA:520,0
DA:522,0
DA:523,0
DA:524,0
DA:525,0
DA:527,54
DA:528,0
DA:529,0
DA:530,0
DA:532,0
DA:533,0
DA:534,55
DA:535,55
DA:536,55
DA:537,55
DA:538,55
DA:539,55
DA:540,55
DA:541,55
DA:542,55
DA:544,94
DA:546,0
DA:547,0
DA:548,0
DA:550,0
DA:552,0
DA:553,0
DA:555,0
DA:556,0
DA:557,0
DA:558,0
DA:559,0
DA:561,0
DA:562,0
DA:565,0
DA:566,0
DA:567,0
DA:569,0
DA:570,0
DA:571,0
DA:572,0
DA:573,94
DA:574,94
DA:575,94
DA:577,0
DA:578,0
DA:579,0
DA:581,0
DA:582,0
DA:583,0
DA:584,0
DA:585,0
DA:586,0
DA:587,0
DA:588,0
DA:589,0
DA:591,0
DA:592,0
DA:593,0
DA:594,0
DA:595,0
DA:596,0
DA:597,0
DA:598,0
DA:599,0
DA:600,0
DA:602,0
DA:603,0
DA:604,0
DA:605,0
DA:608,0
DA:609,0
DA:610,0
DA:612,0
DA:613,0
DA:614,0
DA:615,0
DA:616,94
DA:617,94
DA:618,94
DA:619,376
DA:621,0
DA:622,0
DA:623,0
DA:624,0
DA:626,0
DA:627,0
DA:628,0
DA:629,0
DA:630,0
DA:631,0
DA:633,0
DA:634,0
DA:635,0
DA:637,0
DA:638,0
DA:639,0
DA:641,0
DA:642,0
DA:644,0
DA:645,0
DA:646,0
DA:647,0
DA:648,0
DA:651,94
DA:652,94
DA:653,94
DA:654,94
DA:656,376
DA:657,54
DA:658,13
LH:160
LF:518
end_of_record
SF:/Users/tettuan/github/frontmatter-to-schema/src/domain/analysis/schema-driven.ts
FN:21,<instance_members_initializer>
FN:23,GenericSchemaAnalyzer
FN:28,analyze
FN:47,prepareAnalysisPrompt
FN:62,serializeData
FN:72,transformResult
FN:82,isValidResult
FN:91,<instance_members_initializer>
FN:93,SchemaGuidedTemplateMapper
FN:98,map
FN:114,prepareMappingPrompt
FN:131,validateAndTransform
FN:147,ensureTemplateStructure
FN:162,<instance_members_initializer>
FN:163,SchemaAnalysisProcessor
FN:170,process
FN:205,processMany
FN:232,createAnalyzer
FN:242,createMapper
FN:252,createProcessor
FNDA:9,<instance_members_initializer>
FNDA:9,GenericSchemaAnalyzer
FNDA:29,analyze
FNDA:29,prepareAnalysisPrompt
FNDA:29,serializeData
FNDA:26,transformResult
FNDA:26,isValidResult
FNDA:8,<instance_members_initializer>
FNDA:8,SchemaGuidedTemplateMapper
FNDA:22,map
FNDA:22,prepareMappingPrompt
FNDA:22,validateAndTransform
FNDA:21,ensureTemplateStructure
FNDA:5,<instance_members_initializer>
FNDA:5,SchemaAnalysisProcessor
FNDA:17,process
FNDA:3,processMany
FNDA:5,createAnalyzer
FNDA:5,createMapper
FNDA:4,createProcessor
FNF:20
FNH:20
BRDA:41,3,0,26
BRDA:58,4,0,25
BRDA:59,4,1,18
BRDA:63,5,0,1
BRDA:65,5,1,28
BRDA:66,5,2,23
BRDA:66,5,3,21
BRDA:68,5,4,7
BRDA:74,6,0,25
BRDA:76,6,1,1
BRDA:84,7,0,25
BRDA:108,10,0,17
BRDA:108,10,1,5
BRDA:121,11,0,17
BRDA:122,11,1,5
BRDA:137,12,0,4
BRDA:140,12,1,18
BRDA:142,12,2,1
BRDA:150,13,0,20
BRDA:150,13,1,20
BRDA:151,13,2,20
BRDA:152,13,3,20
BRDA:154,13,4,1
BRDA:179,16,0,15
BRDA:195,16,1,2
BRDA:200,16,2,0
BRDA:211,17,0,8
BRF:27
BRH:26
DA:16,1
DA:21,1
DA:23,1
DA:24,11
DA:25,11
DA:26,11
DA:28,1
DA:29,1
DA:30,1
DA:31,1
DA:32,1
DA:34,30
DA:37,30
DA:38,30
DA:39,30
DA:40,30
DA:41,30
DA:44,56
DA:45,30
DA:47,1
DA:48,1
DA:49,1
DA:50,1
DA:51,1
DA:52,30
DA:53,30
DA:55,30
DA:56,30
DA:57,30
DA:58,30
DA:59,30
DA:60,30
DA:62,1
DA:63,30
DA:64,31
DA:65,31
DA:66,30
DA:67,51
DA:68,51
DA:69,37
DA:70,30
DA:72,1
DA:74,27
DA:75,52
DA:76,52
DA:77,28
DA:78,28
DA:80,27
DA:82,1
DA:84,27
DA:85,27
DA:86,1
DA:91,1
DA:93,1
DA:94,10
DA:95,10
DA:96,10
DA:98,1
DA:99,1
DA:100,1
DA:101,1
DA:102,1
DA:103,23
DA:105,23
DA:106,23
DA:107,23
DA:108,23
DA:109,23
DA:111,23
DA:112,23
DA:114,1
DA:115,1
DA:116,1
DA:117,1
DA:118,1
DA:119,23
DA:120,23
DA:121,23
DA:122,23
DA:123,23
DA:125,23
DA:126,23
DA:127,23
DA:128,23
DA:129,23
DA:131,1
DA:132,1
DA:133,1
DA:134,1
DA:136,23
DA:137,23
DA:138,27
DA:139,27
DA:140,27
DA:141,41
DA:142,23
DA:143,24
DA:144,24
DA:145,23
DA:147,1
DA:149,22
DA:150,22
DA:151,22
DA:152,22
DA:153,168
DA:154,42
DA:155,23
DA:156,22
DA:157,1
DA:162,1
DA:163,1
DA:164,7
DA:165,7
DA:166,7
DA:167,7
DA:168,7
DA:170,1
DA:171,1
DA:172,1
DA:173,1
DA:174,18
DA:176,18
DA:177,18
DA:178,18
DA:179,18
DA:183,33
DA:184,33
DA:185,33
DA:186,33
DA:189,33
DA:190,33
DA:191,33
DA:192,33
DA:193,33
DA:194,33
DA:195,18
DA:196,20
DA:197,20
DA:198,20
DA:199,20
DA:200,20
DA:201,20
DA:202,20
DA:203,18
DA:205,1
DA:206,1
DA:207,1
DA:208,1
DA:209,4
DA:211,4
DA:212,12
DA:213,12
DA:214,12
DA:215,48
DA:216,12
DA:218,12
DA:219,12
DA:220,12
DA:222,4
DA:223,4
DA:224,1
DA:231,1
DA:232,1
DA:233,1
DA:234,1
DA:235,1
DA:236,6
DA:237,6
DA:238,6
DA:240,6
DA:242,1
DA:243,1
DA:244,1
DA:245,1
DA:246,6
DA:247,6
DA:248,6
DA:250,6
DA:252,1
DA:253,1
DA:254,1
DA:255,1
DA:256,1
DA:257,1
DA:258,5
DA:259,5
DA:260,5
DA:262,5
DA:263,5
DA:264,5
DA:267,5
DA:268,5
DA:269,1
LH:193
LF:193
end_of_record
SF:/Users/tettuan/github/frontmatter-to-schema/src/domain/analyzers/typescript-analyzer.ts
FN:29,<instance_members_initializer>
FN:30,TypeScriptAnalyzer
FN:39,analyze
FN:201,transformToRegistry
FN:229,extractVersion
FN:245,extractDescription
FN:260,extractToolName
FN:311,createCommands
FN:351,createTypeScriptAnalyzer
FNDA:44,<instance_members_initializer>
FNDA:44,TypeScriptAnalyzer
FNDA:86,analyze
FNDA:83,transformToRegistry
FNDA:83,extractVersion
FNDA:166,extractDescription
FNDA:83,extractToolName
FNDA:83,createCommands
FNDA:12,createTypeScriptAnalyzer
FNF:9
FNH:9
BRDA:53,3,0,84
BRDA:53,3,1,83
BRDA:55,3,2,83
BRDA:57,3,3,1
BRDA:57,3,4,0
BRDA:107,3,5,83
BRDA:110,3,6,29
BRDA:111,3,7,55
BRDA:112,3,8,1
BRDA:113,3,9,54
BRDA:114,3,10,1
BRDA:114,3,11,53
BRDA:119,3,12,82
BRDA:122,3,13,81
BRDA:127,3,14,0
BRDA:131,3,15,1
BRDA:140,3,16,1
BRDA:146,3,17,83
BRDA:155,3,18,0
BRDA:168,3,19,83
BRDA:180,3,20,2
BRDA:188,3,21,1
BRDA:188,3,22,1
BRDA:191,3,23,1
BRDA:191,3,24,1
BRDA:213,4,0,20
BRDA:213,4,1,63
BRDA:231,5,0,6
BRDA:233,5,1,5
BRDA:236,5,2,78
BRDA:248,6,0,104
BRDA:249,6,1,10
BRDA:250,6,2,8
BRDA:265,7,0,123
BRDA:278,7,1,20
BRDA:281,7,2,63
BRDA:284,7,3,1
BRDA:285,7,4,0
BRDA:299,7,5,0
BRDA:303,7,6,63
BRDA:324,8,0,12
BRDA:326,8,1,71
BRDA:331,8,2,6
BRDA:333,8,3,0
BRDA:334,8,4,0
BRDA:335,8,5,0
BRDA:329,9,0,105
BRF:47
BRH:39
DA:7,14
DA:8,14
DA:9,14
DA:10,14
DA:11,14
DA:12,14
DA:15,14
DA:17,14
DA:18,14
DA:19,14
DA:20,14
DA:21,14
DA:22,14
DA:23,14
DA:29,14
DA:30,14
DA:31,72
DA:32,72
DA:33,14
DA:34,72
DA:39,14
DA:40,14
DA:41,14
DA:42,14
DA:44,100
DA:46,100
DA:48,100
DA:51,100
DA:52,100
DA:53,100
DA:54,100
DA:55,100
DA:56,183
DA:57,0
DA:59,0
DA:60,0
DA:61,0
DA:62,0
DA:63,0
DA:64,0
DA:65,0
DA:66,0
DA:68,0
DA:69,0
DA:70,0
DA:71,0
DA:72,0
DA:73,0
DA:74,0
DA:75,0
DA:76,0
DA:78,0
DA:79,0
DA:80,0
DA:82,0
DA:83,0
DA:84,0
DA:85,0
DA:86,0
DA:87,0
DA:88,0
DA:89,0
DA:90,0
DA:92,0
DA:93,0
DA:94,0
DA:96,101
DA:97,101
DA:98,101
DA:99,101
DA:100,101
DA:101,101
DA:102,101
DA:103,101
DA:104,101
DA:106,101
DA:107,101
DA:110,100
DA:111,100
DA:112,100
DA:113,100
DA:114,100
DA:115,100
DA:118,100
DA:119,100
DA:120,182
DA:122,182
DA:123,263
DA:124,263
DA:125,263
DA:126,263
DA:127,0
DA:129,0
DA:130,0
DA:131,182
DA:132,183
DA:133,183
DA:134,183
DA:136,183
DA:137,183
DA:138,183
DA:139,183
DA:140,100
DA:142,101
DA:143,101
DA:144,101
DA:145,101
DA:146,101
DA:148,183
DA:149,183
DA:150,183
DA:151,183
DA:152,183
DA:155,0
DA:156,0
DA:157,0
DA:158,0
DA:159,0
DA:160,0
DA:161,0
DA:162,0
DA:163,0
DA:164,0
DA:165,0
DA:167,0
DA:168,0
DA:170,183
DA:173,183
DA:176,183
DA:177,183
DA:178,183
DA:179,183
DA:180,100
DA:181,102
DA:182,102
DA:183,102
DA:184,102
DA:185,102
DA:186,102
DA:187,102
DA:188,102
DA:189,102
DA:190,102
DA:191,102
DA:192,102
DA:194,102
DA:195,102
DA:196,100
DA:201,14
DA:202,97
DA:203,97
DA:206,97
DA:209,97
DA:212,97
DA:213,311
DA:216,97
DA:218,97
DA:219,97
DA:220,97
DA:221,97
DA:222,97
DA:224,97
DA:229,14
DA:230,97
DA:231,97
DA:232,103
DA:233,103
DA:234,108
DA:235,108
DA:236,103
DA:239,175
DA:240,97
DA:245,14
DA:247,180
DA:248,180
DA:249,180
DA:250,180
DA:251,180
DA:254,180
DA:255,180
DA:260,14
DA:262,97
DA:265,97
DA:266,220
DA:267,220
DA:268,220
DA:269,220
DA:270,220
DA:271,220
DA:272,220
DA:273,220
DA:274,220
DA:275,220
DA:276,220
DA:277,220
DA:278,220
DA:279,240
DA:280,240
DA:281,220
DA:284,97
DA:285,0
DA:286,98
DA:287,98
DA:288,98
DA:289,98
DA:290,98
DA:291,98
DA:292,98
DA:293,98
DA:294,98
DA:295,98
DA:296,98
DA:297,98
DA:298,98
DA:299,0
DA:300,0
DA:301,0
DA:302,98
DA:303,98
DA:305,160
DA:306,97
DA:311,14
DA:312,14
DA:313,14
DA:314,14
DA:315,97
DA:318,97
DA:319,97
DA:320,97
DA:321,97
DA:324,97
DA:325,109
DA:326,97
DA:328,168
DA:329,168
DA:331,168
DA:332,0
DA:333,0
DA:334,0
DA:335,0
DA:336,0
DA:338,174
DA:339,174
DA:340,174
DA:341,174
DA:342,168
DA:344,97
DA:345,97
DA:346,14
DA:351,14
DA:352,14
DA:353,14
DA:355,26
DA:356,26
LH:196
LF:254
end_of_record
SF:/Users/tettuan/github/frontmatter-to-schema/src/domain/analyzers/value-objects.ts
FN:13,<instance_members_initializer>
FN:14,RegistryVersion
FN:16,create
FN:33,createDefault
FN:37,getValue
FN:41,toString
FN:49,<instance_members_initializer>
FN:50,ToolConfiguration
FN:55,create
FN:92,getName
FN:96,isEnabled
FN:104,<instance_members_initializer>
FN:105,RegistryCommand
FN:112,create
FN:147,createFromPath
FN:183,toJSON
FN:192,getC1
FN:196,getC2
FN:200,getC3
FN:204,getDescription
FN:212,<instance_members_initializer>
FN:213,AnalysisContext
FN:220,create
FN:255,getDocumentPath
FN:259,getFrontMatterData
FN:263,getSchemaData
FN:267,getTemplateData
FN:275,<instance_members_initializer>
FN:276,RegistryData
FN:285,create
FN:297,toJSON
FN:308,getVersion
FN:312,getDescription
FN:316,getAvailableConfigs
FN:320,getCommands
FNDA:93,<instance_members_initializer>
FNDA:93,RegistryVersion
FNDA:20,create
FNDA:84,createDefault
FNDA:90,getValue
FNDA:2,toString
FNDA:13,<instance_members_initializer>
FNDA:13,ToolConfiguration
FNDA:24,create
FNDA:13,getName
FNDA:9,isEnabled
FNDA:28,<instance_members_initializer>
FNDA:28,RegistryCommand
FNDA:37,create
FNDA:92,createFromPath
FNDA:20,toJSON
FNDA:6,getC1
FNDA:6,getC2
FNDA:6,getC3
FNDA:2,getDescription
FNDA:89,<instance_members_initializer>
FNDA:89,AnalysisContext
FNDA:92,create
FNDA:85,getDocumentPath
FNDA:85,getFrontMatterData
FNDA:1,getSchemaData
FNDA:1,getTemplateData
FNDA:88,<instance_members_initializer>
FNDA:88,RegistryData
FNDA:88,create
FNDA:84,toJSON
FNDA:1,getVersion
FNDA:1,getDescription
FNDA:4,getAvailableConfigs
FNDA:2,getCommands
FNF:35
FNH:35
BRDA:20,3,0,11
BRDA:29,3,1,9
BRDA:58,9,0,23
BRDA:58,9,1,5
BRDA:65,9,2,19
BRDA:78,9,3,6
BRDA:87,9,4,13
BRDA:118,14,0,35
BRDA:118,14,1,34
BRDA:118,14,2,4
BRDA:125,14,3,33
BRDA:127,14,4,32
BRDA:127,14,5,5
BRDA:134,14,6,28
BRDA:157,15,0,12
BRDA:162,15,1,80
BRDA:167,15,2,76
BRDA:176,15,3,16
BRDA:164,17,0,133
BRDA:226,25,0,1
BRDA:233,25,1,91
BRDA:235,25,2,90
BRDA:235,25,3,2
BRDA:242,25,4,89
BRF:24
BRH:24
DA:7,15
DA:13,15
DA:14,231
DA:16,15
DA:17,15
DA:18,15
DA:19,35
DA:20,35
DA:21,46
DA:22,46
DA:23,46
DA:24,46
DA:25,46
DA:26,46
DA:27,46
DA:28,46
DA:29,46
DA:30,176
DA:31,35
DA:33,15
DA:34,99
DA:35,99
DA:37,15
DA:38,105
DA:39,105
DA:41,15
DA:42,17
DA:43,17
DA:44,15
DA:49,15
DA:50,15
DA:51,43
DA:52,43
DA:53,43
DA:55,15
DA:56,15
DA:57,15
DA:58,39
DA:59,44
DA:60,44
DA:61,44
DA:62,44
DA:63,44
DA:64,44
DA:65,44
DA:67,58
DA:68,58
DA:69,58
DA:70,58
DA:71,58
DA:72,58
DA:73,58
DA:74,58
DA:75,58
DA:76,58
DA:77,58
DA:78,39
DA:79,45
DA:80,45
DA:81,45
DA:82,45
DA:83,45
DA:84,45
DA:85,45
DA:86,45
DA:87,45
DA:89,208
DA:90,39
DA:92,15
DA:93,28
DA:94,28
DA:96,15
DA:97,24
DA:98,24
DA:99,15
DA:104,15
DA:105,15
DA:106,58
DA:107,58
DA:108,58
DA:109,58
DA:110,58
DA:112,15
DA:113,15
DA:114,15
DA:115,15
DA:116,15
DA:117,15
DA:118,52
DA:119,56
DA:120,56
DA:121,56
DA:122,56
DA:123,56
DA:124,56
DA:125,56
DA:127,52
DA:128,57
DA:129,57
DA:130,57
DA:131,57
DA:132,57
DA:133,57
DA:134,57
DA:136,80
DA:137,80
DA:138,80
DA:139,80
DA:140,80
DA:141,80
DA:142,80
DA:144,80
DA:145,52
DA:147,15
DA:148,15
DA:149,15
DA:150,15
DA:156,107
DA:157,107
DA:158,119
DA:159,119
DA:160,119
DA:161,119
DA:162,107
DA:164,187
DA:165,187
DA:167,107
DA:168,183
DA:169,183
DA:170,183
DA:171,183
DA:172,183
DA:173,183
DA:174,183
DA:175,183
DA:176,183
DA:179,123
DA:180,123
DA:181,107
DA:183,15
DA:184,35
DA:185,35
DA:186,35
DA:187,35
DA:188,35
DA:189,35
DA:190,35
DA:192,15
DA:193,21
DA:194,21
DA:196,15
DA:197,21
DA:198,21
DA:200,15
DA:201,21
DA:202,21
DA:204,15
DA:205,17
DA:206,17
DA:207,15
DA:212,15
DA:213,15
DA:214,119
DA:215,119
DA:216,119
DA:217,119
DA:218,119
DA:220,15
DA:221,15
DA:222,15
DA:223,15
DA:224,15
DA:225,15
DA:226,107
DA:227,108
DA:228,108
DA:229,108
DA:230,108
DA:231,108
DA:232,108
DA:233,108
DA:235,107
DA:236,109
DA:237,109
DA:238,109
DA:239,109
DA:240,109
DA:241,109
DA:242,109
DA:244,196
DA:245,196
DA:246,196
DA:247,196
DA:248,196
DA:249,196
DA:250,196
DA:252,196
DA:253,107
DA:255,15
DA:256,100
DA:257,100
DA:259,15
DA:260,100
DA:261,100
DA:263,15
DA:264,16
DA:265,16
DA:267,15
DA:268,16
DA:269,16
DA:270,15
DA:275,15
DA:276,15
DA:277,118
DA:278,118
DA:279,118
DA:282,15
DA:283,118
DA:285,15
DA:286,15
DA:287,15
DA:288,15
DA:289,15
DA:290,15
DA:291,103
DA:292,309
DA:293,103
DA:294,103
DA:295,103
DA:297,15
DA:298,99
DA:299,99
DA:300,99
DA:301,99
DA:302,99
DA:303,99
DA:304,99
DA:305,99
DA:306,99
DA:308,15
DA:309,16
DA:310,16
DA:312,15
DA:313,16
DA:314,16
DA:316,15
DA:317,19
DA:318,19
DA:320,15
DA:321,17
DA:322,17
DA:323,15
LH:252
LF:252
end_of_record
SF:/Users/tettuan/github/frontmatter-to-schema/src/domain/core/analysis-engine.ts
FN:79,<instance_members_initializer>
FN:80,GenericAnalysisEngine
FN:84,analyze
FN:153,analyze
FN:162,process
FN:219,map
FN:245,mapInternal
FN:276,transformWithTemplate
FN:371,<instance_members_initializer>
FN:372,ContextualAnalysisProcessor
FN:381,processWithContext
FN:478,<instance_members_initializer>
FN:480,execute
FN:541,<instance_members_initializer>
FN:545,SchemaMappingStrategy
FN:547,execute
FNDA:66,<instance_members_initializer>
FNDA:66,GenericAnalysisEngine
FNDA:6,analyze
FNDA:118,analyze
FNDA:3,process
FNDA:4,map
FNDA:60,mapInternal
FNDA:60,transformWithTemplate
FNDA:65,<instance_members_initializer>
FNDA:65,ContextualAnalysisProcessor
FNDA:123,processWithContext
FNDA:63,<instance_members_initializer>
FNDA:63,execute
FNDA:2,<instance_members_initializer>
FNDA:2,SchemaMappingStrategy
FNDA:2,execute
FNF:16
FNH:16
BRDA:89,3,0,2
BRDA:98,3,1,4
BRDA:116,3,2,2
BRDA:124,3,3,1
BRDA:178,7,0,0
BRDA:180,7,1,1
BRDA:189,7,2,2
BRDA:197,7,3,0
BRDA:228,8,0,1
BRDA:230,8,1,3
BRDA:233,8,2,3
BRDA:238,8,3,0
BRDA:249,9,0,0
BRDA:264,9,1,0
BRDA:289,10,0,57
BRDA:291,10,1,0
BRDA:292,10,2,0
BRDA:293,10,3,3
BRDA:295,10,4,2
BRDA:301,10,5,2
BRDA:302,10,6,2
BRDA:306,10,7,0
BRDA:323,10,8,0
BRDA:325,10,9,0
BRDA:331,10,10,0
BRDA:336,10,11,57
BRDA:339,10,12,173
BRDA:341,10,13,170
BRDA:343,10,14,2
BRDA:346,10,15,0
BRDA:351,10,16,168
BRDA:359,10,17,455
BRDA:387,13,0,59
BRDA:395,13,1,60
BRDA:396,13,2,59
BRDA:403,13,3,1
BRDA:406,13,4,0
BRDA:416,13,5,1
BRDA:422,13,6,0
BRDA:436,13,7,3
BRDA:441,13,8,0
BRDA:446,13,9,1
BRDA:454,13,10,0
BRDA:487,15,0,3
BRDA:496,15,1,61
BRDA:496,15,2,60
BRDA:501,15,3,59
BRDA:501,15,4,1
BRDA:503,15,5,0
BRDA:516,15,6,59
BRDA:521,15,7,0
BRDA:530,15,8,59
BRDA:551,18,0,1
BRF:53
BRH:35
DA:6,2
DA:8,2
DA:10,2
DA:11,2
DA:13,2
DA:15,2
DA:16,2
DA:71,2
DA:73,2
DA:79,2
DA:80,2
DA:81,70
DA:82,70
DA:84,2
DA:85,2
DA:86,2
DA:87,2
DA:89,8
DA:90,10
DA:91,10
DA:92,10
DA:93,10
DA:94,10
DA:95,10
DA:96,10
DA:97,10
DA:98,10
DA:100,12
DA:102,12
DA:103,12
DA:104,16
DA:105,16
DA:106,16
DA:108,12
DA:110,12
DA:111,12
DA:112,12
DA:113,36
DA:114,12
DA:116,48
DA:119,10
DA:120,10
DA:121,10
DA:122,10
DA:123,10
DA:124,10
DA:125,11
DA:126,11
DA:127,11
DA:128,11
DA:129,11
DA:130,11
DA:131,11
DA:132,11
DA:134,11
DA:135,11
DA:136,11
DA:137,11
DA:138,11
DA:139,11
DA:140,11
DA:141,11
DA:142,11
DA:143,8
DA:144,2
DA:150,2
DA:153,2
DA:154,2
DA:155,2
DA:156,2
DA:157,2
DA:159,120
DA:160,120
DA:162,2
DA:163,2
DA:164,2
DA:165,2
DA:167,5
DA:169,0
DA:173,0
DA:174,0
DA:178,0
DA:179,0
DA:180,5
DA:181,6
DA:182,6
DA:183,6
DA:184,6
DA:185,6
DA:186,6
DA:187,6
DA:188,6
DA:189,6
DA:191,7
DA:193,7
DA:195,7
DA:196,28
DA:197,0
DA:198,0
DA:199,0
DA:200,0
DA:201,0
DA:202,0
DA:203,0
DA:204,0
DA:205,0
DA:206,0
DA:207,5
DA:208,2
DA:214,2
DA:219,2
DA:220,2
DA:221,2
DA:222,2
DA:223,2
DA:225,6
DA:228,6
DA:229,7
DA:230,7
DA:233,6
DA:234,9
DA:235,27
DA:236,9
DA:237,9
DA:238,9
DA:241,0
DA:242,0
DA:245,2
DA:246,2
DA:247,2
DA:248,2
DA:249,0
DA:250,0
DA:251,0
DA:252,0
DA:253,0
DA:254,0
DA:255,0
DA:256,0
DA:257,0
DA:258,0
DA:260,62
DA:262,62
DA:263,248
DA:264,0
DA:265,0
DA:266,0
DA:267,0
DA:268,0
DA:269,0
DA:270,0
DA:271,0
DA:272,0
DA:273,0
DA:274,62
DA:276,2
DA:277,2
DA:278,2
DA:279,2
DA:281,62
DA:282,62
DA:284,62
DA:286,62
DA:287,62
DA:288,62
DA:289,62
DA:290,119
DA:291,0
DA:292,0
DA:293,62
DA:295,65
DA:296,65
DA:299,65
DA:300,65
DA:301,65
DA:302,65
DA:303,201
DA:304,67
DA:305,65
DA:306,0
DA:308,0
DA:309,0
DA:312,0
DA:313,0
DA:314,0
DA:315,0
DA:318,186
DA:321,62
DA:322,0
DA:323,0
DA:324,0
DA:325,0
DA:327,0
DA:328,0
DA:329,0
DA:330,62
DA:331,0
DA:332,0
DA:333,0
DA:336,62
DA:337,119
DA:338,119
DA:339,119
DA:340,292
DA:341,292
DA:343,462
DA:345,464
DA:346,0
DA:347,0
DA:348,0
DA:349,0
DA:350,0
DA:351,462
DA:352,630
DA:353,630
DA:354,462
DA:355,292
DA:356,119
DA:359,62
DA:360,517
DA:361,517
DA:363,62
DA:364,62
DA:365,2
DA:371,2
DA:372,2
DA:373,69
DA:374,69
DA:377,2
DA:378,69
DA:379,69
DA:381,2
DA:382,2
DA:383,2
DA:384,2
DA:386,125
DA:387,309
DA:388,184
DA:389,184
DA:390,184
DA:392,736
DA:393,184
DA:395,310
DA:396,185
DA:397,185
DA:398,244
DA:399,244
DA:400,244
DA:401,244
DA:403,185
DA:404,742
DA:406,0
DA:407,0
DA:408,0
DA:410,185
DA:411,185
DA:412,185
DA:414,185
DA:416,251
DA:417,126
DA:421,126
DA:422,0
DA:423,0
DA:424,0
DA:425,0
DA:426,0
DA:427,0
DA:428,0
DA:429,0
DA:430,0
DA:431,0
DA:433,504
DA:434,126
DA:436,253
DA:438,128
DA:439,128
DA:440,0
DA:441,0
DA:442,0
DA:443,128
DA:444,128
DA:445,128
DA:446,128
DA:447,128
DA:448,128
DA:450,512
DA:451,128
DA:454,0
DA:455,0
DA:456,0
DA:457,0
DA:458,0
DA:459,0
DA:460,0
DA:461,0
DA:462,0
DA:463,0
DA:464,125
DA:465,125
DA:466,2
DA:476,2
DA:478,2
DA:480,2
DA:481,2
DA:482,2
DA:483,2
DA:485,65
DA:487,65
DA:488,68
DA:489,68
DA:490,68
DA:491,68
DA:492,68
DA:493,68
DA:494,68
DA:495,68
DA:496,68
DA:498,186
DA:501,65
DA:502,66
DA:503,0
DA:504,0
DA:505,0
DA:506,0
DA:507,0
DA:508,0
DA:509,0
DA:510,0
DA:511,0
DA:512,0
DA:514,66
DA:515,66
DA:516,66
DA:518,124
DA:521,0
DA:522,0
DA:523,0
DA:524,0
DA:525,0
DA:526,0
DA:527,0
DA:528,0
DA:529,0
DA:530,0
DA:533,124
DA:534,124
DA:535,65
DA:536,2
DA:541,2
DA:543,6
DA:545,10
DA:547,2
DA:548,2
DA:549,2
DA:550,2
DA:551,4
DA:552,5
DA:553,5
DA:554,5
DA:555,5
DA:556,5
DA:557,5
DA:558,5
DA:559,5
DA:561,5
DA:562,5
DA:563,4
DA:564,2
DA:567,2
DA:568,2
DA:569,2
DA:570,2
LH:265
LF:372
end_of_record
SF:/Users/tettuan/github/frontmatter-to-schema/src/domain/core/component-factory-totality.ts
FN:39,<instance_members_initializer>
FN:40,AnalysisDomainConfig
FN:46,create
FN:79,<instance_members_initializer>
FN:80,TemplateDomainConfig
FN:85,create
FN:119,<instance_members_initializer>
FN:120,PipelineDomainConfig
FN:126,create
FN:202,<instance_members_initializer>
FN:205,TotalAnalysisDomainFactory
FN:210,validateDependencies
FN:217,createComponents
FN:280,<instance_members_initializer>
FN:283,TotalTemplateDomainFactory
FN:288,validateDependencies
FN:293,createComponents
FN:355,<instance_members_initializer>
FN:358,TotalPipelineDomainFactory
FN:363,validateDependencies
FN:376,createComponents
FN:423,<instance_members_initializer>
FN:426,TotalMasterComponentFactory
FN:434,registerFactory
FN:459,createComponents
FN:483,createAllComponents
FN:504,<instance_members_initializer>
FN:507,TotalFactoryBuilder
FN:515,withAnalysisDomain
FN:536,withTemplateDomain
FN:557,withPipelineDomain
FN:578,build
FN:590,createFactoryBuilder
FNDA:10,<instance_members_initializer>
FNDA:10,AnalysisDomainConfig
FNDA:13,create
FNDA:5,<instance_members_initializer>
FNDA:5,TemplateDomainConfig
FNDA:6,create
FNDA:5,<instance_members_initializer>
FNDA:5,PipelineDomainConfig
FNDA:7,create
FNDA:7,<instance_members_initializer>
FNDA:7,TotalAnalysisDomainFactory
FNDA:1,validateDependencies
FNDA:0,createComponents
FNDA:1,<instance_members_initializer>
FNDA:1,TotalTemplateDomainFactory
FNDA:0,validateDependencies
FNDA:0,createComponents
FNDA:1,<instance_members_initializer>
FNDA:1,TotalPipelineDomainFactory
FNDA:0,validateDependencies
FNDA:0,createComponents
FNDA:7,<instance_members_initializer>
FNDA:7,TotalMasterComponentFactory
FNDA:9,registerFactory
FNDA:1,createComponents
FNDA:0,createAllComponents
FNDA:4,<instance_members_initializer>
FNDA:4,TotalFactoryBuilder
FNDA:5,withAnalysisDomain
FNDA:1,withTemplateDomain
FNDA:1,withPipelineDomain
FNDA:1,build
FNDA:4,createFactoryBuilder
FNF:33
FNH:27
BRDA:51,3,0,5
BRDA:51,3,1,8
BRDA:53,3,2,11
BRDA:53,3,3,3
BRDA:63,3,4,10
BRDA:68,3,5,2
BRDA:69,3,6,2
BRDA:89,6,0,3
BRDA:89,6,1,3
BRDA:90,6,2,3
BRDA:93,6,3,1
BRDA:107,6,4,5
BRDA:131,9,0,4
BRDA:131,9,1,3
BRDA:132,9,2,4
BRDA:134,9,3,6
BRDA:134,9,4,2
BRDA:144,9,5,5
BRDA:149,9,6,2
BRDA:439,24,0,2
BRDA:448,24,1,7
BRDA:475,25,0,0
BRDA:519,29,0,1
BRDA:521,29,1,4
BRDA:526,29,2,1
BRDA:528,29,3,3
BRDA:540,30,0,0
BRDA:547,30,1,0
BRDA:561,31,0,0
BRDA:568,31,1,0
BRF:30
BRH:25
DA:7,1
DA:8,1
DA:22,1
DA:24,1
DA:39,1
DA:40,1
DA:41,12
DA:42,12
DA:43,12
DA:44,12
DA:46,1
DA:50,1
DA:51,14
DA:53,14
DA:54,17
DA:55,17
DA:56,17
DA:57,17
DA:58,17
DA:59,17
DA:60,17
DA:61,17
DA:62,17
DA:63,17
DA:65,24
DA:66,24
DA:67,14
DA:68,14
DA:69,14
DA:70,14
DA:72,14
DA:73,14
DA:74,1
DA:79,1
DA:80,1
DA:81,7
DA:82,7
DA:83,7
DA:85,1
DA:88,1
DA:89,7
DA:90,7
DA:92,42
DA:93,7
DA:94,8
DA:95,8
DA:96,8
DA:97,8
DA:98,8
DA:99,8
DA:100,8
DA:101,8
DA:102,8
DA:103,8
DA:104,8
DA:106,8
DA:107,8
DA:109,12
DA:110,12
DA:111,12
DA:112,12
DA:113,7
DA:114,1
DA:119,1
DA:120,1
DA:121,7
DA:122,7
DA:123,7
DA:124,7
DA:126,1
DA:130,1
DA:131,8
DA:132,8
DA:134,8
DA:135,10
DA:136,10
DA:137,10
DA:138,10
DA:139,10
DA:140,10
DA:141,10
DA:142,10
DA:143,10
DA:144,10
DA:146,13
DA:147,13
DA:148,8
DA:149,8
DA:150,8
DA:151,8
DA:153,8
DA:154,8
DA:155,1
DA:199,1
DA:202,1
DA:203,1
DA:205,1
DA:206,32
DA:207,8
DA:208,8
DA:210,1
DA:211,2
DA:214,8
DA:215,2
DA:217,0
DA:219,0
DA:220,0
DA:222,0
DA:223,0
DA:224,0
DA:225,0
DA:227,0
DA:229,0
DA:230,0
DA:231,0
DA:232,0
DA:233,0
DA:234,0
DA:236,0
DA:237,0
DA:238,0
DA:239,0
DA:240,0
DA:241,0
DA:242,0
DA:245,0
DA:246,0
DA:247,0
DA:248,0
DA:249,0
DA:250,0
DA:251,0
DA:252,0
DA:253,0
DA:254,0
DA:255,0
DA:256,0
DA:257,0
DA:258,0
DA:259,0
DA:260,0
DA:261,0
DA:262,0
DA:263,0
DA:264,0
DA:265,0
DA:266,0
DA:267,0
DA:268,0
DA:269,0
DA:270,0
DA:271,0
DA:272,1
DA:277,1
DA:280,1
DA:281,1
DA:283,1
DA:284,8
DA:285,2
DA:286,2
DA:288,0
DA:289,0
DA:290,0
DA:291,0
DA:293,0
DA:295,0
DA:296,0
DA:298,0
DA:299,0
DA:300,0
DA:301,0
DA:303,0
DA:308,0
DA:309,0
DA:311,0
DA:312,0
DA:313,0
DA:314,0
DA:315,0
DA:316,0
DA:317,0
DA:319,0
DA:320,0
DA:322,0
DA:323,0
DA:324,0
DA:325,0
DA:326,0
DA:327,0
DA:328,0
DA:329,0
DA:330,0
DA:331,0
DA:332,0
DA:333,0
DA:334,0
DA:335,0
DA:336,0
DA:337,0
DA:338,0
DA:339,0
DA:340,0
DA:341,0
DA:342,0
DA:343,0
DA:344,0
DA:345,0
DA:346,0
DA:347,1
DA:352,1
DA:355,1
DA:356,1
DA:358,1
DA:359,8
DA:360,2
DA:361,2
DA:363,0
DA:364,0
DA:366,0
DA:368,0
DA:369,0
DA:371,0
DA:373,0
DA:374,0
DA:376,0
DA:378,0
DA:379,0
DA:381,0
DA:382,0
DA:383,0
DA:384,0
DA:386,0
DA:389,0
DA:390,0
DA:392,0
DA:393,0
DA:394,0
DA:395,0
DA:396,0
DA:397,0
DA:398,0
DA:399,0
DA:400,0
DA:401,0
DA:402,0
DA:403,0
DA:404,0
DA:405,0
DA:406,0
DA:407,0
DA:408,0
DA:409,0
DA:410,0
DA:411,0
DA:412,0
DA:413,0
DA:414,0
DA:415,0
DA:416,0
DA:417,1
DA:422,1
DA:423,1
DA:424,1
DA:426,1
DA:427,8
DA:428,8
DA:429,8
DA:434,1
DA:435,1
DA:436,1
DA:437,10
DA:439,10
DA:440,12
DA:441,12
DA:442,12
DA:443,12
DA:444,12
DA:445,12
DA:446,12
DA:447,12
DA:448,12
DA:450,17
DA:451,17
DA:453,68
DA:454,10
DA:459,1
DA:460,1
DA:463,1
DA:464,2
DA:466,2
DA:467,2
DA:468,2
DA:469,2
DA:470,2
DA:471,2
DA:472,2
DA:473,2
DA:474,2
DA:475,2
DA:477,0
DA:478,0
DA:483,0
DA:485,0
DA:486,0
DA:488,0
DA:489,0
DA:490,0
DA:491,0
DA:492,0
DA:493,0
DA:494,0
DA:496,0
DA:497,0
DA:498,1
DA:503,1
DA:504,1
DA:505,1
DA:507,1
DA:508,5
DA:509,5
DA:510,5
DA:515,1
DA:516,1
DA:517,1
DA:518,6
DA:519,6
DA:520,7
DA:521,7
DA:523,10
DA:524,10
DA:526,6
DA:527,7
DA:528,7
DA:530,36
DA:531,6
DA:536,1
DA:537,1
DA:538,1
DA:539,2
DA:540,0
DA:541,0
DA:542,0
DA:544,2
DA:545,2
DA:547,0
DA:548,0
DA:549,0
DA:551,8
DA:552,2
DA:557,1
DA:558,1
DA:559,1
DA:560,2
DA:561,0
DA:562,0
DA:563,0
DA:565,2
DA:566,2
DA:568,0
DA:569,0
DA:570,0
DA:572,8
DA:573,2
DA:578,1
DA:581,1
DA:582,2
DA:583,8
DA:584,2
DA:585,1
DA:590,1
DA:591,5
DA:592,5
LH:207
LF:372
end_of_record
SF:/Users/tettuan/github/frontmatter-to-schema/src/domain/core/registry.ts
FN:12,<instance_members_initializer>
FN:17,add
FN:24,get
FN:31,has
FN:38,keys
FN:45,values
FN:52,size
FN:59,clear
FN:66,transform
FN:75,merge
FN:84,filter
FN:97,map
FN:110,toObject
FN:123,toArray
FNDA:22,<instance_members_initializer>
FNDA:40,add
FNDA:5,get
FNDA:9,has
FNDA:1,keys
FNDA:3,values
FNDA:7,size
FNDA:2,clear
FNDA:0,transform
FNDA:1,merge
FNDA:2,filter
FNDA:1,map
FNDA:1,toObject
FNDA:9,toArray
FNF:14
FNH:13
BRDA:76,10,0,2
BRDA:86,11,0,6
BRDA:87,11,1,4
BRDA:101,12,0,2
BRDA:112,13,0,2
BRDA:113,13,1,0
BRDA:114,13,2,0
BRF:7
BRH:5
DA:11,4
DA:12,4
DA:17,4
DA:18,44
DA:19,44
DA:24,4
DA:25,9
DA:26,9
DA:31,4
DA:32,13
DA:33,13
DA:38,4
DA:39,5
DA:40,5
DA:45,4
DA:46,7
DA:47,7
DA:52,4
DA:53,11
DA:54,11
DA:59,4
DA:60,6
DA:61,6
DA:66,0
DA:67,0
DA:68,0
DA:70,0
DA:75,4
DA:76,5
DA:77,7
DA:78,7
DA:79,5
DA:84,4
DA:85,6
DA:86,6
DA:87,12
DA:88,16
DA:89,16
DA:90,12
DA:91,6
DA:92,6
DA:97,4
DA:98,4
DA:99,4
DA:100,5
DA:101,5
DA:102,7
DA:103,7
DA:104,5
DA:105,5
DA:110,4
DA:111,5
DA:112,5
DA:113,0
DA:114,0
DA:115,0
DA:116,7
DA:117,5
DA:118,5
DA:123,4
DA:124,13
DA:125,27
DA:126,27
DA:127,13
DA:128,13
DA:129,4
LH:59
LF:66
end_of_record
SF:/Users/tettuan/github/frontmatter-to-schema/src/domain/core/result.ts
FN:75,createDomainError
FN:84,createProcessingStageError
FN:105,getDefaultErrorMessage
FN:238,mapResult
FN:249,flatMapResult
FN:260,mapErrorResult
FN:275,combineResults
FN:291,unwrapResult
FN:304,unwrapOrResult
FN:324,chain
FN:329,all
FN:334,isSuccess
FN:341,isFailure
FNDA:507,createDomainError
FNDA:4,createProcessingStageError
FNDA:127,getDefaultErrorMessage
FNDA:8,mapResult
FNDA:13,flatMapResult
FNDA:2,mapErrorResult
FNDA:4,combineResults
FNDA:26,unwrapResult
FNDA:2,unwrapOrResult
FNDA:1,chain
FNDA:1,all
FNDA:665,isSuccess
FNDA:252,isFailure
FNF:13
FNH:13
BRDA:80,1,0,116
BRDA:97,2,0,2
BRDA:108,3,0,25
BRDA:110,3,1,7
BRDA:110,3,2,18
BRDA:112,3,3,22
BRDA:114,3,4,1
BRDA:115,3,5,0
BRDA:116,3,6,0
BRDA:118,3,7,1
BRDA:120,3,8,11
BRDA:122,3,9,0
BRDA:124,3,10,1
BRDA:126,3,11,1
BRDA:128,3,12,1
BRDA:130,3,13,1
BRDA:134,3,14,9
BRDA:136,3,15,8
BRDA:136,3,16,1
BRDA:137,3,17,1
BRDA:137,3,18,8
BRDA:138,3,19,3
BRDA:140,3,20,2
BRDA:142,3,21,1
BRDA:144,3,22,0
BRDA:148,3,23,2
BRDA:150,3,24,1
BRDA:154,3,25,12
BRDA:156,3,26,0
BRDA:160,3,27,1
BRDA:162,3,28,1
BRDA:164,3,29,0
BRDA:166,3,30,0
BRDA:170,3,31,0
BRDA:174,3,32,0
BRDA:181,3,33,0
BRDA:183,3,34,0
BRDA:185,3,35,0
BRDA:187,3,36,0
BRDA:191,3,37,9
BRDA:193,3,38,0
BRDA:195,3,39,0
BRDA:197,3,40,2
BRDA:199,3,41,0
BRDA:201,3,42,20
BRDA:203,3,43,0
BRDA:205,3,44,0
BRDA:209,3,45,0
BRDA:213,3,46,0
BRDA:215,3,47,0
BRDA:219,3,48,0
BRDA:221,3,49,0
BRDA:225,3,50,0
BRDA:230,3,51,0
BRDA:242,4,0,7
BRDA:242,4,1,5
BRDA:244,4,2,3
BRDA:253,5,0,9
BRDA:255,5,1,4
BRDA:268,6,0,1
BRDA:280,7,0,8
BRDA:281,7,1,1
BRDA:283,7,2,7
BRDA:285,7,3,3
BRDA:292,8,0,24
BRDA:294,8,1,2
BRDA:297,8,2,2
BRDA:297,8,3,2
BRDA:298,8,4,0
BRDA:308,9,0,1
BRF:70
BRH:44
DA:75,52
DA:76,52
DA:77,52
DA:78,52
DA:79,559
DA:80,559
DA:81,52
DA:84,52
DA:85,52
DA:86,52
DA:87,52
DA:89,56
DA:90,56
DA:91,56
DA:92,56
DA:93,56
DA:95,56
DA:96,56
DA:97,56
DA:98,56
DA:99,56
DA:100,56
DA:102,52
DA:105,52
DA:106,179
DA:108,179
DA:109,204
DA:110,204
DA:111,204
DA:112,179
DA:113,201
DA:114,179
DA:115,0
DA:116,0
DA:117,0
DA:118,179
DA:119,180
DA:120,179
DA:121,0
DA:122,0
DA:123,0
DA:124,179
DA:125,180
DA:126,179
DA:127,180
DA:128,179
DA:129,180
DA:130,179
DA:131,180
DA:132,180
DA:133,180
DA:134,179
DA:135,188
DA:136,188
DA:137,188
DA:138,179
DA:139,182
DA:140,179
DA:141,181
DA:142,179
DA:143,180
DA:144,0
DA:145,0
DA:148,179
DA:149,181
DA:150,179
DA:151,180
DA:152,180
DA:153,180
DA:154,179
DA:155,191
DA:156,0
DA:157,0
DA:158,0
DA:159,0
DA:160,179
DA:161,180
DA:162,179
DA:163,180
DA:164,0
DA:165,0
DA:166,0
DA:167,0
DA:170,0
DA:171,0
DA:172,0
DA:173,0
DA:174,0
DA:175,0
DA:176,0
DA:177,0
DA:178,0
DA:179,0
DA:180,0
DA:181,0
DA:182,0
DA:183,0
DA:184,0
DA:185,0
DA:186,0
DA:187,0
DA:188,0
DA:191,179
DA:192,188
DA:193,0
DA:194,0
DA:195,0
DA:196,0
DA:197,179
DA:198,0
DA:199,0
DA:200,0
DA:201,179
DA:202,0
DA:203,0
DA:204,0
DA:205,0
DA:206,0
DA:209,0
DA:210,0
DA:211,0
DA:212,0
DA:213,0
DA:214,0
DA:215,0
DA:216,0
DA:217,0
DA:218,0
DA:219,0
DA:220,0
DA:221,0
DA:222,0
DA:223,0
DA:224,0
DA:225,0
DA:226,0
DA:227,0
DA:228,0
DA:230,0
DA:231,0
DA:232,179
DA:233,52
DA:238,52
DA:239,52
DA:240,52
DA:242,60
DA:243,288
DA:244,72
DA:245,70
DA:246,52
DA:249,52
DA:250,52
DA:251,52
DA:253,65
DA:254,74
DA:255,74
DA:256,69
DA:257,52
DA:260,52
DA:265,52
DA:266,52
DA:268,54
DA:269,55
DA:270,55
DA:271,220
DA:272,52
DA:275,52
DA:276,52
DA:278,56
DA:280,56
DA:281,64
DA:282,65
DA:283,65
DA:284,71
DA:285,71
DA:287,236
DA:288,52
DA:291,52
DA:292,78
DA:293,102
DA:294,102
DA:295,104
DA:296,0
DA:297,0
DA:298,0
DA:299,0
DA:300,78
DA:301,52
DA:304,52
DA:305,52
DA:306,52
DA:308,54
DA:309,55
DA:310,55
DA:311,55
DA:312,52
DA:315,52
DA:316,52
DA:317,52
DA:318,52
DA:319,52
DA:320,52
DA:321,52
DA:324,52
DA:325,52
DA:326,52
DA:327,52
DA:329,52
DA:330,52
DA:331,52
DA:334,52
DA:335,52
DA:337,717
DA:338,52
DA:341,52
DA:342,52
DA:344,304
DA:345,52
DA:348,52
DA:349,52
LH:147
LF:220
end_of_record
SF:/Users/tettuan/github/frontmatter-to-schema/src/domain/core/schema-injection.ts
FN:12,<instance_members_initializer>
FN:13,SchemaContext
FN:20,create
FN:54,isExpired
FN:62,<instance_members_initializer>
FN:63,TemplateContext
FN:70,create
FN:103,<instance_members_initializer>
FN:104,PromptContext
FN:110,create
FN:177,<instance_members_initializer>
FN:185,injectSchema
FN:201,injectTemplate
FN:218,injectPrompts
FN:238,activate
FN:305,getCurrentSchema
FN:312,listAvailableSchemas
FN:323,clearSchema
FN:339,clearAll
FN:351,<instance_members_initializer>
FN:356,bind
FN:366,resolve
FN:384,has
FN:391,unbind
FN:398,clear
FN:405,keys
FN:413,isLoadedSchema
FN:419,isLoadingSchema
FN:425,isFailedSchema
FN:431,isNoSchema
FNDA:35,<instance_members_initializer>
FNDA:35,SchemaContext
FNDA:39,create
FNDA:5,isExpired
FNDA:29,<instance_members_initializer>
FNDA:29,TemplateContext
FNDA:32,create
FNDA:26,<instance_members_initializer>
FNDA:26,PromptContext
FNDA:30,create
FNDA:33,<instance_members_initializer>
FNDA:29,injectSchema
FNDA:25,injectTemplate
FNDA:24,injectPrompts
FNDA:25,activate
FNDA:22,getCurrentSchema
FNDA:4,listAvailableSchemas
FNDA:4,clearSchema
FNDA:2,clearAll
FNDA:12,<instance_members_initializer>
FNDA:21,bind
FNDA:11,resolve
FNDA:7,has
FNDA:1,unbind
FNDA:1,clear
FNDA:3,keys
FNDA:4,isLoadedSchema
FNDA:4,isLoadingSchema
FNDA:4,isFailedSchema
FNDA:4,isNoSchema
FNF:30
FNH:30
BRDA:25,3,0,38
BRDA:25,3,1,2
BRDA:30,3,2,37
BRDA:32,3,3,2
BRDA:41,3,4,35
BRDA:48,3,5,34
BRDA:75,7,0,31
BRDA:75,7,1,1
BRDA:80,7,2,31
BRDA:82,7,3,2
BRDA:91,7,4,29
BRDA:114,10,0,29
BRDA:114,10,1,2
BRDA:122,10,2,28
BRDA:124,10,3,27
BRDA:124,10,4,2
BRDA:132,10,5,26
BRDA:190,12,0,0
BRDA:207,13,0,0
BRDA:227,14,0,0
BRDA:245,15,0,4
BRDA:258,15,1,21
BRDA:260,15,2,2
BRDA:273,15,3,19
BRDA:275,15,4,1
BRDA:288,15,5,18
BRDA:331,18,0,3
BRDA:357,21,0,20
BRDA:357,21,1,2
BRDA:359,21,2,19
BRDA:368,22,0,1
BRDA:377,22,1,10
BRF:32
BRH:29
DA:6,2
DA:12,2
DA:13,2
DA:14,39
DA:15,39
DA:16,39
DA:17,39
DA:18,39
DA:20,2
DA:21,2
DA:22,2
DA:23,2
DA:24,2
DA:25,41
DA:26,43
DA:27,43
DA:28,129
DA:29,43
DA:30,43
DA:32,41
DA:33,43
DA:34,43
DA:35,43
DA:36,43
DA:37,43
DA:38,43
DA:39,43
DA:40,43
DA:41,43
DA:43,76
DA:44,76
DA:45,41
DA:46,41
DA:47,41
DA:48,41
DA:49,41
DA:51,41
DA:52,41
DA:54,2
DA:55,7
DA:56,7
DA:57,2
DA:62,2
DA:63,2
DA:64,33
DA:65,33
DA:66,33
DA:67,33
DA:68,33
DA:70,2
DA:71,2
DA:72,2
DA:73,2
DA:74,2
DA:75,34
DA:76,35
DA:77,35
DA:78,105
DA:79,35
DA:80,35
DA:82,34
DA:83,36
DA:84,36
DA:85,36
DA:86,36
DA:87,36
DA:88,36
DA:89,36
DA:90,36
DA:91,36
DA:93,63
DA:94,63
DA:95,63
DA:96,63
DA:97,34
DA:98,2
DA:103,2
DA:104,2
DA:105,30
DA:106,30
DA:107,30
DA:108,30
DA:110,2
DA:111,2
DA:112,2
DA:113,2
DA:114,32
DA:115,34
DA:116,34
DA:117,34
DA:118,34
DA:119,34
DA:120,34
DA:121,34
DA:122,34
DA:124,32
DA:125,34
DA:126,34
DA:127,34
DA:128,34
DA:129,34
DA:130,34
DA:131,34
DA:132,34
DA:134,58
DA:135,58
DA:136,58
DA:137,58
DA:138,58
DA:139,58
DA:141,58
DA:142,32
DA:143,2
DA:176,2
DA:177,72
DA:178,35
DA:179,35
DA:180,2
DA:185,2
DA:186,2
DA:187,2
DA:188,2
DA:189,31
DA:190,0
DA:191,0
DA:192,0
DA:194,31
DA:195,31
DA:196,31
DA:201,2
DA:202,2
DA:203,2
DA:204,2
DA:205,2
DA:206,27
DA:207,0
DA:208,0
DA:209,0
DA:211,27
DA:212,27
DA:213,27
DA:218,2
DA:219,2
DA:220,2
DA:221,2
DA:222,2
DA:223,26
DA:224,26
DA:225,26
DA:227,0
DA:228,0
DA:229,0
DA:231,26
DA:232,26
DA:233,26
DA:238,2
DA:239,2
DA:240,2
DA:241,27
DA:242,27
DA:243,27
DA:245,27
DA:246,31
DA:247,31
DA:248,31
DA:249,31
DA:250,31
DA:251,31
DA:252,31
DA:253,31
DA:254,31
DA:255,31
DA:256,31
DA:257,124
DA:258,31
DA:260,27
DA:261,29
DA:262,29
DA:263,29
DA:264,29
DA:265,29
DA:266,29
DA:267,29
DA:268,29
DA:269,29
DA:270,29
DA:271,29
DA:272,116
DA:273,29
DA:275,27
DA:276,28
DA:277,28
DA:278,28
DA:279,28
DA:280,28
DA:281,28
DA:282,28
DA:283,28
DA:284,28
DA:285,28
DA:286,28
DA:287,112
DA:288,28
DA:290,45
DA:291,45
DA:292,45
DA:293,45
DA:294,45
DA:295,45
DA:296,45
DA:297,45
DA:299,180
DA:300,27
DA:305,2
DA:306,24
DA:307,24
DA:312,2
DA:313,6
DA:314,6
DA:315,6
DA:316,6
DA:317,6
DA:318,6
DA:323,2
DA:324,6
DA:325,6
DA:326,6
DA:328,6
DA:329,6
DA:330,6
DA:331,6
DA:332,27
DA:333,9
DA:334,6
DA:339,2
DA:340,4
DA:341,4
DA:342,4
DA:343,12
DA:344,4
DA:345,2
DA:350,2
DA:351,2
DA:356,2
DA:357,23
DA:358,25
DA:359,25
DA:360,42
DA:361,23
DA:366,2
DA:367,13
DA:368,13
DA:369,14
DA:370,14
DA:371,14
DA:372,14
DA:373,14
DA:374,14
DA:375,14
DA:376,14
DA:377,14
DA:378,92
DA:379,13
DA:384,2
DA:385,9
DA:386,9
DA:391,2
DA:392,3
DA:393,3
DA:398,2
DA:399,3
DA:400,3
DA:405,2
DA:406,5
DA:407,5
DA:408,2
DA:413,2
DA:414,2
DA:416,6
DA:417,2
DA:419,2
DA:420,2
DA:422,6
DA:423,2
DA:425,2
DA:426,2
DA:428,6
DA:429,2
DA:431,2
DA:432,2
DA:434,6
DA:435,2
LH:283
LF:292
end_of_record
SF:/Users/tettuan/github/frontmatter-to-schema/src/domain/core/schema-management.ts
FN:18,<instance_members_initializer>
FN:19,ValidSchema
FN:29,create
FN:85,<instance_members_initializer>
FN:86,SchemaLoader
FN:95,loadSchema
FN:127,loadTemplate
FN:166,loadPrompts
FN:207,validateSchemaFormat
FN:235,<instance_members_initializer>
FN:241,registerSchema
FN:277,switchToSchema
FN:297,getCurrentSchema
FN:305,listAvailableSchemas
FN:312,unregisterSchema
FN:320,clearAll
FN:330,<instance_members_initializer>
FN:331,DynamicPipelineFactory
FN:339,createPipeline
FN:422,<instance_members_initializer>
FN:425,ExecutablePipeline
FN:435,execute
FN:509,dispose
FN:514,formatOutput
FN:529,toYAML
FN:551,toXML
FN:558,objectToXML
FNDA:15,<instance_members_initializer>
FNDA:15,ValidSchema
FNDA:28,create
FNDA:19,<instance_members_initializer>
FNDA:19,SchemaLoader
FNDA:13,loadSchema
FNDA:11,loadTemplate
FNDA:8,loadPrompts
FNDA:3,validateSchemaFormat
FNDA:13,<instance_members_initializer>
FNDA:12,registerSchema
FNDA:9,switchToSchema
FNDA:6,getCurrentSchema
FNDA:6,listAvailableSchemas
FNDA:1,unregisterSchema
FNDA:1,clearAll
FNDA:6,<instance_members_initializer>
FNDA:6,DynamicPipelineFactory
FNDA:6,createPipeline
FNDA:13,<instance_members_initializer>
FNDA:13,ExecutablePipeline
FNDA:12,execute
FNDA:1,dispose
FNDA:6,formatOutput
FNDA:1,toYAML
FNDA:1,toXML
FNDA:1,objectToXML
FNF:27
FNH:27
BRDA:35,3,0,27
BRDA:35,3,1,2
BRDA:40,3,2,26
BRDA:42,3,3,3
BRDA:51,3,4,23
BRDA:53,3,5,1
BRDA:62,3,6,22
BRDA:64,3,7,20
BRDA:64,3,8,17
BRDA:64,3,9,7
BRDA:73,3,10,15
BRDA:98,6,0,1
BRDA:106,6,1,12
BRDA:109,6,2,9
BRDA:112,6,3,4
BRDA:118,6,4,0
BRDA:130,7,0,0
BRDA:141,7,1,8
BRDA:147,7,2,2
BRDA:151,7,3,3
BRDA:157,7,4,0
BRDA:175,8,0,0
BRDA:186,8,1,5
BRDA:192,8,2,3
BRDA:198,8,3,0
BRDA:211,9,0,2
BRDA:211,9,1,2
BRDA:220,9,2,1
BRDA:249,11,0,0
BRDA:257,11,1,0
BRDA:266,11,2,0
BRDA:280,12,0,1
BRDA:289,12,1,8
BRDA:299,13,0,3
BRDA:299,13,1,3
BRDA:348,19,0,1
BRDA:350,19,1,5
BRDA:353,19,2,1
BRDA:355,19,3,4
BRDA:361,19,4,1
BRDA:363,19,5,3
BRDA:366,19,6,1
BRDA:371,19,7,0
BRDA:373,19,8,3
BRDA:376,19,9,0
BRDA:378,19,10,3
BRDA:383,19,11,0
BRDA:385,19,12,3
BRDA:438,22,0,2
BRDA:446,22,1,10
BRDA:448,22,2,1
BRDA:457,22,3,9
BRDA:462,22,4,1
BRDA:464,22,5,1
BRDA:472,22,6,8
BRDA:482,22,7,1
BRDA:484,22,8,7
BRDA:487,22,9,6
BRDA:492,22,10,7
BRDA:516,24,0,4
BRDA:518,24,1,1
BRDA:521,24,2,1
BRDA:524,24,3,0
BRDA:531,25,0,0
BRDA:538,25,1,2
BRDA:539,25,2,0
BRDA:539,25,3,0
BRDA:559,27,0,0
BRDA:568,27,1,2
BRDA:569,27,2,0
BRDA:569,27,3,0
BRF:71
BRH:53
DA:6,1
DA:7,1
DA:10,1
DA:13,1
DA:18,1
DA:19,1
DA:20,17
DA:21,17
DA:22,17
DA:23,17
DA:26,1
DA:27,17
DA:29,1
DA:30,1
DA:31,1
DA:32,1
DA:33,1
DA:34,1
DA:35,29
DA:36,31
DA:37,31
DA:38,124
DA:39,31
DA:40,31
DA:42,29
DA:43,32
DA:44,32
DA:45,32
DA:46,32
DA:47,32
DA:48,32
DA:49,32
DA:50,32
DA:51,32
DA:53,29
DA:54,30
DA:55,30
DA:56,30
DA:57,30
DA:58,30
DA:59,30
DA:60,30
DA:61,30
DA:62,30
DA:64,29
DA:65,36
DA:66,36
DA:67,36
DA:68,36
DA:69,36
DA:70,36
DA:71,36
DA:72,36
DA:73,36
DA:75,44
DA:76,44
DA:77,44
DA:78,44
DA:79,29
DA:80,1
DA:85,1
DA:86,1
DA:87,21
DA:89,1
DA:90,21
DA:95,1
DA:96,1
DA:97,1
DA:98,14
DA:99,15
DA:100,15
DA:101,15
DA:102,15
DA:103,15
DA:104,15
DA:105,15
DA:106,15
DA:108,26
DA:109,26
DA:110,23
DA:111,92
DA:112,14
DA:113,18
DA:114,18
DA:115,18
DA:116,18
DA:117,18
DA:118,0
DA:119,18
DA:120,18
DA:121,18
DA:122,14
DA:127,1
DA:128,1
DA:129,1
DA:130,0
DA:131,0
DA:132,0
DA:133,0
DA:134,0
DA:135,0
DA:136,0
DA:137,0
DA:138,0
DA:140,12
DA:141,12
DA:144,20
DA:145,20
DA:146,80
DA:147,12
DA:149,56
DA:150,14
DA:151,12
DA:152,15
DA:153,15
DA:154,15
DA:155,15
DA:156,15
DA:157,0
DA:158,15
DA:159,15
DA:160,15
DA:161,12
DA:166,1
DA:167,1
DA:168,1
DA:174,1
DA:175,0
DA:176,0
DA:177,0
DA:178,0
DA:179,0
DA:180,0
DA:181,0
DA:182,0
DA:183,0
DA:185,9
DA:186,9
DA:187,14
DA:188,14
DA:189,14
DA:190,56
DA:191,14
DA:192,9
DA:193,12
DA:194,12
DA:195,12
DA:196,12
DA:197,12
DA:198,0
DA:199,12
DA:200,12
DA:201,12
DA:202,9
DA:207,1
DA:208,1
DA:209,1
DA:211,4
DA:212,6
DA:213,6
DA:214,6
DA:215,6
DA:216,6
DA:217,6
DA:218,6
DA:219,6
DA:220,6
DA:224,5
DA:225,5
DA:226,5
DA:227,5
DA:228,4
DA:229,1
DA:234,1
DA:235,1
DA:236,1
DA:241,1
DA:242,1
DA:243,1
DA:245,13
DA:246,13
DA:247,13
DA:249,0
DA:250,0
DA:251,0
DA:253,13
DA:254,13
DA:255,13
DA:257,0
DA:258,0
DA:259,0
DA:261,13
DA:262,13
DA:263,13
DA:264,13
DA:266,0
DA:267,0
DA:268,0
DA:270,13
DA:271,52
DA:272,13
DA:277,1
DA:278,1
DA:279,1
DA:280,10
DA:281,11
DA:282,11
DA:283,11
DA:284,11
DA:285,11
DA:286,11
DA:287,11
DA:288,11
DA:289,11
DA:291,18
DA:292,10
DA:297,1
DA:298,7
DA:299,7
DA:300,7
DA:305,1
DA:306,7
DA:307,7
DA:312,1
DA:313,2
DA:314,2
DA:315,2
DA:320,1
DA:321,2
DA:322,2
DA:323,2
DA:324,1
DA:330,1
DA:331,1
DA:332,8
DA:333,8
DA:334,8
DA:339,1
DA:340,1
DA:343,1
DA:345,7
DA:347,7
DA:348,7
DA:349,8
DA:350,8
DA:352,12
DA:353,7
DA:354,8
DA:355,8
DA:357,11
DA:358,11
DA:359,11
DA:361,7
DA:362,8
DA:363,8
DA:365,7
DA:366,7
DA:367,7
DA:368,7
DA:369,7
DA:371,0
DA:372,0
DA:373,0
DA:375,10
DA:376,0
DA:377,0
DA:378,0
DA:380,10
DA:381,10
DA:383,0
DA:384,0
DA:385,0
DA:387,10
DA:388,10
DA:389,10
DA:390,10
DA:391,10
DA:392,10
DA:393,10
DA:395,10
DA:396,7
DA:397,1
DA:422,1
DA:423,15
DA:425,1
DA:426,15
DA:427,15
DA:428,15
DA:429,15
DA:430,15
DA:435,1
DA:437,1
DA:438,13
DA:439,15
DA:440,15
DA:441,15
DA:442,15
DA:443,15
DA:444,15
DA:445,15
DA:446,15
DA:448,13
DA:449,14
DA:450,14
DA:451,14
DA:452,14
DA:453,14
DA:454,14
DA:455,14
DA:456,14
DA:457,14
DA:459,22
DA:462,13
DA:463,13
DA:464,13
DA:465,14
DA:466,14
DA:467,14
DA:468,14
DA:469,14
DA:470,14
DA:471,14
DA:472,14
DA:475,21
DA:476,21
DA:477,21
DA:478,21
DA:479,21
DA:482,13
DA:483,14
DA:484,14
DA:487,13
DA:488,19
DA:489,19
DA:490,19
DA:492,19
DA:494,20
DA:495,20
DA:496,20
DA:497,20
DA:498,20
DA:499,20
DA:500,20
DA:501,20
DA:502,20
DA:503,20
DA:504,13
DA:509,1
DA:510,2
DA:512,2
DA:514,1
DA:515,7
DA:516,7
DA:517,11
DA:518,7
DA:520,8
DA:521,7
DA:523,8
DA:524,0
DA:525,0
DA:526,7
DA:527,7
DA:529,1
DA:531,0
DA:532,0
DA:533,0
DA:535,2
DA:536,2
DA:537,2
DA:538,2
DA:539,0
DA:540,0
DA:541,0
DA:542,0
DA:543,0
DA:544,0
DA:545,4
DA:546,4
DA:547,4
DA:548,2
DA:549,2
DA:551,1
DA:553,2
DA:554,2
DA:555,2
DA:556,2
DA:558,1
DA:559,0
DA:560,0
DA:561,0
DA:563,2
DA:564,2
DA:566,2
DA:567,2
DA:568,2
DA:569,0
DA:570,0
DA:571,0
DA:572,0
DA:573,0
DA:574,4
DA:575,4
DA:576,4
DA:578,2
DA:579,2
DA:580,1
LH:348
LF:406
end_of_record
SF:/Users/tettuan/github/frontmatter-to-schema/src/domain/core/types.ts
FN:134,isSchemaAnalysis
FN:157,<instance_members_initializer>
FN:160,AnalysisResult
FN:166,get extractedData
FN:170,addMetadata
FN:176,getMetadata
FN:183,hasMetadata
FNDA:2,isSchemaAnalysis
FNDA:99,<instance_members_initializer>
FNDA:99,AnalysisResult
FNDA:22,get extractedData
FNDA:199,addMetadata
FNDA:4,getMetadata
FNDA:1,hasMetadata
FNF:7
FNH:7
BRDA:177,6,0,1
BRDA:179,6,1,3
BRF:2
BRH:2
DA:134,8
DA:135,10
DA:136,10
DA:157,8
DA:158,115
DA:160,8
DA:161,115
DA:162,115
DA:163,115
DA:166,8
DA:167,30
DA:168,30
DA:170,8
DA:171,207
DA:172,207
DA:176,8
DA:177,12
DA:178,39
DA:179,13
DA:180,15
DA:181,12
DA:183,8
DA:184,9
DA:185,9
DA:186,8
LH:25
LF:25
end_of_record
SF:/Users/tettuan/github/frontmatter-to-schema/src/domain/frontmatter/frontmatter-models.ts
FN:3,<instance_members_initializer>
FN:4,FrontMatter
FN:9,get
FN:13,has
FN:17,toJson
FN:23,<instance_members_initializer>
FN:25,extract
FN:48,hasFrontMatter
FNDA:42,<instance_members_initializer>
FNDA:42,FrontMatter
FNDA:49,get
FNDA:5,has
FNDA:2,toJson
FNDA:25,<instance_members_initializer>
FNDA:48,extract
FNDA:15,hasFrontMatter
FNF:8
FNH:8
BRDA:28,7,0,39
BRDA:28,7,1,47
BRDA:28,7,2,9
BRDA:30,7,3,39
BRDA:35,7,4,6
BRDA:37,7,5,33
BRDA:41,7,6,0
BRDA:42,7,7,3
BRF:8
BRH:7
DA:1,5
DA:3,5
DA:4,5
DA:5,52
DA:6,52
DA:7,52
DA:9,5
DA:10,54
DA:11,54
DA:13,5
DA:14,10
DA:15,10
DA:17,5
DA:18,7
DA:19,7
DA:20,5
DA:22,5
DA:23,5
DA:25,5
DA:26,53
DA:28,53
DA:29,109
DA:30,109
DA:32,139
DA:35,53
DA:36,59
DA:37,59
DA:39,86
DA:40,86
DA:41,0
DA:42,53
DA:44,56
DA:45,56
DA:46,53
DA:48,5
DA:49,20
DA:50,20
DA:51,5
LH:37
LF:38
end_of_record
SF:/Users/tettuan/github/frontmatter-to-schema/src/domain/index.ts
FNF:0
FNH:0
BRF:0
BRH:0
DA:18,3
DA:19,3
DA:20,3
DA:21,3
DA:22,3
DA:23,3
DA:24,3
DA:25,3
DA:26,3
DA:27,3
DA:28,3
DA:29,3
DA:30,3
DA:31,3
DA:32,3
DA:33,3
DA:44,3
DA:45,3
DA:46,3
DA:47,3
DA:48,3
DA:49,3
DA:52,3
LH:23
LF:23
end_of_record
SF:/Users/tettuan/github/frontmatter-to-schema/src/domain/models/domain-models.ts
FN:12,<instance_members_initializer>
FN:13,SchemaDefinition
FN:18,create
FN:46,getDefinition
FN:50,getFormat
FN:54,validate
FN:71,<instance_members_initializer>
FN:72,Schema
FN:78,create
FN:96,getId
FN:100,getDefinition
FN:104,getDescription
FN:108,validate
FN:119,<instance_members_initializer>
FN:120,TemplateDefinition
FN:125,create
FN:142,getDefinition
FN:146,getFormat
FN:151,<instance_members_initializer>
FN:152,Template
FN:158,create
FN:176,getId
FN:180,getDefinition
FN:184,getDescription
FN:188,render
FNDA:121,<instance_members_initializer>
FNDA:121,SchemaDefinition
FNDA:132,create
FNDA:24,getDefinition
FNDA:6,getFormat
FNDA:26,validate
FNDA:32,<instance_members_initializer>
FNDA:32,Schema
FNDA:34,create
FNDA:5,getId
FNDA:19,getDefinition
FNDA:4,getDescription
FNDA:12,validate
FNDA:0,<instance_members_initializer>
FNDA:0,TemplateDefinition
FNDA:0,create
FNDA:0,getDefinition
FNDA:0,getFormat
FNDA:0,<instance_members_initializer>
FNDA:0,Template
FNDA:0,create
FNDA:0,getId
FNDA:0,getDefinition
FNDA:0,getDescription
FNDA:0,render
FNF:25
FNH:13
BRDA:22,3,0,5
BRDA:27,3,1,131
BRDA:27,3,2,127
BRDA:30,3,3,123
BRDA:30,3,4,123
BRDA:32,3,5,6
BRDA:41,3,6,121
BRDA:58,6,0,23
BRDA:58,6,1,6
BRDA:63,6,2,20
BRDA:83,9,0,33
BRDA:83,9,1,2
BRDA:88,9,2,32
BRF:13
BRH:13
DA:12,7
DA:13,7
DA:14,135
DA:15,135
DA:16,135
DA:18,7
DA:19,7
DA:20,7
DA:21,7
DA:22,139
DA:23,144
DA:24,144
DA:25,576
DA:26,144
DA:27,144
DA:29,139
DA:30,139
DA:31,139
DA:32,139
DA:33,145
DA:34,145
DA:35,145
DA:36,145
DA:37,145
DA:38,145
DA:39,145
DA:40,145
DA:41,145
DA:43,1040
DA:44,139
DA:46,7
DA:47,31
DA:48,31
DA:50,7
DA:51,13
DA:52,13
DA:54,7
DA:55,7
DA:56,7
DA:58,33
DA:59,39
DA:60,39
DA:61,156
DA:62,39
DA:63,39
DA:67,212
DA:68,33
DA:69,7
DA:71,7
DA:72,7
DA:73,46
DA:74,46
DA:75,46
DA:76,46
DA:78,7
DA:79,7
DA:80,7
DA:81,7
DA:82,7
DA:83,41
DA:84,43
DA:85,43
DA:86,172
DA:87,43
DA:88,43
DA:90,73
DA:91,73
DA:92,73
DA:93,73
DA:94,41
DA:96,7
DA:97,12
DA:98,12
DA:100,7
DA:101,26
DA:102,26
DA:104,7
DA:105,11
DA:106,11
DA:108,7
DA:109,7
DA:110,7
DA:111,19
DA:112,19
DA:113,7
DA:119,7
DA:120,0
DA:121,0
DA:122,0
DA:123,0
DA:125,0
DA:126,0
DA:127,0
DA:128,0
DA:129,0
DA:130,0
DA:131,0
DA:132,0
DA:133,0
DA:134,0
DA:136,0
DA:137,0
DA:138,0
DA:139,0
DA:140,0
DA:142,0
DA:143,0
DA:144,0
DA:146,0
DA:147,0
DA:148,0
DA:149,7
DA:151,7
DA:152,0
DA:153,0
DA:154,0
DA:155,0
DA:156,0
DA:158,0
DA:159,0
DA:160,0
DA:161,0
DA:162,0
DA:163,0
DA:164,0
DA:165,0
DA:166,0
DA:167,0
DA:168,0
DA:170,0
DA:171,0
DA:172,0
DA:173,0
DA:174,0
DA:176,0
DA:177,0
DA:178,0
DA:180,0
DA:181,0
DA:182,0
DA:184,0
DA:185,0
DA:186,0
DA:188,0
DA:191,0
DA:192,0
DA:193,0
DA:194,0
DA:195,0
DA:196,0
DA:197,0
DA:198,0
DA:199,0
DA:200,0
DA:201,0
DA:202,0
DA:203,0
DA:204,7
LH:89
LF:158
end_of_record
SF:/Users/tettuan/github/frontmatter-to-schema/src/domain/models/entities.ts
FN:54,<instance_members_initializer>
FN:55,DocumentId
FN:57,create
FN:71,fromPath
FN:75,getValue
FN:79,equals
FN:84,<instance_members_initializer>
FN:85,SchemaId
FN:87,create
FN:101,getValue
FN:105,equals
FN:110,<instance_members_initializer>
FN:111,TemplateId
FN:113,create
FN:127,getValue
FN:131,equals
FN:136,<instance_members_initializer>
FN:137,AnalysisId
FN:139,create
FN:153,generate
FN:157,getValue
FN:161,equals
FN:167,<instance_members_initializer>
FN:168,Document
FN:175,create
FN:189,createWithFrontMatter
FN:205,getId
FN:209,getPath
FN:213,getFrontMatterState
FN:221,getFrontMatterResult
FN:251,getFrontMatter
FN:267,getContent
FN:271,hasFrontMatter
FN:276,<instance_members_initializer>
FN:277,FrontMatter
FN:282,create
FN:289,getContent
FN:293,getRaw
FN:297,toObject
FN:302,<instance_members_initializer>
FN:303,Schema
FN:310,create
FN:319,getId
FN:323,getDefinition
FN:327,getVersion
FN:331,getDescription
FN:339,validate
FN:368,validateLegacy
FN:377,<instance_members_initializer>
FN:380,Template
FN:396,create
FN:405,getId
FN:409,getFormat
FN:413,getMappingRules
FN:417,getDescription
FN:421,applyRules
FN:498,applyRulesLegacy
FN:521,setValueByPath
FN:585,<instance_members_initializer>
FN:586,ExtractedData
FN:588,create
FN:592,getData
FN:596,getValue
FN:600,has
FN:604,toJSON
FN:609,<instance_members_initializer>
FN:610,MappedData
FN:612,create
FN:616,getData
FN:620,toJSON
FN:624,toYAML
FN:629,objectToYAML
FN:662,<instance_members_initializer>
FN:663,AnalysisResult
FN:671,create
FN:685,getId
FN:689,getDocument
FN:693,getExtractedData
FN:697,getMappedData
FN:701,getTimestamp
FN:706,<instance_members_initializer>
FN:707,AggregatedResult
FN:713,create
FN:720,getResults
FN:724,getFormat
FN:728,getTimestamp
FN:736,toOutput
FN:752,getRawData
FN:756,objectToYAML
FNDA:341,<instance_members_initializer>
FNDA:341,DocumentId
FNDA:6,create
FNDA:337,fromPath
FNDA:4,getValue
FNDA:2,equals
FNDA:55,<instance_members_initializer>
FNDA:55,SchemaId
FNDA:56,create
FNDA:7,getValue
FNDA:0,equals
FNDA:53,<instance_members_initializer>
FNDA:53,TemplateId
FNDA:54,create
FNDA:7,getValue
FNDA:0,equals
FNDA:193,<instance_members_initializer>
FNDA:193,AnalysisId
FNDA:1,create
FNDA:192,generate
FNDA:6,getValue
FNDA:2,equals
FNDA:336,<instance_members_initializer>
FNDA:336,Document
FNDA:9,create
FNDA:327,createWithFrontMatter
FNDA:2,getId
FNDA:198,getPath
FNDA:0,getFrontMatterState
FNDA:82,getFrontMatterResult
FNDA:10,getFrontMatter
FNDA:53,getContent
FNDA:3,hasFrontMatter
FNDA:204,<instance_members_initializer>
FNDA:204,FrontMatter
FNDA:204,create
FNDA:94,getContent
FNDA:23,getRaw
FNDA:2,toObject
FNDA:53,<instance_members_initializer>
FNDA:53,Schema
FNDA:53,create
FNDA:4,getId
FNDA:121,getDefinition
FNDA:4,getVersion
FNDA:4,getDescription
FNDA:2,validate
FNDA:0,validateLegacy
FNDA:52,<instance_members_initializer>
FNDA:52,Template
FNDA:52,create
FNDA:6,getId
FNDA:32,getFormat
FNDA:8,getMappingRules
FNDA:3,getDescription
FNDA:43,applyRules
FNDA:0,applyRulesLegacy
FNDA:42,setValueByPath
FNDA:260,<instance_members_initializer>
FNDA:260,ExtractedData
FNDA:260,create
FNDA:76,getData
FNDA:4,getValue
FNDA:4,has
FNDA:0,toJSON
FNDA:206,<instance_members_initializer>
FNDA:206,MappedData
FNDA:206,create
FNDA:65,getData
FNDA:11,toJSON
FNDA:3,toYAML
FNDA:7,objectToYAML
FNDA:189,<instance_members_initializer>
FNDA:189,AnalysisResult
FNDA:189,create
FNDA:4,getId
FNDA:2,getDocument
FNDA:1,getExtractedData
FNDA:63,getMappedData
FNDA:1,getTimestamp
FNDA:24,<instance_members_initializer>
FNDA:24,AggregatedResult
FNDA:24,create
FNDA:18,getResults
FNDA:13,getFormat
FNDA:2,getTimestamp
FNDA:8,toOutput
FNDA:0,getRawData
FNDA:1,objectToYAML
FNF:89
FNH:82
BRDA:60,3,0,5
BRDA:60,3,1,2
BRDA:67,3,2,4
BRDA:90,9,0,55
BRDA:90,9,1,1
BRDA:97,9,2,55
BRDA:116,14,0,53
BRDA:116,14,1,1
BRDA:123,14,2,53
BRDA:142,19,0,0
BRDA:194,26,0,128
BRDA:195,26,1,199
BRDA:223,30,0,41
BRDA:225,30,1,41
BRDA:232,30,2,0
BRDA:253,31,0,7
BRDA:255,31,1,3
BRDA:257,31,2,0
BRDA:341,47,0,1
BRDA:388,50,0,0
BRDA:427,56,0,0
BRDA:451,56,1,0
BRDA:461,56,2,1
BRDA:463,56,3,42
BRDA:468,56,4,161
BRDA:473,56,5,42
BRDA:475,56,6,39
BRDA:489,56,7,3
BRDA:528,58,0,39
BRDA:537,58,1,3
BRDA:546,58,2,0
BRDA:552,58,3,0
BRDA:553,58,4,3
BRDA:556,58,5,0
BRDA:568,58,6,0
BRDA:633,72,0,0
BRDA:637,72,1,13
BRDA:638,72,2,0
BRDA:640,72,3,5
BRDA:640,72,4,2
BRDA:643,72,5,11
BRDA:643,72,6,3
BRDA:645,72,7,6
BRDA:646,72,8,2
BRDA:649,72,9,4
BRDA:653,72,10,8
BRDA:741,87,0,7
BRDA:743,87,1,1
BRDA:762,91,0,0
BRDA:769,91,1,2
BRDA:772,91,2,0
BRF:51
BRH:37
DA:5,27
DA:15,27
DA:16,27
DA:54,27
DA:55,763
DA:57,27
DA:58,27
DA:59,27
DA:60,33
DA:61,35
DA:62,35
DA:63,35
DA:64,35
DA:65,35
DA:66,35
DA:67,35
DA:68,148
DA:69,33
DA:71,27
DA:72,364
DA:73,364
DA:75,27
DA:76,31
DA:77,31
DA:79,27
DA:80,29
DA:81,29
DA:82,27
DA:84,27
DA:85,191
DA:87,27
DA:88,27
DA:89,27
DA:90,83
DA:91,84
DA:92,84
DA:93,84
DA:94,84
DA:95,84
DA:96,84
DA:97,84
DA:98,552
DA:99,83
DA:101,27
DA:102,34
DA:103,34
DA:105,0
DA:106,0
DA:107,0
DA:108,27
DA:110,27
DA:111,187
DA:113,27
DA:114,27
DA:115,27
DA:116,81
DA:117,82
DA:118,82
DA:119,82
DA:120,82
DA:121,82
DA:122,82
DA:123,82
DA:124,536
DA:125,81
DA:127,27
DA:128,34
DA:129,34
DA:131,0
DA:132,0
DA:133,0
DA:134,27
DA:136,27
DA:137,467
DA:139,27
DA:140,27
DA:141,27
DA:142,0
DA:143,0
DA:144,0
DA:145,0
DA:146,0
DA:147,0
DA:148,0
DA:149,0
DA:150,112
DA:151,28
DA:153,27
DA:154,219
DA:155,219
DA:157,27
DA:158,33
DA:159,33
DA:161,27
DA:162,29
DA:163,29
DA:164,27
DA:167,27
DA:168,27
DA:169,390
DA:170,390
DA:171,390
DA:172,390
DA:173,390
DA:175,27
DA:176,27
DA:177,27
DA:178,27
DA:179,27
DA:180,36
DA:181,36
DA:182,36
DA:183,36
DA:184,36
DA:186,36
DA:189,27
DA:190,27
DA:191,27
DA:192,27
DA:193,27
DA:194,354
DA:195,1672
DA:196,1261
DA:197,354
DA:198,354
DA:199,354
DA:200,354
DA:201,354
DA:203,354
DA:205,27
DA:206,29
DA:207,29
DA:209,27
DA:210,225
DA:211,225
DA:213,0
DA:214,0
DA:215,0
DA:221,27
DA:222,109
DA:223,109
DA:224,600
DA:225,109
DA:226,150
DA:227,150
DA:228,150
DA:229,150
DA:230,150
DA:231,150
DA:232,0
DA:234,0
DA:235,0
DA:236,0
DA:237,0
DA:238,0
DA:239,0
DA:240,0
DA:241,0
DA:242,0
DA:243,0
DA:244,109
DA:245,109
DA:251,27
DA:252,37
DA:253,37
DA:254,44
DA:255,37
DA:256,40
DA:257,0
DA:259,0
DA:260,0
DA:261,0
DA:263,0
DA:264,37
DA:265,37
DA:267,27
DA:268,80
DA:269,80
DA:271,27
DA:272,30
DA:273,30
DA:274,27
DA:276,27
DA:277,27
DA:278,258
DA:279,258
DA:280,258
DA:282,27
DA:283,27
DA:284,27
DA:285,27
DA:286,231
DA:287,231
DA:289,27
DA:290,121
DA:291,121
DA:293,27
DA:294,50
DA:295,50
DA:297,27
DA:298,29
DA:299,29
DA:300,27
DA:302,27
DA:303,27
DA:304,107
DA:305,107
DA:306,107
DA:307,107
DA:308,107
DA:310,27
DA:311,27
DA:312,27
DA:313,27
DA:314,27
DA:315,27
DA:316,80
DA:317,80
DA:319,27
DA:320,31
DA:321,31
DA:323,27
DA:324,148
DA:325,148
DA:327,27
DA:328,31
DA:329,31
DA:331,27
DA:332,31
DA:333,31
DA:339,27
DA:340,29
DA:341,29
DA:343,30
DA:344,30
DA:345,30
DA:346,30
DA:347,30
DA:348,30
DA:349,30
DA:350,30
DA:351,30
DA:352,30
DA:353,30
DA:354,30
DA:355,30
DA:358,30
DA:359,30
DA:360,30
DA:361,30
DA:362,29
DA:368,0
DA:369,0
DA:370,0
DA:371,0
DA:372,0
DA:373,0
DA:374,0
DA:375,27
DA:377,27
DA:378,27
DA:380,27
DA:381,106
DA:382,106
DA:383,106
DA:384,106
DA:385,27
DA:387,79
DA:388,0
DA:389,0
DA:390,0
DA:392,0
DA:393,79
DA:394,79
DA:396,27
DA:397,27
DA:398,27
DA:399,27
DA:400,27
DA:401,27
DA:402,79
DA:403,79
DA:405,27
DA:406,33
DA:407,33
DA:409,27
DA:410,59
DA:411,59
DA:413,27
DA:414,35
DA:415,35
DA:417,27
DA:418,30
DA:419,30
DA:421,27
DA:422,27
DA:423,27
DA:424,27
DA:426,70
DA:427,0
DA:428,0
DA:429,0
DA:430,0
DA:431,0
DA:432,0
DA:435,0
DA:437,0
DA:438,0
DA:439,0
DA:440,0
DA:441,0
DA:442,0
DA:443,0
DA:444,0
DA:445,0
DA:446,0
DA:447,0
DA:448,70
DA:450,70
DA:451,0
DA:453,0
DA:454,0
DA:455,0
DA:457,0
DA:458,70
DA:461,70
DA:462,284
DA:463,71
DA:465,112
DA:468,112
DA:469,273
DA:470,273
DA:473,273
DA:474,315
DA:475,315
DA:476,354
DA:477,354
DA:478,354
DA:479,354
DA:480,354
DA:481,354
DA:482,354
DA:483,354
DA:484,354
DA:486,354
DA:487,354
DA:488,315
DA:489,273
DA:491,460
DA:492,70
DA:498,0
DA:499,0
DA:500,0
DA:501,0
DA:502,0
DA:503,0
DA:504,0
DA:505,0
DA:507,0
DA:508,0
DA:511,0
DA:512,0
DA:514,0
DA:515,0
DA:521,27
DA:522,27
DA:523,27
DA:524,27
DA:525,27
DA:527,69
DA:528,69
DA:529,108
DA:530,108
DA:531,108
DA:532,108
DA:533,108
DA:534,108
DA:535,108
DA:536,108
DA:537,108
DA:540,72
DA:541,72
DA:542,72
DA:543,72
DA:546,0
DA:547,0
DA:548,0
DA:551,72
DA:552,0
DA:553,69
DA:555,288
DA:556,0
DA:557,0
DA:558,0
DA:559,0
DA:560,0
DA:561,0
DA:562,0
DA:563,0
DA:564,0
DA:565,0
DA:567,0
DA:568,0
DA:570,0
DA:571,0
DA:572,0
DA:573,0
DA:574,0
DA:575,0
DA:576,0
DA:577,0
DA:578,0
DA:579,0
DA:580,69
DA:581,69
DA:582,27
DA:585,27
DA:586,601
DA:588,27
DA:589,287
DA:590,287
DA:592,27
DA:593,309
DA:594,103
DA:596,27
DA:597,31
DA:598,31
DA:600,27
DA:601,31
DA:602,31
DA:604,0
DA:605,0
DA:606,0
DA:607,27
DA:609,27
DA:610,493
DA:612,27
DA:613,233
DA:614,233
DA:616,27
DA:617,276
DA:618,92
DA:620,27
DA:621,38
DA:622,38
DA:624,27
DA:626,30
DA:627,30
DA:629,27
DA:630,34
DA:631,34
DA:633,0
DA:634,0
DA:635,0
DA:637,34
DA:638,0
DA:639,0
DA:640,0
DA:641,49
DA:642,49
DA:643,47
DA:644,61
DA:645,61
DA:646,67
DA:647,69
DA:648,69
DA:649,67
DA:650,71
DA:651,71
DA:652,67
DA:653,58
DA:654,66
DA:655,66
DA:656,47
DA:658,34
DA:659,34
DA:660,27
DA:662,27
DA:663,27
DA:664,243
DA:665,243
DA:666,243
DA:667,243
DA:668,243
DA:669,243
DA:671,27
DA:672,27
DA:673,27
DA:674,27
DA:675,27
DA:676,216
DA:677,216
DA:678,216
DA:679,216
DA:680,216
DA:681,216
DA:683,216
DA:685,27
DA:686,31
DA:687,31
DA:689,27
DA:690,29
DA:691,29
DA:693,27
DA:694,28
DA:695,28
DA:697,27
DA:698,90
DA:699,90
DA:701,27
DA:702,28
DA:703,28
DA:704,27
DA:706,27
DA:707,27
DA:708,78
DA:709,78
DA:710,78
DA:711,78
DA:713,27
DA:714,27
DA:715,27
DA:716,27
DA:717,51
DA:718,51
DA:720,27
DA:721,135
DA:722,45
DA:724,27
DA:725,40
DA:726,40
DA:728,27
DA:729,29
DA:730,29
DA:736,27
DA:739,35
DA:741,35
DA:742,126
DA:743,35
DA:744,36
DA:745,36
DA:746,35
DA:752,0
DA:753,0
DA:754,0
DA:756,27
DA:757,28
DA:758,28
DA:760,28
DA:762,0
DA:763,0
DA:764,0
DA:766,28
DA:767,28
DA:768,28
DA:769,28
DA:770,30
DA:771,30
DA:772,0
DA:773,0
DA:774,0
DA:775,0
DA:776,0
DA:777,0
DA:778,0
DA:779,0
DA:780,28
DA:782,28
DA:783,28
DA:784,27
DA:787,27
LH:441
LF:571
end_of_record
SF:/Users/tettuan/github/frontmatter-to-schema/src/domain/models/property-path.ts
FN:36,<instance_members_initializer>
FN:37,PropertyPath
FN:45,create
FN:98,getSegments
FN:105,getPath
FN:112,getFinalSegment
FN:119,getParentPath
FN:131,isParentOf
FN:144,getDepth
FN:151,equals
FN:163,PropertyPathNavigator
FN:168,create
FN:182,navigate
FN:249,assign
FN:323,pathExists
FN:342,getPathType
FN:369,isNavigationSuccess
FN:375,isPathNotFound
FN:385,isTypeMismatch
FN:396,isAssignmentSuccess
FN:402,isPathCreated
FN:408,isTypeConflict
FNDA:3,<instance_members_initializer>
FNDA:3,PropertyPath
FNDA:42,create
FNDA:3,getSegments
FNDA:0,getPath
FNDA:3,getFinalSegment
FNDA:0,getParentPath
FNDA:0,isParentOf
FNDA:0,getDepth
FNDA:0,equals
FNDA:52,PropertyPathNavigator
FNDA:52,create
FNDA:0,navigate
FNDA:3,assign
FNDA:0,pathExists
FNDA:0,getPathType
FNDA:0,isNavigationSuccess
FNDA:0,isPathNotFound
FNDA:0,isTypeMismatch
FNDA:0,isAssignmentSuccess
FNDA:0,isPathCreated
FNDA:0,isTypeConflict
FNF:22
FNH:8
BRDA:48,3,0,0
BRDA:61,3,1,0
BRDA:78,3,2,39
BRDA:87,3,3,3
BRDA:254,15,0,0
BRDA:270,15,1,6
BRDA:273,15,2,5
BRDA:277,15,3,1
BRDA:283,15,4,0
BRDA:310,15,5,0
BRF:10
BRH:5
DA:9,27
DA:36,27
DA:37,27
DA:38,57
DA:39,57
DA:40,57
DA:45,27
DA:46,27
DA:47,27
DA:48,0
DA:49,0
DA:50,0
DA:51,0
DA:52,0
DA:53,0
DA:54,0
DA:55,0
DA:56,0
DA:58,69
DA:61,0
DA:62,0
DA:63,0
DA:64,0
DA:65,0
DA:66,0
DA:67,0
DA:68,0
DA:69,0
DA:70,0
DA:73,69
DA:74,69
DA:75,69
DA:78,69
DA:79,108
DA:80,108
DA:81,108
DA:82,108
DA:83,108
DA:84,108
DA:85,108
DA:86,108
DA:87,108
DA:89,72
DA:90,72
DA:91,72
DA:92,72
DA:93,69
DA:98,27
DA:99,90
DA:100,30
DA:105,0
DA:106,0
DA:107,0
DA:112,27
DA:113,30
DA:114,30
DA:119,0
DA:120,0
DA:121,0
DA:122,0
DA:124,0
DA:125,0
DA:126,0
DA:131,0
DA:132,0
DA:133,0
DA:134,0
DA:136,0
DA:137,0
DA:139,0
DA:144,0
DA:145,0
DA:146,0
DA:151,0
DA:152,0
DA:153,0
DA:154,27
DA:162,27
DA:163,27
DA:168,27
DA:171,27
DA:172,79
DA:173,79
DA:174,79
DA:175,79
DA:176,79
DA:182,0
DA:183,0
DA:184,0
DA:185,0
DA:186,0
DA:187,0
DA:188,0
DA:189,0
DA:190,0
DA:191,0
DA:192,0
DA:193,0
DA:194,0
DA:195,0
DA:197,0
DA:198,0
DA:200,0
DA:201,0
DA:204,0
DA:205,0
DA:206,0
DA:207,0
DA:208,0
DA:209,0
DA:210,0
DA:211,0
DA:212,0
DA:213,0
DA:214,0
DA:215,0
DA:216,0
DA:217,0
DA:219,0
DA:222,0
DA:223,0
DA:224,0
DA:225,0
DA:226,0
DA:227,0
DA:228,0
DA:229,0
DA:230,0
DA:231,0
DA:233,0
DA:234,0
DA:236,0
DA:237,0
DA:238,0
DA:239,0
DA:240,0
DA:241,0
DA:242,0
DA:243,0
DA:249,27
DA:250,27
DA:251,27
DA:252,27
DA:253,27
DA:254,0
DA:255,0
DA:256,0
DA:257,0
DA:258,0
DA:259,0
DA:260,0
DA:261,0
DA:262,0
DA:263,0
DA:265,30
DA:266,30
DA:267,30
DA:270,30
DA:271,36
DA:273,36
DA:275,41
DA:276,41
DA:277,36
DA:279,37
DA:280,0
DA:281,0
DA:282,0
DA:283,0
DA:284,0
DA:285,0
DA:286,0
DA:287,0
DA:288,0
DA:289,0
DA:290,0
DA:291,0
DA:292,0
DA:293,37
DA:295,36
DA:296,36
DA:299,30
DA:300,30
DA:302,30
DA:303,30
DA:304,30
DA:305,30
DA:306,30
DA:307,30
DA:308,30
DA:309,30
DA:310,30
DA:312,0
DA:313,0
DA:314,0
DA:315,0
DA:316,0
DA:317,0
DA:318,0
DA:323,0
DA:324,0
DA:325,0
DA:326,0
DA:327,0
DA:329,0
DA:330,0
DA:331,0
DA:333,0
DA:334,0
DA:335,0
DA:336,0
DA:337,0
DA:342,0
DA:343,0
DA:344,0
DA:345,0
DA:346,0
DA:348,0
DA:349,0
DA:350,0
DA:352,0
DA:353,0
DA:354,0
DA:355,0
DA:356,0
DA:357,0
DA:359,0
DA:360,0
DA:361,0
DA:362,0
DA:363,0
DA:364,27
DA:369,0
DA:370,0
DA:372,0
DA:373,0
DA:375,0
DA:376,0
DA:382,0
DA:383,0
DA:385,0
DA:386,0
DA:393,0
DA:394,0
DA:396,0
DA:397,0
DA:399,0
DA:400,0
DA:402,0
DA:403,0
DA:405,0
DA:406,0
DA:408,0
DA:409,0
DA:415,0
DA:416,0
LH:74
LF:255
end_of_record
SF:/Users/tettuan/github/frontmatter-to-schema/src/domain/models/strict-structure-matcher.ts
FN:30,isRecordObject
FN:38,analyzeYAMLStructure
FN:160,analyzeSchemaStructure
FN:288,analyzeTemplateStructure
FN:298,structuresEqual
FN:335,validateStructuralAlignment
FNDA:95,isRecordObject
FNDA:93,analyzeYAMLStructure
FNDA:50,analyzeSchemaStructure
FNDA:8,analyzeTemplateStructure
FNDA:60,structuresEqual
FNDA:9,validateStructuralAlignment
FNF:6
FNH:6
BRDA:33,1,0,92
BRDA:33,1,1,92
BRDA:42,2,0,92
BRDA:42,2,1,2
BRDA:50,2,2,91
BRDA:52,2,3,8
BRDA:53,2,4,1
BRDA:62,2,5,7
BRDA:69,2,6,0
BRDA:71,2,7,7
BRDA:79,2,8,0
BRDA:85,2,9,2
BRDA:98,2,10,5
BRDA:108,2,11,83
BRDA:110,2,12,32
BRDA:110,2,13,32
BRDA:114,2,14,0
BRDA:125,2,15,47
BRDA:126,2,16,20
BRDA:126,2,17,27
BRDA:129,2,18,0
BRDA:144,2,19,51
BRDA:164,3,0,46
BRDA:164,3,1,5
BRDA:173,3,2,45
BRDA:176,3,3,1
BRDA:185,3,4,44
BRDA:191,3,5,0
BRDA:194,3,6,14
BRDA:196,3,7,12
BRDA:197,3,8,2
BRDA:200,3,9,12
BRDA:200,3,10,2
BRDA:209,3,11,12
BRDA:213,3,12,21
BRDA:214,3,13,6
BRDA:214,3,14,15
BRDA:217,3,15,0
BRDA:222,3,16,12
BRDA:232,3,17,30
BRDA:234,3,18,4
BRDA:236,3,19,3
BRDA:236,3,20,1
BRDA:238,3,21,1
BRDA:247,3,22,3
BRDA:250,3,23,0
BRDA:252,3,24,3
BRDA:262,3,25,49
BRDA:262,3,26,26
BRDA:265,3,27,22
BRDA:273,3,28,4
BRDA:299,5,0,5
BRDA:301,5,1,55
BRDA:303,5,2,22
BRDA:304,5,3,0
BRDA:305,5,4,0
BRDA:307,5,5,21
BRDA:307,5,6,4
BRDA:309,5,7,18
BRDA:311,5,8,27
BRDA:313,5,9,1
BRDA:316,5,10,17
BRDA:317,5,11,50
BRDA:319,5,12,6
BRDA:320,5,13,4
BRDA:320,5,14,2
BRDA:322,5,15,4
BRDA:327,5,16,44
BRDA:342,6,0,1
BRDA:344,6,1,8
BRDA:347,6,2,1
BRDA:349,6,3,7
BRDA:352,6,4,0
BRDA:354,6,5,7
BRDA:361,6,6,1
BRDA:370,6,7,6
BRDA:376,6,8,3
BRF:77
BRH:67
DA:14,28
DA:26,28
DA:30,28
DA:31,28
DA:32,28
DA:33,123
DA:34,123
DA:38,28
DA:39,28
DA:40,28
DA:41,28
DA:42,121
DA:43,123
DA:44,123
DA:45,123
DA:46,123
DA:47,123
DA:48,123
DA:49,123
DA:50,123
DA:52,121
DA:53,129
DA:54,130
DA:55,130
DA:56,130
DA:57,130
DA:58,130
DA:59,520
DA:60,130
DA:61,130
DA:62,130
DA:65,136
DA:66,136
DA:67,136
DA:69,0
DA:70,0
DA:71,0
DA:74,129
DA:75,129
DA:76,129
DA:77,129
DA:79,0
DA:80,0
DA:81,0
DA:83,129
DA:84,129
DA:85,129
DA:86,131
DA:87,131
DA:88,131
DA:89,131
DA:90,131
DA:91,131
DA:92,131
DA:93,131
DA:94,131
DA:96,131
DA:97,131
DA:98,129
DA:100,134
DA:101,134
DA:102,134
DA:103,134
DA:104,134
DA:105,134
DA:106,134
DA:107,134
DA:108,134
DA:110,121
DA:111,153
DA:114,0
DA:115,0
DA:116,0
DA:117,0
DA:118,0
DA:119,0
DA:120,0
DA:121,0
DA:122,0
DA:123,0
DA:125,153
DA:126,200
DA:127,200
DA:129,0
DA:130,0
DA:131,0
DA:133,200
DA:134,200
DA:136,153
DA:137,153
DA:138,153
DA:139,153
DA:140,153
DA:141,153
DA:142,153
DA:143,153
DA:144,153
DA:147,172
DA:148,172
DA:149,172
DA:150,172
DA:151,172
DA:152,172
DA:153,172
DA:154,172
DA:155,121
DA:160,28
DA:161,28
DA:162,28
DA:163,28
DA:164,78
DA:165,83
DA:166,83
DA:167,83
DA:168,83
DA:169,83
DA:170,83
DA:171,83
DA:172,83
DA:173,83
DA:176,78
DA:177,79
DA:178,79
DA:179,79
DA:180,79
DA:181,79
DA:182,79
DA:183,79
DA:184,79
DA:185,79
DA:186,122
DA:189,122
DA:190,0
DA:191,0
DA:192,0
DA:194,78
DA:195,92
DA:196,92
DA:197,92
DA:198,92
DA:200,92
DA:201,94
DA:202,94
DA:203,94
DA:204,94
DA:205,94
DA:206,94
DA:207,94
DA:208,94
DA:209,94
DA:211,104
DA:213,92
DA:214,113
DA:215,113
DA:217,0
DA:218,0
DA:219,0
DA:221,113
DA:222,113
DA:224,104
DA:225,104
DA:226,104
DA:227,104
DA:228,104
DA:229,104
DA:230,104
DA:231,104
DA:232,104
DA:234,78
DA:235,82
DA:236,82
DA:238,82
DA:239,83
DA:240,83
DA:241,83
DA:242,83
DA:243,83
DA:244,332
DA:245,83
DA:246,83
DA:247,83
DA:249,85
DA:250,0
DA:251,0
DA:252,0
DA:254,85
DA:255,85
DA:256,85
DA:257,85
DA:258,85
DA:259,85
DA:260,85
DA:261,85
DA:262,85
DA:265,892
DA:266,149
DA:267,149
DA:268,149
DA:269,149
DA:270,149
DA:271,149
DA:272,149
DA:273,149
DA:275,82
DA:276,82
DA:277,82
DA:278,82
DA:279,82
DA:280,82
DA:281,82
DA:282,82
DA:283,78
DA:288,28
DA:289,28
DA:290,28
DA:291,28
DA:292,36
DA:293,36
DA:298,28
DA:299,88
DA:300,93
DA:301,93
DA:303,88
DA:304,0
DA:305,0
DA:307,110
DA:308,135
DA:309,135
DA:311,110
DA:312,137
DA:313,137
DA:314,138
DA:315,138
DA:316,137
DA:317,127
DA:319,88
DA:320,94
DA:321,96
DA:322,96
DA:323,98
DA:324,98
DA:325,98
DA:327,98
DA:329,132
DA:330,88
DA:335,28
DA:336,28
DA:337,28
DA:338,28
DA:339,28
DA:341,37
DA:342,37
DA:343,38
DA:344,38
DA:346,45
DA:347,37
DA:348,38
DA:349,38
DA:351,44
DA:352,0
DA:353,0
DA:354,0
DA:357,44
DA:358,44
DA:359,44
DA:361,37
DA:362,38
DA:363,38
DA:364,38
DA:365,38
DA:366,38
DA:367,38
DA:368,38
DA:369,38
DA:370,38
DA:372,43
DA:373,43
DA:374,43
DA:376,37
DA:377,40
DA:378,40
DA:379,40
DA:380,40
DA:381,40
DA:382,40
DA:383,40
DA:384,40
DA:385,40
DA:387,160
DA:388,37
DA:389,28
LH:258
LF:291
end_of_record
SF:/Users/tettuan/github/frontmatter-to-schema/src/domain/models/template-reference.ts
FN:24,<instance_members_initializer>
FN:25,TemplateReference
FN:33,create
FN:72,parseReferenceType
FN:151,getType
FN:158,getOriginalValue
FN:165,isPlaceholder
FN:172,isFileReference
FN:179,isArrayItem
FN:186,isLiteral
FN:193,getPath
FN:216,getLiteralValue
FN:233,toString
FN:250,isTemplateReference
FNDA:32,<instance_members_initializer>
FNDA:32,TemplateReference
FNDA:32,create
FNDA:32,parseReferenceType
FNDA:32,getType
FNDA:0,getOriginalValue
FNDA:0,isPlaceholder
FNDA:0,isFileReference
FNDA:0,isArrayItem
FNDA:0,isLiteral
FNDA:31,getPath
FNDA:1,getLiteralValue
FNDA:0,toString
FNDA:0,isTemplateReference
FNF:14
FNH:7
BRDA:36,3,0,0
BRDA:47,3,1,0
BRDA:59,3,2,0
BRDA:78,4,0,31
BRDA:78,4,1,31
BRDA:80,4,2,0
BRDA:94,4,3,8
BRDA:94,4,4,1
BRDA:97,4,5,0
BRDA:97,4,6,8
BRDA:97,4,7,0
BRDA:139,4,8,1
BRDA:197,11,0,0
BRDA:199,11,1,0
BRDA:201,11,2,0
BRDA:219,12,0,0
BRF:16
BRH:6
DA:9,2
DA:24,2
DA:25,2
DA:26,36
DA:27,36
DA:28,36
DA:33,2
DA:34,2
DA:35,2
DA:36,0
DA:37,0
DA:38,0
DA:39,0
DA:40,0
DA:41,0
DA:42,0
DA:43,0
DA:44,0
DA:45,0
DA:47,0
DA:48,0
DA:49,0
DA:50,0
DA:51,0
DA:52,0
DA:53,0
DA:54,0
DA:55,0
DA:58,34
DA:59,0
DA:60,0
DA:61,0
DA:63,34
DA:64,34
DA:65,34
DA:66,34
DA:67,34
DA:72,2
DA:73,2
DA:74,2
DA:75,34
DA:78,34
DA:79,65
DA:80,0
DA:81,0
DA:82,0
DA:83,0
DA:84,0
DA:85,0
DA:86,0
DA:87,0
DA:88,0
DA:89,0
DA:90,65
DA:91,65
DA:92,260
DA:93,65
DA:94,65
DA:97,0
DA:98,0
DA:99,0
DA:100,0
DA:101,0
DA:102,0
DA:103,0
DA:105,0
DA:106,0
DA:107,0
DA:108,0
DA:109,0
DA:110,0
DA:111,0
DA:112,0
DA:113,0
DA:114,0
DA:115,0
DA:116,0
DA:119,0
DA:120,0
DA:121,0
DA:123,0
DA:124,0
DA:125,0
DA:126,0
DA:127,0
DA:128,0
DA:129,0
DA:130,0
DA:131,0
DA:132,0
DA:133,0
DA:134,0
DA:135,0
DA:136,0
DA:138,0
DA:139,0
DA:142,43
DA:143,43
DA:144,172
DA:145,43
DA:146,34
DA:151,2
DA:152,34
DA:153,34
DA:158,0
DA:159,0
DA:160,0
DA:165,0
DA:166,0
DA:167,0
DA:172,0
DA:173,0
DA:174,0
DA:179,0
DA:180,0
DA:181,0
DA:186,0
DA:187,0
DA:188,0
DA:193,2
DA:194,33
DA:195,33
DA:196,132
DA:197,0
DA:198,0
DA:199,0
DA:200,0
DA:201,0
DA:202,0
DA:203,0
DA:204,0
DA:205,0
DA:206,0
DA:207,0
DA:208,0
DA:209,0
DA:210,33
DA:211,33
DA:216,2
DA:217,3
DA:218,12
DA:219,3
DA:220,0
DA:221,0
DA:222,0
DA:223,0
DA:224,0
DA:225,0
DA:226,0
DA:227,0
DA:228,0
DA:233,0
DA:234,0
DA:235,0
DA:236,0
DA:237,0
DA:238,0
DA:239,0
DA:240,0
DA:241,0
DA:242,0
DA:243,0
DA:244,0
DA:245,2
DA:250,0
DA:251,0
DA:253,0
DA:254,0
LH:45
LF:168
end_of_record
SF:/Users/tettuan/github/frontmatter-to-schema/src/domain/models/value-objects.ts
FN:28,<instance_members_initializer>
FN:29,DocumentPath
FN:37,create
FN:94,getValue
FN:102,getDirectory
FN:111,getFilename
FN:120,isMarkdown
FN:126,<instance_members_initializer>
FN:127,FrontMatterContent
FN:129,create
FN:136,fromObject
FN:169,fromYaml
FN:187,getValue
FN:191,toJSON
FN:201,parseSimpleYaml
FN:236,parseYamlValue
FN:269,keys
FN:277,get
FN:285,size
FN:290,<instance_members_initializer>
FN:291,DocumentContent
FN:293,create
FN:299,getValue
FN:303,getLines
FN:309,<instance_members_initializer>
FN:310,ConfigPath
FN:312,create
FN:340,getValue
FN:344,resolve
FN:352,<instance_members_initializer>
FN:353,TemplatePath
FN:355,create
FN:370,getValue
FN:374,resolve
FN:382,<instance_members_initializer>
FN:383,OutputPath
FN:385,create
FN:400,getValue
FN:404,withExtension
FN:411,<instance_members_initializer>
FN:412,SchemaDefinition
FN:417,create
FN:447,getValue
FN:451,getVersion
FN:455,validate
FN:474,<instance_members_initializer>
FN:475,SchemaVersion
FN:481,create
FN:518,toString
FN:522,isCompatibleWith
FN:528,<instance_members_initializer>
FN:529,TemplateFormat
FN:534,create
FN:573,getFormat
FN:577,getTemplate
FN:582,<instance_members_initializer>
FN:583,MappingRule
FN:589,create
FN:606,getSource
FN:610,getTarget
FN:614,apply
FN:625,getValueByPath
FN:653,<instance_members_initializer>
FN:654,ProcessingOptions
FN:660,create
FN:687,isParallel
FN:691,getMaxConcurrency
FN:695,shouldContinueOnError
FNDA:491,<instance_members_initializer>
FNDA:491,DocumentPath
FNDA:507,create
[...]
LF:250
end_of_record
SF:/Users/tettuan/github/frontmatter-to-schema/src/infrastructure/adapters/frontmatter-extractor-impl.ts
FN:17,extract
FNDA:82,extract
FNF:1
FNH:1
BRDA:22,1,0,41
BRDA:25,1,1,75
BRDA:25,1,2,42
BRDA:25,1,3,41
BRDA:31,1,4,5
BRDA:33,1,5,41
BRDA:33,1,6,36
BRDA:41,1,7,30
BRDA:42,1,8,30
BRDA:44,1,9,41
BRDA:44,1,10,3
BRDA:46,1,11,30
BRDA:59,1,12,0
BRDA:68,1,13,30
BRDA:72,1,14,0
BRDA:80,1,15,3
BRDA:86,1,16,0
BRF:17
BRH:14
DA:3,15
DA:4,15
DA:5,15
DA:8,15
DA:9,15
DA:10,15
DA:16,15
DA:17,15
DA:18,15
DA:19,15
DA:21,97
DA:22,97
DA:23,138
DA:24,966
DA:25,138
DA:27,255
DA:28,255
DA:31,214
DA:32,1314
DA:33,219
DA:35,249
DA:38,249
DA:40,97
DA:41,97
DA:42,97
DA:43,97
DA:44,97
DA:45,846
DA:46,141
DA:49,168
DA:50,168
DA:51,168
DA:52,168
DA:55,168
DA:56,168
DA:59,0
DA:60,0
DA:61,0
DA:62,0
DA:63,0
DA:64,0
DA:65,0
DA:66,0
DA:67,0
DA:68,0
DA:71,168
DA:72,0
DA:74,97
DA:75,97
DA:76,97
DA:79,679
DA:80,97
DA:81,100
DA:82,100
DA:83,100
DA:84,100
DA:85,100
DA:86,0
DA:87,100
DA:88,100
DA:89,100
DA:90,97
DA:91,15
LH:51
LF:63
end_of_record
SF:/Users/tettuan/github/frontmatter-to-schema/src/infrastructure/adapters/output-formatter.ts
FN:24,<instance_members_initializer>
FN:25,FormattedOutput
FN:31,create
FN:62,getContent
FN:66,getFormat
FN:70,getTimestamp
FN:80,OutputFormatter
FN:85,create
FN:95,format
FN:141,formatToJson
FN:148,formatToYaml
FN:158,formatToXml
FN:166,formatToCsv
FN:182,objectToYaml
FN:241,objectToXml
FN:280,prettifyXml
FN:288,flattenObject
FN:316,isFormattedOutput
FN:320,isOutputFormatter
FNDA:4,<instance_members_initializer>
FNDA:4,FormattedOutput
FNDA:4,create
FNDA:4,getContent
FNDA:0,getFormat
FNDA:0,getTimestamp
FNDA:4,OutputFormatter
FNDA:4,create
FNDA:4,format
FNDA:2,formatToJson
FNDA:2,formatToYaml
FNDA:0,formatToXml
FNDA:0,formatToCsv
FNDA:20,objectToYaml
FNDA:0,objectToXml
FNDA:0,prettifyXml
FNDA:0,flattenObject
FNDA:0,isFormattedOutput
FNDA:0,isOutputFormatter
FNF:19
FNH:10
BRDA:35,3,0,0
BRDA:46,3,1,0
BRDA:104,9,0,2
BRDA:107,9,1,2
BRDA:110,9,2,0
BRDA:113,9,3,0
BRDA:116,9,4,0
BRDA:126,9,5,0
BRDA:189,14,0,0
BRDA:193,14,1,11
BRDA:195,14,2,0
BRDA:199,14,3,9
BRDA:201,14,4,0
BRDA:203,14,5,9
BRDA:205,14,6,3
BRDA:206,14,7,0
BRDA:212,14,8,6
BRDA:214,14,9,6
BRDA:216,14,10,0
BRDA:233,14,11,0
BRDA:222,16,0,5
BRDA:222,16,1,5
BRDA:223,16,2,2
BRDA:227,16,3,10
BRF:24
BRH:12
DA:9,2
DA:24,2
DA:25,2
DA:26,8
DA:27,8
DA:28,8
DA:29,8
DA:31,2
DA:32,2
DA:33,2
DA:34,2
DA:35,0
DA:36,0
DA:37,0
DA:38,0
DA:39,0
DA:40,0
DA:41,0
DA:42,0
DA:43,0
DA:44,0
DA:46,0
DA:47,0
DA:48,0
DA:49,0
DA:50,0
DA:51,0
DA:52,0
DA:53,0
DA:54,0
DA:56,6
DA:57,6
DA:58,6
DA:59,6
DA:60,6
DA:62,2
DA:63,6
DA:64,6
DA:66,0
DA:67,0
DA:68,0
DA:70,0
DA:71,0
DA:72,0
DA:73,2
DA:79,2
DA:80,2
DA:85,2
DA:86,6
DA:87,6
DA:88,6
DA:89,6
DA:90,6
DA:95,2
DA:96,2
DA:97,2
DA:98,2
DA:99,6
DA:100,6
DA:101,6
DA:103,6
DA:104,6
DA:105,8
DA:106,8
DA:107,6
DA:108,8
DA:109,8
DA:110,0
DA:111,0
DA:112,0
DA:113,0
DA:114,0
DA:115,0
DA:116,0
DA:118,0
DA:119,0
DA:120,0
DA:122,0
DA:123,6
DA:125,6
DA:126,0
DA:127,0
DA:128,0
DA:129,0
DA:130,0
DA:131,0
DA:132,0
DA:133,0
DA:134,0
DA:135,0
DA:136,6
DA:141,2
DA:142,4
DA:143,4
DA:148,2
DA:149,2
DA:150,2
DA:151,2
DA:152,4
DA:153,4
DA:158,0
DA:159,0
DA:160,0
DA:161,0
DA:166,0
DA:167,0
DA:168,0
DA:169,0
DA:170,0
DA:171,0
DA:172,0
DA:173,0
DA:176,0
DA:177,0
DA:182,2
DA:183,2
DA:184,2
DA:185,2
DA:186,2
DA:187,22
DA:189,0
DA:190,0
DA:191,0
DA:193,22
DA:195,0
DA:196,0
DA:197,0
DA:198,33
DA:199,33
DA:201,0
DA:202,0
DA:203,0
DA:205,22
DA:206,0
DA:207,0
DA:208,0
DA:209,25
DA:210,25
DA:211,25
DA:212,25
DA:214,22
DA:215,28
DA:216,0
DA:217,0
DA:218,0
DA:220,28
DA:221,40
DA:222,40
DA:223,40
DA:224,42
DA:225,42
DA:226,42
DA:227,40
DA:228,50
DA:229,50
DA:230,50
DA:231,50
DA:232,28
DA:233,28
DA:235,0
DA:236,0
DA:241,0
DA:242,0
DA:244,0
DA:245,0
DA:246,0
DA:248,0
DA:249,0
DA:250,0
DA:251,0
DA:252,0
DA:253,0
DA:255,0
DA:256,0
DA:257,0
DA:258,0
DA:259,0
DA:261,0
DA:262,0
DA:263,0
DA:264,0
DA:265,0
DA:267,0
DA:268,0
DA:269,0
DA:271,0
DA:272,0
DA:274,0
DA:275,0
DA:280,0
DA:282,0
DA:283,0
DA:288,0
DA:289,0
DA:290,0
DA:291,0
DA:292,0
DA:294,0
DA:295,0
DA:297,0
DA:298,0
DA:299,0
DA:300,0
DA:302,0
DA:303,0
DA:304,0
DA:305,0
DA:306,0
DA:307,0
DA:309,0
DA:310,0
DA:311,2
DA:316,0
DA:317,0
DA:318,0
DA:320,0
DA:321,0
DA:322,0
LH:85
LF:218
end_of_record
SF:/Users/tettuan/github/frontmatter-to-schema/src/infrastructure/adapters/result-aggregator-impl.ts
FN:14,<instance_members_initializer>
FN:15,ResultAggregatorImpl
FN:19,aggregate
FNDA:27,<instance_members_initializer>
FNDA:27,ResultAggregatorImpl
FNDA:19,aggregate
FNF:3
FNH:3
BRDA:23,3,0,1
BRDA:31,3,1,17
BRDA:35,3,2,1
BRDA:43,3,3,0
BRF:4
BRH:3
DA:4,14
DA:5,14
DA:6,14
DA:7,14
DA:8,14
DA:9,14
DA:11,14
DA:14,14
DA:15,14
DA:16,55
DA:17,55
DA:19,14
DA:20,14
DA:21,14
DA:22,33
DA:23,33
DA:24,34
DA:25,34
DA:26,34
DA:27,34
DA:28,102
DA:30,34
DA:31,34
DA:33,50
DA:34,200
DA:35,33
DA:36,34
DA:37,34
DA:38,34
DA:39,34
DA:40,34
DA:41,34
DA:42,34
DA:43,0
DA:44,34
DA:46,34
DA:47,34
DA:48,33
DA:49,14
LH:38
LF:39
end_of_record
SF:/Users/tettuan/github/frontmatter-to-schema/src/infrastructure/filesystem/file-system.ts
FN:6,readDirectory
FN:23,readFile
FN:27,exists
FN:38,writeJson
FN:43,ensureDir
FNDA:6,readDirectory
FNDA:4,readFile
FNDA:4,exists
FNDA:8,writeJson
FNDA:6,ensureDir
FNF:5
FNH:5
BRDA:18,1,0,5
BRDA:29,3,0,3
BRDA:31,3,1,1
BRF:3
BRH:3
DA:2,2
DA:3,2
DA:5,2
DA:6,2
DA:7,8
DA:9,8
DA:10,8
DA:11,24
DA:12,8
DA:13,8
DA:14,8
DA:15,8
DA:16,8
DA:17,8
DA:18,8
DA:20,13
DA:21,8
DA:23,2
DA:24,6
DA:25,6
DA:27,2
DA:28,6
DA:29,6
DA:30,9
DA:31,6
DA:32,7
DA:33,7
DA:34,6
DA:35,2
DA:37,2
DA:38,2
DA:39,10
DA:40,10
DA:41,10
DA:43,2
DA:44,24
DA:45,8
DA:46,2
LH:38
LF:38
end_of_record
SF:/Users/tettuan/github/frontmatter-to-schema/src/infrastructure/services/output-formatter.ts
FN:31,<instance_members_initializer>
FN:32,JsonOutputFormatter
FN:34,format
FN:56,getFormatKind
FN:64,<instance_members_initializer>
FN:65,YamlOutputFormatter
FN:67,format
FN:106,getFormatKind
FN:110,objectToYaml
FN:136,formatValue
FN:153,createFormatter
FN:162,fromString
FN:189,format
FN:197,formatWithString
FN:209,getSupportedFormats
FNDA:6,<instance_members_initializer>
FNDA:6,JsonOutputFormatter
FNDA:6,format
FNDA:1,getFormatKind
FNDA:5,<instance_members_initializer>
FNDA:5,YamlOutputFormatter
FNDA:5,format
FNDA:1,getFormatKind
FNDA:7,objectToYaml
FNDA:12,formatValue
FNDA:5,createFormatter
FNDA:6,fromString
FNDA:3,format
FNDA:2,formatWithString
FNDA:1,getSupportedFormats
FNF:15
FNH:15
BRDA:40,3,0,1
BRDA:70,7,0,1
BRDA:77,7,1,4
BRDA:79,7,2,4
BRDA:84,7,3,0
BRDA:114,10,0,0
BRDA:121,10,1,13
BRDA:122,10,2,1
BRDA:122,10,3,1
BRDA:125,10,4,12
BRDA:129,10,5,0
BRDA:137,11,0,7
BRDA:139,11,1,6
BRDA:139,11,2,6
BRDA:139,11,3,1
BRDA:141,11,4,6
BRDA:143,11,5,5
BRDA:155,12,0,3
BRDA:157,12,1,2
BRDA:166,13,0,2
BRDA:168,13,1,1
BRDA:169,13,2,2
BRDA:171,13,3,2
BRDA:202,15,0,1
BRF:24
BRH:21
DA:10,1
DA:31,1
DA:32,15
DA:34,1
DA:35,7
DA:36,7
DA:37,7
DA:38,7
DA:39,7
DA:40,7
DA:41,8
DA:42,8
DA:43,8
DA:44,8
DA:45,8
DA:46,8
DA:47,8
DA:48,8
DA:49,8
DA:50,8
DA:51,8
DA:52,8
DA:53,8
DA:54,7
DA:56,1
DA:57,2
DA:58,2
DA:59,1
DA:64,1
DA:65,13
DA:67,1
DA:68,6
DA:70,6
DA:71,7
DA:72,7
DA:73,7
DA:74,7
DA:76,7
DA:77,7
DA:79,6
DA:80,10
DA:81,10
DA:82,10
DA:83,10
DA:84,10
DA:86,0
DA:87,0
DA:88,0
DA:89,0
DA:90,0
DA:91,0
DA:92,0
DA:93,0
DA:94,0
DA:95,0
DA:96,0
DA:97,0
DA:98,0
DA:99,0
DA:100,0
DA:101,0
DA:102,0
DA:103,0
DA:104,6
DA:106,1
DA:107,2
DA:108,2
DA:110,1
DA:111,8
DA:112,8
DA:114,0
DA:115,0
DA:116,0
DA:117,0
DA:118,0
DA:119,0
DA:120,8
DA:121,8
DA:122,21
DA:123,22
DA:124,22
DA:125,21
DA:126,33
DA:127,33
DA:128,21
DA:129,0
DA:130,0
DA:131,0
DA:133,8
DA:134,8
DA:136,1
DA:137,13
DA:139,20
DA:140,21
DA:141,21
DA:142,26
DA:143,26
DA:144,18
DA:145,13
DA:146,1
DA:152,1
DA:153,1
DA:154,6
DA:155,6
DA:156,9
DA:157,6
DA:158,8
DA:159,6
DA:160,6
DA:162,1
DA:163,1
DA:164,1
DA:165,7
DA:166,7
DA:167,63
DA:168,7
DA:169,7
DA:170,63
DA:171,7
DA:172,9
DA:173,9
DA:174,9
DA:175,9
DA:176,9
DA:177,9
DA:178,9
DA:179,9
DA:180,7
DA:181,7
DA:182,1
DA:188,1
DA:189,1
DA:190,1
DA:191,1
DA:192,1
DA:193,4
DA:194,4
DA:195,4
DA:197,1
DA:198,1
DA:199,1
DA:200,1
DA:201,3
DA:202,3
DA:203,4
DA:204,4
DA:206,4
DA:207,3
DA:209,1
DA:210,8
DA:211,2
DA:212,1
LH:125
LF:152
end_of_record
SF:/Users/tettuan/github/frontmatter-to-schema/tests/helpers/breakdown-logger.ts
FN:35,<static_initializer>
FN:36,<instance_members_initializer>
FN:40,BreakdownLogger
FN:49,getInstance
FN:59,isEnabled
FN:66,setEnabled
FN:73,startTimer
FN:81,endTimer
FN:94,debug
FN:101,info
FN:108,warn
FN:115,error
FN:122,logWithTiming
FN:147,logPhase
FN:164,logResult
FN:189,createTestScope
FN:196,clear
FN:204,getEntries
FN:211,exportToJson
FN:218,log
FN:241,output
FN:270,<instance_members_initializer>
FN:271,TestScopeLogger
FN:280,arrange
FN:291,act
FN:302,assert
FN:313,cleanup
FN:324,startTimer
FN:331,endTimer
FN:343,logResult
FN:358,createContext
FN:370,getBreakdownLogger
FN:378,logTestExecution
FN:385,descriptor.value
FNDA:4,<static_initializer>
FNDA:7,<instance_members_initializer>
FNDA:7,BreakdownLogger
FNDA:67,getInstance
FNDA:21,isEnabled
FNDA:76,setEnabled
FNDA:31,startTimer
FNDA:14,endTimer
FNDA:3,debug
FNDA:57,info
FNDA:3,warn
FNDA:4,error
FNDA:24,logWithTiming
FNDA:3,logPhase
FNDA:11,logResult
FNDA:20,createTestScope
FNDA:71,clear
FNDA:31,getEntries
FNDA:2,exportToJson
FNDA:67,log
FNDA:42,output
FNDA:20,<instance_members_initializer>
FNDA:20,TestScopeLogger
FNDA:11,arrange
FNDA:9,act
FNDA:8,assert
FNDA:3,cleanup
FNDA:21,startTimer
FNDA:21,endTimer
FNDA:7,logResult
FNDA:59,createContext
FNDA:18,getBreakdownLogger
FNDA:4,logTestExecution
FNDA:3,descriptor.value
FNF:34
FNH:34
BRDA:43,3,0,1
BRDA:50,4,0,7
BRDA:74,7,0,19
BRDA:74,7,1,12
BRDA:82,8,0,1
BRDA:82,8,1,13
BRDA:84,8,2,4
BRDA:84,8,3,9
BRDA:128,13,0,19
BRDA:128,13,1,5
BRDA:152,14,0,1
BRDA:152,14,1,2
BRDA:157,14,2,1
BRDA:169,15,0,7
BRDA:169,15,1,5
BRDA:169,15,2,4
BRDA:171,15,3,3
BRDA:174,15,4,1
BRDA:177,15,5,1
BRDA:224,20,0,30
BRDA:224,20,1,37
BRDA:242,21,0,0
BRDA:246,21,1,5
BRDA:246,21,2,37
BRDA:251,21,3,2
BRDA:252,21,4,1
BRDA:254,21,5,35
BRDA:255,21,6,15
BRDA:257,21,7,2
BRDA:260,21,8,3
BRDA:261,21,9,2
BRDA:387,34,0,1
BRDA:389,34,1,2
BRDA:397,34,2,1
BRF:34
BRH:33
DA:34,4
DA:35,4
DA:36,4
DA:37,11
DA:38,4
DA:40,4
DA:41,11
DA:42,11
DA:43,11
DA:45,12
DA:46,12
DA:47,11
DA:49,4
DA:50,71
DA:51,78
DA:52,78
DA:53,71
DA:54,71
DA:59,4
DA:60,25
DA:61,25
DA:66,4
DA:67,80
DA:68,80
DA:73,4
DA:74,35
DA:75,47
DA:76,35
DA:81,4
DA:82,18
DA:83,31
DA:84,18
DA:86,27
DA:87,27
DA:88,27
DA:89,18
DA:94,4
DA:95,7
DA:96,7
DA:101,4
DA:102,61
DA:103,61
DA:108,4
DA:109,7
DA:110,7
DA:115,4
DA:116,8
DA:117,8
DA:122,4
DA:123,4
DA:124,4
DA:125,4
DA:126,4
DA:127,4
DA:128,28
DA:130,33
DA:131,33
DA:132,33
DA:133,33
DA:134,33
DA:135,33
DA:136,33
DA:137,33
DA:138,33
DA:140,33
DA:141,33
DA:142,28
DA:147,4
DA:148,4
DA:149,4
DA:150,4
DA:151,4
DA:152,7
DA:154,36
DA:155,7
DA:156,7
DA:157,7
DA:159,7
DA:164,4
DA:165,4
DA:166,4
DA:167,4
DA:168,4
DA:169,15
DA:171,20
DA:172,23
DA:173,23
DA:174,23
DA:175,69
DA:177,20
DA:178,21
DA:179,21
DA:180,21
DA:181,63
DA:183,21
DA:184,15
DA:189,4
DA:190,24
DA:191,24
DA:196,4
DA:197,75
DA:198,75
DA:199,75
DA:204,4
DA:205,35
DA:206,35
DA:211,4
DA:212,6
DA:213,6
DA:218,4
DA:219,4
DA:220,4
DA:221,4
DA:222,4
DA:223,4
DA:224,71
DA:226,108
DA:227,108
DA:228,108
DA:229,108
DA:230,108
DA:231,108
DA:232,108
DA:234,108
DA:235,108
DA:236,71
DA:241,4
DA:242,0
DA:244,46
DA:245,46
DA:246,46
DA:248,46
DA:250,46
DA:251,46
DA:252,48
DA:253,48
DA:254,46
DA:255,81
DA:256,81
DA:257,46
DA:258,48
DA:259,48
DA:260,46
DA:261,49
DA:262,49
DA:263,46
DA:264,46
DA:265,4
DA:270,4
DA:271,4
DA:272,28
DA:273,28
DA:274,28
DA:275,28
DA:280,4
DA:281,15
DA:282,15
DA:283,15
DA:284,15
DA:286,15
DA:291,4
DA:292,13
DA:293,13
DA:294,13
DA:295,13
DA:297,13
DA:302,4
DA:303,12
DA:304,12
DA:305,12
DA:306,12
DA:308,12
DA:313,4
DA:314,7
DA:315,7
DA:316,7
DA:317,7
DA:319,7
DA:324,4
DA:325,25
DA:326,25
DA:331,4
DA:332,25
DA:333,25
DA:334,25
DA:335,25
DA:336,25
DA:338,25
DA:343,4
DA:344,4
DA:345,4
DA:346,4
DA:347,4
DA:348,11
DA:349,11
DA:350,11
DA:351,11
DA:353,11
DA:358,4
DA:359,63
DA:360,63
DA:361,63
DA:362,63
DA:363,63
DA:364,63
DA:365,4
DA:370,4
DA:371,22
DA:372,22
DA:378,4
DA:379,4
DA:380,4
DA:381,4
DA:383,8
DA:385,8
DA:386,11
DA:387,11
DA:388,12
DA:389,12
DA:391,11
DA:392,11
DA:394,11
DA:396,11
DA:397,11
DA:398,12
DA:399,12
DA:400,12
DA:401,12
DA:402,12
DA:403,12
DA:404,8
DA:406,8
DA:407,8
LH:232
LF:233
end_of_record
SF:/Users/tettuan/github/frontmatter-to-schema/tests/helpers/test-utilities.ts
FN:34,validFilePath
FN:47,markdownFilePath
FN:60,frontMatterContent
FN:75,frontMatterFromYaml
FN:88,schemaDefinition
FN:104,sourceFile
FN:117,analysisResult
FN:136,<static_initializer>
FN:141,assertSuccess
FN:173,assertError
FN:209,assertValidationError
FN:226,assertAnalysisError
FN:243,<instance_members_initializer>
FN:248,MockAnalysisStrategy
FN:262,execute
FN:281,setSuccess
FN:289,setError
FN:301,schemaAnalysis
FN:317,templateMapping
FN:339,validationOnly
FN:348,validate
FN:357,basicExtraction
FN:386,frontMatter
FN:467,markdownWithFrontMatter
FN:520,commandSchema
FN:560,commandTemplate
FN:586,<static_initializer>
FN:591,measureTime
FN:620,benchmarkFunction
FN:671,assertPerformance
FN:688,<instance_members_initializer>
FN:690,TestWithBreakdown
FN:697,runTest
FN:754,getLogger
FN:761,<static_initializer>
FN:766,register
FN:773,runAll
FN:783,createTempRegistry
FNDA:6,validFilePath
FNDA:2,markdownFilePath
FNDA:2,frontMatterContent
FNDA:1,frontMatterFromYaml
FNDA:6,schemaDefinition
FNDA:1,sourceFile
FNDA:3,analysisResult
FNDA:2,<static_initializer>
FNDA:2,assertSuccess
FNDA:5,assertError
FNDA:1,assertValidationError
FNDA:1,assertAnalysisError
FNDA:4,<instance_members_initializer>
FNDA:4,MockAnalysisStrategy
FNDA:4,execute
FNDA:1,setSuccess
FNDA:1,setError
FNDA:2,schemaAnalysis
FNDA:1,templateMapping
FNDA:1,validationOnly
FNDA:0,validate
FNDA:5,basicExtraction
FNDA:6,frontMatter
FNDA:1,markdownWithFrontMatter
FNDA:1,commandSchema
FNDA:1,commandTemplate
FNDA:2,<static_initializer>
FNDA:6,measureTime
FNDA:1,benchmarkFunction
FNDA:2,assertPerformance
FNDA:8,<instance_members_initializer>
FNDA:8,TestWithBreakdown
FNDA:6,runTest
FNDA:2,getLogger
FNDA:2,<static_initializer>
FNDA:4,register
FNDA:4,runAll
FNDA:1,createTempRegistry
FNF:38
FNH:37
BRDA:36,1,0,0
BRDA:49,2,0,0
BRDA:64,3,0,0
BRDA:77,4,0,0
BRDA:92,5,0,0
BRDA:125,7,0,1
BRDA:126,7,1,2
BRDA:148,9,0,0
BRDA:164,9,1,1
BRDA:166,9,2,0
BRDA:184,10,0,0
BRDA:192,10,1,4
BRDA:193,10,2,4
BRDA:194,10,3,3
BRDA:194,10,4,3
BRDA:202,10,5,0
BRDA:257,14,0,0
BRDA:259,14,1,3
BRDA:266,15,0,2
BRDA:266,15,1,2
BRDA:309,18,0,1
BRDA:343,20,0,0
BRDA:396,23,0,2
BRDA:407,23,1,1
BRDA:418,23,2,1
BRDA:429,23,3,1
BRDA:440,23,4,1
BRDA:451,23,5,0
BRDA:472,25,0,1
BRDA:474,25,1,7
BRDA:474,25,2,5
BRDA:476,25,3,2
BRDA:600,30,0,0
BRDA:639,31,0,5
BRDA:707,36,0,5
BRDA:709,36,1,1
BRDA:712,36,2,5
BRDA:719,36,3,4
BRDA:721,36,4,1
BRDA:724,36,5,4
BRDA:730,36,6,3
BRDA:732,36,7,1
BRDA:735,36,8,3
BRDA:738,36,9,2
BRDA:742,36,10,1
BRF:45
BRH:32
DA:6,2
DA:7,2
DA:9,2
DA:12,2
DA:13,2
DA:15,2
DA:16,2
DA:17,2
DA:18,2
DA:19,2
DA:20,2
DA:21,2
DA:23,2
DA:24,2
DA:25,2
DA:27,2
DA:30,2
DA:34,2
DA:35,8
DA:36,0
DA:37,0
DA:38,0
DA:40,0
DA:41,8
DA:42,8
DA:47,2
DA:48,4
DA:49,0
DA:50,0
DA:51,0
DA:53,0
DA:54,4
DA:55,4
DA:60,2
DA:61,10
DA:62,4
DA:63,4
DA:64,0
DA:65,0
DA:66,0
DA:68,0
DA:69,4
DA:70,4
DA:75,2
DA:76,3
DA:77,0
DA:78,0
DA:79,0
DA:81,0
DA:82,3
DA:83,3
DA:88,2
DA:89,18
DA:90,8
DA:91,8
DA:92,0
DA:93,0
DA:94,0
DA:96,0
DA:97,8
DA:98,8
DA:104,2
DA:105,2
DA:106,2
DA:107,2
DA:108,2
DA:111,3
DA:112,3
DA:117,2
DA:118,2
DA:119,12
DA:120,5
DA:121,5
DA:122,5
DA:123,5
DA:125,5
DA:126,6
DA:127,8
DA:128,8
DA:129,6
DA:130,5
DA:131,5
DA:132,2
DA:135,2
DA:136,2
DA:141,2
DA:142,4
DA:143,4
DA:144,4
DA:145,4
DA:146,4
DA:148,0
DA:150,0
DA:151,0
DA:152,0
DA:153,0
DA:154,0
DA:155,0
DA:156,0
DA:157,0
DA:159,4
DA:160,4
DA:161,4
DA:162,4
DA:164,4
DA:165,5
DA:166,5
DA:167,0
DA:168,0
DA:173,2
DA:174,2
DA:175,2
DA:176,2
DA:177,2
DA:178,7
DA:179,7
DA:180,7
DA:181,7
DA:182,7
DA:184,0
DA:186,0
DA:187,0
DA:188,0
DA:189,0
DA:190,0
DA:192,7
DA:193,7
DA:194,11
DA:195,14
DA:196,14
DA:197,14
DA:198,14
DA:200,14
DA:201,11
DA:202,11
DA:203,0
DA:204,0
DA:209,2
DA:210,2
DA:211,2
DA:212,2
DA:213,2
DA:214,3
DA:215,3
DA:216,3
DA:217,3
DA:218,3
DA:220,3
DA:221,3
DA:226,2
DA:227,2
DA:228,2
DA:229,2
DA:230,2
DA:231,3
DA:232,3
DA:233,3
DA:234,3
DA:235,3
DA:237,3
DA:238,3
DA:239,2
DA:242,2
DA:243,2
DA:244,6
DA:245,6
DA:246,2
DA:248,2
DA:249,2
DA:250,2
DA:254,2
DA:255,2
DA:256,6
DA:257,0
DA:258,6
DA:259,6
DA:260,6
DA:262,2
DA:263,2
DA:264,2
DA:265,2
DA:266,6
DA:267,32
DA:268,8
DA:270,8
DA:271,8
DA:272,8
DA:273,8
DA:274,8
DA:275,8
DA:276,8
DA:277,8
DA:278,6
DA:281,2
DA:282,3
DA:283,3
DA:284,3
DA:285,3
DA:286,3
DA:287,3
DA:289,2
DA:290,3
DA:291,3
DA:292,3
DA:293,3
DA:294,2
DA:297,2
DA:301,2
DA:302,2
DA:303,10
DA:304,4
DA:305,4
DA:306,4
DA:307,4
DA:308,4
DA:309,4
DA:310,4
DA:311,4
DA:312,4
DA:317,2
DA:318,17
DA:319,3
DA:320,3
DA:321,3
DA:322,3
DA:323,3
DA:324,3
DA:325,3
DA:326,3
DA:328,3
DA:329,3
DA:330,3
DA:331,3
DA:333,3
DA:334,3
DA:339,2
DA:340,2
DA:341,2
DA:342,2
DA:343,0
DA:344,3
DA:345,3
DA:346,3
DA:347,3
DA:348,0
DA:349,3
DA:350,3
DA:351,3
DA:352,3
DA:357,2
DA:358,16
DA:359,7
DA:360,7
DA:361,7
DA:362,7
DA:363,7
DA:364,7
DA:365,7
DA:366,7
DA:367,2
DA:382,2
DA:386,2
DA:387,2
DA:388,2
DA:389,8
DA:390,8
DA:391,8
DA:392,16
DA:393,8
DA:395,8
DA:396,8
DA:397,10
DA:398,10
DA:399,10
DA:400,10
DA:401,10
DA:402,10
DA:403,10
DA:404,40
DA:405,10
DA:407,8
DA:408,9
DA:409,9
DA:410,9
DA:411,9
DA:412,9
DA:413,9
DA:414,9
DA:415,36
DA:416,9
DA:418,8
DA:419,9
DA:420,9
DA:421,9
DA:422,9
DA:423,9
DA:424,9
DA:425,9
DA:426,36
DA:427,9
DA:429,8
DA:430,9
DA:431,9
DA:432,9
DA:433,9
DA:434,9
DA:435,9
DA:436,9
DA:437,36
DA:438,9
DA:440,8
DA:441,9
DA:442,9
DA:443,9
DA:444,9
DA:445,9
DA:446,9
DA:447,9
DA:448,36
DA:449,9
DA:451,0
DA:452,0
DA:453,0
DA:454,0
DA:455,0
DA:456,0
DA:457,0
DA:458,0
DA:459,0
DA:460,0
DA:461,8
DA:462,8
DA:467,2
DA:468,2
DA:469,2
DA:470,3
DA:471,3
DA:472,11
DA:473,12
DA:474,11
DA:475,23
DA:476,18
DA:477,20
DA:478,20
DA:479,3
DA:481,3
DA:482,3
DA:485,3
DA:486,3
DA:487,3
DA:489,3
DA:493,3
DA:496,3
DA:509,3
DA:512,3
DA:514,3
DA:515,3
DA:520,2
DA:521,3
DA:522,3
DA:523,3
DA:524,3
DA:525,3
DA:526,18
DA:527,3
DA:528,3
DA:529,3
DA:530,3
DA:531,3
DA:532,3
DA:533,3
DA:534,3
DA:535,3
DA:536,3
DA:537,3
DA:539,3
DA:540,9
DA:541,9
DA:542,3
DA:543,3
DA:544,12
DA:545,3
DA:546,3
DA:547,3
DA:548,9
DA:549,3
DA:550,9
DA:551,9
DA:552,3
DA:553,15
DA:554,3
DA:555,3
DA:560,2
DA:561,3
DA:562,3
DA:563,3
DA:564,3
DA:565,3
DA:566,3
DA:567,3
DA:568,3
DA:569,3
DA:570,3
DA:571,3
DA:572,3
DA:573,3
DA:574,3
DA:575,3
DA:576,3
DA:577,3
DA:578,3
DA:579,3
DA:580,3
DA:581,3
DA:582,2
DA:585,2
DA:586,2
DA:591,2
DA:592,2
DA:593,2
DA:594,2
DA:595,8
DA:596,8
DA:597,8
DA:598,8
DA:600,0
DA:601,0
DA:602,0
DA:603,0
DA:604,0
DA:605,0
DA:606,0
DA:607,0
DA:608,0
DA:610,0
DA:611,8
DA:612,8
DA:614,32
DA:615,8
DA:620,2
DA:621,2
DA:622,2
DA:623,2
DA:631,2
DA:632,3
DA:633,3
DA:635,3
DA:636,3
DA:639,3
DA:640,8
DA:641,8
DA:642,8
DA:643,8
DA:645,3
DA:646,3
DA:647,3
DA:648,3
DA:649,3
DA:651,3
DA:652,3
DA:653,3
DA:654,3
DA:655,3
DA:656,3
DA:658,3
DA:659,3
DA:660,3
DA:661,3
DA:662,3
DA:663,3
DA:664,3
DA:665,3
DA:666,3
DA:671,2
DA:672,2
DA:673,2
DA:674,2
DA:675,2
DA:676,4
DA:677,4
DA:678,4
DA:679,4
DA:680,4
DA:681,4
DA:683,4
DA:684,2
DA:687,2
DA:688,2
DA:690,2
DA:691,10
DA:692,10
DA:697,2
DA:698,2
DA:699,2
DA:700,2
DA:701,2
DA:702,2
DA:704,8
DA:705,8
DA:706,8
DA:707,8
DA:708,13
DA:709,8
DA:710,9
DA:711,9
DA:712,9
DA:715,13
DA:716,13
DA:717,13
DA:718,13
DA:719,13
DA:720,12
DA:721,8
DA:722,9
DA:723,9
DA:724,9
DA:727,12
DA:728,12
DA:729,12
DA:730,12
DA:731,11
DA:732,8
DA:733,9
DA:734,9
DA:735,9
DA:738,8
DA:739,10
DA:740,10
DA:741,10
DA:742,10
DA:743,11
DA:744,11
DA:745,11
DA:746,11
DA:747,11
DA:748,10
DA:749,8
DA:754,2
DA:755,4
DA:756,4
DA:757,2
DA:760,2
DA:761,2
DA:766,2
DA:767,6
DA:768,6
DA:773,2
DA:774,6
DA:775,6
DA:776,6
DA:777,6
DA:778,6
DA:783,2
DA:784,3
DA:786,3
DA:787,4
DA:788,3
DA:790,3
DA:791,3
DA:792,2
LH:498
LF:560
end_of_record
