SF:/Users/tettuan/github/frontmatter-to-schema/cli.ts
FN:40,printUsage
FN:64,loadPromptTemplates
FN:90,main
FN:244,map
FNDA:0,printUsage
FNDA:6,loadPromptTemplates
FNDA:6,main
FNDA:41,map
FNF:4
FNH:3
BRDA:75,2,0,0
BRDA:104,3,0,0
BRDA:115,3,1,0
BRDA:123,3,2,0
BRDA:126,3,3,0
BRDA:140,3,4,0
BRDA:186,3,5,0
BRDA:198,3,6,0
BRDA:202,3,7,5
BRDA:203,3,8,1
BRDA:204,3,9,5
BRDA:213,3,10,0
BRDA:231,3,11,0
BRDA:274,3,12,0
BRDA:281,3,13,0
BRDA:285,3,14,0
BRDA:289,3,15,0
BRDA:302,3,16,0
BRDA:305,3,17,0
BRDA:320,3,18,0
BRDA:362,3,19,0
BRDA:384,3,20,0
BRDA:93,4,0,18
BRDA:93,4,1,18
BRDA:96,4,2,6
BRDA:250,5,0,0
BRF:26
BRH:6
DA:16,12
DA:17,12
DA:18,12
DA:19,12
DA:20,12
DA:21,12
DA:22,12
DA:24,12
DA:25,12
DA:26,12
DA:27,12
DA:28,12
DA:29,12
DA:30,12
DA:31,12
DA:32,12
DA:33,12
DA:34,12
DA:38,12
DA:40,0
DA:41,0
DA:61,0
DA:62,0
DA:64,18
DA:67,18
DA:68,18
DA:69,18
DA:71,18
DA:72,18
DA:74,72
DA:75,0
DA:76,0
DA:77,0
DA:78,0
DA:81,0
DA:82,0
DA:85,0
DA:86,0
DA:87,0
DA:88,18
DA:90,18
DA:92,18
DA:93,42
DA:94,60
DA:95,240
DA:96,60
DA:97,48
DA:98,18
DA:101,18
DA:102,18
DA:103,18
DA:104,0
DA:105,0
DA:106,0
DA:107,0
DA:109,18
DA:110,90
DA:111,72
DA:112,18
DA:113,18
DA:115,0
DA:116,0
DA:117,0
DA:118,0
DA:120,18
DA:121,18
DA:122,18
DA:123,0
DA:124,18
DA:126,0
DA:127,0
DA:128,0
DA:129,0
DA:130,0
DA:132,18
DA:133,18
DA:134,18
DA:135,18
DA:136,18
DA:137,18
DA:140,18
DA:141,0
DA:142,0
DA:143,0
DA:144,0
DA:145,0
DA:146,0
DA:147,0
DA:148,0
DA:149,0
DA:150,0
DA:151,0
DA:152,0
DA:154,0
DA:155,0
DA:156,0
DA:157,0
DA:158,0
DA:159,0
DA:160,0
DA:161,0
DA:162,0
DA:163,0
DA:164,0
DA:166,0
DA:167,0
DA:168,0
DA:169,0
DA:170,0
DA:171,0
DA:172,0
DA:173,0
DA:174,0
DA:175,0
DA:176,0
DA:178,0
DA:179,0
DA:184,0
DA:185,0
DA:186,0
DA:187,0
DA:189,18
DA:190,18
DA:194,18
DA:195,18
DA:196,18
DA:197,18
DA:198,18
DA:199,0
DA:200,0
DA:201,18
DA:202,18
DA:203,18
DA:204,18
DA:205,18
DA:206,18
DA:207,18
DA:208,18
DA:210,18
DA:211,18
DA:212,18
DA:213,18
DA:214,0
DA:215,0
DA:216,0
DA:217,0
DA:218,0
DA:219,0
DA:220,0
DA:221,0
DA:222,0
DA:223,0
DA:224,0
DA:225,0
DA:226,0
DA:227,0
DA:228,0
DA:231,18
DA:232,0
DA:233,0
DA:234,0
DA:235,18
DA:236,18
DA:237,18
DA:240,18
DA:241,18
DA:243,18
DA:244,18
DA:245,59
DA:247,59
DA:248,59
DA:249,236
DA:250,0
DA:251,0
DA:252,0
DA:253,0
DA:254,0
DA:255,0
DA:256,0
DA:257,0
DA:258,0
DA:259,0
DA:260,0
DA:261,0
DA:262,0
DA:263,0
DA:264,0
DA:265,0
DA:266,0
DA:267,0
DA:269,0
DA:270,0
DA:271,0
DA:272,18
DA:273,18
DA:274,18
DA:275,0
DA:276,0
DA:277,0
DA:278,0
DA:281,18
DA:282,0
DA:283,0
DA:284,0
DA:285,18
DA:286,0
DA:287,0
DA:289,18
DA:290,0
DA:291,0
DA:293,0
DA:294,0
DA:295,0
DA:296,18
DA:297,18
DA:298,54
DA:299,0
DA:300,0
DA:302,0
DA:305,18
DA:306,0
DA:307,0
DA:308,0
DA:309,0
DA:310,0
DA:311,0
DA:312,0
DA:313,0
DA:314,0
DA:315,0
DA:316,0
DA:320,18
DA:321,0
DA:322,0
DA:323,0
DA:324,0
DA:325,0
DA:326,0
DA:327,0
DA:328,0
DA:329,0
DA:330,0
DA:331,0
DA:333,0
DA:334,0
DA:336,0
DA:337,18
DA:338,18
DA:339,18
DA:340,18
DA:341,18
DA:342,18
DA:343,18
DA:344,18
DA:345,18
DA:346,18
DA:348,18
DA:349,18
DA:353,18
DA:354,18
DA:355,18
DA:357,18
DA:358,18
DA:359,18
DA:360,18
DA:361,18
DA:362,18
DA:363,0
DA:366,0
DA:367,0
DA:368,0
DA:369,0
DA:370,0
DA:371,0
DA:372,0
DA:373,0
DA:374,0
DA:377,0
DA:378,0
DA:379,0
DA:380,0
DA:382,0
DA:383,0
DA:384,0
DA:385,0
DA:386,0
DA:387,0
DA:388,0
DA:390,0
DA:391,12
DA:392,12
LH:119
LF:291
end_of_record
SF:/Users/tettuan/github/frontmatter-to-schema/src/application/services/RegistryAggregator.ts
FN:8,<instance_members_initializer>
FN:11,addAnalysisResult
FN:40,build
FN:52,sortCommands
FNDA:12,<instance_members_initializer>
FNDA:16,addAnalysisResult
FNDA:12,build
FNDA:12,sortCommands
FNF:4
FNH:4
BRDA:16,2,0,9
BRDA:18,2,1,9
BRDA:20,2,2,7
BRDA:26,2,3,0
BRDA:54,6,0,7
BRDA:54,6,1,3
BRDA:55,6,2,0
BRF:7
BRH:5
DA:1,2
DA:2,2
DA:5,2
DA:7,2
DA:8,2
DA:9,2
DA:11,2
DA:12,18
DA:15,18
DA:16,18
DA:17,18
DA:18,18
DA:19,27
DA:20,18
DA:21,18
DA:22,18
DA:23,18
DA:24,18
DA:25,25
DA:26,0
DA:27,0
DA:28,0
DA:29,0
DA:31,18
DA:32,18
DA:34,18
DA:35,36
DA:36,18
DA:37,18
DA:38,18
DA:40,2
DA:41,14
DA:42,14
DA:43,14
DA:44,14
DA:45,14
DA:46,14
DA:47,14
DA:48,14
DA:49,14
DA:50,14
DA:52,2
DA:53,14
DA:54,24
DA:55,27
DA:56,0
DA:57,0
DA:58,14
DA:59,2
LH:43
LF:49
end_of_record
SF:/Users/tettuan/github/frontmatter-to-schema/src/application/use-cases/BuildRegistryUseCase.ts
FN:11,<instance_members_initializer>
FN:12,BuildRegistryUseCase
FN:19,execute
FNDA:13,<instance_members_initializer>
FNDA:13,BuildRegistryUseCase
FNDA:11,execute
FNF:3
FNH:3
BRDA:26,3,0,10
BRDA:31,3,1,14
BRDA:35,3,2,1
BRDA:40,3,3,13
BRDA:45,3,4,13
BRDA:47,3,5,0
BRDA:49,3,6,13
BRDA:54,3,7,12
BRDA:58,3,8,12
BRDA:60,3,9,10
BRDA:60,3,10,10
BRDA:65,3,11,9
BRDA:71,3,12,1
BRDA:76,3,13,2
BRDA:78,3,14,0
BRDA:83,3,15,0
BRDA:91,3,16,1
BRDA:94,3,17,0
BRDA:97,3,18,10
BRDA:100,3,19,9
BRF:20
BRH:16
DA:6,1
DA:7,1
DA:8,1
DA:11,1
DA:12,1
DA:13,15
DA:14,15
DA:15,15
DA:16,15
DA:17,15
DA:19,1
DA:20,1
DA:21,1
DA:22,1
DA:23,12
DA:24,12
DA:26,12
DA:27,66
DA:29,22
DA:31,12
DA:32,78
DA:34,26
DA:35,26
DA:36,27
DA:37,27
DA:38,27
DA:39,27
DA:40,27
DA:42,39
DA:44,0
DA:45,0
DA:46,0
DA:47,0
DA:48,0
DA:49,0
DA:52,39
DA:53,39
DA:54,39
DA:58,26
DA:60,38
DA:61,48
DA:65,48
DA:66,57
DA:67,57
DA:68,57
DA:69,57
DA:70,57
DA:71,48
DA:72,49
DA:73,49
DA:74,49
DA:75,49
DA:76,0
DA:77,0
DA:78,0
DA:79,0
DA:80,0
DA:81,40
DA:82,0
DA:83,0
DA:84,0
DA:85,40
DA:86,40
DA:87,40
DA:88,40
DA:89,40
DA:90,38
DA:91,26
DA:92,27
DA:93,27
DA:94,0
DA:95,27
DA:96,27
DA:97,26
DA:99,22
DA:100,22
DA:102,21
DA:103,21
DA:104,21
DA:105,21
DA:106,21
DA:108,21
DA:109,12
DA:110,1
LH:69
LF:84
end_of_record
SF:/Users/tettuan/github/frontmatter-to-schema/src/application/use-cases/process-documents.ts
FN:40,<instance_members_initializer>
FN:41,ProcessDocumentsUseCase
FN:52,execute
FN:487,processDocument
FNDA:24,<instance_members_initializer>
FNDA:24,ProcessDocumentsUseCase
FNDA:24,execute
FNDA:64,processDocument
FNF:4
FNH:4
BRDA:60,3,0,1
BRDA:72,3,1,1
BRDA:81,3,2,1
BRDA:90,3,3,2
BRDA:91,3,4,0
BRDA:103,3,5,1
BRDA:107,3,6,0
BRDA:121,3,7,22
BRDA:125,3,8,1
BRDA:132,3,9,22
BRDA:134,3,10,1
BRDA:142,3,11,22
BRDA:143,3,12,1
BRDA:144,3,13,0
BRDA:158,3,14,0
BRDA:175,3,15,21
BRDA:179,3,16,1
BRDA:186,3,17,21
BRDA:190,3,18,1
BRDA:198,3,19,23
BRDA:198,3,20,21
BRDA:199,3,21,20
BRDA:200,3,22,1
BRDA:209,3,23,21
BRDA:210,3,24,1
BRDA:211,3,25,0
BRDA:225,3,26,0
BRDA:242,3,27,20
BRDA:246,3,28,2
BRDA:247,3,29,0
BRDA:264,3,30,23
BRDA:264,3,31,18
BRDA:268,3,32,0
BRDA:276,3,33,18
BRDA:283,3,34,1
BRDA:289,3,35,0
BRDA:291,3,36,18
BRDA:301,3,37,7
BRDA:303,3,38,0
BRDA:346,3,39,0
BRDA:357,3,40,0
BRDA:364,3,41,46
BRDA:367,3,42,0
BRDA:378,3,43,11
BRDA:380,3,44,18
BRDA:392,3,45,13
BRDA:397,3,46,5
BRDA:407,3,47,2
BRDA:418,3,48,18
BRDA:421,3,49,3
BRDA:438,3,50,18
BRDA:448,3,51,1
BRDA:457,3,52,17
BRDA:465,3,53,1
BRDA:474,3,54,16
BRDA:319,5,0,0
BRDA:336,6,0,0
BRDA:495,8,0,1
BRDA:503,8,1,1
BRDA:510,8,2,4
BRDA:511,8,3,0
BRDA:518,8,4,60
BRDA:520,8,5,1
BRDA:521,8,6,0
BRDA:535,8,7,59
BRDA:539,8,8,1
BRDA:544,8,9,59
BRDA:547,8,10,1
BRDA:552,8,11,59
BRDA:557,8,12,1
BRDA:565,8,13,59
BRDA:566,8,14,0
BRDA:577,8,15,59
BRDA:578,8,16,1
BRDA:583,8,17,59
BRDA:586,8,18,1
BRDA:591,8,19,59
BRDA:597,8,20,0
BRDA:605,8,21,59
BRDA:607,8,22,1
BRDA:612,8,23,59
BRDA:621,8,24,1
BRDA:628,8,25,59
BRF:83
BRH:64
DA:3,14
DA:4,14
DA:7,14
DA:8,14
DA:9,14
DA:10,14
DA:14,14
DA:15,14
DA:16,14
DA:40,14
DA:41,14
DA:42,52
DA:43,52
DA:44,52
DA:45,52
DA:46,52
DA:47,52
DA:48,52
DA:49,52
DA:50,52
DA:52,14
DA:53,14
DA:56,14
DA:57,38
DA:58,38
DA:60,38
DA:61,39
DA:62,39
DA:64,39
DA:65,39
DA:66,39
DA:67,39
DA:68,39
DA:69,39
DA:72,38
DA:73,39
DA:74,39
DA:76,39
DA:77,39
DA:78,39
DA:79,39
DA:80,38
DA:81,38
DA:82,39
DA:83,39
DA:85,39
DA:86,39
DA:87,39
DA:88,39
DA:89,39
DA:90,38
DA:91,0
DA:92,0
DA:93,0
DA:95,0
DA:96,0
DA:97,0
DA:98,0
DA:99,0
DA:100,0
DA:102,40
DA:103,40
DA:104,41
DA:105,0
DA:106,0
DA:107,0
DA:108,0
DA:109,0
DA:110,41
DA:111,41
DA:113,40
DA:114,40
DA:115,40
DA:116,40
DA:117,40
DA:118,40
DA:119,40
DA:120,40
DA:121,40
DA:122,60
DA:125,38
DA:126,39
DA:127,39
DA:129,39
DA:130,39
DA:131,39
DA:132,39
DA:133,60
DA:134,38
DA:135,39
DA:136,39
DA:138,39
DA:139,39
DA:140,39
DA:141,39
DA:142,39
DA:143,38
DA:144,0
DA:145,0
DA:146,0
DA:148,0
DA:149,0
DA:150,0
DA:151,0
DA:152,0
DA:153,0
DA:155,39
DA:156,39
DA:157,39
DA:158,0
DA:159,0
DA:160,0
DA:161,0
DA:162,0
DA:163,0
DA:164,0
DA:165,0
DA:167,39
DA:168,39
DA:169,39
DA:170,39
DA:171,39
DA:172,39
DA:173,39
DA:174,39
DA:175,39
DA:176,59
DA:179,38
DA:180,39
DA:181,39
DA:183,39
DA:184,39
DA:185,39
DA:186,39
DA:187,59
DA:188,59
DA:190,38
DA:191,39
DA:192,39
DA:194,39
DA:195,39
DA:196,39
DA:197,39
DA:198,39
DA:199,61
DA:200,81
DA:201,82
DA:202,82
DA:204,82
DA:205,82
DA:206,82
DA:207,82
DA:208,82
DA:209,81
DA:210,38
DA:211,0
DA:212,0
DA:213,0
DA:215,0
DA:216,0
DA:217,0
DA:218,0
DA:219,0
DA:220,0
DA:222,39
DA:223,39
DA:224,39
DA:225,0
DA:226,0
DA:227,0
DA:228,0
DA:229,0
DA:230,0
DA:231,0
DA:232,0
DA:234,39
DA:235,39
DA:236,39
DA:237,39
DA:238,39
DA:239,39
DA:240,39
DA:241,39
DA:242,39
DA:243,58
DA:246,38
DA:247,0
DA:248,0
DA:249,0
DA:251,0
DA:252,0
DA:254,0
DA:255,40
DA:256,40
DA:257,40
DA:258,40
DA:259,40
DA:260,40
DA:261,40
DA:262,40
DA:263,40
DA:264,40
DA:267,79
DA:268,0
DA:269,0
DA:270,0
DA:271,0
DA:272,0
DA:273,0
DA:274,0
DA:275,0
DA:276,0
DA:277,79
DA:280,79
DA:281,79
DA:283,61
DA:284,62
DA:285,62
DA:287,62
DA:288,62
DA:289,0
DA:290,62
DA:291,62
DA:294,79
DA:295,79
DA:296,79
DA:297,79
DA:298,79
DA:299,79
DA:301,61
DA:303,0
DA:304,0
DA:305,0
DA:307,0
DA:308,0
DA:309,0
DA:310,0
DA:312,68
DA:313,114
DA:314,114
DA:315,114
DA:317,342
DA:319,0
DA:320,0
DA:321,0
DA:323,0
DA:324,0
DA:325,0
DA:326,0
DA:327,114
DA:328,114
DA:329,160
DA:330,160
DA:332,160
DA:333,160
DA:334,160
DA:335,160
DA:336,0
DA:337,0
DA:338,0
DA:339,0
DA:340,0
DA:341,0
DA:342,640
DA:343,114
DA:344,68
DA:346,0
DA:347,0
DA:348,0
DA:350,0
DA:351,0
DA:352,0
DA:353,0
DA:355,68
DA:357,0
DA:358,0
DA:359,0
DA:361,0
DA:362,0
DA:364,68
DA:365,114
DA:366,114
DA:367,0
DA:368,0
DA:369,0
DA:370,0
DA:371,0
DA:373,0
DA:374,0
DA:375,0
DA:376,0
DA:377,114
DA:378,61
DA:380,72
DA:381,90
DA:382,90
DA:383,90
DA:385,270
DA:387,90
DA:389,90
DA:390,90
DA:392,90
DA:393,103
DA:394,103
DA:395,103
DA:396,103
DA:397,90
DA:398,95
DA:399,95
DA:400,95
DA:401,95
DA:402,95
DA:403,95
DA:404,95
DA:405,95
DA:407,95
DA:408,97
DA:409,97
DA:411,97
DA:412,97
DA:413,97
DA:414,97
DA:415,97
DA:416,95
DA:417,90
DA:418,72
DA:421,61
DA:422,64
DA:423,64
DA:425,64
DA:426,64
DA:427,64
DA:428,64
DA:430,64
DA:431,64
DA:432,64
DA:433,67
DA:434,67
DA:435,64
DA:436,64
DA:437,64
DA:438,64
DA:441,79
DA:442,79
DA:444,79
DA:445,79
DA:446,79
DA:447,79
DA:448,61
DA:449,62
DA:450,62
DA:451,62
DA:452,62
DA:453,62
DA:454,62
DA:455,62
DA:456,62
DA:457,62
DA:458,78
DA:461,78
DA:462,78
DA:463,78
DA:465,61
DA:466,62
DA:467,62
DA:468,62
DA:469,62
DA:470,62
DA:471,62
DA:472,62
DA:473,62
DA:474,62
DA:476,77
DA:477,77
DA:478,77
DA:479,77
DA:480,77
DA:481,77
DA:482,77
DA:483,77
DA:484,77
DA:485,38
DA:487,14
DA:488,14
DA:489,14
DA:490,14
DA:491,14
DA:492,78
DA:493,78
DA:495,78
DA:496,79
DA:497,79
DA:499,237
DA:500,79
DA:503,78
DA:504,79
DA:505,79
DA:507,237
DA:508,79
DA:509,78
DA:510,78
DA:511,0
DA:512,0
DA:513,0
DA:515,0
DA:516,0
DA:517,82
DA:518,82
DA:520,78
DA:521,0
DA:522,0
DA:523,0
DA:525,0
DA:526,0
DA:527,79
DA:528,79
DA:529,79
DA:530,79
DA:531,79
DA:532,79
DA:533,79
DA:534,79
DA:535,79
DA:537,137
DA:539,78
DA:540,79
DA:541,79
DA:543,237
DA:544,79
DA:547,78
DA:548,79
DA:549,79
DA:551,237
DA:552,79
DA:553,137
DA:554,137
DA:555,137
DA:557,78
DA:558,79
DA:559,79
DA:561,79
DA:562,79
DA:563,79
DA:564,79
DA:565,79
DA:566,0
DA:567,0
DA:568,0
DA:569,0
DA:571,0
DA:572,0
DA:573,0
DA:574,0
DA:575,0
DA:576,0
DA:577,0
DA:578,78
DA:579,79
DA:580,79
DA:582,237
DA:583,79
DA:586,78
DA:587,79
DA:588,79
DA:590,237
DA:591,79
DA:592,137
DA:593,137
DA:594,137
DA:595,137
DA:597,0
DA:598,0
DA:599,0
DA:600,0
DA:602,0
DA:603,0
DA:604,0
DA:605,0
DA:607,78
DA:608,79
DA:609,79
DA:611,237
DA:612,79
DA:615,137
DA:616,137
DA:617,137
DA:618,137
DA:621,78
DA:622,79
DA:623,79
DA:625,79
DA:626,79
DA:627,79
DA:628,79
DA:630,548
DA:631,78
DA:632,14
LH:363
LF:497
end_of_record
SF:/Users/tettuan/github/frontmatter-to-schema/src/domain/analysis/schema-driven.ts
FN:21,<instance_members_initializer>
FN:23,GenericSchemaAnalyzer
FN:28,analyze
FN:47,prepareAnalysisPrompt
FN:62,serializeData
FN:72,transformResult
FN:82,isValidResult
FN:91,<instance_members_initializer>
FN:93,SchemaGuidedTemplateMapper
FN:98,map
FN:114,prepareMappingPrompt
FN:131,validateAndTransform
FN:147,ensureTemplateStructure
FN:162,<instance_members_initializer>
FN:163,SchemaAnalysisProcessor
FN:170,process
FN:205,processMany
FN:232,createAnalyzer
FN:242,createMapper
FN:252,createProcessor
FNDA:9,<instance_members_initializer>
FNDA:9,GenericSchemaAnalyzer
FNDA:29,analyze
FNDA:29,prepareAnalysisPrompt
FNDA:29,serializeData
FNDA:26,transformResult
FNDA:26,isValidResult
FNDA:8,<instance_members_initializer>
FNDA:8,SchemaGuidedTemplateMapper
FNDA:22,map
FNDA:22,prepareMappingPrompt
FNDA:22,validateAndTransform
FNDA:21,ensureTemplateStructure
FNDA:5,<instance_members_initializer>
FNDA:5,SchemaAnalysisProcessor
FNDA:17,process
FNDA:3,processMany
FNDA:5,createAnalyzer
FNDA:5,createMapper
FNDA:4,createProcessor
FNF:20
FNH:20
BRDA:41,3,0,26
BRDA:58,4,0,25
BRDA:59,4,1,18
BRDA:63,5,0,1
BRDA:65,5,1,28
BRDA:66,5,2,23
BRDA:66,5,3,21
BRDA:68,5,4,7
BRDA:74,6,0,25
BRDA:76,6,1,1
BRDA:84,7,0,25
BRDA:108,10,0,17
BRDA:108,10,1,5
BRDA:121,11,0,17
BRDA:122,11,1,5
BRDA:137,12,0,4
BRDA:140,12,1,18
BRDA:142,12,2,1
BRDA:150,13,0,20
BRDA:150,13,1,20
BRDA:151,13,2,20
BRDA:152,13,3,20
BRDA:154,13,4,1
BRDA:179,16,0,15
BRDA:195,16,1,2
BRDA:200,16,2,0
BRDA:211,17,0,8
BRF:27
BRH:26
DA:16,6
DA:21,6
DA:23,6
DA:24,21
DA:25,21
DA:26,21
DA:28,6
DA:29,6
DA:30,6
DA:31,6
DA:32,6
DA:34,35
DA:37,35
DA:38,35
DA:39,35
DA:40,35
DA:41,35
DA:44,61
DA:45,35
DA:47,6
DA:48,6
DA:49,6
DA:50,6
DA:51,6
DA:52,35
DA:53,35
DA:55,35
DA:56,35
DA:57,35
DA:58,35
DA:59,35
DA:60,35
DA:62,6
DA:63,35
DA:64,36
DA:65,36
DA:66,35
DA:67,56
DA:68,56
DA:69,42
DA:70,35
DA:72,6
DA:74,32
DA:75,57
DA:76,57
DA:77,33
DA:78,33
DA:80,32
DA:82,6
DA:84,32
DA:85,32
DA:86,6
DA:91,6
DA:93,6
DA:94,20
DA:95,20
DA:96,20
DA:98,6
DA:99,6
DA:100,6
DA:101,6
DA:102,6
DA:103,28
DA:105,28
DA:106,28
DA:107,28
DA:108,28
DA:109,28
DA:111,28
DA:112,28
DA:114,6
DA:115,6
DA:116,6
DA:117,6
DA:118,6
DA:119,28
DA:120,28
DA:121,28
DA:122,28
DA:123,28
DA:125,28
DA:126,28
DA:127,28
DA:128,28
DA:129,28
DA:131,6
DA:132,6
DA:133,6
DA:134,6
DA:136,28
DA:137,28
DA:138,32
DA:139,32
DA:140,32
DA:141,46
DA:142,28
DA:143,29
DA:144,29
DA:145,28
DA:147,6
DA:149,27
DA:150,27
DA:151,27
DA:152,27
DA:153,188
DA:154,47
DA:155,28
DA:156,27
DA:157,6
DA:162,6
DA:163,6
DA:164,17
DA:165,17
DA:166,17
DA:167,17
DA:168,17
DA:170,6
DA:171,6
DA:172,6
DA:173,6
DA:174,23
DA:176,23
DA:177,23
DA:178,23
DA:179,23
DA:183,38
DA:184,38
DA:185,38
DA:186,38
DA:189,38
DA:190,38
DA:191,38
DA:192,38
DA:193,38
DA:194,38
DA:195,23
DA:196,25
DA:197,25
DA:198,25
DA:199,25
DA:200,25
DA:201,25
DA:202,25
DA:203,23
DA:205,6
DA:206,6
DA:207,6
DA:208,6
DA:209,9
DA:211,9
DA:212,17
DA:213,17
DA:214,17
DA:215,68
DA:216,17
DA:218,17
DA:219,17
DA:220,17
DA:222,9
DA:223,9
DA:224,6
DA:231,6
DA:232,6
DA:233,6
DA:234,6
DA:235,6
DA:236,11
DA:237,11
DA:238,11
DA:240,11
DA:242,6
DA:243,6
DA:244,6
DA:245,6
DA:246,11
DA:247,11
DA:248,11
DA:250,11
DA:252,6
DA:253,6
DA:254,6
DA:255,6
DA:256,6
DA:257,6
DA:258,10
DA:259,10
DA:260,10
DA:262,10
DA:263,10
DA:264,10
DA:267,10
DA:268,10
DA:269,6
LH:193
LF:193
end_of_record
SF:/Users/tettuan/github/frontmatter-to-schema/src/domain/analyzers/typescript-analyzer.ts
FN:25,<instance_members_initializer>
FN:26,TypeScriptAnalyzer
FN:35,analyze
FN:133,transformToRegistry
FN:161,extractVersion
FN:177,extractDescription
FN:192,extractToolName
FN:243,createCommands
FN:283,createTypeScriptAnalyzer
FNDA:0,<instance_members_initializer>
FNDA:0,TypeScriptAnalyzer
FNDA:0,analyze
FNDA:0,transformToRegistry
FNDA:0,extractVersion
FNDA:0,extractDescription
FNDA:0,extractToolName
FNDA:0,createCommands
FNDA:0,createTypeScriptAnalyzer
FNF:9
FNH:0
BRF:0
BRH:0
DA:7,12
DA:8,12
DA:9,12
DA:12,12
DA:14,12
DA:15,12
DA:16,12
DA:17,12
DA:18,12
DA:19,12
DA:25,12
DA:26,0
DA:27,0
DA:28,0
DA:29,0
DA:30,0
DA:35,0
DA:36,0
DA:37,0
DA:38,0
DA:40,0
DA:42,0
DA:44,0
DA:51,0
DA:52,0
DA:53,0
DA:54,0
DA:58,0
DA:59,0
DA:60,0
DA:62,0
DA:63,0
DA:64,0
DA:65,0
DA:66,0
DA:67,0
DA:69,0
DA:70,0
DA:72,0
DA:73,0
DA:74,0
DA:75,0
DA:76,0
DA:79,0
DA:80,0
DA:81,0
DA:82,0
DA:83,0
DA:84,0
DA:85,0
DA:86,0
DA:87,0
DA:88,0
DA:89,0
DA:90,0
DA:91,0
DA:92,0
DA:94,0
DA:95,0
DA:97,0
DA:100,0
DA:103,0
DA:104,0
DA:105,0
DA:106,0
DA:107,0
DA:108,0
DA:109,0
DA:110,0
DA:111,0
DA:112,0
DA:113,0
DA:114,0
DA:115,0
DA:116,0
DA:117,0
DA:118,0
DA:119,0
DA:120,0
DA:121,0
DA:122,0
DA:123,0
DA:124,0
DA:126,0
DA:127,0
DA:128,0
DA:133,0
DA:134,0
DA:135,0
DA:138,0
DA:141,0
DA:144,0
DA:145,0
DA:148,0
DA:150,0
DA:151,0
DA:152,0
DA:153,0
DA:154,0
DA:156,0
DA:161,0
DA:162,0
DA:163,0
DA:164,0
DA:165,0
DA:166,0
DA:167,0
DA:168,0
DA:171,0
DA:172,0
DA:177,0
DA:179,0
DA:180,0
DA:181,0
DA:182,0
DA:183,0
DA:186,0
DA:187,0
DA:192,0
DA:194,0
DA:197,0
DA:198,0
DA:199,0
DA:200,0
DA:201,0
DA:202,0
DA:203,0
DA:204,0
DA:205,0
DA:206,0
DA:207,0
DA:208,0
DA:209,0
DA:210,0
DA:211,0
DA:212,0
DA:213,0
DA:216,0
DA:217,0
DA:218,0
DA:219,0
DA:220,0
DA:221,0
DA:222,0
DA:223,0
DA:224,0
DA:225,0
DA:226,0
DA:227,0
DA:228,0
DA:229,0
DA:230,0
DA:231,0
DA:232,0
DA:233,0
DA:234,0
DA:235,0
DA:237,0
DA:238,0
DA:243,0
DA:244,0
DA:245,0
DA:246,0
DA:247,0
DA:250,0
DA:251,0
DA:252,0
DA:253,0
DA:256,0
DA:257,0
DA:258,0
DA:260,0
DA:261,0
DA:263,0
DA:264,0
DA:265,0
DA:266,0
DA:267,0
DA:268,0
DA:270,0
DA:271,0
DA:272,0
DA:273,0
DA:274,0
DA:276,0
DA:277,0
DA:278,12
DA:283,0
DA:284,0
DA:285,0
DA:287,0
DA:288,0
LH:12
LF:192
end_of_record
SF:/Users/tettuan/github/frontmatter-to-schema/src/domain/analyzers/value-objects.ts
FN:13,<instance_members_initializer>
FN:14,RegistryVersion
FN:16,create
FN:30,createDefault
FN:34,getValue
FN:38,toString
FN:46,<instance_members_initializer>
FN:47,ToolConfiguration
FN:52,create
FN:91,getName
FN:95,isEnabled
FN:103,<instance_members_initializer>
FN:104,RegistryCommand
FN:111,create
FN:148,createFromPath
FN:183,toJSON
FN:192,getC1
FN:196,getC2
FN:200,getC3
FN:204,getDescription
FN:212,<instance_members_initializer>
FN:213,AnalysisContext
FN:220,create
FN:257,getDocumentPath
FN:261,getFrontMatterData
FN:265,getSchemaData
FN:269,getTemplateData
FN:277,<instance_members_initializer>
FN:278,RegistryData
FN:287,create
FN:299,toJSON
FN:310,getVersion
FN:314,getDescription
FN:318,getAvailableConfigs
FN:322,getCommands
FNDA:10,<instance_members_initializer>
FNDA:10,RegistryVersion
FNDA:14,create
FNDA:6,createDefault
FNDA:7,getValue
FNDA:2,toString
FNDA:13,<instance_members_initializer>
FNDA:13,ToolConfiguration
FNDA:24,create
FNDA:13,getName
FNDA:9,isEnabled
FNDA:10,<instance_members_initializer>
FNDA:10,RegistryCommand
FNDA:19,create
FNDA:9,createFromPath
FNDA:2,toJSON
FNDA:6,getC1
FNDA:6,getC2
FNDA:6,getC3
FNDA:2,getDescription
FNDA:6,<instance_members_initializer>
FNDA:6,AnalysisContext
FNDA:9,create
FNDA:2,getDocumentPath
FNDA:2,getFrontMatterData
FNDA:1,getSchemaData
FNDA:1,getTemplateData
FNDA:5,<instance_members_initializer>
FNDA:5,RegistryData
FNDA:5,create
FNDA:1,toJSON
FNDA:1,getVersion
FNDA:1,getDescription
FNDA:4,getAvailableConfigs
FNDA:2,getCommands
FNF:35
FNH:35
BRDA:18,3,0,10
BRDA:26,3,1,4
BRDA:55,9,0,23
BRDA:55,9,1,5
BRDA:63,9,2,19
BRDA:76,9,3,6
BRDA:86,9,4,13
BRDA:117,14,0,17
BRDA:117,14,1,16
BRDA:117,14,2,4
BRDA:125,14,3,15
BRDA:127,14,4,14
BRDA:127,14,5,5
BRDA:135,14,6,10
BRDA:158,15,0,6
BRDA:163,15,1,3
BRDA:168,15,2,5
BRDA:176,15,3,4
BRDA:165,17,0,5
BRDA:226,25,0,1
BRDA:234,25,1,8
BRDA:236,25,2,7
BRDA:236,25,3,2
BRDA:244,25,4,6
BRF:24
BRH:24
DA:7,13
DA:13,13
DA:14,59
DA:16,13
DA:17,27
DA:18,27
DA:19,37
DA:20,37
DA:21,37
DA:22,37
DA:23,37
DA:24,37
DA:25,37
DA:26,37
DA:27,124
DA:28,27
DA:30,13
DA:31,19
DA:32,19
DA:34,13
DA:35,20
DA:36,20
DA:38,13
DA:39,15
DA:40,15
DA:41,13
DA:46,13
DA:47,13
DA:48,39
DA:49,39
DA:50,39
DA:52,13
DA:53,13
DA:54,13
DA:55,37
DA:56,42
DA:57,42
DA:58,42
DA:59,42
DA:60,42
DA:61,42
DA:62,42
DA:63,42
DA:65,56
DA:66,56
DA:67,56
DA:68,56
DA:69,56
DA:70,56
DA:71,56
DA:72,56
DA:73,56
DA:74,56
DA:75,56
DA:76,37
DA:77,43
DA:78,43
DA:79,43
DA:80,43
DA:81,43
DA:82,43
DA:84,43
DA:85,43
DA:86,43
DA:88,200
DA:89,37
DA:91,13
DA:92,26
DA:93,26
DA:95,13
DA:96,22
DA:97,22
DA:98,13
DA:103,13
DA:104,13
DA:105,36
DA:106,36
DA:107,36
DA:108,36
DA:109,36
DA:111,13
DA:112,13
DA:113,13
DA:114,13
DA:115,13
DA:116,13
DA:117,32
DA:118,36
DA:119,36
DA:120,36
DA:121,36
DA:122,36
DA:123,36
DA:124,36
DA:125,36
DA:127,32
DA:128,37
DA:129,37
DA:130,37
DA:131,37
DA:132,37
DA:133,37
DA:134,37
DA:135,37
DA:137,42
DA:138,42
DA:139,42
DA:140,42
DA:141,42
DA:142,42
DA:143,42
DA:145,42
DA:146,32
DA:148,13
DA:149,13
DA:150,13
DA:151,13
DA:157,22
DA:158,22
DA:159,28
DA:160,28
DA:161,28
DA:162,28
DA:163,22
DA:165,25
DA:166,25
DA:168,22
DA:169,27
DA:170,27
DA:171,27
DA:172,27
DA:173,27
DA:174,27
DA:175,27
DA:176,27
DA:179,26
DA:180,26
DA:181,22
DA:183,13
DA:184,15
DA:185,15
DA:186,15
DA:187,15
DA:188,15
DA:189,15
DA:190,15
DA:192,13
DA:193,19
DA:194,19
DA:196,13
DA:197,19
DA:198,19
DA:200,13
DA:201,19
DA:202,19
DA:204,13
DA:205,15
DA:206,15
DA:207,13
DA:212,13
DA:213,13
DA:214,32
DA:215,32
DA:216,32
DA:217,32
DA:218,32
DA:220,13
DA:221,13
DA:222,13
DA:223,13
DA:224,13
DA:225,13
DA:226,22
DA:227,23
DA:228,23
DA:229,23
DA:230,23
DA:231,23
DA:232,23
DA:233,23
DA:234,23
DA:236,22
DA:237,24
DA:238,24
DA:239,24
DA:240,24
DA:241,24
DA:242,24
DA:243,24
DA:244,24
DA:246,28
DA:247,28
DA:248,28
DA:249,28
DA:250,28
DA:251,28
DA:252,28
DA:254,28
DA:255,22
DA:257,13
DA:258,15
DA:259,15
DA:261,13
DA:262,15
DA:263,15
DA:265,13
DA:266,14
DA:267,14
DA:269,13
DA:270,14
DA:271,14
DA:272,13
DA:277,13
DA:278,13
DA:279,31
DA:280,31
DA:281,31
DA:284,13
DA:285,31
DA:287,13
DA:288,13
DA:289,13
DA:290,13
DA:291,13
DA:292,13
DA:293,18
DA:294,54
DA:295,18
DA:296,18
DA:297,18
DA:299,13
DA:300,14
DA:301,14
DA:302,14
DA:303,14
DA:304,14
DA:305,14
DA:306,14
DA:307,14
DA:308,14
DA:310,13
DA:311,14
DA:312,14
DA:314,13
DA:315,14
DA:316,14
DA:318,13
DA:319,17
DA:320,17
DA:322,13
DA:323,15
DA:324,15
DA:325,13
LH:253
LF:253
end_of_record
SF:/Users/tettuan/github/frontmatter-to-schema/src/domain/core/TypeScriptProcessingOrchestrator.ts
FN:49,<instance_members_initializer>
FN:53,TypeScriptProcessingOrchestrator
FN:63,process
FN:238,validateRequest
FN:271,extractTemplateVariables
FN:281,expandSchema
FNDA:6,<instance_members_initializer>
FNDA:6,TypeScriptProcessingOrchestrator
FNDA:3,process
FNDA:2,validateRequest
FNDA:1,extractTemplateVariables
FNDA:1,expandSchema
FNF:6
FNH:6
BRDA:67,3,0,2
BRDA:71,3,1,0
BRDA:76,3,2,0
BRDA:83,3,3,0
BRDA:93,3,4,0
BRDA:100,3,5,0
BRDA:108,3,6,0
BRDA:118,3,7,0
BRDA:127,3,8,1
BRDA:133,3,9,1
BRDA:145,3,10,0
BRDA:156,3,11,0
BRDA:163,3,12,2
BRDA:166,3,13,0
BRDA:176,3,14,0
BRDA:192,3,15,1
BRDA:208,3,16,0
BRDA:218,3,17,0
BRDA:239,4,0,1
BRDA:239,4,1,1
BRDA:246,4,2,0
BRDA:246,4,3,1
BRDA:251,4,4,0
BRDA:255,4,5,0
BRF:24
BRH:8
DA:6,1
DA:7,1
DA:9,1
DA:10,1
DA:12,1
DA:14,1
DA:15,1
DA:16,1
DA:19,1
DA:20,1
DA:21,1
DA:24,1
DA:25,1
DA:48,1
DA:49,1
DA:50,7
DA:51,1
DA:53,1
DA:54,7
DA:55,7
DA:56,7
DA:57,7
DA:63,1
DA:64,1
DA:65,1
DA:66,4
DA:67,4
DA:68,4
DA:70,4
DA:71,0
DA:72,0
DA:73,0
DA:76,0
DA:77,0
DA:78,0
DA:80,4
DA:81,4
DA:83,0
DA:84,0
DA:85,0
DA:86,0
DA:87,0
DA:89,0
DA:90,0
DA:92,4
DA:93,0
DA:94,0
DA:95,0
DA:96,0
DA:97,0
DA:100,0
DA:101,0
DA:102,0
DA:104,4
DA:105,4
DA:106,4
DA:108,0
DA:109,0
DA:110,0
DA:111,0
DA:112,0
DA:114,0
DA:115,0
DA:117,4
DA:118,0
DA:119,0
DA:120,0
DA:121,0
DA:122,0
DA:123,0
DA:124,0
DA:127,4
DA:128,5
DA:129,5
DA:131,5
DA:133,4
DA:134,5
DA:135,5
DA:136,5
DA:137,5
DA:139,5
DA:142,4
DA:143,4
DA:145,0
DA:146,0
DA:147,0
DA:148,0
DA:149,0
DA:151,0
DA:152,0
DA:153,4
DA:156,0
DA:157,0
DA:158,0
DA:160,4
DA:161,4
DA:162,4
DA:163,4
DA:166,0
DA:167,0
DA:168,0
DA:169,0
DA:170,0
DA:172,0
DA:173,0
DA:175,4
DA:176,0
DA:177,0
DA:178,0
DA:179,0
DA:180,0
DA:181,0
DA:184,4
DA:185,4
DA:186,4
DA:187,4
DA:188,4
DA:190,4
DA:192,4
DA:193,5
DA:194,5
DA:195,5
DA:196,5
DA:198,5
DA:200,4
DA:201,4
DA:202,4
DA:203,4
DA:204,4
DA:205,4
DA:206,4
DA:208,0
DA:209,0
DA:210,0
DA:211,0
DA:212,0
DA:214,4
DA:215,4
DA:216,4
DA:217,4
DA:218,0
DA:219,0
DA:220,0
DA:221,0
DA:222,0
DA:223,0
DA:224,0
DA:226,0
DA:227,0
DA:228,0
DA:229,0
DA:231,0
DA:232,0
DA:233,4
DA:238,1
DA:239,3
DA:240,4
DA:241,4
DA:242,4
DA:243,4
DA:244,4
DA:246,0
DA:247,4
DA:248,4
DA:249,4
DA:250,4
DA:251,4
DA:253,0
DA:254,0
DA:255,0
DA:256,0
DA:257,0
DA:258,0
DA:259,0
DA:261,0
DA:262,0
DA:264,0
DA:265,0
DA:271,1
DA:272,1
DA:273,1
DA:274,2
DA:275,2
DA:281,1
DA:282,2
DA:283,2
DA:284,1
LH:99
LF:187
end_of_record
SF:/Users/tettuan/github/frontmatter-to-schema/src/domain/core/analysis-engine.ts
FN:79,<instance_members_initializer>
FN:80,GenericAnalysisEngine
FN:84,analyze
FN:153,analyze
FN:162,process
FN:219,map
FN:245,mapInternal
FN:276,transformWithTemplate
FN:371,<instance_members_initializer>
FN:372,ContextualAnalysisProcessor
FN:381,processWithContext
FN:478,<instance_members_initializer>
FN:480,execute
FN:541,<instance_members_initializer>
FN:545,SchemaMappingStrategy
FN:547,execute
FNDA:68,<instance_members_initializer>
FNDA:68,GenericAnalysisEngine
FNDA:6,analyze
FNDA:118,analyze
FNDA:3,process
FNDA:4,map
FNDA:60,mapInternal
FNDA:60,transformWithTemplate
FNDA:67,<instance_members_initializer>
FNDA:67,ContextualAnalysisProcessor
FNDA:123,processWithContext
FNDA:63,<instance_members_initializer>
FNDA:63,execute
FNDA:2,<instance_members_initializer>
FNDA:2,SchemaMappingStrategy
FNDA:2,execute
FNF:16
FNH:16
BRDA:89,3,0,2
BRDA:98,3,1,4
BRDA:116,3,2,2
BRDA:124,3,3,1
BRDA:178,7,0,0
BRDA:180,7,1,1
BRDA:189,7,2,2
BRDA:197,7,3,0
BRDA:228,8,0,1
BRDA:230,8,1,3
BRDA:233,8,2,3
BRDA:238,8,3,0
BRDA:249,9,0,0
BRDA:264,9,1,0
BRDA:289,10,0,57
BRDA:291,10,1,0
BRDA:292,10,2,0
BRDA:293,10,3,3
BRDA:295,10,4,2
BRDA:301,10,5,2
BRDA:302,10,6,2
BRDA:306,10,7,0
BRDA:323,10,8,0
BRDA:325,10,9,0
BRDA:331,10,10,0
BRDA:336,10,11,57
BRDA:339,10,12,173
BRDA:341,10,13,170
BRDA:343,10,14,2
BRDA:346,10,15,0
BRDA:351,10,16,168
BRDA:359,10,17,455
BRDA:387,13,0,59
BRDA:395,13,1,60
BRDA:396,13,2,59
BRDA:403,13,3,1
BRDA:406,13,4,0
BRDA:416,13,5,1
BRDA:422,13,6,0
BRDA:436,13,7,3
BRDA:441,13,8,0
BRDA:446,13,9,1
BRDA:454,13,10,0
BRDA:487,15,0,3
BRDA:496,15,1,61
BRDA:496,15,2,60
BRDA:501,15,3,59
BRDA:501,15,4,1
BRDA:503,15,5,0
BRDA:516,15,6,59
BRDA:521,15,7,0
BRDA:530,15,8,59
BRDA:551,18,0,1
BRF:53
BRH:35
DA:6,5
DA:8,5
DA:10,5
DA:11,5
DA:13,5
DA:15,5
DA:16,5
DA:71,5
DA:73,5
DA:79,5
DA:80,5
DA:81,78
DA:82,78
DA:84,5
DA:85,5
DA:86,5
DA:87,5
DA:89,11
DA:90,13
DA:91,13
DA:92,13
DA:93,13
DA:94,13
DA:95,13
DA:96,13
DA:97,13
DA:98,13
DA:100,15
DA:102,15
DA:103,15
DA:104,19
DA:105,19
DA:106,19
DA:108,15
DA:110,15
DA:111,15
DA:112,15
DA:113,45
DA:114,15
DA:116,60
DA:119,13
DA:120,13
DA:121,13
DA:122,13
DA:123,13
DA:124,13
DA:125,14
DA:126,14
DA:127,14
DA:128,14
DA:129,14
DA:130,14
DA:131,14
DA:132,14
DA:134,14
DA:135,14
DA:136,14
DA:137,14
DA:138,14
DA:139,14
DA:140,14
DA:141,14
DA:142,14
DA:143,11
DA:144,5
DA:150,5
DA:153,5
DA:154,5
DA:155,5
DA:156,5
DA:157,5
DA:159,123
DA:160,123
DA:162,5
DA:163,5
DA:164,5
DA:165,5
DA:167,8
DA:169,0
DA:173,0
DA:174,0
DA:178,0
DA:179,0
DA:180,8
DA:181,9
DA:182,9
DA:183,9
DA:184,9
DA:185,9
DA:186,9
DA:187,9
DA:188,9
DA:189,9
DA:191,10
DA:193,10
DA:195,10
DA:196,40
DA:197,0
DA:198,0
DA:199,0
DA:200,0
DA:201,0
DA:202,0
DA:203,0
DA:204,0
DA:205,0
DA:206,0
DA:207,8
DA:208,5
DA:214,5
DA:219,5
DA:220,5
DA:221,5
DA:222,5
DA:223,5
DA:225,9
DA:228,9
DA:229,10
DA:230,10
DA:233,9
DA:234,12
DA:235,36
DA:236,12
DA:237,12
DA:238,12
DA:241,0
DA:242,0
DA:245,5
DA:246,5
DA:247,5
DA:248,5
DA:249,0
DA:250,0
DA:251,0
DA:252,0
DA:253,0
DA:254,0
DA:255,0
DA:256,0
DA:257,0
DA:258,0
DA:260,65
DA:262,65
DA:263,260
DA:264,0
DA:265,0
DA:266,0
DA:267,0
DA:268,0
DA:269,0
DA:270,0
DA:271,0
DA:272,0
DA:273,0
DA:274,65
DA:276,5
DA:277,5
DA:278,5
DA:279,5
DA:281,65
DA:282,65
DA:284,65
DA:286,65
DA:287,65
DA:288,65
DA:289,65
DA:290,122
DA:291,0
DA:292,0
DA:293,65
DA:295,68
DA:296,68
DA:299,68
DA:300,68
DA:301,68
DA:302,68
DA:303,210
DA:304,70
DA:305,68
DA:306,0
DA:308,0
DA:309,0
DA:312,0
DA:313,0
DA:314,0
DA:315,0
DA:318,195
DA:321,65
DA:322,0
DA:323,0
DA:324,0
DA:325,0
DA:327,0
DA:328,0
DA:329,0
DA:330,65
DA:331,0
DA:332,0
DA:333,0
DA:336,65
DA:337,122
DA:338,122
DA:339,122
DA:340,295
DA:341,295
DA:343,465
DA:345,467
DA:346,0
DA:347,0
DA:348,0
DA:349,0
DA:350,0
DA:351,465
DA:352,633
DA:353,633
DA:354,465
DA:355,295
DA:356,122
DA:359,65
DA:360,520
DA:361,520
DA:363,65
DA:364,65
DA:365,5
DA:371,5
DA:372,5
DA:373,77
DA:374,77
DA:377,5
DA:378,77
DA:379,77
DA:381,5
DA:382,5
DA:383,5
DA:384,5
DA:386,128
DA:387,315
DA:388,187
DA:389,187
DA:390,187
DA:392,748
DA:393,187
DA:395,316
DA:396,188
DA:397,188
DA:398,247
DA:399,247
DA:400,247
DA:401,247
DA:403,188
DA:404,754
DA:406,0
DA:407,0
DA:408,0
DA:410,188
DA:411,188
DA:412,188
DA:414,188
DA:416,257
DA:417,129
DA:421,129
DA:422,0
DA:423,0
DA:424,0
DA:425,0
DA:426,0
DA:427,0
DA:428,0
DA:429,0
DA:430,0
DA:431,0
DA:433,516
DA:434,129
DA:436,259
DA:438,131
DA:439,131
DA:440,0
DA:441,0
DA:442,0
DA:443,131
DA:444,131
DA:445,131
DA:446,131
DA:447,131
DA:448,131
DA:450,524
DA:451,131
DA:454,0
DA:455,0
DA:456,0
DA:457,0
DA:458,0
DA:459,0
DA:460,0
DA:461,0
DA:462,0
DA:463,0
DA:464,128
DA:465,128
DA:466,5
DA:476,5
DA:478,5
DA:480,5
DA:481,5
DA:482,5
DA:483,5
DA:485,68
DA:487,68
DA:488,71
DA:489,71
DA:490,71
DA:491,71
DA:492,71
DA:493,71
DA:494,71
DA:495,71
DA:496,71
DA:498,189
DA:501,68
DA:502,69
DA:503,0
DA:504,0
DA:505,0
DA:506,0
DA:507,0
DA:508,0
DA:509,0
DA:510,0
DA:511,0
DA:512,0
DA:514,69
DA:515,69
DA:516,69
DA:518,127
DA:521,0
DA:522,0
DA:523,0
DA:524,0
DA:525,0
DA:526,0
DA:527,0
DA:528,0
DA:529,0
DA:530,0
DA:533,127
DA:534,127
DA:535,68
DA:536,5
DA:541,5
DA:543,12
DA:545,19
DA:547,5
DA:548,5
DA:549,5
DA:550,5
DA:551,7
DA:552,8
DA:553,8
DA:554,8
DA:555,8
DA:556,8
DA:557,8
DA:558,8
DA:559,8
DA:561,8
DA:562,8
DA:563,7
DA:564,5
DA:567,5
DA:568,5
DA:569,5
DA:570,5
LH:265
LF:372
end_of_record
SF:/Users/tettuan/github/frontmatter-to-schema/src/domain/core/component-factory-totality.ts
FN:41,<instance_members_initializer>
FN:42,AnalysisDomainConfig
FN:48,create
FN:78,<instance_members_initializer>
FN:79,TemplateDomainConfig
FN:84,create
FN:113,<instance_members_initializer>
FN:114,PipelineDomainConfig
FN:120,create
FN:191,<instance_members_initializer>
FN:194,TotalAnalysisDomainFactory
FN:199,validateDependencies
FN:206,createComponents
FN:263,<instance_members_initializer>
FN:266,TotalTemplateDomainFactory
FN:271,validateDependencies
FN:276,createComponents
FN:320,<instance_members_initializer>
FN:323,TotalPipelineDomainFactory
FN:328,validateDependencies
FN:341,createComponents
FN:382,<instance_members_initializer>
FN:385,TotalMasterComponentFactory
FN:393,registerFactory
FN:416,createComponents
FN:436,createAllComponents
FN:457,<instance_members_initializer>
FN:460,TotalFactoryBuilder
FN:468,withAnalysisDomain
FN:489,withTemplateDomain
FN:510,withPipelineDomain
FN:531,build
FN:540,createFactoryBuilder
FNDA:10,<instance_members_initializer>
FNDA:10,AnalysisDomainConfig
FNDA:13,create
FNDA:5,<instance_members_initializer>
FNDA:5,TemplateDomainConfig
FNDA:6,create
FNDA:5,<instance_members_initializer>
FNDA:5,PipelineDomainConfig
FNDA:7,create
FNDA:7,<instance_members_initializer>
FNDA:7,TotalAnalysisDomainFactory
FNDA:1,validateDependencies
FNDA:0,createComponents
FNDA:1,<instance_members_initializer>
FNDA:1,TotalTemplateDomainFactory
FNDA:0,validateDependencies
FNDA:0,createComponents
FNDA:1,<instance_members_initializer>
FNDA:1,TotalPipelineDomainFactory
FNDA:0,validateDependencies
FNDA:0,createComponents
FNDA:7,<instance_members_initializer>
FNDA:7,TotalMasterComponentFactory
FNDA:9,registerFactory
FNDA:1,createComponents
FNDA:0,createAllComponents
FNDA:4,<instance_members_initializer>
FNDA:4,TotalFactoryBuilder
FNDA:5,withAnalysisDomain
FNDA:1,withTemplateDomain
FNDA:1,withPipelineDomain
FNDA:1,build
FNDA:4,createFactoryBuilder
FNF:33
FNH:27
BRDA:53,3,0,5
BRDA:53,3,1,8
BRDA:55,3,2,11
BRDA:55,3,3,3
BRDA:62,3,4,10
BRDA:67,3,5,2
BRDA:68,3,6,2
BRDA:88,6,0,3
BRDA:88,6,1,3
BRDA:89,6,2,3
BRDA:92,6,3,1
BRDA:101,6,4,5
BRDA:125,9,0,4
BRDA:125,9,1,3
BRDA:126,9,2,4
BRDA:128,9,3,6
BRDA:128,9,4,2
BRDA:135,9,5,5
BRDA:140,9,6,2
BRDA:398,24,0,2
BRDA:405,24,1,7
BRDA:428,25,0,0
BRDA:472,29,0,1
BRDA:474,29,1,4
BRDA:479,29,2,1
BRDA:481,29,3,3
BRDA:493,30,0,0
BRDA:500,30,1,0
BRDA:514,31,0,0
BRDA:521,31,1,0
BRF:30
BRH:25
DA:7,1
DA:8,1
DA:9,1
DA:11,1
DA:12,1
DA:41,1
DA:42,1
DA:43,12
DA:44,12
DA:45,12
DA:46,12
DA:48,1
DA:52,1
DA:53,14
DA:55,14
DA:56,17
DA:57,17
DA:58,17
DA:59,17
DA:61,17
DA:62,17
DA:64,24
DA:65,24
DA:66,14
DA:67,14
DA:68,14
DA:69,14
DA:71,14
DA:72,14
DA:73,1
DA:78,1
DA:79,1
DA:80,7
DA:81,7
DA:82,7
DA:84,1
DA:87,1
DA:88,7
DA:89,7
DA:91,42
DA:92,7
DA:93,8
DA:94,8
DA:95,8
DA:96,8
DA:97,8
DA:98,8
DA:100,8
DA:101,8
DA:103,12
DA:104,12
DA:105,12
DA:106,12
DA:107,7
DA:108,1
DA:113,1
DA:114,1
DA:115,7
DA:116,7
DA:117,7
DA:118,7
DA:120,1
DA:124,1
DA:125,8
DA:126,8
DA:128,8
DA:129,10
DA:130,10
DA:131,10
DA:132,10
DA:134,10
DA:135,10
DA:137,13
DA:138,13
DA:139,8
DA:140,8
DA:141,8
DA:142,8
DA:144,8
DA:145,8
DA:146,1
DA:188,1
DA:191,1
DA:192,1
DA:194,1
DA:195,32
DA:196,8
DA:197,8
DA:199,1
DA:200,2
DA:203,8
DA:204,2
DA:206,0
DA:208,0
DA:209,0
DA:211,0
DA:212,0
DA:213,0
DA:214,0
DA:216,0
DA:218,0
DA:219,0
DA:220,0
DA:221,0
DA:222,0
DA:223,0
DA:225,0
DA:226,0
DA:227,0
DA:228,0
DA:229,0
DA:230,0
DA:231,0
DA:234,0
DA:235,0
DA:236,0
DA:237,0
DA:238,0
DA:239,0
DA:240,0
DA:241,0
DA:242,0
DA:243,0
DA:244,0
DA:245,0
DA:246,0
DA:247,0
DA:248,0
DA:249,0
DA:250,0
DA:252,0
DA:253,0
DA:254,0
DA:255,1
DA:260,1
DA:263,1
DA:264,1
DA:266,1
DA:267,8
DA:268,2
DA:269,2
DA:271,0
DA:272,0
DA:273,0
DA:274,0
DA:276,0
DA:278,0
DA:279,0
DA:281,0
DA:282,0
DA:283,0
DA:284,0
DA:286,0
DA:290,0
DA:291,0
DA:293,0
DA:294,0
DA:295,0
DA:296,0
DA:297,0
DA:298,0
DA:299,0
DA:300,0
DA:301,0
DA:302,0
DA:303,0
DA:304,0
DA:305,0
DA:306,0
DA:307,0
DA:309,0
DA:310,0
DA:311,0
DA:312,1
DA:317,1
DA:320,1
DA:321,1
DA:323,1
DA:324,8
DA:325,2
DA:326,2
DA:328,0
DA:329,0
DA:331,0
DA:333,0
DA:334,0
DA:336,0
DA:338,0
DA:339,0
DA:341,0
DA:343,0
DA:344,0
DA:346,0
DA:347,0
DA:348,0
DA:349,0
DA:351,0
DA:354,0
DA:355,0
DA:357,0
DA:358,0
DA:359,0
DA:360,0
DA:361,0
DA:362,0
DA:363,0
DA:364,0
DA:365,0
DA:366,0
DA:367,0
DA:368,0
DA:369,0
DA:370,0
DA:371,0
DA:373,0
DA:374,0
DA:375,0
DA:376,1
DA:381,1
DA:382,1
DA:383,1
DA:385,1
DA:386,8
DA:387,8
DA:388,8
DA:393,1
DA:394,1
DA:395,1
DA:396,10
DA:398,10
DA:399,12
DA:400,12
DA:401,12
DA:402,12
DA:404,12
DA:405,12
DA:407,17
DA:408,17
DA:410,68
DA:411,10
DA:416,1
DA:417,1
DA:418,1
DA:419,2
DA:421,2
DA:422,2
DA:423,2
DA:424,2
DA:425,2
DA:427,2
DA:428,2
DA:430,0
DA:431,0
DA:436,0
DA:438,0
DA:439,0
DA:441,0
DA:442,0
DA:443,0
DA:444,0
DA:445,0
DA:446,0
DA:447,0
DA:449,0
DA:450,0
DA:451,1
DA:456,1
DA:457,1
DA:458,1
DA:460,1
DA:461,5
DA:462,5
DA:463,5
DA:468,1
DA:469,1
DA:470,1
DA:471,6
DA:472,6
DA:473,7
DA:474,7
DA:476,10
DA:477,10
DA:479,6
DA:480,7
DA:481,7
DA:483,36
DA:484,6
DA:489,1
DA:490,1
DA:491,1
DA:492,2
DA:493,0
DA:494,0
DA:495,0
DA:497,2
DA:498,2
DA:500,0
DA:501,0
DA:502,0
DA:504,8
DA:505,2
DA:510,1
DA:511,1
DA:512,1
DA:513,2
DA:514,0
DA:515,0
DA:516,0
DA:518,2
DA:519,2
DA:521,0
DA:522,0
DA:523,0
DA:525,8
DA:526,2
DA:531,1
DA:532,2
DA:533,8
DA:534,2
DA:535,1
DA:540,1
DA:541,5
DA:542,5
LH:188
LF:323
end_of_record
SF:/Users/tettuan/github/frontmatter-to-schema/src/domain/core/component-factory.ts
FN:65,<instance_members_initializer>
FN:71,AnalysisDomainFactory
FN:80,createComponents
FN:131,validateDependencies
FN:144,<instance_members_initializer>
FN:147,TemplateDomainFactory
FN:151,createComponents
FN:191,validateDependencies
FN:201,<instance_members_initializer>
FN:206,PipelineDomainFactory
FN:215,createComponents
FN:239,validateDependencies
FN:250,<instance_members_initializer>
FN:256,MasterComponentFactory
FN:264,registerFactory
FN:277,createDomainComponents
FN:304,createAllComponents
FN:333,getFactory
FN:344,getRegisteredDomains
FN:354,<instance_members_initializer>
FN:357,FactoryConfigurationBuilder
FN:365,withAnalysisDomain
FN:383,withTemplateDomain
FN:393,withPipelineDomain
FN:408,build
FN:418,createDefault
FNDA:62,<instance_members_initializer>
FNDA:62,AnalysisDomainFactory
FNDA:61,createComponents
FNDA:61,validateDependencies
FNDA:61,<instance_members_initializer>
FNDA:61,TemplateDomainFactory
FNDA:1,createComponents
FNDA:1,validateDependencies
FNDA:61,<instance_members_initializer>
FNDA:61,PipelineDomainFactory
FNDA:0,createComponents
FNDA:0,validateDependencies
FNDA:62,<instance_members_initializer>
FNDA:62,MasterComponentFactory
FNDA:184,registerFactory
FNDA:62,createDomainComponents
FNDA:0,createAllComponents
FNDA:0,getFactory
FNDA:62,getRegisteredDomains
FNDA:62,<instance_members_initializer>
FNDA:62,FactoryConfigurationBuilder
FNDA:62,withAnalysisDomain
FNDA:61,withTemplateDomain
FNDA:61,withPipelineDomain
FNDA:62,build
FNDA:61,createDefault
FNF:26
FNH:22
BRDA:77,3,0,0
BRDA:103,4,0,0
BRDA:103,4,1,0
BRDA:166,8,0,3
BRDA:281,17,0,0
BRDA:288,17,1,0
BRDA:372,23,0,0
BRDA:373,23,1,0
BRF:8
BRH:1
DA:8,5
DA:11,5
DA:13,5
DA:14,5
DA:15,5
DA:16,5
DA:17,5
DA:18,5
DA:27,5
DA:29,5
DA:30,5
DA:31,5
DA:33,5
DA:34,5
DA:38,5
DA:44,15
DA:65,5
DA:67,134
DA:68,67
DA:69,5
DA:71,5
DA:72,72
DA:73,72
DA:74,5
DA:75,5
DA:76,67
DA:77,0
DA:78,67
DA:80,5
DA:85,5
DA:86,66
DA:89,66
DA:90,66
DA:91,66
DA:93,66
DA:94,66
DA:95,66
DA:96,66
DA:100,66
DA:101,66
DA:103,0
DA:104,0
DA:105,0
DA:106,0
DA:108,0
DA:109,0
DA:110,0
DA:112,0
DA:114,66
DA:115,66
DA:117,66
DA:118,66
DA:119,66
DA:121,66
DA:123,66
DA:124,66
DA:125,66
DA:126,66
DA:127,66
DA:128,66
DA:129,66
DA:131,5
DA:132,66
DA:134,264
DA:135,66
DA:136,5
DA:142,5
DA:144,5
DA:145,5
DA:147,5
DA:148,66
DA:149,66
DA:151,5
DA:158,5
DA:159,6
DA:162,6
DA:165,30
DA:166,6
DA:167,9
DA:168,9
DA:169,9
DA:170,9
DA:171,9
DA:174,6
DA:175,6
DA:176,6
DA:177,6
DA:178,6
DA:180,6
DA:181,6
DA:182,6
DA:183,6
DA:185,6
DA:186,6
DA:187,6
DA:188,6
DA:189,6
DA:191,5
DA:192,6
DA:193,24
DA:194,6
DA:195,5
DA:201,5
DA:203,132
DA:204,5
DA:206,5
DA:207,71
DA:210,5
DA:211,5
DA:212,66
DA:213,66
DA:215,0
DA:217,0
DA:218,0
DA:220,0
DA:223,0
DA:224,0
DA:225,0
DA:226,0
DA:228,0
DA:230,0
DA:231,0
DA:232,0
DA:234,0
DA:235,0
DA:236,0
DA:237,0
DA:239,0
DA:240,0
DA:241,0
DA:242,0
DA:243,5
DA:249,5
DA:250,5
DA:251,5
DA:256,5
DA:257,67
DA:258,67
DA:259,67
DA:264,5
DA:265,5
DA:266,5
DA:267,189
DA:268,189
DA:269,189
DA:270,189
DA:272,189
DA:277,5
DA:278,5
DA:279,5
DA:280,67
DA:281,0
DA:282,0
DA:283,0
DA:284,0
DA:287,67
DA:288,0
DA:289,0
DA:290,0
DA:291,0
DA:292,0
DA:293,0
DA:295,0
DA:297,67
DA:298,67
DA:299,67
DA:304,0
DA:305,0
DA:306,0
DA:308,0
DA:309,0
DA:310,0
DA:311,0
DA:312,0
DA:313,0
DA:315,0
DA:316,0
DA:317,0
DA:318,0
DA:319,0
DA:320,0
DA:321,0
DA:323,0
DA:324,0
DA:325,0
DA:327,0
DA:328,0
DA:333,0
DA:334,0
DA:335,0
DA:336,0
DA:339,0
DA:344,5
DA:345,67
DA:346,67
DA:347,5
DA:353,5
DA:354,5
DA:355,5
DA:357,5
DA:358,67
DA:359,67
DA:360,67
DA:365,5
DA:366,5
DA:369,5
DA:370,5
DA:371,0
DA:372,0
DA:373,0
DA:375,67
DA:376,67
DA:377,67
DA:378,67
DA:383,5
DA:384,66
DA:385,66
DA:386,66
DA:387,66
DA:388,66
DA:393,5
DA:394,5
DA:397,5
DA:398,5
DA:399,66
DA:400,66
DA:401,66
DA:402,66
DA:403,66
DA:408,5
DA:409,67
DA:410,67
DA:411,67
DA:412,67
DA:413,67
DA:418,5
DA:419,66
DA:420,66
DA:421,66
DA:422,66
DA:423,66
DA:424,66
DA:425,5
DA:428,5
DA:429,5
DA:430,5
DA:431,5
DA:432,5
DA:433,5
DA:434,5
LH:181
LF:250
end_of_record
SF:/Users/tettuan/github/frontmatter-to-schema/src/domain/core/registry.ts
FN:12,<instance_members_initializer>
FN:17,add
FN:24,get
FN:31,has
FN:38,keys
FN:45,values
FN:52,size
FN:59,clear
FN:66,transform
FN:75,merge
FN:84,filter
FN:97,map
FN:110,toObject
FN:123,toArray
FNDA:21,<instance_members_initializer>
FNDA:39,add
FNDA:3,get
FNDA:9,has
FNDA:1,keys
FNDA:3,values
FNDA:7,size
FNDA:1,clear
FNDA:0,transform
FNDA:1,merge
FNDA:2,filter
FNDA:1,map
FNDA:1,toObject
FNDA:9,toArray
FNF:14
FNH:13
BRDA:76,10,0,2
BRDA:86,11,0,6
BRDA:87,11,1,4
BRDA:101,12,0,2
BRDA:112,13,0,2
BRDA:113,13,1,0
BRDA:114,13,2,0
BRF:7
BRH:5
DA:11,3
DA:12,3
DA:17,3
DA:18,42
DA:19,42
DA:24,3
DA:25,6
DA:26,6
DA:31,3
DA:32,12
DA:33,12
DA:38,3
DA:39,4
DA:40,4
DA:45,3
DA:46,6
DA:47,6
DA:52,3
DA:53,10
DA:54,10
DA:59,3
DA:60,4
DA:61,4
DA:66,0
DA:67,0
DA:68,0
DA:70,0
DA:75,3
DA:76,4
DA:77,6
DA:78,6
DA:79,4
DA:84,3
DA:85,5
DA:86,5
DA:87,11
DA:88,15
DA:89,15
DA:90,11
DA:91,5
DA:92,5
DA:97,3
DA:98,3
DA:99,3
DA:100,4
DA:101,4
DA:102,6
DA:103,6
DA:104,4
DA:105,4
DA:110,3
DA:111,4
DA:112,4
DA:113,0
DA:114,0
DA:115,0
DA:116,6
DA:117,4
DA:118,4
DA:123,3
DA:124,12
DA:125,26
DA:126,26
DA:127,12
DA:128,12
DA:129,3
LH:59
LF:66
end_of_record
SF:/Users/tettuan/github/frontmatter-to-schema/src/domain/core/result.ts
FN:73,createDomainError
FN:82,getDefaultErrorMessage
FN:211,mapResult
FN:222,flatMapResult
FN:233,mapErrorResult
FN:248,combineResults
FN:264,unwrapResult
FN:277,unwrapOrResult
FN:297,chain
FN:302,all
FN:307,isSuccess
FN:314,isFailure
FNDA:255,createDomainError
FNDA:255,getDefaultErrorMessage
FNDA:6,mapResult
FNDA:10,flatMapResult
FNDA:2,mapErrorResult
FNDA:4,combineResults
FNDA:26,unwrapResult
FNDA:2,unwrapOrResult
FNDA:1,chain
FNDA:1,all
FNDA:280,isSuccess
FNDA:23,isFailure
FNF:12
FNH:12
BRDA:78,1,0,246
BRDA:85,2,0,25
BRDA:87,2,1,8
BRDA:87,2,2,17
BRDA:89,2,3,24
BRDA:91,2,4,1
BRDA:92,2,5,0
BRDA:93,2,6,0
BRDA:95,2,7,1
BRDA:97,2,8,12
BRDA:99,2,9,0
BRDA:101,2,10,1
BRDA:103,2,11,1
BRDA:105,2,12,1
BRDA:107,2,13,6
BRDA:111,2,14,9
BRDA:113,2,15,8
BRDA:113,2,16,1
BRDA:114,2,17,1
BRDA:114,2,18,8
BRDA:115,2,19,3
BRDA:117,2,20,2
BRDA:119,2,21,1
BRDA:123,2,22,1
BRDA:125,2,23,0
BRDA:129,2,24,13
BRDA:131,2,25,0
BRDA:135,2,26,1
BRDA:137,2,27,1
BRDA:139,2,28,0
BRDA:143,2,29,0
BRDA:147,2,30,2
BRDA:151,2,31,0
BRDA:154,2,32,1
BRDA:156,2,33,0
BRDA:158,2,34,0
BRDA:160,2,35,0
BRDA:164,2,36,130
BRDA:166,2,37,0
BRDA:168,2,38,0
BRDA:170,2,39,5
BRDA:172,2,40,0
BRDA:174,2,41,14
BRDA:176,2,42,0
BRDA:178,2,43,0
BRDA:182,2,44,0
BRDA:186,2,45,0
BRDA:188,2,46,0
BRDA:192,2,47,0
BRDA:194,2,48,0
BRDA:198,2,49,0
BRDA:203,2,50,0
BRDA:215,3,0,4
BRDA:217,3,1,2
BRDA:226,4,0,7
BRDA:228,4,1,3
BRDA:241,5,0,1
BRDA:253,6,0,8
BRDA:254,6,1,1
BRDA:256,6,2,7
BRDA:258,6,3,3
BRDA:265,7,0,24
BRDA:267,7,1,2
BRDA:270,7,2,2
BRDA:270,7,3,2
BRDA:271,7,4,0
BRDA:281,8,0,1
BRF:67
BRH:43
DA:73,34
DA:74,34
DA:75,34
DA:76,34
DA:77,289
DA:78,289
DA:79,34
DA:82,34
DA:83,289
DA:85,289
DA:86,314
DA:87,314
DA:88,314
DA:89,289
DA:90,313
DA:91,289
DA:92,0
DA:93,0
DA:94,0
DA:95,289
DA:96,290
DA:97,289
DA:98,0
DA:99,0
DA:100,0
DA:101,289
DA:102,290
DA:103,289
DA:104,290
DA:105,289
DA:106,290
DA:107,289
DA:108,295
DA:109,295
DA:110,295
DA:111,289
DA:112,298
DA:113,298
DA:114,298
DA:115,289
DA:116,292
DA:117,289
DA:118,291
DA:119,289
DA:120,290
DA:123,289
DA:124,290
DA:125,0
DA:126,0
DA:127,0
DA:128,0
DA:129,289
DA:130,302
DA:131,0
DA:132,0
DA:133,0
DA:134,0
DA:135,289
DA:136,290
DA:137,289
DA:138,290
DA:139,0
DA:140,0
DA:143,0
DA:144,0
DA:145,0
DA:146,0
DA:147,289
DA:148,0
DA:149,0
DA:150,0
DA:151,0
DA:152,0
DA:153,0
DA:154,289
DA:155,290
DA:156,0
DA:157,0
DA:158,0
DA:159,0
DA:160,0
DA:161,0
DA:164,289
DA:165,419
DA:166,0
DA:167,0
DA:168,0
DA:169,0
DA:170,289
DA:171,0
DA:172,0
DA:173,0
DA:174,289
DA:175,0
DA:176,0
DA:177,0
DA:178,0
DA:179,0
DA:182,0
DA:183,0
DA:184,0
DA:185,0
DA:186,0
DA:187,0
DA:188,0
DA:189,0
DA:190,0
DA:191,0
DA:192,0
DA:193,0
DA:194,0
DA:195,0
DA:196,0
DA:197,0
DA:198,0
DA:199,0
DA:200,0
DA:201,0
DA:203,0
DA:204,0
DA:205,289
DA:206,34
DA:211,34
DA:212,34
DA:213,34
DA:215,40
DA:216,176
DA:217,44
DA:218,42
DA:219,34
DA:222,34
DA:223,34
DA:224,34
DA:226,44
DA:227,51
DA:228,51
DA:229,47
DA:230,34
DA:233,34
DA:238,34
DA:239,34
DA:241,36
DA:242,37
DA:243,37
DA:244,148
DA:245,34
DA:248,34
DA:249,34
DA:251,38
DA:253,38
DA:254,46
DA:255,47
DA:256,47
DA:257,53
DA:258,53
DA:260,164
DA:261,34
DA:264,34
DA:265,60
DA:266,84
DA:267,84
DA:268,86
DA:269,0
DA:270,0
DA:271,0
DA:272,0
DA:273,60
DA:274,34
DA:277,34
DA:278,34
DA:279,34
DA:281,36
DA:282,37
DA:283,37
DA:284,37
DA:285,34
DA:288,34
DA:289,34
DA:290,34
DA:291,34
DA:292,34
DA:293,34
DA:294,34
DA:297,34
DA:298,34
DA:299,34
DA:300,34
DA:302,34
DA:303,34
DA:304,34
DA:307,34
DA:308,34
DA:310,314
DA:311,34
DA:314,34
DA:315,34
DA:317,57
DA:318,34
DA:321,34
DA:322,34
LH:130
LF:200
end_of_record
SF:/Users/tettuan/github/frontmatter-to-schema/src/domain/core/schema-injection.ts
FN:16,<instance_members_initializer>
FN:17,SchemaContext
FN:24,create
FN:58,isExpired
FN:66,<instance_members_initializer>
FN:67,TemplateContext
FN:74,create
FN:107,<instance_members_initializer>
FN:108,PromptContext
FN:114,create
FN:181,<instance_members_initializer>
FN:189,injectSchema
FN:205,injectTemplate
FN:222,injectPrompts
FN:242,activate
FN:309,getCurrentSchema
FN:316,listAvailableSchemas
FN:327,clearSchema
FN:343,clearAll
FN:355,<instance_members_initializer>
FN:360,bind
FN:370,resolve
FN:388,has
FN:395,unbind
FN:402,clear
FN:409,keys
FN:417,isLoadedSchema
FN:423,isLoadingSchema
FN:429,isFailedSchema
FN:435,isNoSchema
FNDA:35,<instance_members_initializer>
FNDA:35,SchemaContext
FNDA:39,create
FNDA:5,isExpired
FNDA:29,<instance_members_initializer>
FNDA:29,TemplateContext
FNDA:32,create
FNDA:26,<instance_members_initializer>
FNDA:26,PromptContext
FNDA:30,create
FNDA:33,<instance_members_initializer>
FNDA:29,injectSchema
FNDA:25,injectTemplate
FNDA:24,injectPrompts
FNDA:25,activate
FNDA:22,getCurrentSchema
FNDA:4,listAvailableSchemas
FNDA:4,clearSchema
FNDA:2,clearAll
FNDA:12,<instance_members_initializer>
FNDA:21,bind
FNDA:11,resolve
FNDA:7,has
FNDA:1,unbind
FNDA:1,clear
FNDA:3,keys
FNDA:4,isLoadedSchema
FNDA:4,isLoadingSchema
FNDA:4,isFailedSchema
FNDA:4,isNoSchema
FNF:30
FNH:30
BRDA:29,3,0,38
BRDA:29,3,1,2
BRDA:34,3,2,37
BRDA:36,3,3,2
BRDA:45,3,4,35
BRDA:52,3,5,34
BRDA:79,7,0,31
BRDA:79,7,1,1
BRDA:84,7,2,31
BRDA:86,7,3,2
BRDA:95,7,4,29
BRDA:118,10,0,29
BRDA:118,10,1,2
BRDA:126,10,2,28
BRDA:128,10,3,27
BRDA:128,10,4,2
BRDA:136,10,5,26
BRDA:194,12,0,0
BRDA:211,13,0,0
BRDA:231,14,0,0
BRDA:249,15,0,4
BRDA:262,15,1,21
BRDA:264,15,2,2
BRDA:277,15,3,19
BRDA:279,15,4,1
BRDA:292,15,5,18
BRDA:335,18,0,3
BRDA:361,21,0,20
BRDA:361,21,1,2
BRDA:363,21,2,19
BRDA:372,22,0,1
BRDA:381,22,1,10
BRF:32
BRH:29
DA:6,7
DA:7,7
DA:10,7
DA:16,7
DA:17,7
DA:18,49
DA:19,49
DA:20,49
DA:21,49
DA:22,49
DA:24,7
DA:25,7
DA:26,7
DA:27,7
DA:28,7
DA:29,46
DA:30,48
DA:31,48
DA:32,144
DA:33,48
DA:34,48
DA:36,46
DA:37,48
DA:38,48
DA:39,48
DA:40,48
DA:41,48
DA:42,48
DA:43,48
DA:44,48
DA:45,48
DA:47,81
DA:48,81
DA:49,46
DA:50,46
DA:51,46
DA:52,46
DA:53,46
DA:55,46
DA:56,46
DA:58,7
DA:59,12
DA:60,12
DA:61,7
DA:66,7
DA:67,7
DA:68,43
DA:69,43
DA:70,43
DA:71,43
DA:72,43
DA:74,7
DA:75,7
DA:76,7
DA:77,7
DA:78,7
DA:79,39
DA:80,40
DA:81,40
DA:82,120
DA:83,40
DA:84,40
DA:86,39
DA:87,41
DA:88,41
DA:89,41
DA:90,41
DA:91,41
DA:92,41
DA:93,41
DA:94,41
DA:95,41
DA:97,68
DA:98,68
DA:99,68
DA:100,68
DA:101,39
DA:102,7
DA:107,7
DA:108,7
DA:109,40
DA:110,40
DA:111,40
DA:112,40
DA:114,7
DA:115,7
DA:116,7
DA:117,7
DA:118,37
DA:119,39
DA:120,39
DA:121,39
DA:122,39
DA:123,39
DA:124,39
DA:125,39
DA:126,39
DA:128,37
DA:129,39
DA:130,39
DA:131,39
DA:132,39
DA:133,39
DA:134,39
DA:135,39
DA:136,39
DA:138,63
DA:139,63
DA:140,63
DA:141,63
DA:142,63
DA:143,63
DA:145,63
DA:146,37
DA:147,7
DA:180,7
DA:181,87
DA:182,40
DA:183,40
DA:184,7
DA:189,7
DA:190,7
DA:191,7
DA:192,7
DA:193,36
DA:194,0
DA:195,0
DA:196,0
DA:198,36
DA:199,36
DA:200,36
DA:205,7
DA:206,7
DA:207,7
DA:208,7
DA:209,7
DA:210,32
DA:211,0
DA:212,0
DA:213,0
DA:215,32
DA:216,32
DA:217,32
DA:222,7
DA:223,7
DA:224,7
DA:225,7
DA:226,7
DA:227,31
DA:228,31
DA:229,31
DA:231,0
DA:232,0
DA:233,0
DA:235,31
DA:236,31
DA:237,31
DA:242,7
DA:243,7
DA:244,7
DA:245,32
DA:246,32
DA:247,32
DA:249,32
DA:250,36
DA:251,36
DA:252,36
DA:253,36
DA:254,36
DA:255,36
DA:256,36
DA:257,36
DA:258,36
DA:259,36
DA:260,36
DA:261,144
DA:262,36
DA:264,32
DA:265,34
DA:266,34
DA:267,34
DA:268,34
DA:269,34
DA:270,34
DA:271,34
DA:272,34
DA:273,34
DA:274,34
DA:275,34
DA:276,136
DA:277,34
DA:279,32
DA:280,33
DA:281,33
DA:282,33
DA:283,33
DA:284,33
DA:285,33
DA:286,33
DA:287,33
DA:288,33
DA:289,33
DA:290,33
DA:291,132
DA:292,33
DA:294,50
DA:295,50
DA:296,50
DA:297,50
DA:298,50
DA:299,50
DA:300,50
DA:301,50
DA:303,200
DA:304,32
DA:309,7
DA:310,29
DA:311,29
DA:316,7
DA:317,11
DA:318,11
DA:319,11
DA:320,11
DA:321,11
DA:322,11
DA:327,7
DA:328,11
DA:329,11
DA:330,11
DA:332,11
DA:333,11
DA:334,11
DA:335,11
DA:336,42
DA:337,14
DA:338,11
DA:343,7
DA:344,9
DA:345,9
DA:346,9
DA:347,27
DA:348,9
DA:349,7
DA:354,7
DA:355,7
DA:360,7
DA:361,28
DA:362,30
DA:363,30
DA:364,47
DA:365,28
DA:370,7
DA:371,18
DA:372,18
DA:373,19
DA:374,19
DA:375,19
DA:376,19
DA:377,19
DA:378,19
DA:379,19
DA:380,19
DA:381,19
DA:382,112
DA:383,18
DA:388,7
DA:389,14
DA:390,14
DA:395,7
DA:396,8
DA:397,8
DA:402,7
DA:403,8
DA:404,8
DA:409,7
DA:410,10
DA:411,10
DA:412,7
DA:417,7
DA:418,7
DA:420,11
DA:421,7
DA:423,7
DA:424,7
DA:426,11
DA:427,7
DA:429,7
DA:430,7
DA:432,11
DA:433,7
DA:435,7
DA:436,7
DA:438,11
DA:439,7
LH:285
LF:294
end_of_record
SF:/Users/tettuan/github/frontmatter-to-schema/src/domain/core/schema-management.ts
FN:22,<instance_members_initializer>
FN:23,ValidSchema
FN:33,create
FN:89,<instance_members_initializer>
FN:90,SchemaLoader
FN:99,loadSchema
FN:131,loadTemplate
FN:170,loadPrompts
FN:211,validateSchemaFormat
FN:239,<instance_members_initializer>
FN:245,registerSchema
FN:281,switchToSchema
FN:301,getCurrentSchema
FN:309,listAvailableSchemas
FN:316,unregisterSchema
FN:324,clearAll
FN:334,<instance_members_initializer>
FN:335,DynamicPipelineFactory
FN:343,createPipeline
FN:426,<instance_members_initializer>
FN:429,ExecutablePipeline
FN:439,execute
FN:513,dispose
FN:518,formatOutput
FN:533,toYAML
FN:555,toXML
FN:562,objectToXML
FNDA:15,<instance_members_initializer>
FNDA:15,ValidSchema
FNDA:28,create
FNDA:19,<instance_members_initializer>
FNDA:19,SchemaLoader
FNDA:13,loadSchema
FNDA:11,loadTemplate
FNDA:8,loadPrompts
FNDA:3,validateSchemaFormat
FNDA:13,<instance_members_initializer>
FNDA:12,registerSchema
FNDA:9,switchToSchema
FNDA:6,getCurrentSchema
FNDA:6,listAvailableSchemas
FNDA:1,unregisterSchema
FNDA:1,clearAll
FNDA:6,<instance_members_initializer>
FNDA:6,DynamicPipelineFactory
FNDA:6,createPipeline
FNDA:13,<instance_members_initializer>
FNDA:13,ExecutablePipeline
FNDA:12,execute
FNDA:1,dispose
FNDA:6,formatOutput
FNDA:1,toYAML
FNDA:1,toXML
FNDA:1,objectToXML
FNF:27
FNH:27
BRDA:39,3,0,27
BRDA:39,3,1,2
BRDA:44,3,2,26
BRDA:46,3,3,3
BRDA:55,3,4,23
BRDA:57,3,5,1
BRDA:66,3,6,22
BRDA:68,3,7,20
BRDA:68,3,8,17
BRDA:68,3,9,7
BRDA:77,3,10,15
BRDA:102,6,0,1
BRDA:110,6,1,12
BRDA:113,6,2,9
BRDA:116,6,3,4
BRDA:122,6,4,0
BRDA:134,7,0,0
BRDA:145,7,1,8
BRDA:151,7,2,2
BRDA:155,7,3,3
BRDA:161,7,4,0
BRDA:179,8,0,0
BRDA:190,8,1,5
BRDA:196,8,2,3
BRDA:202,8,3,0
BRDA:215,9,0,2
BRDA:215,9,1,2
BRDA:224,9,2,1
BRDA:253,11,0,0
BRDA:261,11,1,0
BRDA:270,11,2,0
BRDA:284,12,0,1
BRDA:293,12,1,8
BRDA:303,13,0,3
BRDA:303,13,1,3
BRDA:352,19,0,1
BRDA:354,19,1,5
BRDA:357,19,2,1
BRDA:359,19,3,4
BRDA:365,19,4,1
BRDA:367,19,5,3
BRDA:370,19,6,1
BRDA:375,19,7,0
BRDA:377,19,8,3
BRDA:380,19,9,0
BRDA:382,19,10,3
BRDA:387,19,11,0
BRDA:389,19,12,3
BRDA:442,22,0,2
BRDA:450,22,1,10
BRDA:452,22,2,1
BRDA:461,22,3,9
BRDA:466,22,4,1
BRDA:468,22,5,1
BRDA:476,22,6,8
BRDA:486,22,7,1
BRDA:488,22,8,7
BRDA:491,22,9,6
BRDA:496,22,10,7
BRDA:520,24,0,4
BRDA:522,24,1,1
BRDA:525,24,2,1
BRDA:528,24,3,0
BRDA:535,25,0,0
BRDA:542,25,1,2
BRDA:543,25,2,0
BRDA:543,25,3,0
BRDA:563,27,0,0
BRDA:572,27,1,2
BRDA:573,27,2,0
BRDA:573,27,3,0
BRF:71
BRH:53
DA:6,6
DA:7,6
DA:10,6
DA:11,6
DA:14,6
DA:17,6
DA:22,6
DA:23,6
DA:24,27
DA:25,27
DA:26,27
DA:27,27
DA:30,6
DA:31,27
DA:33,6
DA:34,6
DA:35,6
DA:36,6
DA:37,6
DA:38,6
DA:39,34
DA:40,36
DA:41,36
DA:42,144
DA:43,36
DA:44,36
DA:46,34
DA:47,37
DA:48,37
DA:49,37
DA:50,37
DA:51,37
DA:52,37
DA:53,37
DA:54,37
DA:55,37
DA:57,34
DA:58,35
DA:59,35
DA:60,35
DA:61,35
DA:62,35
DA:63,35
DA:64,35
DA:65,35
DA:66,35
DA:68,34
DA:69,41
DA:70,41
DA:71,41
DA:72,41
DA:73,41
DA:74,41
DA:75,41
DA:76,41
DA:77,41
DA:79,49
DA:80,49
DA:81,49
DA:82,49
DA:83,34
DA:84,6
DA:89,6
DA:90,6
DA:91,31
DA:93,6
DA:94,31
DA:99,6
DA:100,6
DA:101,6
DA:102,19
DA:103,20
DA:104,20
DA:105,20
DA:106,20
DA:107,20
DA:108,20
DA:109,20
DA:110,20
DA:112,31
DA:113,31
DA:114,28
DA:115,112
DA:116,19
DA:117,23
DA:118,23
DA:119,23
DA:120,23
DA:121,23
DA:122,0
DA:123,23
DA:124,23
DA:125,23
DA:126,19
DA:131,6
DA:132,6
DA:133,6
DA:134,0
DA:135,0
DA:136,0
DA:137,0
DA:138,0
DA:139,0
DA:140,0
DA:141,0
DA:142,0
DA:144,17
DA:145,17
DA:148,25
DA:149,25
DA:150,100
DA:151,17
DA:153,76
DA:154,19
DA:155,17
DA:156,20
DA:157,20
DA:158,20
DA:159,20
DA:160,20
DA:161,0
DA:162,20
DA:163,20
DA:164,20
DA:165,17
DA:170,6
DA:171,6
DA:172,6
DA:178,6
DA:179,0
DA:180,0
DA:181,0
DA:182,0
DA:183,0
DA:184,0
DA:185,0
DA:186,0
DA:187,0
DA:189,14
DA:190,14
DA:191,19
DA:192,19
DA:193,19
DA:194,76
DA:195,19
DA:196,14
DA:197,17
DA:198,17
DA:199,17
DA:200,17
DA:201,17
DA:202,0
DA:203,17
DA:204,17
DA:205,17
DA:206,14
DA:211,6
DA:212,6
DA:213,6
DA:215,9
DA:216,11
DA:217,11
DA:218,11
DA:219,11
DA:220,11
DA:221,11
DA:222,11
DA:223,11
DA:224,11
DA:228,10
DA:229,10
DA:230,10
DA:231,10
DA:232,9
DA:233,6
DA:238,6
DA:239,6
DA:240,6
DA:245,6
DA:246,6
DA:247,6
DA:249,18
DA:250,18
DA:251,18
DA:253,0
DA:254,0
DA:255,0
DA:257,18
DA:258,18
DA:259,18
DA:261,0
DA:262,0
DA:263,0
DA:265,18
DA:266,18
DA:267,18
DA:268,18
DA:270,0
DA:271,0
DA:272,0
DA:274,18
DA:275,72
DA:276,18
DA:281,6
DA:282,6
DA:283,6
DA:284,15
DA:285,16
DA:286,16
DA:287,16
DA:288,16
DA:289,16
DA:290,16
DA:291,16
DA:292,16
DA:293,16
DA:295,23
DA:296,15
DA:301,6
DA:302,12
DA:303,12
DA:304,12
DA:309,6
DA:310,12
DA:311,12
DA:316,6
DA:317,7
DA:318,7
DA:319,7
DA:324,6
DA:325,7
DA:326,7
DA:327,7
DA:328,6
DA:334,6
DA:335,6
DA:336,18
DA:337,18
DA:338,18
DA:343,6
DA:344,6
DA:347,6
DA:349,12
DA:351,12
DA:352,12
DA:353,13
DA:354,13
DA:356,17
DA:357,12
DA:358,13
DA:359,13
DA:361,16
DA:362,16
DA:363,16
DA:365,12
DA:366,13
DA:367,13
DA:369,12
DA:370,12
DA:371,12
DA:372,12
DA:373,12
DA:375,0
DA:376,0
DA:377,0
DA:379,15
DA:380,0
DA:381,0
DA:382,0
DA:384,15
DA:385,15
DA:387,0
DA:388,0
DA:389,0
DA:391,15
DA:392,15
DA:393,15
DA:394,15
DA:395,15
DA:396,15
DA:397,15
DA:399,15
DA:400,12
DA:401,6
DA:426,6
DA:427,25
DA:429,6
DA:430,25
DA:431,25
DA:432,25
DA:433,25
DA:434,25
DA:439,6
DA:441,6
DA:442,18
DA:443,20
DA:444,20
DA:445,20
DA:446,20
DA:447,20
DA:448,20
DA:449,20
DA:450,20
DA:452,18
DA:453,19
DA:454,19
DA:455,19
DA:456,19
DA:457,19
DA:458,19
DA:459,19
DA:460,19
DA:461,19
DA:463,27
DA:466,18
DA:467,18
DA:468,18
DA:469,19
DA:470,19
DA:471,19
DA:472,19
DA:473,19
DA:474,19
DA:475,19
DA:476,19
DA:479,26
DA:480,26
DA:481,26
DA:482,26
DA:483,26
DA:486,18
DA:487,19
DA:488,19
DA:491,18
DA:492,24
DA:493,24
DA:494,24
DA:496,24
DA:498,25
DA:499,25
DA:500,25
DA:501,25
DA:502,25
DA:503,25
DA:504,25
DA:505,25
DA:506,25
DA:507,25
DA:508,18
DA:513,6
DA:514,7
DA:516,7
DA:518,6
DA:519,12
DA:520,12
DA:521,16
DA:522,12
DA:524,13
DA:525,12
DA:527,13
DA:528,0
DA:529,0
DA:530,12
DA:531,12
DA:533,6
DA:535,0
DA:536,0
DA:537,0
DA:539,7
DA:540,7
DA:541,7
DA:542,7
DA:543,0
DA:544,0
DA:545,0
DA:546,0
DA:547,0
DA:548,0
DA:549,9
DA:550,9
DA:551,9
DA:552,7
DA:553,7
DA:555,6
DA:557,7
DA:558,7
DA:559,7
DA:560,7
DA:562,6
DA:563,0
DA:564,0
DA:565,0
DA:567,7
DA:568,7
DA:570,7
DA:571,7
DA:572,7
DA:573,0
DA:574,0
DA:575,0
DA:576,0
DA:577,0
DA:578,9
DA:579,9
DA:580,9
DA:582,7
DA:583,7
DA:584,6
LH:350
LF:408
end_of_record
SF:/Users/tettuan/github/frontmatter-to-schema/src/domain/core/types.ts
FN:134,isSchemaAnalysis
FN:157,<instance_members_initializer>
FN:160,AnalysisResult
FN:166,get extractedData
FN:170,addMetadata
FN:176,getMetadata
FN:183,hasMetadata
FNDA:2,isSchemaAnalysis
FNDA:98,<instance_members_initializer>
FNDA:98,AnalysisResult
FNDA:18,get extractedData
FNDA:197,addMetadata
FNDA:2,getMetadata
FNDA:1,hasMetadata
FNF:7
FNH:7
BRDA:177,6,0,1
BRF:1
BRH:1
DA:134,10
DA:135,12
DA:136,12
DA:157,10
DA:158,118
DA:160,10
DA:161,118
DA:162,118
DA:163,118
DA:166,10
DA:167,28
DA:168,28
DA:170,10
DA:171,207
DA:172,207
DA:176,10
DA:177,12
DA:178,39
DA:179,13
DA:180,13
DA:181,12
DA:183,10
DA:184,11
DA:185,11
DA:186,10
LH:25
LF:25
end_of_record
SF:/Users/tettuan/github/frontmatter-to-schema/src/domain/frontmatter/TypeScriptExtractor.ts
FN:23,extract
FN:63,extractRawFrontMatter
FN:92,extractTemplateVariables
FNDA:3,extract
FNDA:3,extractRawFrontMatter
FNDA:1,extractTemplateVariables
FNF:3
FNH:3
BRDA:28,1,0,0
BRDA:48,1,1,0
BRDA:69,2,0,31
BRDA:70,2,1,6
BRDA:72,2,2,3
BRDA:78,2,3,25
BRDA:80,2,4,25
BRDA:101,3,0,6
BRDA:112,3,1,0
BRF:9
BRH:6
DA:5,1
DA:7,1
DA:8,1
DA:10,1
DA:18,1
DA:23,1
DA:24,4
DA:26,4
DA:28,0
DA:29,0
DA:30,0
DA:31,0
DA:32,0
DA:33,0
DA:36,4
DA:38,4
DA:39,4
DA:40,4
DA:41,4
DA:42,4
DA:44,4
DA:45,4
DA:46,4
DA:47,4
DA:48,0
DA:49,0
DA:50,0
DA:51,0
DA:52,0
DA:53,0
DA:54,0
DA:56,0
DA:57,0
DA:58,4
DA:63,1
DA:64,4
DA:65,4
DA:66,4
DA:67,4
DA:69,4
DA:70,35
DA:71,41
DA:72,41
DA:73,44
DA:74,44
DA:75,44
DA:76,44
DA:77,44
DA:78,41
DA:80,35
DA:81,60
DA:82,60
DA:83,35
DA:85,4
DA:86,4
DA:92,1
DA:93,1
DA:94,1
DA:95,2
DA:97,2
DA:98,2
DA:99,2
DA:101,2
DA:102,8
DA:103,8
DA:104,8
DA:105,8
DA:106,8
DA:108,2
DA:109,2
DA:110,2
DA:111,2
DA:112,0
DA:113,0
DA:114,0
DA:115,0
DA:116,0
DA:117,0
DA:118,0
DA:120,0
DA:121,0
DA:122,2
DA:123,1
LH:59
LF:83
end_of_record
SF:/Users/tettuan/github/frontmatter-to-schema/src/domain/frontmatter/frontmatter-models.ts
FN:3,<instance_members_initializer>
FN:4,FrontMatter
FN:9,get
FN:13,has
FN:17,toJson
FN:23,<instance_members_initializer>
FN:25,extract
FN:48,hasFrontMatter
FNDA:42,<instance_members_initializer>
FNDA:42,FrontMatter
FNDA:49,get
FNDA:5,has
FNDA:2,toJson
FNDA:25,<instance_members_initializer>
FNDA:48,extract
FNDA:15,hasFrontMatter
FNF:8
FNH:8
BRDA:28,7,0,39
BRDA:28,7,1,47
BRDA:28,7,2,9
BRDA:30,7,3,39
BRDA:35,7,4,6
BRDA:37,7,5,33
BRDA:41,7,6,0
BRDA:42,7,7,3
BRF:8
BRH:7
DA:1,5
DA:3,5
DA:4,5
DA:5,52
DA:6,52
DA:7,52
DA:9,5
DA:10,54
DA:11,54
DA:13,5
DA:14,10
DA:15,10
DA:17,5
DA:18,7
DA:19,7
DA:20,5
DA:22,5
DA:23,5
DA:25,5
DA:26,53
DA:28,53
DA:29,109
DA:30,109
DA:32,139
DA:35,53
DA:36,59
DA:37,59
DA:39,86
DA:40,86
DA:41,0
DA:42,53
DA:44,56
DA:45,56
DA:46,53
DA:48,5
DA:49,20
DA:50,20
DA:51,5
LH:37
LF:38
end_of_record
SF:/Users/tettuan/github/frontmatter-to-schema/src/domain/models/StrictStructureMatcher.ts
FN:29,analyzeYAMLStructure
FN:140,analyzeSchemaStructure
FN:250,analyzeTemplateStructure
FN:260,structuresEqual
FN:297,validateStructuralAlignment
FNDA:93,analyzeYAMLStructure
FNDA:50,analyzeSchemaStructure
FNDA:8,analyzeTemplateStructure
FNDA:60,structuresEqual
FNDA:9,validateStructuralAlignment
FNF:5
FNH:5
BRDA:33,1,0,92
BRDA:33,1,1,2
BRDA:41,1,2,91
BRDA:43,1,3,8
BRDA:44,1,4,1
BRDA:53,1,5,7
BRDA:60,1,6,0
BRDA:62,1,7,7
BRDA:70,1,8,0
BRDA:76,1,9,2
BRDA:86,1,10,5
BRDA:96,1,11,83
BRDA:98,1,12,32
BRDA:98,1,13,32
BRDA:105,1,14,47
BRDA:106,1,15,20
BRDA:106,1,16,27
BRDA:109,1,17,0
BRDA:124,1,18,51
BRDA:144,2,0,46
BRDA:144,2,1,5
BRDA:152,2,2,45
BRDA:159,2,3,14
BRDA:164,2,4,12
BRDA:164,2,5,2
BRDA:173,2,6,12
BRDA:177,2,7,21
BRDA:178,2,8,6
BRDA:178,2,9,15
BRDA:181,2,10,0
BRDA:186,2,11,12
BRDA:196,2,12,31
BRDA:198,2,13,4
BRDA:201,2,14,1
BRDA:210,2,15,3
BRDA:213,2,16,0
BRDA:215,2,17,3
BRDA:225,2,18,49
BRDA:225,2,19,27
BRDA:228,2,20,22
BRDA:236,2,21,5
BRDA:261,4,0,5
BRDA:263,4,1,55
BRDA:265,4,2,22
BRDA:266,4,3,0
BRDA:267,4,4,0
BRDA:269,4,5,21
BRDA:269,4,6,4
BRDA:271,4,7,18
BRDA:273,4,8,27
BRDA:275,4,9,1
BRDA:278,4,10,17
BRDA:279,4,11,50
BRDA:281,4,12,6
BRDA:282,4,13,4
BRDA:282,4,14,2
BRDA:284,4,15,4
BRDA:289,4,16,44
BRDA:304,5,0,1
BRDA:306,5,1,8
BRDA:309,5,2,1
BRDA:311,5,3,7
BRDA:314,5,4,0
BRDA:316,5,5,7
BRDA:323,5,6,1
BRDA:331,5,7,6
BRDA:337,5,8,3
BRF:67
BRH:59
DA:25,23
DA:29,23
DA:30,23
DA:31,23
DA:32,23
DA:33,116
DA:34,118
DA:35,118
DA:36,118
DA:37,118
DA:38,118
DA:39,118
DA:40,118
DA:41,118
DA:43,116
DA:44,124
DA:45,125
DA:46,125
DA:47,125
DA:48,125
DA:49,125
DA:50,500
DA:51,125
DA:52,125
DA:53,125
DA:56,131
DA:57,131
DA:58,131
DA:60,0
DA:61,0
DA:62,0
DA:65,124
DA:66,124
DA:67,124
DA:68,124
DA:70,0
DA:71,0
DA:72,0
DA:74,124
DA:75,124
DA:76,124
DA:77,126
DA:78,126
DA:79,126
DA:80,126
DA:81,126
DA:82,126
DA:83,126
DA:84,126
DA:85,126
DA:86,124
DA:88,129
DA:89,129
DA:90,129
DA:91,129
DA:92,129
DA:93,129
DA:94,129
DA:95,129
DA:96,129
DA:98,116
DA:99,148
DA:101,148
DA:102,148
DA:103,148
DA:105,148
DA:106,195
DA:107,195
DA:109,0
DA:110,0
DA:111,0
DA:113,195
DA:114,195
DA:116,148
DA:117,148
DA:118,148
DA:119,148
DA:120,148
DA:121,148
DA:122,148
DA:123,148
DA:124,148
DA:127,167
DA:128,167
DA:129,167
DA:130,167
DA:131,167
DA:132,167
DA:133,167
DA:134,167
DA:135,116
DA:140,23
DA:141,23
DA:142,23
DA:143,23
DA:144,73
DA:145,78
DA:146,78
DA:147,78
DA:148,78
DA:149,78
DA:150,78
DA:151,78
DA:152,78
DA:154,118
DA:157,118
DA:159,73
DA:160,87
DA:164,87
DA:165,89
DA:166,89
DA:167,89
DA:168,89
DA:169,89
DA:170,89
DA:171,89
DA:172,89
DA:173,89
DA:175,99
DA:177,87
DA:178,108
DA:179,108
DA:181,0
DA:182,0
DA:183,0
DA:185,108
DA:186,108
DA:188,99
DA:189,99
DA:190,99
DA:191,99
DA:192,99
DA:193,99
DA:194,99
DA:195,99
DA:196,99
DA:198,73
DA:199,77
DA:201,77
DA:202,78
DA:203,78
DA:204,78
DA:205,78
DA:206,78
DA:207,312
DA:208,78
DA:209,78
DA:210,78
DA:212,80
DA:213,0
DA:214,0
DA:215,0
DA:217,80
DA:218,80
DA:219,80
DA:220,80
DA:221,80
DA:222,80
DA:223,80
DA:224,80
DA:225,80
DA:228,867
DA:229,144
DA:230,144
DA:231,144
DA:232,144
DA:233,144
DA:234,144
DA:235,144
DA:236,144
DA:238,78
DA:239,78
DA:240,78
DA:241,78
DA:242,78
DA:243,78
DA:244,78
DA:245,73
DA:250,23
DA:251,23
DA:252,23
DA:253,23
DA:254,31
DA:255,31
DA:260,23
DA:261,83
DA:262,88
DA:263,88
DA:265,83
DA:266,0
DA:267,0
DA:269,105
DA:270,130
DA:271,130
DA:273,105
DA:274,132
DA:275,132
DA:276,133
DA:277,133
DA:278,132
DA:279,122
DA:281,83
DA:282,89
DA:283,91
DA:284,91
DA:285,93
DA:286,93
DA:287,93
DA:289,93
DA:291,127
DA:292,83
DA:297,23
DA:298,23
DA:299,23
DA:300,23
DA:301,23
DA:303,32
DA:304,32
DA:305,33
DA:306,33
DA:308,40
DA:309,32
DA:310,33
DA:311,33
DA:313,39
DA:314,0
DA:315,0
DA:316,0
DA:319,39
DA:320,39
DA:321,39
DA:323,32
DA:324,33
DA:325,33
DA:326,33
DA:327,33
DA:328,33
DA:329,33
DA:330,33
DA:331,33
DA:333,38
DA:334,38
DA:335,38
DA:337,32
DA:338,35
DA:339,35
DA:340,35
DA:341,35
DA:342,35
DA:343,35
DA:344,35
DA:345,35
DA:347,140
DA:348,32
DA:349,23
LH:235
LF:255
end_of_record
SF:/Users/tettuan/github/frontmatter-to-schema/src/domain/models/TypeScriptSchemaMatcher.ts
FN:39,expandSchema
FN:73,mapToSchema
FN:120,expandSchemaRecursive
FN:181,flattenFrontMatterData
FN:219,findBestMatch
FN:248,calculateMatchConfidence
FN:291,calculateHierarchyMatch
FN:311,calculateStringSimilarity
FN:320,levenshteinDistance
FN:342,checkTypeCompatibility
FN:366,setNestedValue
FNDA:7,expandSchema
FNDA:3,mapToSchema
FNDA:18,expandSchemaRecursive
FNDA:9,flattenFrontMatterData
FNDA:18,findBestMatch
FNDA:117,calculateMatchConfidence
FNDA:117,calculateHierarchyMatch
FNDA:117,calculateStringSimilarity
FNDA:117,levenshteinDistance
FNDA:117,checkTypeCompatibility
FNDA:17,setNestedValue
FNF:11
FNH:11
BRDA:41,1,0,0
BRDA:50,1,1,0
BRDA:58,1,2,0
BRDA:79,2,0,0
BRDA:90,2,1,18
BRDA:93,2,2,17
BRDA:96,2,3,1
BRDA:129,7,0,11
BRDA:131,7,1,44
BRDA:132,7,2,23
BRDA:132,7,3,21
BRDA:138,7,4,8
BRDA:138,7,5,8
BRDA:149,7,6,3
BRDA:158,7,7,36
BRDA:158,7,8,8
BRDA:167,7,9,28
BRDA:171,7,10,0
BRDA:187,8,0,22
BRDA:188,8,1,13
BRDA:188,8,2,9
BRDA:190,8,3,3
BRDA:203,8,4,19
BRDA:203,8,5,4
BRDA:211,8,6,15
BRDA:193,9,0,2
BRDA:227,10,0,117
BRDA:234,10,1,33
BRDA:283,11,0,48
BRDA:285,11,1,69
BRDA:299,12,0,29
BRDA:299,12,1,88
BRDA:302,12,2,122
BRDA:303,12,3,64
BRDA:306,12,4,88
BRDA:317,13,0,0
BRDA:325,14,0,977
BRDA:326,14,1,996
BRDA:328,14,2,879
BRDA:329,14,3,6487
BRDA:330,14,4,465
BRDA:330,14,5,6022
BRDA:343,16,0,21
BRDA:343,16,1,96
BRDA:346,16,2,27
BRDA:348,16,3,90
BRDA:352,16,4,80
BRDA:354,16,5,5
BRDA:355,16,6,5
BRDA:357,16,7,5
BRDA:359,16,8,0
BRDA:361,16,9,0
BRDA:374,17,0,21
BRDA:376,17,1,3
BRF:54
BRH:46
DA:7,1
DA:8,1
DA:10,1
DA:34,1
DA:39,1
DA:40,8
DA:41,0
DA:42,0
DA:43,0
DA:44,0
DA:45,0
DA:46,0
DA:48,8
DA:49,8
DA:50,0
DA:52,8
DA:54,8
DA:55,8
DA:56,8
DA:57,8
DA:58,0
DA:59,0
DA:60,0
DA:61,0
DA:62,0
DA:63,0
DA:64,0
DA:66,0
DA:67,0
DA:68,8
DA:73,1
DA:74,1
DA:75,1
DA:76,1
DA:78,4
DA:79,0
DA:80,0
DA:81,0
DA:83,4
DA:84,4
DA:85,4
DA:86,4
DA:87,4
DA:90,4
DA:91,22
DA:93,22
DA:94,39
DA:95,39
DA:96,22
DA:97,23
DA:98,23
DA:99,22
DA:102,4
DA:103,4
DA:104,4
DA:105,4
DA:107,4
DA:108,4
DA:109,4
DA:110,4
DA:111,4
DA:112,4
DA:114,4
DA:115,4
DA:116,4
DA:117,4
DA:118,4
DA:120,1
DA:121,1
DA:122,1
DA:123,1
DA:124,1
DA:125,1
DA:126,1
DA:127,19
DA:128,19
DA:129,19
DA:131,19
DA:132,63
DA:133,63
DA:135,63
DA:136,63
DA:138,63
DA:140,71
DA:141,71
DA:142,71
DA:143,71
DA:144,71
DA:145,71
DA:146,71
DA:149,71
DA:150,74
DA:151,74
DA:152,74
DA:153,74
DA:154,74
DA:155,74
DA:157,74
DA:158,63
DA:160,107
DA:161,107
DA:162,107
DA:163,107
DA:164,107
DA:165,107
DA:167,99
DA:169,127
DA:170,127
DA:171,0
DA:172,127
DA:173,127
DA:174,127
DA:175,127
DA:176,63
DA:177,63
DA:178,19
DA:179,19
DA:181,1
DA:182,1
DA:183,1
DA:184,1
DA:185,10
DA:187,10
DA:188,32
DA:190,32
DA:191,35
DA:192,35
DA:193,41
DA:194,43
DA:195,43
DA:196,43
DA:197,43
DA:198,43
DA:201,43
DA:202,35
DA:203,32
DA:204,55
DA:205,55
DA:206,55
DA:207,55
DA:208,55
DA:211,51
DA:212,66
DA:213,66
DA:214,32
DA:216,10
DA:217,10
DA:219,1
DA:220,1
DA:221,1
DA:222,1
DA:223,1
DA:224,19
DA:225,19
DA:227,19
DA:228,136
DA:229,136
DA:230,136
DA:231,136
DA:234,136
DA:235,169
DA:236,169
DA:237,169
DA:238,169
DA:239,169
DA:240,169
DA:241,169
DA:242,169
DA:243,136
DA:245,19
DA:246,19
DA:248,1
DA:249,1
DA:250,1
DA:251,1
DA:252,1
DA:253,118
DA:256,118
DA:257,118
DA:260,118
DA:261,118
DA:262,118
DA:264,118
DA:267,118
DA:268,118
DA:269,118
DA:270,118
DA:272,118
DA:273,118
DA:274,118
DA:276,118
DA:279,118
DA:280,118
DA:281,118
DA:283,118
DA:284,166
DA:285,166
DA:286,187
DA:288,187
DA:289,118
DA:291,1
DA:292,1
DA:293,1
DA:294,1
DA:295,118
DA:296,118
DA:297,118
DA:299,118
DA:301,206
DA:302,118
DA:303,240
DA:304,304
DA:305,304
DA:306,240
DA:308,206
DA:309,118
DA:311,1
DA:312,118
DA:313,118
DA:314,118
DA:316,118
DA:317,0
DA:318,118
DA:320,1
DA:321,118
DA:322,118
DA:325,118
DA:326,118
DA:328,118
DA:329,997
DA:330,7484
DA:331,7484
DA:332,7484
DA:333,7484
DA:334,7484
DA:336,7484
DA:337,997
DA:339,118
DA:340,118
DA:342,1
DA:343,118
DA:346,118
DA:347,145
DA:348,145
DA:351,208
DA:352,118
DA:353,198
DA:354,118
DA:355,118
DA:356,123
DA:357,118
DA:358,123
DA:359,0
DA:360,0
DA:361,0
DA:362,0
DA:363,118
DA:364,118
DA:366,1
DA:367,1
DA:368,1
DA:369,1
DA:370,1
DA:371,18
DA:372,18
DA:374,18
DA:375,39
DA:376,39
DA:377,42
DA:378,42
DA:379,39
DA:380,39
DA:382,18
DA:383,18
DA:384,18
DA:385,1
LH:251
LF:276
end_of_record
SF:/Users/tettuan/github/frontmatter-to-schema/src/domain/models/domain-models.ts
FN:12,<instance_members_initializer>
FN:13,SchemaDefinition
FN:18,create
FN:46,getDefinition
FN:50,getFormat
FN:54,validate
FN:71,<instance_members_initializer>
FN:72,Schema
FN:78,create
FN:96,getId
FN:100,getDefinition
FN:104,getDescription
FN:108,validate
FN:119,<instance_members_initializer>
FN:120,TemplateDefinition
FN:125,create
FN:142,getDefinition
FN:146,getFormat
FN:151,<instance_members_initializer>
FN:152,Template
FN:158,create
FN:176,getId
FN:180,getDefinition
FN:184,getDescription
FN:188,render
FNDA:115,<instance_members_initializer>
FNDA:115,SchemaDefinition
FNDA:126,create
FNDA:21,getDefinition
FNDA:6,getFormat
FNDA:26,validate
FNDA:32,<instance_members_initializer>
FNDA:32,Schema
FNDA:34,create
FNDA:5,getId
FNDA:19,getDefinition
FNDA:4,getDescription
FNDA:12,validate
FNDA:76,<instance_members_initializer>
FNDA:76,TemplateDefinition
FNDA:78,create
FNDA:117,getDefinition
FNDA:203,getFormat
FNDA:75,<instance_members_initializer>
FNDA:75,Template
FNDA:75,create
FNDA:97,getId
FNDA:320,getDefinition
FNDA:0,getDescription
FNDA:0,render
FNF:25
FNH:23
BRDA:22,3,0,5
BRDA:27,3,1,125
BRDA:27,3,2,121
BRDA:30,3,3,117
BRDA:30,3,4,117
BRDA:32,3,5,6
BRDA:41,3,6,115
BRDA:58,6,0,23
BRDA:58,6,1,6
BRDA:63,6,2,20
BRDA:83,9,0,33
BRDA:83,9,1,2
BRDA:88,9,2,32
BRDA:129,16,0,76
BRDA:129,16,1,2
BRDA:134,16,2,76
BRDA:163,21,0,0
BRF:17
BRH:16
DA:12,11
DA:13,11
DA:14,137
DA:15,137
DA:16,137
DA:18,11
DA:19,11
DA:20,11
DA:21,11
DA:22,137
DA:23,142
DA:24,142
DA:25,568
DA:26,142
DA:27,142
DA:29,137
DA:30,137
DA:31,137
DA:32,137
DA:33,143
DA:34,143
DA:35,143
DA:36,143
DA:37,143
DA:38,143
DA:39,143
DA:40,143
DA:41,143
DA:43,1008
DA:44,137
DA:46,11
DA:47,32
DA:48,32
DA:50,11
DA:51,17
DA:52,17
DA:54,11
DA:55,11
DA:56,11
DA:58,37
DA:59,43
DA:60,43
DA:61,172
DA:62,43
DA:63,43
DA:67,228
DA:68,37
DA:69,11
DA:71,11
DA:72,11
DA:73,54
DA:74,54
DA:75,54
DA:76,54
DA:78,11
DA:79,11
DA:80,11
DA:81,11
DA:82,11
DA:83,45
DA:84,47
DA:85,47
DA:86,188
DA:87,47
DA:88,47
DA:90,77
DA:91,77
DA:92,77
DA:93,77
DA:94,45
DA:96,11
DA:97,16
DA:98,16
DA:100,11
DA:101,30
DA:102,30
DA:104,11
DA:105,15
DA:106,15
DA:108,11
DA:109,11
DA:110,11
DA:111,23
DA:112,23
DA:113,11
DA:119,11
DA:120,11
DA:121,98
DA:122,98
DA:123,98
DA:125,11
DA:126,11
DA:127,11
DA:128,11
DA:129,89
DA:130,91
DA:131,91
DA:132,364
DA:133,91
DA:134,91
DA:136,165
DA:137,165
DA:138,165
DA:139,165
DA:140,89
DA:142,11
DA:143,128
DA:144,128
DA:146,11
DA:147,214
DA:148,214
DA:149,11
DA:151,11
DA:152,11
DA:153,97
DA:154,97
DA:155,97
DA:156,97
DA:158,11
DA:159,11
DA:160,11
DA:161,11
DA:162,11
DA:163,0
DA:164,0
DA:165,0
DA:166,0
DA:167,0
DA:168,0
DA:170,86
DA:171,86
DA:172,86
DA:173,86
DA:174,86
DA:176,11
DA:177,108
DA:178,108
DA:180,11
DA:181,331
DA:182,331
DA:184,0
DA:185,0
DA:186,0
DA:188,0
DA:191,0
DA:192,0
DA:193,0
DA:194,0
DA:195,0
DA:196,0
DA:197,0
DA:198,0
DA:199,0
DA:200,0
DA:201,0
DA:202,0
DA:203,0
DA:204,11
LH:135
LF:158
end_of_record
SF:/Users/tettuan/github/frontmatter-to-schema/src/domain/models/entities.ts
FN:17,<instance_members_initializer>
FN:18,DocumentId
FN:20,create
FN:34,fromPath
FN:38,getValue
FN:42,equals
FN:47,<instance_members_initializer>
FN:48,SchemaId
FN:50,create
FN:64,getValue
FN:68,equals
FN:73,<instance_members_initializer>
FN:74,TemplateId
FN:76,create
FN:90,getValue
FN:94,equals
FN:99,<instance_members_initializer>
FN:100,AnalysisId
FN:102,create
FN:116,generate
FN:120,getValue
FN:124,equals
FN:130,<instance_members_initializer>
FN:131,Document
FN:138,create
FN:146,getId
FN:150,getPath
FN:154,getFrontMatter
FN:158,getContent
FN:162,hasFrontMatter
FN:167,<instance_members_initializer>
FN:168,FrontMatter
FN:173,create
FN:180,getContent
FN:184,getRaw
FN:188,toObject
FN:193,<instance_members_initializer>
FN:194,Schema
FN:201,create
FN:210,getId
FN:214,getDefinition
FN:218,getVersion
FN:222,getDescription
FN:226,validate
FN:237,<instance_members_initializer>
FN:238,Template
FN:245,create
FN:254,getId
FN:258,getFormat
FN:262,getMappingRules
FN:266,getDescription
FN:270,applyRules
FN:311,setValueByPath
FN:339,<instance_members_initializer>
FN:340,ExtractedData
FN:342,create
FN:346,getData
FN:350,getValue
FN:354,has
FN:359,<instance_members_initializer>
FN:360,MappedData
FN:362,create
FN:366,getData
FN:370,toJSON
FN:374,toYAML
FN:379,objectToYAML
FN:412,<instance_members_initializer>
FN:413,AnalysisResult
FN:421,create
FN:435,getId
FN:439,getDocument
FN:443,getExtractedData
FN:447,getMappedData
FN:451,getTimestamp
FN:456,<instance_members_initializer>
FN:457,AggregatedResult
FN:463,create
FN:470,getResults
FN:474,getFormat
FN:478,getTimestamp
FN:482,toOutput
FN:493,objectToYAML
FNDA:361,<instance_members_initializer>
FNDA:361,DocumentId
FNDA:6,create
FNDA:357,fromPath
FNDA:4,getValue
FNDA:2,equals
FNDA:31,<instance_members_initializer>
FNDA:31,SchemaId
FNDA:32,create
FNDA:6,getValue
FNDA:0,equals
FNDA:53,<instance_members_initializer>
FNDA:53,TemplateId
FNDA:54,create
FNDA:6,getValue
FNDA:0,equals
FNDA:203,<instance_members_initializer>
FNDA:203,AnalysisId
FNDA:1,create
FNDA:202,generate
FNDA:6,getValue
FNDA:2,equals
FNDA:356,<instance_members_initializer>
FNDA:356,Document
FNDA:356,create
FNDA:2,getId
FNDA:284,getPath
FNDA:64,getFrontMatter
FNDA:52,getContent
FNDA:85,hasFrontMatter
FNDA:194,<instance_members_initializer>
FNDA:194,FrontMatter
FNDA:194,create
FNDA:52,getContent
FNDA:23,getRaw
FNDA:11,toObject
FNDA:29,<instance_members_initializer>
FNDA:29,Schema
FNDA:29,create
FNDA:4,getId
FNDA:59,getDefinition
FNDA:4,getVersion
FNDA:4,getDescription
FNDA:2,validate
FNDA:52,<instance_members_initializer>
FNDA:52,Template
FNDA:52,create
FNDA:5,getId
FNDA:16,getFormat
FNDA:8,getMappingRules
FNDA:3,getDescription
FNDA:54,applyRules
FNDA:91,setValueByPath
FNDA:222,<instance_members_initializer>
FNDA:222,ExtractedData
FNDA:222,create
FNDA:68,getData
FNDA:4,getValue
FNDA:4,has
FNDA:217,<instance_members_initializer>
FNDA:217,MappedData
FNDA:217,create
FNDA:53,getData
FNDA:11,toJSON
FNDA:3,toYAML
FNDA:7,objectToYAML
FNDA:199,<instance_members_initializer>
FNDA:199,AnalysisResult
FNDA:199,create
FNDA:4,getId
FNDA:2,getDocument
FNDA:1,getExtractedData
FNDA:55,getMappedData
FNDA:1,getTimestamp
FNDA:36,<instance_members_initializer>
FNDA:36,AggregatedResult
FNDA:36,create
FNDA:19,getResults
FNDA:14,getFormat
FNDA:2,getTimestamp
FNDA:8,toOutput
FNDA:1,objectToYAML
FNF:82
FNH:80
BRDA:23,3,0,5
BRDA:23,3,1,2
BRDA:30,3,2,4
BRDA:53,9,0,31
BRDA:53,9,1,1
BRDA:60,9,2,31
BRDA:79,14,0,53
BRDA:79,14,1,1
BRDA:86,14,2,53
BRDA:105,19,0,0
BRDA:228,44,0,1
BRDA:276,52,0,0
BRDA:276,52,1,0
BRDA:291,52,2,1
BRDA:293,52,3,53
BRDA:298,52,4,295
BRDA:303,52,5,91
BRDA:320,53,0,86
BRDA:321,53,1,85
BRDA:327,53,2,0
BRDA:383,66,0,0
BRDA:387,66,1,13
BRDA:388,66,2,0
BRDA:390,66,3,5
BRDA:390,66,4,2
BRDA:393,66,5,11
BRDA:393,66,6,3
BRDA:395,66,7,6
BRDA:396,66,8,2
BRDA:399,66,9,4
BRDA:403,66,10,8
BRDA:485,81,0,7
BRDA:487,81,1,1
BRDA:499,84,0,0
BRDA:506,84,1,2
BRDA:509,84,2,0
BRF:36
BRH:28
DA:14,22
DA:17,22
DA:18,788
DA:20,22
DA:21,22
DA:22,22
DA:23,28
DA:24,30
DA:25,30
DA:26,30
DA:27,30
DA:28,30
DA:29,30
DA:30,30
DA:31,128
DA:32,28
DA:34,22
DA:35,379
DA:36,379
DA:38,22
DA:39,26
DA:40,26
DA:42,22
DA:43,24
DA:44,24
DA:45,22
DA:47,22
DA:48,128
DA:50,22
DA:51,22
DA:52,22
DA:53,54
DA:54,55
DA:55,55
DA:56,55
DA:57,55
DA:58,55
DA:59,55
DA:60,55
DA:61,340
DA:62,54
DA:64,22
DA:65,28
DA:66,28
DA:68,0
DA:69,0
DA:70,0
DA:71,22
DA:73,22
DA:74,172
DA:76,22
DA:77,22
DA:78,22
DA:79,76
DA:80,77
DA:81,77
DA:82,77
DA:83,77
DA:84,77
DA:85,77
DA:86,77
DA:87,516
DA:88,76
DA:90,22
DA:91,28
DA:92,28
DA:94,0
DA:95,0
DA:96,0
DA:97,22
DA:99,22
DA:100,472
DA:102,22
DA:103,22
DA:104,22
DA:105,0
DA:106,0
DA:107,0
DA:108,0
DA:109,0
DA:110,0
DA:111,0
DA:112,0
DA:113,92
DA:114,23
DA:116,22
DA:117,224
DA:118,224
DA:120,22
DA:121,28
DA:122,28
DA:124,22
DA:125,24
DA:126,24
DA:127,22
DA:130,22
DA:131,22
DA:132,400
DA:133,400
DA:134,400
DA:135,400
DA:136,400
DA:138,22
DA:139,22
DA:140,22
DA:141,22
DA:142,22
DA:143,378
DA:144,378
DA:146,22
DA:147,24
DA:148,24
DA:150,22
DA:151,306
DA:152,306
DA:154,22
DA:155,86
DA:156,86
DA:158,22
DA:159,74
DA:160,74
DA:162,22
DA:163,107
DA:164,107
DA:165,22
DA:167,22
DA:168,22
DA:169,238
DA:170,238
DA:171,238
DA:173,22
DA:174,22
DA:175,22
DA:176,22
DA:177,216
DA:178,216
DA:180,22
DA:181,74
DA:182,74
DA:184,22
DA:185,45
DA:186,45
DA:188,22
DA:189,33
DA:190,33
DA:191,22
DA:193,22
DA:194,22
DA:195,73
DA:196,73
DA:197,73
DA:198,73
DA:199,73
DA:201,22
DA:202,22
DA:203,22
DA:204,22
DA:205,22
DA:206,22
DA:207,51
DA:208,51
DA:210,22
DA:211,26
DA:212,26
DA:214,22
DA:215,81
DA:216,81
DA:218,22
DA:219,26
DA:220,26
DA:222,22
DA:223,26
DA:224,26
DA:226,22
DA:227,24
DA:228,24
DA:229,100
DA:230,25
DA:233,100
DA:234,24
DA:235,22
DA:237,22
DA:238,22
DA:239,96
DA:240,96
DA:241,96
DA:242,96
DA:243,96
DA:245,22
DA:246,22
DA:247,22
DA:248,22
DA:249,22
DA:250,22
DA:251,74
DA:252,74
DA:254,22
DA:255,27
DA:256,27
DA:258,22
DA:259,38
DA:260,38
DA:262,22
DA:263,30
DA:264,30
DA:266,22
DA:267,25
DA:268,25
DA:270,22
DA:271,22
DA:272,22
DA:273,22
DA:274,22
DA:276,0
DA:277,0
DA:278,0
DA:279,0
DA:280,0
DA:281,0
DA:284,0
DA:286,0
DA:287,0
DA:288,0
DA:291,76
DA:292,77
DA:293,77
DA:295,129
DA:298,129
DA:299,424
DA:300,424
DA:303,424
DA:304,515
DA:305,515
DA:306,424
DA:308,129
DA:309,76
DA:311,22
DA:312,22
DA:313,22
DA:314,22
DA:315,22
DA:316,113
DA:317,113
DA:319,113
DA:320,113
DA:321,199
DA:322,284
DA:323,284
DA:324,199
DA:325,199
DA:326,199
DA:327,0
DA:329,0
DA:330,0
DA:331,0
DA:332,199
DA:334,113
DA:335,113
DA:336,22
DA:339,22
DA:340,510
DA:342,22
DA:343,244
DA:344,244
DA:346,22
DA:347,270
DA:348,90
DA:350,22
DA:351,26
DA:352,26
DA:354,22
DA:355,26
DA:356,26
DA:357,22
DA:359,22
DA:360,500
DA:362,22
DA:363,239
DA:364,239
DA:366,22
DA:367,225
DA:368,75
DA:370,22
DA:371,33
DA:372,33
DA:374,22
DA:376,25
DA:377,25
DA:379,22
DA:380,29
DA:381,29
DA:383,0
DA:384,0
DA:385,0
DA:387,29
DA:388,0
DA:389,0
DA:390,0
DA:391,44
DA:392,44
DA:393,42
DA:394,56
DA:395,56
DA:396,62
DA:397,64
DA:398,64
DA:399,62
DA:400,66
DA:401,66
DA:402,62
DA:403,53
DA:404,61
DA:405,61
DA:406,42
DA:408,29
DA:409,29
DA:410,22
DA:412,22
DA:413,22
DA:414,243
DA:415,243
DA:416,243
DA:417,243
DA:418,243
DA:419,243
DA:421,22
DA:422,22
DA:423,22
DA:424,22
DA:425,22
DA:426,221
DA:427,221
DA:428,221
DA:429,221
DA:430,221
DA:431,221
DA:433,221
DA:435,22
DA:436,26
DA:437,26
DA:439,22
DA:440,24
DA:441,24
DA:443,22
DA:444,23
DA:445,23
DA:447,22
DA:448,77
DA:449,77
DA:451,22
DA:452,23
DA:453,23
DA:454,22
DA:456,22
DA:457,22
DA:458,80
DA:459,80
DA:460,80
DA:461,80
DA:463,22
DA:464,22
DA:465,22
DA:466,22
DA:467,58
DA:468,58
DA:470,22
DA:471,123
DA:472,41
DA:474,22
DA:475,36
DA:476,36
DA:478,22
DA:479,24
DA:480,24
DA:482,22
DA:483,30
DA:485,30
DA:486,111
DA:487,30
DA:489,31
DA:490,31
DA:491,30
DA:493,22
DA:494,23
DA:495,23
DA:497,23
DA:499,0
DA:500,0
DA:501,0
DA:503,23
DA:504,23
DA:505,23
DA:506,23
DA:507,25
DA:508,25
DA:509,0
DA:510,0
DA:511,0
DA:512,0
DA:513,0
DA:514,0
DA:515,0
DA:516,0
DA:517,23
DA:519,23
DA:520,23
DA:521,22
DA:524,22
LH:363
LF:408
end_of_record
SF:/Users/tettuan/github/frontmatter-to-schema/src/domain/models/value-objects.ts
FN:31,<instance_members_initializer>
FN:32,DocumentPath
FN:40,create
FN:101,getValue
FN:109,getDirectory
FN:118,getFilename
FN:127,isMarkdown
FN:133,<instance_members_initializer>
FN:134,FrontMatterContent
FN:136,create
FN:143,fromObject
FN:178,fromYaml
FN:197,getValue
FN:201,toJSON
FN:211,parseSimpleYaml
FN:246,parseYamlValue
FN:279,keys
FN:287,get
FN:295,size
FN:300,<instance_members_initializer>
FN:301,DocumentContent
FN:303,create
FN:309,getValue
FN:313,getLines
FN:319,<instance_members_initializer>
FN:320,ConfigPath
FN:322,create
FN:352,getValue
FN:356,resolve
FN:364,<instance_members_initializer>
FN:365,OutputPath
FN:367,create
FN:383,getValue
FN:387,withExtension
FN:394,<instance_members_initializer>
FN:395,SchemaDefinition
FN:400,create
FN:432,getValue
FN:436,getVersion
FN:440,validate
FN:460,<instance_members_initializer>
FN:461,SchemaVersion
FN:467,create
FN:501,toString
FN:505,isCompatibleWith
FN:511,<instance_members_initializer>
FN:512,TemplateFormat
FN:517,create
FN:554,getFormat
FN:558,getTemplate
FN:563,<instance_members_initializer>
FN:564,MappingRule
FN:570,create
FN:588,getSource
FN:592,getTarget
FN:596,apply
FN:607,getValueByPath
FN:635,<instance_members_initializer>
FN:636,ProcessingOptions
FN:642,create
FN:667,isParallel
FN:671,getMaxConcurrency
FN:675,shouldContinueOnError
FNDA:517,<instance_members_initializer>
FNDA:517,DocumentPath
FNDA:533,create
FNDA:832,getValue
FNDA:6,getDirectory
FNDA:8,getFilename
FNDA:76,isMarkdown
FNDA:293,<instance_members_initializer>
FNDA:293,FrontMatterContent
FNDA:210,create
FNDA:21,fromObject
FNDA:67,fromYaml
FNDA:2,getValue
FNDA:247,toJSON
FNDA:170,parseSimpleYaml
FNDA:1113,parseYamlValue
FNDA:9,keys
FNDA:35,get
FNDA:4,size
FNDA:356,<instance_members_initializer>
FNDA:356,DocumentContent
FNDA:356,create
FNDA:44,getValue
FNDA:0,getLines
FNDA:103,<instance_members_initializer>
FNDA:103,ConfigPath
FNDA:116,create
FNDA:78,getValue
FNDA:4,resolve
FNDA:44,<instance_members_initializer>
FNDA:44,OutputPath
FNDA:44,create
FNDA:47,getValue
FNDA:3,withExtension
FNDA:35,<instance_members_initializer>
FNDA:35,SchemaDefinition
FNDA:42,create
FNDA:61,getValue
FNDA:3,getVersion
FNDA:2,validate
FNDA:38,<instance_members_initializer>
FNDA:38,SchemaVersion
FNDA:47,create
FNDA:9,toString
FNDA:3,isCompatibleWith
[...]
BRF:37
BRH:27
DA:3,13
DA:4,13
DA:6,13
DA:8,13
DA:9,13
DA:10,13
DA:11,13
DA:12,13
DA:13,13
DA:14,13
DA:17,13
DA:18,13
DA:19,13
DA:20,13
DA:21,28
DA:22,28
DA:23,28
DA:25,28
DA:26,29
DA:27,29
DA:29,87
DA:30,29
DA:33,28
DA:34,28
DA:36,35
DA:37,0
DA:38,35
DA:39,28
DA:40,29
DA:41,29
DA:43,87
DA:44,29
DA:46,28
DA:48,28
DA:49,28
DA:50,29
DA:51,29
DA:52,29
DA:53,29
DA:54,29
DA:55,29
DA:56,29
DA:57,29
DA:58,29
DA:61,28
DA:62,29
DA:63,29
DA:65,87
DA:66,29
DA:68,41
DA:69,41
DA:70,41
DA:71,164
DA:72,123
DA:73,28
DA:74,28
DA:75,122
DA:76,127
DA:77,127
DA:79,127
DA:80,127
DA:81,127
DA:82,127
DA:83,127
DA:85,122
DA:86,122
DA:87,122
DA:88,127
DA:89,127
DA:91,127
DA:92,127
DA:93,127
DA:94,127
DA:95,127
DA:97,122
DA:98,122
DA:99,122
DA:100,122
DA:101,122
DA:102,122
DA:103,127
DA:104,127
DA:106,127
DA:107,127
DA:108,127
DA:109,127
DA:110,0
DA:111,0
DA:112,0
DA:114,0
DA:115,0
DA:116,0
DA:117,0
DA:118,0
DA:119,0
DA:120,0
DA:121,0
DA:123,0
DA:124,0
DA:125,122
DA:126,122
DA:128,28
DA:129,29
DA:130,29
DA:132,29
DA:133,29
DA:134,29
DA:135,29
DA:136,29
DA:138,164
DA:139,28
DA:140,29
DA:141,29
DA:142,29
DA:143,116
DA:144,29
DA:145,29
DA:146,0
DA:147,0
DA:148,0
DA:149,0
DA:150,0
DA:151,0
DA:152,0
DA:153,0
DA:154,0
DA:155,0
DA:156,0
DA:157,0
DA:158,0
DA:159,0
DA:160,0
DA:161,0
DA:162,29
DA:163,29
DA:164,29
DA:165,28
DA:167,13
DA:168,13
DA:169,13
DA:170,13
DA:171,25
DA:172,25
DA:174,25
DA:175,25
DA:176,25
DA:177,100
DA:178,100
DA:179,50
DA:180,25
DA:181,25
DA:182,63
DA:183,63
DA:184,63
DA:185,63
DA:186,63
DA:187,63
DA:188,63
DA:189,63
DA:190,63
DA:191,63
DA:193,132
DA:194,25
DA:195,26
DA:196,26
DA:197,26
DA:198,26
DA:199,26
DA:200,0
DA:201,26
DA:202,26
DA:203,26
DA:204,25
DA:206,13
DA:207,13
DA:208,13
DA:209,168
DA:211,168
DA:212,168
DA:215,320
DA:216,320
DA:218,320
DA:219,320
DA:220,168
DA:221,168
DA:222,168
DA:224,295
DA:225,295
DA:226,295
DA:229,295
DA:231,0
DA:232,0
DA:233,295
DA:234,295
DA:235,295
DA:237,295
DA:238,295
DA:239,295
DA:240,168
DA:242,193
DA:244,320
DA:245,0
DA:246,0
DA:247,0
DA:248,0
DA:249,0
DA:250,0
DA:251,0
DA:252,0
DA:253,0
DA:254,0
DA:256,320
DA:257,320
DA:258,320
DA:259,320
DA:261,1280
DA:262,168
DA:263,171
DA:264,171
DA:265,171
DA:266,684
DA:267,171
DA:268,171
DA:269,0
DA:270,0
DA:271,0
DA:272,0
DA:273,0
DA:274,0
DA:275,0
DA:276,0
DA:277,0
DA:278,0
DA:279,0
DA:280,0
DA:281,0
DA:282,0
DA:283,0
DA:284,0
DA:285,171
DA:286,171
DA:287,171
DA:288,168
DA:289,13
LH:185
LF:244
end_of_record
SF:/Users/tettuan/github/frontmatter-to-schema/src/infrastructure/adapters/frontmatter-extractor-impl.ts
FN:17,extract
FNDA:82,extract
FNF:1
FNH:1
BRDA:21,1,0,42
BRDA:24,1,1,0
BRDA:36,1,2,41
BRDA:36,1,3,40
BRDA:42,1,4,4
BRDA:44,1,5,36
BRDA:52,1,6,30
BRDA:53,1,7,30
BRDA:55,1,8,41
BRDA:55,1,9,3
BRDA:57,1,10,30
BRDA:71,1,11,0
BRDA:80,1,12,30
BRDA:84,1,13,0
BRDA:92,1,14,3
BRDA:98,1,15,0
BRF:16
BRH:12
DA:3,14
DA:4,14
DA:5,14
DA:8,14
DA:9,14
DA:10,14
DA:16,14
DA:17,14
DA:18,14
DA:19,14
DA:21,96
DA:22,138
DA:24,0
DA:25,0
DA:26,0
DA:27,0
DA:28,0
DA:29,0
DA:30,0
DA:31,0
DA:32,0
DA:33,0
DA:34,0
DA:35,966
DA:36,138
DA:38,177
DA:39,177
DA:42,137
DA:43,846
DA:44,141
DA:46,173
DA:49,173
DA:51,96
DA:52,96
DA:53,96
DA:54,96
DA:55,96
DA:56,840
DA:57,140
DA:60,167
DA:61,167
DA:62,167
DA:63,167
DA:66,167
DA:67,167
DA:68,167
DA:71,0
DA:72,0
DA:73,0
DA:74,0
DA:75,0
DA:76,0
DA:77,0
DA:78,0
DA:79,0
DA:80,0
DA:83,167
DA:84,0
DA:86,96
DA:87,96
DA:88,96
DA:91,672
DA:92,96
DA:93,99
DA:94,99
DA:95,99
DA:96,99
DA:97,99
DA:98,0
DA:99,99
DA:100,99
DA:101,99
DA:102,96
DA:103,14
LH:51
LF:74
end_of_record
SF:/Users/tettuan/github/frontmatter-to-schema/src/infrastructure/adapters/mock-analyzer.ts
FN:25,<instance_members_initializer>
FN:26,MockAnalyzer
FN:42,analyze
FN:60,analyzeAI
FN:67,doAnalyzeAI
FN:128,analyzeSchema
FN:136,doAnalyzeSchema
FNDA:6,<instance_members_initializer>
FNDA:6,MockAnalyzer
FNDA:41,analyze
FNDA:0,analyzeAI
FNDA:0,doAnalyzeAI
FNDA:41,analyzeSchema
FNDA:41,doAnalyzeSchema
FNF:7
FNH:5
BRDA:50,3,0,0
BRDA:50,3,1,0
BRDA:151,7,0,0
BRDA:161,7,1,0
BRF:4
BRH:0
DA:7,12
DA:8,12
DA:9,12
DA:12,12
DA:20,12
DA:25,12
DA:26,12
DA:27,30
DA:28,30
DA:29,30
DA:30,30
DA:42,12
DA:43,12
DA:44,12
DA:48,12
DA:50,0
DA:51,0
DA:52,0
DA:54,53
DA:55,53
DA:60,0
DA:61,0
DA:62,0
DA:64,0
DA:65,0
DA:67,0
DA:68,0
DA:69,0
DA:70,0
DA:72,0
DA:73,0
DA:74,0
DA:75,0
DA:77,0
DA:78,0
DA:81,0
DA:83,0
DA:85,0
DA:86,0
DA:87,0
DA:88,0
DA:89,0
DA:90,0
DA:92,0
DA:93,0
DA:94,0
DA:95,0
DA:96,0
DA:98,0
DA:99,0
DA:100,0
DA:101,0
DA:102,0
DA:104,0
DA:105,0
DA:106,0
DA:107,0
DA:108,0
DA:109,0
DA:110,0
DA:111,0
DA:112,0
DA:113,0
DA:114,0
DA:115,0
DA:116,0
DA:117,0
DA:118,0
DA:119,0
DA:121,0
DA:122,0
DA:123,0
DA:128,12
DA:129,12
DA:130,12
DA:131,12
DA:133,53
DA:134,53
DA:136,12
DA:137,12
DA:138,12
DA:139,12
DA:140,53
DA:142,53
DA:148,53
DA:149,53
DA:150,53
DA:151,0
DA:153,53
DA:154,53
DA:155,53
DA:157,53
DA:158,53
DA:159,53
DA:160,53
DA:161,0
DA:162,0
DA:163,0
DA:164,0
DA:165,0
DA:166,0
DA:167,0
DA:168,0
DA:169,0
DA:170,0
DA:171,53
DA:172,12
DA:175,12
DA:176,12
LH:43
LF:109
end_of_record
SF:/Users/tettuan/github/frontmatter-to-schema/src/infrastructure/adapters/result-aggregator-impl.ts
FN:11,<instance_members_initializer>
FN:12,ResultAggregatorImpl
FN:16,aggregate
FNDA:23,<instance_members_initializer>
FNDA:23,ResultAggregatorImpl
FNDA:19,aggregate
FNF:3
FNH:3
BRDA:20,3,0,1
BRDA:29,3,1,17
BRDA:33,3,2,1
BRDA:42,3,3,0
BRF:4
BRH:3
DA:4,13
DA:5,13
DA:6,13
DA:8,13
DA:11,13
DA:12,13
DA:13,49
DA:14,49
DA:16,13
DA:17,13
DA:18,13
DA:19,32
DA:20,32
DA:21,33
DA:22,33
DA:23,33
DA:24,33
DA:25,33
DA:26,99
DA:27,33
DA:28,33
DA:29,33
DA:31,49
DA:32,196
DA:33,32
DA:34,33
DA:35,33
DA:36,33
DA:37,33
DA:38,33
DA:39,33
DA:40,33
DA:41,33
DA:42,0
DA:43,33
DA:44,33
DA:45,33
DA:46,33
DA:47,32
DA:48,13
LH:39
LF:40
end_of_record
SF:/Users/tettuan/github/frontmatter-to-schema/src/infrastructure/filesystem/file-system.ts
FN:6,readDirectory
FN:23,readFile
FN:27,exists
FN:38,writeJson
FN:43,ensureDir
FNDA:0,readDirectory
FNDA:0,readFile
FNDA:0,exists
FNDA:0,writeJson
FNDA:0,ensureDir
FNF:5
FNH:0
BRF:0
BRH:0
DA:2,1
DA:3,1
DA:5,1
DA:6,0
DA:7,0
DA:9,0
DA:10,0
DA:11,0
DA:12,0
DA:13,0
DA:14,0
DA:15,0
DA:16,0
DA:17,0
DA:18,0
DA:20,0
DA:21,0
DA:23,0
DA:24,0
DA:25,0
DA:27,0
DA:28,0
DA:29,0
DA:30,0
DA:31,0
DA:32,0
DA:33,0
DA:34,0
DA:35,1
DA:37,1
DA:38,0
DA:39,0
DA:40,0
DA:41,0
DA:43,0
DA:44,0
DA:45,0
DA:46,1
LH:6
LF:38
end_of_record
SF:/Users/tettuan/github/frontmatter-to-schema/src/infrastructure/template/file-template-repository.ts
FN:20,<instance_members_initializer>
FN:23,FileTemplateRepository
FN:25,load
FN:63,loadFromPath
FN:170,save
FN:211,exists
FN:220,list
FN:261,determineTemplateFormat
FN:292,getSupportedExtensions
FN:299,isSupportedExtension
FNDA:14,<instance_members_initializer>
FNDA:14,FileTemplateRepository
FNDA:61,load
FNDA:100,loadFromPath
FNDA:47,save
FNDA:3,exists
FNDA:3,list
FNDA:1,determineTemplateFormat
FNDA:15,getSupportedExtensions
FNDA:15,isSupportedExtension
FNF:10
FNH:10
BRDA:30,3,0,56
BRDA:30,3,1,41
BRDA:32,3,2,20
BRDA:43,3,3,100
BRDA:47,3,4,0
BRDA:52,3,5,20
BRDA:68,4,0,1
BRDA:71,4,1,0
BRDA:73,4,2,20
BRDA:73,4,3,0
BRDA:75,4,4,1
BRDA:85,4,5,0
BRDA:95,4,6,1
BRDA:98,4,7,0
BRDA:107,4,8,20
BRDA:107,4,9,0
BRDA:116,4,10,1
BRDA:146,4,11,0
BRDA:149,4,12,99
BRDA:158,4,13,0
BRDA:164,4,14,0
BRDA:175,5,0,5
BRDA:176,5,1,42
BRDA:177,5,2,1
BRDA:178,5,3,41
BRDA:184,5,4,46
BRDA:191,5,5,1
BRDA:193,5,6,0
BRDA:195,5,7,0
BRDA:205,5,8,0
BRDA:212,6,0,2
BRDA:214,6,1,1
BRDA:225,7,0,15
BRDA:241,7,1,0
BRDA:274,8,0,0
BRDA:276,8,1,0
BRF:36
BRH:21
DA:7,3
DA:8,3
DA:9,3
DA:10,3
DA:11,3
DA:13,3
DA:14,3
DA:15,3
DA:16,3
DA:17,3
DA:18,3
DA:20,3
DA:21,20
DA:23,37
DA:25,3
DA:26,3
DA:27,3
DA:29,64
DA:30,64
DA:31,644
DA:32,161
DA:35,140
DA:36,140
DA:37,140
DA:38,140
DA:39,140
DA:40,140
DA:41,140
DA:43,64
DA:44,164
DA:45,164
DA:46,164
DA:47,0
DA:48,0
DA:49,0
DA:50,0
DA:51,164
DA:52,164
DA:54,84
DA:55,84
DA:56,84
DA:57,84
DA:58,84
DA:59,84
DA:60,84
DA:61,64
DA:63,3
DA:64,3
DA:65,3
DA:66,103
DA:67,103
DA:68,103
DA:71,0
DA:72,103
DA:73,0
DA:74,0
DA:75,0
DA:76,124
DA:77,124
DA:84,124
DA:85,0
DA:86,0
DA:87,0
DA:88,0
DA:89,0
DA:90,0
DA:91,0
DA:92,0
DA:93,0
DA:94,0
DA:95,0
DA:98,0
DA:99,103
DA:102,103
DA:103,103
DA:104,103
DA:105,103
DA:107,0
DA:108,0
DA:109,0
DA:110,0
DA:111,0
DA:112,0
DA:113,0
DA:114,0
DA:115,0
DA:116,0
DA:119,124
DA:120,124
DA:121,124
DA:128,124
DA:129,124
DA:132,124
DA:134,124
DA:135,124
DA:136,124
DA:137,124
DA:138,124
DA:139,124
DA:140,124
DA:141,124
DA:142,124
DA:143,124
DA:144,124
DA:145,124
DA:146,124
DA:148,0
DA:149,0
DA:150,202
DA:151,202
DA:152,202
DA:153,202
DA:154,202
DA:155,202
DA:156,202
DA:157,202
DA:158,202
DA:159,0
DA:160,0
DA:161,0
DA:162,0
DA:163,0
DA:164,0
DA:165,202
DA:166,202
DA:167,202
DA:168,103
DA:170,3
DA:171,3
DA:172,3
DA:173,50
DA:174,50
DA:175,50
DA:176,50
DA:177,50
DA:178,50
DA:179,50
DA:180,50
DA:182,50
DA:183,50
DA:184,50
DA:188,96
DA:190,384
DA:191,50
DA:192,51
DA:193,0
DA:194,0
DA:195,0
DA:196,0
DA:197,0
DA:198,51
DA:200,51
DA:201,51
DA:202,51
DA:203,51
DA:204,51
DA:205,0
DA:206,51
DA:207,51
DA:208,51
DA:209,50
DA:211,3
DA:212,6
DA:213,8
DA:214,8
DA:216,7
DA:217,7
DA:218,6
DA:220,3
DA:221,6
DA:222,6
DA:225,6
DA:226,21
DA:227,21
DA:228,21
DA:231,21
DA:232,21
DA:233,21
DA:234,21
DA:235,21
DA:236,21
DA:237,21
DA:238,21
DA:240,24
DA:241,0
DA:242,0
DA:244,0
DA:245,0
DA:246,0
DA:247,0
DA:248,0
DA:249,0
DA:250,0
DA:251,0
DA:252,0
DA:253,0
DA:254,0
DA:255,6
DA:261,3
DA:262,3
DA:263,3
DA:265,4
DA:266,4
DA:267,4
DA:268,4
DA:269,4
DA:270,4
DA:271,4
DA:272,4
DA:274,0
DA:275,4
DA:276,0
DA:277,0
DA:278,0
DA:279,0
DA:280,0
DA:281,0
DA:282,0
DA:283,0
DA:284,0
DA:285,0
DA:286,4
DA:287,4
DA:292,3
DA:293,144
DA:294,18
DA:299,3
DA:300,18
DA:301,18
DA:302,3
LH:162
LF:230
end_of_record
SF:/Users/tettuan/github/frontmatter-to-schema/tests/helpers/breakdown-logger.ts
FN:35,<static_initializer>
FN:36,<instance_members_initializer>
FN:40,BreakdownLogger
FN:49,getInstance
FN:59,isEnabled
FN:66,setEnabled
FN:73,startTimer
FN:81,endTimer
FN:94,debug
FN:101,info
FN:108,warn
FN:115,error
FN:122,logWithTiming
FN:147,logPhase
FN:164,logResult
FN:189,createTestScope
FN:196,clear
FN:204,getEntries
FN:211,exportToJson
FN:218,log
FN:241,output
FN:270,<instance_members_initializer>
FN:271,TestScopeLogger
FN:280,arrange
FN:291,act
FN:302,assert
FN:313,cleanup
FN:324,startTimer
FN:331,endTimer
FN:343,logResult
FN:358,createContext
FN:370,getBreakdownLogger
FN:378,logTestExecution
FNDA:2,<static_initializer>
FNDA:2,<instance_members_initializer>
FNDA:2,BreakdownLogger
FNDA:5,getInstance
FNDA:0,isEnabled
FNDA:0,setEnabled
FNDA:1,startTimer
FNDA:0,endTimer
FNDA:0,debug
FNDA:9,info
FNDA:0,warn
FNDA:0,error
FNDA:1,logWithTiming
FNDA:0,logPhase
FNDA:6,logResult
FNDA:3,createTestScope
FNDA:0,clear
FNDA:0,getEntries
FNDA:0,exportToJson
FNDA:9,log
FNDA:0,output
FNDA:3,<instance_members_initializer>
FNDA:3,TestScopeLogger
FNDA:3,arrange
FNDA:3,act
FNDA:3,assert
FNDA:0,cleanup
FNDA:1,startTimer
FNDA:1,endTimer
FNDA:6,logResult
FNDA:16,createContext
FNDA:5,getBreakdownLogger
FNDA:0,logTestExecution
FNF:33
FNH:20
BRDA:43,3,0,0
BRDA:50,4,0,2
BRDA:74,7,0,0
BRDA:128,13,0,0
BRDA:169,15,0,0
BRDA:224,20,0,0
BRF:6
BRH:1
DA:34,2
DA:35,2
DA:36,2
DA:37,4
DA:38,2
DA:40,2
DA:41,4
DA:42,4
DA:43,0
DA:45,0
DA:46,0
DA:47,4
DA:49,2
DA:50,7
DA:51,9
DA:52,9
DA:53,7
DA:54,7
DA:59,0
DA:60,0
DA:61,0
DA:66,0
DA:67,0
DA:68,0
DA:73,2
DA:74,3
DA:75,0
DA:76,0
DA:81,0
DA:82,0
DA:83,0
DA:84,0
DA:86,0
DA:87,0
DA:88,0
DA:89,0
DA:94,0
DA:95,0
DA:96,0
DA:101,2
DA:102,11
DA:103,11
DA:108,0
DA:109,0
DA:110,0
DA:115,0
DA:116,0
DA:117,0
DA:122,2
DA:123,2
DA:124,2
DA:125,2
DA:126,2
DA:127,2
DA:128,3
DA:130,0
DA:131,0
DA:132,0
DA:133,0
DA:134,0
DA:135,0
DA:136,0
DA:137,0
DA:138,0
DA:140,0
DA:141,0
DA:142,0
DA:147,0
DA:148,0
DA:149,0
DA:150,0
DA:151,0
DA:152,0
DA:154,0
DA:155,0
DA:156,0
DA:157,0
DA:159,0
DA:164,2
DA:165,2
DA:166,2
DA:167,2
DA:168,2
DA:169,8
DA:171,0
DA:172,0
DA:173,0
DA:174,0
DA:175,0
DA:177,0
DA:178,0
DA:179,0
DA:180,0
DA:181,0
DA:183,0
DA:184,8
DA:189,2
DA:190,5
DA:191,5
DA:196,0
DA:197,0
DA:198,0
DA:199,0
DA:204,0
DA:205,0
DA:206,0
DA:211,0
DA:212,0
DA:213,0
DA:218,2
DA:219,2
DA:220,2
DA:221,2
DA:222,2
DA:223,2
DA:224,11
DA:226,0
DA:227,0
DA:228,0
DA:229,0
DA:230,0
DA:231,0
DA:232,0
DA:234,0
DA:235,0
DA:236,0
DA:241,0
DA:242,0
DA:244,0
DA:245,0
DA:246,0
DA:248,0
DA:250,0
DA:251,0
DA:252,0
DA:253,0
DA:254,0
DA:255,0
DA:256,0
DA:257,0
DA:258,0
DA:259,0
DA:260,0
DA:261,0
DA:262,0
DA:263,0
DA:264,0
DA:265,2
DA:270,2
DA:271,2
DA:272,7
DA:273,7
DA:274,7
DA:275,7
DA:280,2
DA:281,5
DA:282,5
DA:283,5
DA:284,5
DA:286,5
DA:291,2
DA:292,5
DA:293,5
DA:294,5
DA:295,5
DA:297,5
DA:302,2
DA:303,5
DA:304,5
DA:305,5
DA:306,5
DA:308,5
DA:313,0
DA:314,0
DA:315,0
DA:316,0
DA:317,0
DA:319,0
DA:324,2
DA:325,3
DA:326,3
DA:331,2
DA:332,3
DA:333,3
DA:334,3
DA:335,3
DA:336,3
DA:338,3
DA:343,2
DA:344,2
DA:345,2
DA:346,2
DA:347,2
DA:348,8
DA:349,8
DA:350,8
DA:351,8
DA:353,8
DA:358,2
DA:359,18
DA:360,18
DA:361,18
DA:362,18
DA:363,18
DA:364,18
DA:365,2
DA:370,2
DA:371,7
DA:372,7
DA:378,0
DA:379,0
DA:380,0
DA:381,0
DA:383,0
DA:385,0
DA:386,0
DA:387,0
DA:388,0
DA:389,0
DA:391,0
DA:392,0
DA:394,0
DA:396,0
DA:397,0
DA:398,0
DA:399,0
DA:400,0
DA:401,0
DA:402,0
DA:403,0
DA:404,0
DA:406,0
DA:407,0
LH:100
LF:233
end_of_record
SF:/Users/tettuan/github/frontmatter-to-schema/tests/helpers/test-utilities.ts
FN:34,validFilePath
FN:47,markdownFilePath
FN:60,frontMatterContent
FN:75,frontMatterFromYaml
FN:88,schemaDefinition
FN:104,sourceFile
FN:117,analysisResult
FN:136,<static_initializer>
FN:141,assertSuccess
FN:173,assertError
FN:209,assertValidationError
FN:226,assertAnalysisError
FN:243,<instance_members_initializer>
FN:248,MockAnalysisStrategy
FN:262,execute
FN:281,setSuccess
FN:289,setError
FN:301,schemaAnalysis
FN:317,templateMapping
FN:339,validationOnly
FN:357,basicExtraction
FN:386,frontMatter
FN:467,markdownWithFrontMatter
FN:520,commandSchema
FN:560,commandTemplate
FN:586,<static_initializer>
FN:591,measureTime
FN:620,benchmarkFunction
FN:671,assertPerformance
FN:688,<instance_members_initializer>
FN:690,TestWithBreakdown
FN:697,runTest
FN:754,getLogger
FN:761,<static_initializer>
FN:766,register
FN:773,runAll
FN:783,createTempRegistry
FNDA:0,validFilePath
FNDA:0,markdownFilePath
FNDA:0,frontMatterContent
FNDA:0,frontMatterFromYaml
FNDA:0,schemaDefinition
FNDA:0,sourceFile
FNDA:0,analysisResult
FNDA:1,<static_initializer>
FNDA:0,assertSuccess
FNDA:0,assertError
FNDA:0,assertValidationError
FNDA:0,assertAnalysisError
FNDA:0,<instance_members_initializer>
FNDA:0,MockAnalysisStrategy
FNDA:0,execute
FNDA:0,setSuccess
FNDA:0,setError
FNDA:0,schemaAnalysis
FNDA:0,templateMapping
FNDA:0,validationOnly
FNDA:0,basicExtraction
FNDA:0,frontMatter
FNDA:0,markdownWithFrontMatter
FNDA:0,commandSchema
FNDA:0,commandTemplate
FNDA:1,<static_initializer>
FNDA:0,measureTime
FNDA:0,benchmarkFunction
FNDA:0,assertPerformance
FNDA:1,<instance_members_initializer>
FNDA:1,TestWithBreakdown
FNDA:0,runTest
FNDA:1,getLogger
FNDA:1,<static_initializer>
FNDA:0,register
FNDA:0,runAll
FNDA:0,createTempRegistry
FNF:37
FNH:6
BRF:0
BRH:0
DA:6,1
DA:7,1
DA:9,1
DA:12,1
DA:13,1
DA:15,1
DA:16,1
DA:17,1
DA:18,1
DA:19,1
DA:20,1
DA:21,1
DA:23,1
DA:24,1
DA:25,1
DA:27,1
DA:30,1
DA:34,0
DA:35,0
DA:36,0
DA:37,0
DA:38,0
DA:40,0
DA:41,0
DA:42,0
DA:47,0
DA:48,0
DA:49,0
DA:50,0
DA:51,0
DA:53,0
DA:54,0
DA:55,0
DA:60,0
DA:61,0
DA:62,0
DA:63,0
DA:64,0
DA:65,0
DA:66,0
DA:68,0
DA:69,0
DA:70,0
DA:75,0
DA:76,0
DA:77,0
DA:78,0
DA:79,0
DA:81,0
DA:82,0
DA:83,0
DA:88,0
DA:89,0
DA:90,0
DA:91,0
DA:92,0
DA:93,0
DA:94,0
DA:96,0
DA:97,0
DA:98,0
DA:104,0
DA:105,0
DA:106,0
DA:107,0
DA:108,0
DA:111,0
DA:112,0
DA:117,0
DA:118,0
DA:119,0
DA:120,0
DA:121,0
DA:122,0
DA:123,0
DA:125,0
DA:126,0
DA:127,0
DA:128,0
DA:129,0
DA:130,0
DA:131,0
DA:132,1
DA:135,1
DA:136,1
DA:141,0
DA:142,0
DA:143,0
DA:144,0
DA:145,0
DA:146,0
DA:148,0
DA:150,0
DA:151,0
DA:152,0
DA:153,0
DA:154,0
DA:155,0
DA:156,0
DA:157,0
DA:159,0
DA:160,0
DA:161,0
DA:162,0
DA:164,0
DA:165,0
DA:166,0
DA:167,0
DA:168,0
DA:173,0
DA:174,0
DA:175,0
DA:176,0
DA:177,0
DA:178,0
DA:179,0
DA:180,0
DA:181,0
DA:182,0
DA:184,0
DA:186,0
DA:187,0
DA:188,0
DA:189,0
DA:190,0
DA:192,0
DA:193,0
DA:194,0
DA:195,0
DA:196,0
DA:197,0
DA:198,0
DA:200,0
DA:201,0
DA:202,0
DA:203,0
DA:204,0
DA:209,0
DA:210,0
DA:211,0
DA:212,0
DA:213,0
DA:214,0
DA:215,0
DA:216,0
DA:217,0
DA:218,0
DA:220,0
DA:221,0
DA:226,0
DA:227,0
DA:228,0
DA:229,0
DA:230,0
DA:231,0
DA:232,0
DA:233,0
DA:234,0
DA:235,0
DA:237,0
DA:238,0
DA:239,1
DA:242,1
DA:243,0
DA:244,0
DA:245,0
DA:246,0
DA:248,0
DA:249,0
DA:250,0
DA:254,0
DA:255,0
DA:256,0
DA:257,0
DA:258,0
DA:259,0
DA:260,0
DA:262,0
DA:263,0
DA:264,0
DA:265,0
DA:266,0
DA:267,0
DA:268,0
DA:270,0
DA:271,0
DA:272,0
DA:273,0
DA:274,0
DA:275,0
DA:276,0
DA:277,0
DA:278,0
DA:281,0
DA:282,0
DA:283,0
DA:284,0
DA:285,0
DA:286,0
DA:287,0
DA:289,0
DA:290,0
DA:291,0
DA:292,0
DA:293,0
DA:294,1
DA:297,1
DA:301,0
DA:302,0
DA:303,0
DA:304,0
DA:305,0
DA:306,0
DA:307,0
DA:308,0
DA:309,0
DA:310,0
DA:311,0
DA:312,0
DA:317,0
DA:318,0
DA:319,0
DA:320,0
DA:321,0
DA:322,0
DA:323,0
DA:324,0
DA:325,0
DA:326,0
DA:328,0
DA:329,0
DA:330,0
DA:331,0
DA:333,0
DA:334,0
DA:339,0
DA:340,0
DA:341,0
DA:342,0
DA:343,0
DA:344,0
DA:345,0
DA:346,0
DA:347,0
DA:348,0
DA:349,0
DA:350,0
DA:351,0
DA:352,0
DA:357,0
DA:358,0
DA:359,0
DA:360,0
DA:361,0
DA:362,0
DA:363,0
DA:364,0
DA:365,0
DA:366,0
DA:367,1
DA:382,1
DA:386,0
DA:387,0
DA:388,0
DA:389,0
DA:390,0
DA:391,0
DA:392,0
DA:393,0
DA:395,0
DA:396,0
DA:397,0
DA:398,0
DA:399,0
DA:400,0
DA:401,0
DA:402,0
DA:403,0
DA:404,0
DA:405,0
DA:407,0
DA:408,0
DA:409,0
DA:410,0
DA:411,0
DA:412,0
DA:413,0
DA:414,0
DA:415,0
DA:416,0
DA:418,0
DA:419,0
DA:420,0
DA:421,0
DA:422,0
DA:423,0
DA:424,0
DA:425,0
DA:426,0
DA:427,0
DA:429,0
DA:430,0
DA:431,0
DA:432,0
DA:433,0
DA:434,0
DA:435,0
DA:436,0
DA:437,0
DA:438,0
DA:440,0
DA:441,0
DA:442,0
DA:443,0
DA:444,0
DA:445,0
DA:446,0
DA:447,0
DA:448,0
DA:449,0
DA:451,0
DA:452,0
DA:453,0
DA:454,0
DA:455,0
DA:456,0
DA:457,0
DA:458,0
DA:459,0
DA:460,0
DA:461,0
DA:462,0
DA:467,0
DA:468,0
DA:469,0
DA:470,0
DA:471,0
DA:472,0
DA:473,0
DA:474,0
DA:475,0
DA:476,0
DA:477,0
DA:478,0
DA:479,0
DA:481,0
DA:482,0
DA:485,0
DA:486,0
DA:487,0
DA:489,0
DA:493,0
DA:496,0
DA:509,0
DA:512,0
DA:514,0
DA:515,0
DA:520,0
DA:521,0
DA:522,0
DA:523,0
DA:524,0
DA:525,0
DA:526,0
DA:527,0
DA:528,0
DA:529,0
DA:530,0
DA:531,0
DA:532,0
DA:533,0
DA:534,0
DA:535,0
DA:536,0
DA:537,0
DA:539,0
DA:540,0
DA:541,0
DA:542,0
DA:543,0
DA:544,0
DA:545,0
DA:546,0
DA:547,0
DA:548,0
DA:549,0
DA:550,0
DA:551,0
DA:552,0
DA:553,0
DA:554,0
DA:555,0
DA:560,0
DA:561,0
DA:562,0
DA:563,0
DA:564,0
DA:565,0
DA:566,0
DA:567,0
DA:568,0
DA:569,0
DA:570,0
DA:571,0
DA:572,0
DA:573,0
DA:574,0
DA:575,0
DA:576,0
DA:577,0
DA:578,0
DA:579,0
DA:580,0
DA:581,0
DA:582,1
DA:585,1
DA:586,1
DA:591,0
DA:592,0
DA:593,0
DA:594,0
DA:595,0
DA:596,0
DA:597,0
DA:598,0
DA:600,0
DA:601,0
DA:602,0
DA:603,0
DA:604,0
DA:605,0
DA:606,0
DA:607,0
DA:608,0
DA:610,0
DA:611,0
DA:612,0
DA:614,0
DA:615,0
DA:620,0
DA:621,0
DA:622,0
DA:623,0
DA:631,0
DA:632,0
DA:633,0
DA:635,0
DA:636,0
DA:639,0
DA:640,0
DA:641,0
DA:642,0
DA:643,0
DA:645,0
DA:646,0
DA:647,0
DA:648,0
DA:649,0
DA:651,0
DA:652,0
DA:653,0
DA:654,0
DA:655,0
DA:656,0
DA:658,0
DA:659,0
DA:660,0
DA:661,0
DA:662,0
DA:663,0
DA:664,0
DA:665,0
DA:666,0
DA:671,0
DA:672,0
DA:673,0
DA:674,0
DA:675,0
DA:676,0
DA:677,0
DA:678,0
DA:679,0
DA:680,0
DA:681,0
DA:683,0
DA:684,1
DA:687,1
DA:688,1
DA:690,1
DA:691,2
DA:692,2
DA:697,0
DA:698,0
DA:699,0
DA:700,0
DA:701,0
DA:702,0
DA:704,0
DA:705,0
DA:706,0
DA:707,0
DA:708,0
DA:709,0
DA:710,0
DA:711,0
DA:712,0
DA:715,0
DA:716,0
DA:717,0
DA:718,0
DA:719,0
DA:720,0
DA:721,0
DA:722,0
DA:723,0
DA:724,0
DA:727,0
DA:728,0
DA:729,0
DA:730,0
DA:731,0
DA:732,0
DA:733,0
DA:734,0
DA:735,0
DA:738,0
DA:739,0
DA:740,0
DA:741,0
DA:742,0
DA:743,0
DA:744,0
DA:745,0
DA:746,0
DA:747,0
DA:748,0
DA:749,0
DA:754,1
DA:755,2
DA:756,2
DA:757,1
DA:760,1
DA:761,1
DA:766,0
DA:767,0
DA:768,0
DA:773,0
DA:774,0
DA:775,0
DA:776,0
DA:777,0
DA:778,0
DA:783,0
DA:784,0
DA:786,0
DA:787,0
DA:788,0
DA:790,0
DA:791,0
DA:792,1
LH:42
LF:560
end_of_record
