SF:/Users/tettuan/github/frontmatter-to-schema/cli.ts
FN:45,printUsage
FN:68,loadPromptTemplates
FN:94,main
FNDA:5,printUsage
FNDA:6,loadPromptTemplates
FNDA:9,main
FNF:3
FNH:3
BRDA:464,0,0,0
BRDA:73,2,0,5
BRDA:79,2,1,1
BRDA:105,3,0,1
BRDA:110,3,1,8
BRDA:117,3,2,0
BRDA:126,3,3,8
BRDA:143,3,4,7
BRDA:143,3,5,2
BRDA:145,3,6,1
BRDA:145,3,7,1
BRDA:146,3,8,6
BRDA:152,3,9,4
BRDA:154,3,10,4
BRDA:154,3,11,2
BRDA:160,3,12,4
BRDA:172,3,13,2
BRDA:175,3,14,1
BRDA:182,3,15,0
BRDA:188,3,16,1
BRDA:195,3,17,0
BRDA:201,3,18,1
BRDA:208,3,19,0
BRDA:215,3,20,4
BRDA:220,3,21,0
BRDA:221,3,22,4
BRDA:231,3,23,4
BRDA:232,3,24,4
BRDA:232,3,25,4
BRDA:233,3,26,0
BRDA:235,3,27,4
BRDA:238,3,28,0
BRDA:246,3,29,4
BRDA:250,3,30,4
BRDA:250,3,31,4
BRDA:251,3,32,0
BRDA:268,3,33,4
BRDA:269,3,34,2
BRDA:273,3,35,4
BRDA:335,3,36,2
BRDA:341,3,37,4
BRDA:342,3,38,2
BRDA:345,3,39,4
BRDA:346,3,40,2
BRDA:349,3,41,4
BRDA:350,3,42,2
BRDA:354,3,43,4
BRDA:362,3,44,0
BRDA:365,3,45,4
BRDA:371,3,46,0
BRDA:395,3,47,4
BRDA:397,3,48,4
BRDA:398,3,49,0
BRDA:401,3,50,4
BRDA:424,3,51,0
BRDA:425,3,52,4
BRDA:428,3,53,4
BRDA:429,3,54,0
BRDA:433,3,55,4
BRDA:438,3,56,0
BRDA:451,3,57,0
BRDA:457,3,58,4
BRDA:99,4,0,14
BRDA:99,4,1,11
BRDA:102,4,2,9
BRF:65
BRH:49
DA:16,1
DA:17,1
DA:18,1
DA:19,1
DA:20,1
DA:23,1
DA:24,1
DA:25,1
DA:26,1
DA:34,1
DA:35,1
DA:36,1
DA:37,1
DA:38,1
DA:39,1
DA:43,1
DA:45,1
DA:46,6
DA:65,6
DA:66,6
DA:68,1
DA:71,7
DA:72,7
DA:73,7
DA:75,12
DA:76,12
DA:78,48
DA:79,7
DA:80,8
DA:81,8
DA:82,8
DA:85,8
DA:86,8
DA:89,8
DA:90,8
DA:91,8
DA:92,7
DA:94,1
DA:96,10
DA:97,10
DA:98,10
DA:99,30
DA:100,41
DA:101,164
DA:102,41
DA:103,39
DA:104,10
DA:105,10
DA:106,11
DA:107,11
DA:109,11
DA:110,11
DA:113,18
DA:114,18
DA:115,18
DA:116,18
DA:117,0
DA:118,0
DA:119,0
DA:120,0
DA:121,0
DA:122,0
DA:123,0
DA:124,0
DA:125,0
DA:126,0
DA:128,18
DA:129,18
DA:130,18
DA:131,18
DA:132,18
DA:133,18
DA:134,18
DA:135,18
DA:136,18
DA:137,18
DA:138,18
DA:139,72
DA:140,18
DA:141,18
DA:143,10
DA:144,12
DA:145,12
DA:146,12
DA:148,16
DA:149,16
DA:150,16
DA:151,10
DA:152,10
DA:154,10
DA:155,12
DA:156,12
DA:158,12
DA:159,12
DA:160,12
DA:162,14
DA:163,14
DA:164,14
DA:166,14
DA:167,14
DA:169,14
DA:172,14
DA:173,10
DA:174,12
DA:175,12
DA:176,12
DA:177,13
DA:178,13
DA:179,13
DA:180,13
DA:181,13
DA:182,0
DA:183,0
DA:184,13
DA:186,12
DA:187,12
DA:188,12
DA:189,12
DA:190,13
DA:191,13
DA:192,13
DA:193,13
DA:194,13
DA:195,0
DA:196,0
DA:197,13
DA:198,12
DA:200,12
DA:201,12
DA:202,12
DA:203,13
DA:204,13
DA:205,13
DA:206,13
DA:207,13
DA:208,0
DA:209,0
DA:210,13
DA:212,12
DA:213,12
DA:218,0
DA:219,0
DA:220,0
DA:221,0
DA:224,10
DA:225,10
DA:229,10
DA:230,10
DA:231,10
DA:232,10
DA:233,10
DA:234,0
DA:235,0
DA:236,0
DA:237,0
DA:238,0
DA:239,0
DA:242,14
DA:243,14
DA:244,14
DA:245,14
DA:246,10
DA:248,10
DA:249,10
DA:250,10
DA:251,10
DA:252,0
DA:253,0
DA:254,0
DA:255,0
DA:256,0
DA:257,0
DA:258,0
DA:259,0
DA:260,0
DA:261,0
DA:262,0
DA:263,0
DA:264,0
DA:265,0
DA:266,0
DA:269,14
DA:270,10
DA:271,12
DA:274,14
DA:335,14
DA:336,10
DA:337,12
DA:338,12
DA:339,12
DA:342,14
DA:343,10
DA:344,12
DA:345,10
DA:346,14
DA:347,10
DA:348,12
DA:350,14
DA:351,10
DA:352,12
DA:362,14
DA:363,0
DA:364,0
DA:365,0
DA:366,0
DA:367,28
DA:371,14
DA:372,0
DA:373,0
DA:374,0
DA:375,0
DA:376,0
DA:377,0
DA:378,0
DA:379,0
DA:380,0
DA:381,0
DA:382,0
DA:383,0
DA:384,0
DA:385,0
DA:386,0
DA:387,0
DA:388,0
DA:389,0
DA:390,0
DA:392,0
DA:393,0
DA:395,0
DA:397,10
DA:398,0
DA:399,0
DA:412,14
DA:413,14
DA:418,14
DA:419,14
DA:420,14
DA:421,14
DA:422,0
DA:423,0
DA:424,0
DA:425,0
DA:426,14
DA:428,10
DA:429,0
DA:430,0
DA:432,0
DA:433,0
DA:434,0
DA:437,14
DA:438,0
DA:439,0
DA:440,0
DA:441,0
DA:442,0
DA:443,0
DA:444,0
DA:445,0
DA:446,0
DA:447,0
DA:450,14
DA:451,0
DA:452,0
DA:453,0
DA:455,0
DA:456,14
DA:457,10
DA:458,14
DA:459,14
DA:460,14
DA:461,14
DA:463,1
DA:464,1
DA:465,0
LH:181
LF:274
end_of_record
SF:/Users/tettuan/github/frontmatter-to-schema/src/application/process-documents-usecase.ts
FN:56,<instance_members_initializer>
FN:62,ProcessDocumentsUseCase
FN:80,execute
FN:222,loadAndResolveSchema
FN:297,findMarkdownFiles
FN:326,processMarkdownFile
FN:423,aggregateResults
FN:470,writeOutput
FNDA:9,<instance_members_initializer>
FNDA:9,ProcessDocumentsUseCase
FNDA:9,execute
FNDA:9,loadAndResolveSchema
FNDA:5,findMarkdownFiles
FNDA:6,processMarkdownFile
FNDA:5,aggregateResults
FNDA:4,writeOutput
FNF:8
FNH:8
BRDA:68,2,0,1
BRDA:68,2,1,8
BRDA:92,3,0,1
BRDA:97,3,1,4
BRDA:99,3,2,5
BRDA:104,3,3,1
BRDA:109,3,4,0
BRDA:114,3,5,0
BRDA:124,3,6,1
BRDA:132,3,7,6
BRDA:133,3,8,1
BRDA:140,3,9,0
BRDA:149,3,10,0
BRDA:163,3,11,1
BRDA:173,3,12,0
BRDA:178,3,13,4
BRDA:185,3,14,0
BRDA:188,3,15,1
BRDA:188,3,16,0
BRDA:204,3,17,0
BRDA:204,3,18,5
BRDA:207,3,19,0
BRDA:233,4,0,0
BRDA:249,4,1,5
BRDA:250,4,2,0
BRDA:261,4,3,4
BRDA:262,4,4,0
BRDA:280,4,5,0
BRDA:287,4,6,0
BRDA:303,5,0,6
BRDA:310,5,1,0
BRDA:336,6,0,0
BRDA:355,6,1,0
BRDA:358,6,2,0
BRDA:361,6,3,0
BRDA:371,6,4,0
BRDA:397,6,5,0
BRDA:434,7,0,0
BRDA:445,7,1,0
BRDA:479,8,0,3
BRDA:482,8,1,1
BRDA:485,8,2,0
BRDA:488,8,3,0
BRDA:508,8,4,0
BRF:44
BRH:18
DA:10,15
DA:12,15
DA:13,15
DA:14,15
DA:15,15
DA:16,15
DA:18,15
DA:19,15
DA:20,15
DA:21,15
DA:22,15
DA:56,15
DA:57,24
DA:58,24
DA:59,24
DA:60,15
DA:62,15
DA:63,39
DA:64,39
DA:65,15
DA:66,24
DA:67,24
DA:68,24
DA:70,24
DA:71,24
DA:72,24
DA:74,24
DA:75,24
DA:80,15
DA:81,15
DA:87,15
DA:88,24
DA:90,24
DA:92,24
DA:93,25
DA:94,25
DA:96,24
DA:97,24
DA:98,28
DA:99,28
DA:101,29
DA:104,29
DA:105,30
DA:106,30
DA:108,29
DA:109,0
DA:110,0
DA:111,0
DA:113,29
DA:114,0
DA:115,0
DA:116,0
DA:117,0
DA:118,0
DA:119,0
DA:120,0
DA:121,0
DA:122,0
DA:124,29
DA:125,30
DA:126,30
DA:129,29
DA:130,29
DA:132,29
DA:133,35
DA:134,36
DA:135,36
DA:137,35
DA:138,35
DA:139,35
DA:140,0
DA:141,0
DA:142,0
DA:143,0
DA:144,0
DA:145,0
DA:146,0
DA:147,35
DA:149,0
DA:150,0
DA:151,0
DA:152,0
DA:153,0
DA:154,0
DA:155,0
DA:156,0
DA:157,0
DA:158,0
DA:160,29
DA:163,29
DA:164,30
DA:165,30
DA:167,29
DA:168,29
DA:169,29
DA:170,29
DA:173,0
DA:174,0
DA:175,0
DA:178,29
DA:179,33
DA:180,33
DA:181,33
DA:182,33
DA:185,0
DA:186,0
DA:187,0
DA:188,0
DA:189,0
DA:190,0
DA:191,0
DA:193,0
DA:194,0
DA:195,0
DA:197,0
DA:199,29
DA:200,29
DA:201,29
DA:202,29
DA:203,29
DA:204,0
DA:205,24
DA:206,24
DA:207,0
DA:208,0
DA:209,0
DA:210,0
DA:211,0
DA:212,0
DA:213,0
DA:214,0
DA:215,0
DA:216,0
DA:217,24
DA:222,15
DA:223,15
DA:229,15
DA:230,24
DA:232,24
DA:233,0
DA:234,0
DA:235,0
DA:236,0
DA:237,0
DA:238,0
DA:239,0
DA:240,0
DA:241,0
DA:242,24
DA:245,24
DA:246,24
DA:249,24
DA:250,0
DA:251,0
DA:252,0
DA:254,29
DA:255,29
DA:256,29
DA:257,29
DA:258,29
DA:259,29
DA:260,29
DA:261,24
DA:262,0
DA:263,0
DA:264,0
DA:265,0
DA:266,0
DA:267,0
DA:268,0
DA:269,0
DA:270,0
DA:272,28
DA:273,28
DA:274,28
DA:275,28
DA:276,28
DA:277,28
DA:278,28
DA:279,28
DA:280,28
DA:282,0
DA:283,0
DA:284,0
DA:285,0
DA:286,0
DA:287,0
DA:289,28
DA:290,28
DA:291,28
DA:292,24
DA:297,15
DA:298,15
DA:299,15
DA:300,20
DA:301,20
DA:303,20
DA:304,26
DA:305,26
DA:306,26
DA:307,26
DA:309,80
DA:310,0
DA:311,0
DA:312,0
DA:313,0
DA:314,0
DA:315,0
DA:316,0
DA:318,0
DA:319,0
DA:320,0
DA:321,20
DA:326,15
DA:327,15
DA:328,15
DA:329,15
DA:330,21
DA:332,21
DA:335,21
DA:336,0
DA:337,0
DA:338,0
DA:339,0
DA:340,0
DA:341,0
DA:342,0
DA:343,0
DA:344,0
DA:347,21
DA:348,21
DA:350,21
DA:351,21
DA:352,21
DA:353,21
DA:354,21
DA:355,0
DA:356,0
DA:357,0
DA:358,0
DA:359,0
DA:360,0
DA:361,0
DA:362,0
DA:363,0
DA:364,0
DA:365,0
DA:366,0
DA:367,0
DA:368,0
DA:369,0
DA:370,21
DA:371,0
DA:372,0
DA:373,0
DA:374,0
DA:375,0
DA:376,0
DA:377,0
DA:378,0
DA:379,0
DA:381,0
DA:382,0
DA:383,0
DA:387,21
DA:388,21
DA:389,21
DA:390,21
DA:391,21
DA:392,21
DA:393,21
DA:394,21
DA:395,21
DA:396,21
DA:397,0
DA:398,0
DA:399,0
DA:400,0
DA:401,0
DA:402,0
DA:403,0
DA:404,0
DA:405,0
DA:406,0
DA:408,0
DA:409,0
DA:410,0
DA:411,0
DA:412,0
DA:413,0
DA:415,0
DA:416,0
DA:417,0
DA:418,21
DA:423,15
DA:424,15
DA:425,15
DA:426,15
DA:427,15
DA:429,20
DA:430,20
DA:431,20
DA:434,0
DA:435,0
DA:436,0
DA:439,20
DA:440,20
DA:441,20
DA:442,20
DA:445,0
DA:447,0
DA:448,0
DA:449,0
DA:452,0
DA:454,0
DA:455,0
DA:456,0
DA:457,0
DA:458,0
DA:460,0
DA:461,0
DA:462,0
DA:464,80
DA:465,20
DA:470,15
DA:471,15
DA:472,15
DA:473,15
DA:474,15
DA:475,19
DA:476,19
DA:478,19
DA:479,19
DA:480,22
DA:481,22
DA:482,19
DA:483,20
DA:484,20
DA:485,0
DA:486,0
DA:487,0
DA:488,0
DA:489,0
DA:490,0
DA:491,0
DA:492,0
DA:493,0
DA:494,0
DA:495,0
DA:496,19
DA:499,19
DA:500,19
DA:501,57
DA:502,19
DA:505,19
DA:507,76
DA:508,0
DA:509,0
DA:510,0
DA:511,0
DA:512,0
DA:513,0
DA:514,0
DA:516,0
DA:517,0
DA:518,0
DA:519,19
DA:520,15
LH:185
LF:368
end_of_record
SF:/Users/tettuan/github/frontmatter-to-schema/src/application/services/registry-aggregator.ts
FN:9,<instance_members_initializer>
FN:12,addAnalysisResult
FN:41,build
FN:53,sortCommands
FNDA:2,<instance_members_initializer>
FNDA:5,addAnalysisResult
FNDA:2,build
FNDA:2,sortCommands
FNF:4
FNH:4
BRDA:17,2,0,0
BRDA:19,2,1,0
BRDA:27,2,2,0
BRDA:55,6,0,3
BRDA:55,6,1,2
BRDA:56,6,2,0
BRF:6
BRH:2
DA:1,1
DA:2,1
DA:5,1
DA:6,1
DA:8,1
DA:9,1
DA:10,1
DA:12,1
DA:13,6
DA:16,0
DA:17,0
DA:18,0
DA:19,0
DA:20,0
DA:21,0
DA:22,0
DA:23,0
DA:24,0
DA:25,0
DA:26,6
DA:27,0
DA:28,0
DA:29,0
DA:30,0
DA:32,6
DA:33,6
DA:35,6
DA:36,11
DA:37,6
DA:38,6
DA:39,6
DA:41,1
DA:42,3
DA:43,3
DA:44,3
DA:45,3
DA:46,3
DA:47,3
DA:48,3
DA:49,3
DA:50,3
DA:51,3
DA:53,1
DA:54,3
DA:55,8
DA:56,10
DA:57,0
DA:58,0
DA:59,3
DA:60,1
LH:34
LF:50
end_of_record
SF:/Users/tettuan/github/frontmatter-to-schema/src/application/services/schema-aggregation-adapter.ts
FN:27,<instance_members_initializer>
FN:29,SchemaAggregationAdapter
FN:38,convertToDerivationRule
FN:54,extractAggregationContext
FN:104,processAggregation
FN:140,isFrontmatterPartSchema
FN:147,findFrontmatterParts
FN:152,traverseProperties
FN:191,applyToTemplate
FN:217,createSchemaAggregationAdapter
FNDA:18,<instance_members_initializer>
FNDA:18,SchemaAggregationAdapter
FNDA:7,convertToDerivationRule
FNDA:9,extractAggregationContext
FNDA:7,processAggregation
FNDA:2,isFrontmatterPartSchema
FNDA:2,findFrontmatterParts
FNDA:4,traverseProperties
FNDA:2,applyToTemplate
FNDA:0,createSchemaAggregationAdapter
FNF:10
FNH:9
BRDA:59,4,0,0
BRDA:73,4,1,7
BRDA:75,4,2,0
BRDA:82,4,3,0
BRDA:110,5,0,0
BRDA:123,5,1,0
BRDA:178,7,0,1
BRDA:156,8,0,0
BRDA:158,8,1,7
BRDA:159,8,2,3
BRDA:159,8,3,4
BRDA:161,8,4,2
BRDA:166,8,5,1
BRDA:171,8,6,2
BRDA:171,8,7,2
BRDA:171,8,8,1
BRDA:202,9,0,0
BRF:17
BRH:10
DA:14,16
DA:15,16
DA:16,16
DA:17,16
DA:18,16
DA:19,16
DA:20,16
DA:21,16
DA:26,16
DA:27,16
DA:29,16
DA:30,34
DA:31,34
DA:33,34
DA:38,16
DA:39,16
DA:40,16
DA:41,23
DA:42,23
DA:43,23
DA:44,23
DA:45,23
DA:46,23
DA:47,23
DA:49,23
DA:54,16
DA:55,16
DA:56,16
DA:58,25
DA:59,0
DA:60,0
DA:64,0
DA:66,25
DA:67,25
DA:70,25
DA:71,25
DA:73,25
DA:74,32
DA:75,0
DA:76,0
DA:77,0
DA:78,32
DA:79,32
DA:80,32
DA:82,0
DA:83,0
DA:84,0
DA:85,0
DA:86,0
DA:87,0
DA:88,0
DA:89,0
DA:90,0
DA:93,25
DA:94,25
DA:95,25
DA:96,25
DA:98,100
DA:99,25
DA:104,16
DA:105,16
DA:106,16
DA:107,16
DA:109,23
DA:110,0
DA:111,0
DA:115,0
DA:118,23
DA:119,23
DA:120,23
DA:123,0
DA:124,0
DA:128,0
DA:131,23
DA:132,23
DA:133,23
DA:134,23
DA:135,23
DA:140,16
DA:141,18
DA:142,18
DA:147,16
DA:148,16
DA:149,16
DA:150,18
DA:152,18
DA:153,18
DA:154,18
DA:156,0
DA:158,22
DA:159,29
DA:161,29
DA:162,31
DA:163,31
DA:166,29
DA:167,30
DA:168,30
DA:171,29
DA:172,30
DA:173,30
DA:174,29
DA:175,18
DA:178,18
DA:179,19
DA:180,19
DA:183,18
DA:185,18
DA:186,18
DA:191,16
DA:192,16
DA:193,16
DA:194,16
DA:196,18
DA:197,18
DA:198,18
DA:199,18
DA:200,18
DA:202,0
DA:204,0
DA:205,0
DA:207,18
DA:208,18
DA:209,18
DA:211,18
DA:212,16
DA:217,0
DA:218,0
DA:220,0
DA:221,0
LH:100
LF:129
end_of_record
SF:/Users/tettuan/github/frontmatter-to-schema/src/cli.ts
FN:22,run
FN:119,main
FNDA:7,run
FNDA:7,main
FNF:2
FNH:2
BRDA:25,1,0,0
BRDA:34,1,1,1
BRDA:37,1,2,6
BRDA:40,1,3,1
BRDA:43,1,4,5
BRDA:46,1,5,1
BRDA:47,1,6,4
BRDA:48,1,7,1
BRDA:49,1,8,3
BRDA:52,1,9,5
BRDA:52,1,10,4
BRDA:58,1,11,1
BRDA:85,1,12,0
BRDA:93,1,13,4
BRDA:97,1,14,0
BRDA:97,1,15,0
BRDA:106,1,16,0
BRDA:123,2,0,0
BRF:18
BRH:12
DA:10,21
DA:11,21
DA:12,21
DA:13,21
DA:18,21
DA:22,21
DA:24,28
DA:25,0
DA:26,0
DA:27,0
DA:28,0
DA:29,0
DA:31,28
DA:34,28
DA:35,29
DA:36,29
DA:37,29
DA:40,34
DA:41,35
DA:42,35
DA:43,35
DA:46,28
DA:47,28
DA:48,28
DA:49,28
DA:50,28
DA:52,28
DA:53,37
DA:54,37
DA:55,37
DA:56,37
DA:58,37
DA:59,38
DA:60,38
DA:61,37
DA:63,33
DA:65,33
DA:68,33
DA:69,33
DA:70,33
DA:71,33
DA:72,33
DA:73,33
DA:74,33
DA:75,33
DA:78,33
DA:79,33
DA:80,33
DA:81,33
DA:82,33
DA:83,33
DA:85,33
DA:86,0
DA:87,0
DA:88,0
DA:89,0
DA:90,0
DA:91,0
DA:93,33
DA:94,37
DA:95,37
DA:97,0
DA:98,0
DA:99,0
DA:100,0
DA:101,0
DA:102,0
DA:103,0
DA:104,0
DA:105,37
DA:106,0
DA:107,0
DA:108,0
DA:109,0
DA:110,0
DA:111,0
DA:112,0
DA:113,28
DA:114,21
DA:119,21
DA:120,28
DA:121,28
DA:122,28
DA:123,0
DA:124,0
DA:125,0
DA:126,0
DA:127,28
DA:130,21
DA:131,21
DA:132,21
LH:61
LF:91
end_of_record
SF:/Users/tettuan/github/frontmatter-to-schema/src/config/version.ts
FNF:0
FNH:0
BRF:0
BRH:0
DA:6,44
DA:7,44
DA:8,44
DA:9,44
DA:11,44
DA:12,44
DA:13,44
DA:15,44
DA:16,44
DA:17,44
LH:10
LF:10
end_of_record
SF:/Users/tettuan/github/frontmatter-to-schema/src/domain/aggregation/aggregation-service.ts
FN:21,<instance_members_initializer>
FN:22,AggregationService
FN:29,aggregate
FN:57,flatten
FN:117,extractRulesFromSchema
FN:186,applyAggregatedData
FN:222,filterValues
FN:236,getUniqueValues
FN:254,getUniqueKey
FN:271,createAggregationService
FNDA:27,<instance_members_initializer>
FNDA:27,AggregationService
FNDA:7,aggregate
FNDA:7,flatten
FNDA:0,extractRulesFromSchema
FNDA:2,applyAggregatedData
FNDA:3,filterValues
FNDA:2,getUniqueValues
FNDA:4,getUniqueKey
FNDA:0,createAggregationService
FNF:10
FNH:8
BRDA:43,3,0,3
BRDA:50,3,1,6
BRDA:55,3,2,4
BRDA:55,3,3,2
BRDA:72,3,4,0
BRDA:84,3,5,2
BRDA:93,3,6,2
BRDA:93,3,7,0
BRDA:107,3,8,0
BRDA:59,4,0,10
BRDA:60,4,1,5
BRDA:202,9,0,0
BRDA:227,11,0,0
BRDA:228,11,1,0
BRDA:240,12,0,4
BRDA:242,12,1,3
BRDA:255,13,0,0
BRDA:256,13,1,0
BRDA:257,13,2,0
BRF:19
BRH:10
DA:9,16
DA:10,16
DA:14,16
DA:15,16
DA:16,16
DA:21,16
DA:22,16
DA:23,59
DA:24,59
DA:29,16
DA:30,16
DA:31,16
DA:32,16
DA:33,23
DA:34,23
DA:35,23
DA:36,23
DA:37,23
DA:38,23
DA:39,23
DA:40,23
DA:43,23
DA:44,26
DA:45,26
DA:48,26
DA:50,26
DA:51,32
DA:53,32
DA:54,32
DA:55,32
DA:57,38
DA:58,45
DA:59,45
DA:60,55
DA:61,60
DA:62,60
DA:63,60
DA:64,60
DA:65,55
DA:66,45
DA:67,38
DA:68,38
DA:69,36
DA:70,36
DA:71,36
DA:72,0
DA:73,0
DA:74,0
DA:76,0
DA:77,32
DA:80,26
DA:83,26
DA:84,26
DA:85,28
DA:86,28
DA:87,28
DA:90,26
DA:91,26
DA:92,26
DA:93,0
DA:94,0
DA:95,0
DA:97,0
DA:99,26
DA:100,26
DA:103,23
DA:104,23
DA:105,23
DA:106,23
DA:107,0
DA:108,23
DA:109,23
DA:111,23
DA:112,23
DA:117,0
DA:118,0
DA:119,0
DA:120,0
DA:121,0
DA:123,0
DA:124,0
DA:125,0
DA:127,0
DA:128,0
DA:130,0
DA:131,0
DA:134,0
DA:135,0
DA:136,0
DA:138,0
DA:139,0
DA:140,0
DA:141,0
DA:142,0
DA:145,0
DA:146,0
DA:147,0
DA:148,0
DA:150,0
DA:153,0
DA:154,0
DA:155,0
DA:156,0
DA:157,0
DA:158,0
DA:160,0
DA:161,0
DA:162,0
DA:163,0
DA:166,0
DA:167,0
DA:168,0
DA:170,0
DA:171,0
DA:172,0
DA:173,0
DA:174,0
DA:175,0
DA:176,0
DA:177,0
DA:178,0
DA:180,0
DA:181,0
DA:186,16
DA:187,16
DA:188,16
DA:189,16
DA:190,54
DA:191,18
DA:193,18
DA:195,18
DA:196,18
DA:198,18
DA:199,18
DA:200,18
DA:201,18
DA:202,0
DA:203,0
DA:204,0
DA:205,18
DA:206,18
DA:207,18
DA:210,18
DA:211,18
DA:212,18
DA:213,18
DA:214,18
DA:216,18
DA:217,18
DA:222,16
DA:223,16
DA:224,16
DA:225,16
DA:226,19
DA:227,0
DA:228,0
DA:229,28
DA:230,19
DA:231,19
DA:236,16
DA:237,18
DA:238,18
DA:240,18
DA:241,22
DA:242,22
DA:243,25
DA:244,25
DA:245,25
DA:246,22
DA:248,18
DA:249,18
DA:254,16
DA:255,0
DA:256,0
DA:257,0
DA:258,0
DA:259,0
DA:260,0
DA:261,0
DA:262,0
DA:263,0
DA:264,20
DA:265,20
DA:266,16
DA:271,0
DA:272,0
DA:274,0
DA:275,0
DA:277,0
LH:112
LF:189
end_of_record
SF:/Users/tettuan/github/frontmatter-to-schema/src/domain/aggregation/expression-evaluator.ts
FN:25,evaluate
FN:58,evaluateParts
FN:118,extractUnique
FN:144,getUniqueKey
FN:157,createExpressionEvaluator
FNDA:6,evaluate
FNDA:6,evaluateParts
FNDA:0,extractUnique
FNDA:0,getUniqueKey
FNDA:9,createExpressionEvaluator
FNF:5
FNH:3
BRDA:31,1,0,0
BRDA:44,1,1,0
BRDA:59,2,0,0
BRDA:65,2,1,14
BRDA:68,2,2,12
BRDA:69,2,3,0
BRDA:74,2,4,10
BRDA:78,2,5,8
BRDA:84,2,6,2
BRDA:92,2,7,0
BRF:10
BRH:5
DA:9,16
DA:11,16
DA:12,16
DA:17,16
DA:25,16
DA:26,16
DA:27,16
DA:28,16
DA:30,22
DA:31,0
DA:32,0
DA:33,0
DA:34,0
DA:35,0
DA:36,0
DA:37,0
DA:38,0
DA:39,0
DA:41,22
DA:42,22
DA:43,88
DA:44,0
DA:45,0
DA:46,0
DA:47,0
DA:48,0
DA:49,0
DA:50,0
DA:51,0
DA:52,0
DA:53,22
DA:58,16
DA:59,0
DA:60,0
DA:61,0
DA:63,66
DA:65,22
DA:66,36
DA:68,36
DA:69,0
DA:70,0
DA:71,0
DA:73,48
DA:74,106
DA:75,58
DA:76,58
DA:77,58
DA:78,58
DA:79,66
DA:80,66
DA:81,58
DA:82,58
DA:84,98
DA:85,50
DA:87,50
DA:88,50
DA:89,50
DA:90,50
DA:92,0
DA:93,0
DA:94,0
DA:96,0
DA:97,0
DA:98,0
DA:99,0
DA:100,0
DA:101,0
DA:102,0
DA:103,0
DA:104,0
DA:105,0
DA:106,48
DA:107,48
DA:109,36
DA:110,36
DA:112,22
DA:113,22
DA:118,0
DA:119,0
DA:120,0
DA:121,0
DA:122,0
DA:123,0
DA:124,0
DA:125,0
DA:127,0
DA:128,0
DA:130,0
DA:131,0
DA:132,0
DA:133,0
DA:134,0
DA:135,0
DA:136,0
DA:138,0
DA:139,0
DA:144,0
DA:145,0
DA:146,0
DA:147,0
DA:148,0
DA:149,0
DA:150,0
DA:151,0
DA:152,16
DA:157,16
DA:158,25
DA:159,25
LH:44
LF:108
end_of_record
SF:/Users/tettuan/github/frontmatter-to-schema/src/domain/aggregation/index.ts
FNF:0
FNH:0
BRF:0
BRH:0
DA:7,15
DA:8,15
DA:9,15
DA:14,15
DA:15,15
DA:17,15
DA:18,15
DA:19,15
DA:20,15
DA:22,15
DA:23,15
DA:24,15
DA:25,15
LH:13
LF:13
end_of_record
SF:/Users/tettuan/github/frontmatter-to-schema/src/domain/aggregation/jsonpath-expression.ts
FN:13,<instance_members_initializer>
FN:14,JSONPathExpression
FN:22,create
FN:59,validateSyntax
FN:130,parseExpression
FN:225,getExpression
FN:232,getParts
FN:239,hasArrayOperations
FN:246,getDepth
FNDA:13,<instance_members_initializer>
FNDA:13,JSONPathExpression
FNDA:13,create
FNDA:13,validateSyntax
FNDA:13,parseExpression
FNDA:7,getExpression
FNDA:6,getParts
FNDA:0,hasArrayOperations
FNDA:0,getDepth
FNF:9
FNH:7
BRDA:26,3,0,0
BRDA:40,3,1,0
BRDA:46,3,2,0
BRDA:63,4,0,0
BRDA:74,4,1,0
BRDA:85,4,2,0
BRDA:96,4,3,4
BRDA:97,4,4,4
BRDA:98,4,5,0
BRDA:111,4,6,9
BRDA:113,4,7,0
BRDA:113,4,8,0
BRDA:113,4,9,0
BRDA:136,5,0,31
BRDA:137,5,1,9
BRDA:142,5,2,0
BRDA:147,5,3,0
BRDA:156,5,4,22
BRDA:156,5,5,0
BRDA:172,5,6,9
BRDA:175,5,7,0
BRDA:184,5,8,0
BRDA:194,5,9,13
BRDA:196,5,10,0
BRDA:209,5,11,0
BRF:25
BRH:8
DA:13,16
DA:14,16
DA:15,45
DA:16,45
DA:17,45
DA:22,16
DA:23,16
DA:24,16
DA:26,0
DA:27,0
DA:28,0
DA:29,0
DA:30,0
DA:31,0
DA:32,0
DA:33,0
DA:34,0
DA:36,29
DA:39,29
DA:40,0
DA:41,0
DA:42,0
DA:45,29
DA:46,0
DA:47,0
DA:48,0
DA:50,29
DA:51,29
DA:52,29
DA:53,29
DA:54,29
DA:59,16
DA:60,16
DA:61,16
DA:63,0
DA:64,0
DA:65,0
DA:66,0
DA:67,0
DA:68,0
DA:69,0
DA:70,0
DA:71,0
DA:74,0
DA:75,0
DA:76,0
DA:77,0
DA:78,0
DA:79,0
DA:80,0
DA:81,0
DA:82,0
DA:85,0
DA:86,0
DA:87,0
DA:88,0
DA:89,0
DA:90,0
DA:91,0
DA:92,0
DA:93,0
DA:96,29
DA:97,29
DA:98,0
DA:99,0
DA:100,0
DA:101,0
DA:102,0
DA:103,0
DA:104,0
DA:105,0
DA:106,0
DA:109,29
DA:110,29
DA:111,29
DA:112,38
DA:113,0
DA:114,0
DA:115,0
DA:116,0
DA:117,0
DA:118,0
DA:119,0
DA:120,0
DA:121,0
DA:122,38
DA:124,116
DA:125,29
DA:130,16
DA:131,16
DA:132,16
DA:133,29
DA:134,29
DA:136,29
DA:137,60
DA:139,276
DA:141,69
DA:142,0
DA:143,0
DA:144,0
DA:145,0
DA:146,0
DA:147,0
DA:148,0
DA:149,0
DA:150,0
DA:151,0
DA:152,0
DA:153,0
DA:154,0
DA:155,0
DA:156,0
DA:158,0
DA:159,0
DA:160,0
DA:161,0
DA:162,0
DA:163,0
DA:164,0
DA:165,0
DA:166,0
DA:167,0
DA:168,0
DA:169,0
DA:170,0
DA:171,0
DA:172,0
DA:174,91
DA:175,0
DA:176,0
DA:177,0
DA:178,0
DA:179,0
DA:180,0
DA:181,0
DA:182,0
DA:183,0
DA:184,0
DA:185,0
DA:186,0
DA:187,0
DA:188,0
DA:189,0
DA:190,0
DA:191,0
DA:192,0
DA:193,364
DA:194,82
DA:196,0
DA:197,0
DA:198,0
DA:199,0
DA:200,0
DA:201,0
DA:202,0
DA:203,0
DA:204,0
DA:205,380
DA:206,95
DA:207,60
DA:209,0
DA:210,0
DA:211,0
DA:212,0
DA:213,0
DA:214,0
DA:215,0
DA:216,0
DA:217,0
DA:219,116
DA:220,29
DA:225,16
DA:226,23
DA:227,23
DA:232,16
DA:233,66
DA:234,22
DA:239,0
DA:240,0
DA:241,0
DA:246,0
DA:247,0
DA:248,0
DA:249,16
LH:52
LF:184
end_of_record
SF:/Users/tettuan/github/frontmatter-to-schema/src/domain/aggregation/value-objects.ts
FN:14,<instance_members_initializer>
FN:15,DerivationRule
FN:22,create
FN:73,getTargetField
FN:77,getSourceExpression
FN:81,getSourceExpressionObject
FN:85,isUnique
FN:89,shouldFlatten
FN:96,fromSchemaProperty
FN:115,<instance_members_initializer>
FN:116,AggregationContext
FN:121,create
FN:137,getRules
FN:141,getOptions
FN:145,addRule
FN:165,<instance_members_initializer>
FN:166,AggregatedResult
FN:171,create
FN:191,getData
FN:195,getMetadata
FN:199,getField
FNDA:7,<instance_members_initializer>
FNDA:7,DerivationRule
FNDA:7,create
FNDA:10,getTargetField
FNDA:7,getSourceExpression
FNDA:0,getSourceExpressionObject
FNDA:5,isUnique
FNDA:8,shouldFlatten
FNDA:0,fromSchemaProperty
FNDA:9,<instance_members_initializer>
FNDA:9,AggregationContext
FNDA:9,create
FNDA:16,getRules
FNDA:3,getOptions
FNDA:0,addRule
FNDA:9,<instance_members_initializer>
FNDA:9,AggregatedResult
FNDA:9,create
FNDA:9,getData
FNDA:0,getMetadata
FNDA:0,getField
FNF:21
FNH:16
BRDA:28,3,0,0
BRDA:40,3,1,0
BRDA:52,3,2,0
BRDA:67,3,3,0
BRDA:68,3,4,0
BRDA:175,18,0,0
BRF:6
BRH:0
DA:9,16
DA:14,16
DA:15,16
DA:16,39
DA:17,39
DA:18,39
DA:19,39
DA:20,39
DA:22,16
DA:23,16
DA:24,16
DA:25,16
DA:26,16
DA:28,0
DA:29,0
DA:30,0
DA:31,0
DA:32,0
DA:33,0
DA:34,0
DA:35,0
DA:36,0
DA:39,23
DA:40,0
DA:41,0
DA:42,0
DA:43,0
DA:44,0
DA:45,0
DA:46,0
DA:47,0
DA:48,0
DA:51,23
DA:52,0
DA:53,0
DA:54,0
DA:55,0
DA:56,0
DA:57,0
DA:58,0
DA:59,0
DA:60,0
DA:62,23
DA:63,23
DA:64,0
DA:65,0
DA:66,0
DA:67,0
DA:68,0
DA:70,23
DA:71,23
DA:73,16
DA:74,26
DA:75,26
DA:77,16
DA:78,23
DA:79,23
DA:81,0
DA:82,0
DA:83,0
DA:85,16
DA:86,21
DA:87,21
DA:89,16
DA:90,24
DA:91,24
DA:96,0
DA:97,0
DA:98,0
DA:99,0
DA:100,0
DA:101,0
DA:102,0
DA:103,0
DA:105,0
DA:106,0
DA:108,0
DA:109,0
DA:110,16
DA:115,16
DA:116,16
DA:117,41
DA:118,41
DA:119,41
DA:121,16
DA:122,16
DA:123,16
DA:124,16
DA:125,25
DA:126,25
DA:127,25
DA:128,25
DA:129,25
DA:131,25
DA:132,25
DA:133,100
DA:135,25
DA:137,16
DA:138,96
DA:139,32
DA:141,16
DA:142,57
DA:143,19
DA:145,0
DA:146,0
DA:147,0
DA:148,0
DA:150,0
DA:151,16
DA:165,16
DA:166,16
DA:167,41
DA:168,41
DA:169,41
DA:171,16
DA:172,16
DA:173,16
DA:174,16
DA:175,0
DA:176,0
DA:177,0
DA:178,0
DA:179,0
DA:180,0
DA:181,0
DA:182,0
DA:183,0
DA:185,25
DA:186,25
DA:187,25
DA:188,25
DA:189,25
DA:191,16
DA:192,75
DA:193,25
DA:195,0
DA:196,0
DA:197,0
DA:199,0
DA:200,0
DA:201,0
DA:203,0
DA:204,0
DA:205,0
DA:206,0
DA:207,0
DA:208,0
DA:209,0
DA:211,0
DA:212,0
DA:213,16
LH:75
LF:151
end_of_record
SF:/Users/tettuan/github/frontmatter-to-schema/src/domain/analysis/schema-driven.ts
FN:40,<instance_members_initializer>
FN:42,TotalGenericSchemaAnalyzer
FN:47,analyze
FN:76,prepareAnalysisPrompt
FN:91,serializeData
FN:100,<instance_members_initializer>
FN:102,GenericSchemaAnalyzer
FN:107,analyze
FN:140,prepareAnalysisPrompt
FN:155,serializeData
FN:165,transformResult
FN:182,isValidResult
FN:191,<instance_members_initializer>
FN:193,TotalSchemaGuidedTemplateMapper
FN:198,map
FN:227,prepareMappingPrompt
FN:242,<instance_members_initializer>
FN:244,SchemaGuidedTemplateMapper
FN:249,map
FN:270,prepareMappingPrompt
FN:287,validateAndTransform
FN:321,ensureTemplateStructure
FN:336,<instance_members_initializer>
FN:337,SchemaAnalysisProcessor
FN:344,process
FN:388,processMany
FN:415,createAnalyzer
FN:425,createMapper
FN:435,createProcessor
FNDA:5,<instance_members_initializer>
FNDA:5,TotalGenericSchemaAnalyzer
FNDA:17,analyze
FNDA:17,prepareAnalysisPrompt
FNDA:17,serializeData
FNDA:4,<instance_members_initializer>
FNDA:4,GenericSchemaAnalyzer
FNDA:12,analyze
FNDA:12,prepareAnalysisPrompt
FNDA:12,serializeData
FNDA:11,transformResult
FNDA:11,isValidResult
FNDA:5,<instance_members_initializer>
FNDA:5,TotalSchemaGuidedTemplateMapper
FNDA:15,map
FNDA:15,prepareMappingPrompt
FNDA:3,<instance_members_initializer>
FNDA:3,SchemaGuidedTemplateMapper
FNDA:7,map
FNDA:7,prepareMappingPrompt
FNDA:7,validateAndTransform
FNDA:6,ensureTemplateStructure
FNDA:5,<instance_members_initializer>
FNDA:5,SchemaAnalysisProcessor
FNDA:17,process
FNDA:3,processMany
FNDA:1,createAnalyzer
FNDA:1,createMapper
FNDA:4,createProcessor
FNF:29
FNH:29
BRDA:61,3,0,15
BRDA:65,3,1,2
BRDA:70,3,2,0
BRDA:87,4,0,15
BRDA:88,4,1,8
BRDA:92,5,0,1
BRDA:92,5,1,16
BRDA:121,8,0,11
BRDA:125,8,1,1
BRDA:127,8,2,10
BRDA:129,8,3,2
BRDA:134,8,4,0
BRDA:151,9,0,10
BRDA:152,9,1,10
BRDA:156,10,0,1
BRDA:158,10,1,11
BRDA:159,10,2,8
BRDA:159,10,3,7
BRDA:161,10,4,4
BRDA:170,11,0,10
BRDA:172,11,1,1
BRDA:184,12,0,10
BRDA:209,15,0,0
BRDA:214,15,1,0
BRDA:235,16,0,0
BRDA:259,19,0,2
BRDA:259,19,1,5
BRDA:264,19,2,1
BRDA:266,19,3,6
BRDA:277,20,0,2
BRDA:278,20,1,5
BRDA:293,21,0,4
BRDA:299,21,1,3
BRDA:304,21,2,1
BRDA:314,21,3,0
BRDA:324,22,0,5
BRDA:324,22,1,5
BRDA:325,22,2,5
BRDA:326,22,3,5
BRDA:328,22,4,1
BRDA:355,25,0,2
BRDA:362,25,1,15
BRDA:371,25,2,0
BRDA:378,25,3,15
BRDA:394,26,0,8
BRF:45
BRH:38
DA:16,1
DA:18,1
DA:40,1
DA:42,1
DA:43,7
DA:44,7
DA:45,7
DA:47,1
DA:48,1
DA:49,1
DA:50,1
DA:51,1
DA:52,18
DA:54,18
DA:57,18
DA:58,18
DA:59,18
DA:60,18
DA:61,18
DA:64,132
DA:65,18
DA:66,20
DA:67,20
DA:68,20
DA:69,60
DA:70,0
DA:72,20
DA:73,20
DA:74,18
DA:76,1
DA:77,1
DA:78,1
DA:79,1
DA:80,1
DA:81,18
DA:82,18
DA:84,18
DA:85,18
DA:86,18
DA:87,18
DA:88,18
DA:89,18
DA:91,1
DA:92,18
DA:93,34
DA:94,18
DA:95,1
DA:100,1
DA:102,1
DA:103,6
DA:104,6
DA:105,6
DA:107,1
DA:108,1
DA:109,1
DA:110,1
DA:111,1
DA:112,13
DA:114,13
DA:117,13
DA:118,13
DA:119,13
DA:120,13
DA:121,13
DA:124,24
DA:125,13
DA:126,14
DA:127,14
DA:128,23
DA:129,13
DA:132,15
DA:133,15
DA:134,0
DA:135,0
DA:136,0
DA:137,15
DA:138,13
DA:140,1
DA:141,1
DA:142,1
DA:143,1
DA:144,1
DA:145,13
DA:146,13
DA:148,13
DA:149,13
DA:150,13
DA:151,13
DA:152,13
DA:153,13
DA:155,1
DA:156,13
DA:157,14
DA:158,14
DA:159,13
DA:160,20
DA:161,20
DA:162,17
DA:163,13
DA:165,1
DA:166,1
DA:167,1
DA:168,1
DA:170,12
DA:171,88
DA:172,22
DA:173,13
DA:174,13
DA:175,13
DA:176,65
DA:177,13
DA:179,13
DA:180,12
DA:182,1
DA:184,12
DA:185,12
DA:186,1
DA:191,1
DA:193,1
DA:194,7
DA:195,7
DA:196,7
DA:198,1
DA:199,1
DA:200,1
DA:201,1
DA:202,1
DA:203,16
DA:204,16
DA:206,16
DA:207,16
DA:208,16
DA:209,0
DA:210,16
DA:213,64
DA:214,0
DA:215,0
DA:216,0
DA:217,0
DA:218,0
DA:219,0
DA:220,0
DA:221,0
DA:223,0
DA:224,0
DA:225,16
DA:227,1
DA:228,1
DA:229,1
DA:230,1
DA:231,1
DA:232,0
DA:233,0
DA:234,0
DA:235,0
DA:236,16
DA:237,1
DA:242,1
DA:244,1
DA:245,5
DA:246,5
DA:247,5
DA:249,1
DA:250,1
DA:251,1
DA:252,1
DA:253,1
DA:254,8
DA:256,8
DA:257,8
DA:258,8
DA:259,8
DA:260,8
DA:263,8
DA:264,8
DA:265,9
DA:266,9
DA:267,14
DA:268,8
DA:270,1
DA:271,1
DA:272,1
DA:273,1
DA:274,1
DA:275,8
DA:276,8
DA:277,8
DA:278,8
DA:279,8
DA:281,8
DA:282,8
DA:283,8
DA:284,8
DA:285,8
DA:287,1
DA:288,1
DA:289,1
DA:290,1
DA:292,8
DA:293,8
DA:294,12
DA:295,12
DA:296,12
DA:297,12
DA:298,12
DA:299,12
DA:300,11
DA:301,11
DA:302,11
DA:303,11
DA:304,8
DA:305,9
DA:306,9
DA:307,9
DA:308,9
DA:309,9
DA:310,9
DA:311,9
DA:312,0
DA:313,0
DA:314,0
DA:315,0
DA:317,9
DA:318,9
DA:319,8
DA:321,1
DA:323,7
DA:324,7
DA:325,7
DA:326,7
DA:327,48
DA:328,12
DA:329,8
DA:330,7
DA:331,1
DA:336,1
DA:337,1
DA:338,7
DA:339,7
DA:340,7
DA:341,7
DA:342,7
DA:344,1
DA:345,1
DA:346,1
DA:347,1
DA:349,18
DA:350,18
DA:351,18
DA:352,18
DA:355,18
DA:356,20
DA:357,20
DA:358,20
DA:359,20
DA:360,40
DA:361,20
DA:362,20
DA:365,33
DA:366,33
DA:367,33
DA:368,33
DA:371,0
DA:372,0
DA:373,0
DA:374,0
DA:375,0
DA:376,0
DA:377,0
DA:378,0
DA:380,33
DA:381,33
DA:382,33
DA:383,33
DA:384,33
DA:385,33
DA:386,18
DA:388,1
DA:389,1
DA:390,1
DA:391,1
DA:392,4
DA:394,4
DA:395,12
DA:396,12
DA:397,12
DA:398,48
DA:399,12
DA:401,12
DA:402,12
DA:403,12
DA:405,4
DA:406,4
DA:407,1
DA:414,1
DA:415,1
DA:416,1
DA:417,1
DA:418,1
DA:419,2
DA:420,2
DA:421,2
DA:423,2
DA:425,1
DA:426,1
DA:427,1
DA:428,1
DA:429,2
DA:430,2
DA:431,2
DA:433,2
DA:435,1
DA:436,1
DA:437,1
DA:438,1
DA:439,1
DA:440,1
DA:441,5
DA:442,5
DA:443,5
DA:445,5
DA:446,5
DA:447,5
DA:450,5
DA:451,5
DA:452,1
LH:295
LF:326
end_of_record
SF:/Users/tettuan/github/frontmatter-to-schema/src/domain/analyzers/typescript-analyzer.ts
FN:35,<instance_members_initializer>
FN:39,TypeScriptAnalyzer
FN:53,getValidToolsConfig
FN:75,analyze
FN:285,transformToRegistry
FN:328,extractVersion
FN:344,extractDescription
FN:359,extractToolName
FN:389,createCommands
FN:447,createTypeScriptAnalyzer
FNDA:43,<instance_members_initializer>
FNDA:43,TypeScriptAnalyzer
FNDA:0,getValidToolsConfig
FNDA:54,analyze
FNDA:0,transformToRegistry
FNDA:0,extractVersion
FNDA:0,extractDescription
FNDA:0,extractToolName
FNDA:0,createCommands
FNDA:3,createTypeScriptAnalyzer
FNF:10
FNH:4
BRDA:86,4,0,52
BRDA:86,4,1,51
BRDA:88,4,2,51
BRDA:90,4,3,1
BRDA:90,4,4,0
BRDA:140,4,5,51
BRDA:143,4,6,29
BRDA:144,4,7,23
BRDA:145,4,8,1
BRDA:146,4,9,22
BRDA:147,4,10,1
BRDA:147,4,11,21
BRDA:153,4,12,50
BRDA:156,4,13,49
BRDA:163,4,14,47
BRDA:163,4,15,3
BRDA:172,4,16,46
BRDA:180,4,17,0
BRDA:184,4,18,1
BRDA:201,4,19,0
BRDA:204,4,20,0
BRDA:209,4,21,1
BRDA:224,4,22,0
BRDA:227,4,23,0
BRDA:231,4,24,48
BRDA:240,4,25,0
BRDA:253,4,26,48
BRDA:263,4,27,2
BRDA:271,4,28,1
BRDA:271,4,29,1
BRDA:274,4,30,1
BRDA:274,4,31,1
BRF:32
BRH:25
DA:7,2
DA:8,2
DA:9,2
DA:10,2
DA:11,2
DA:12,2
DA:15,2
DA:17,2
DA:18,2
DA:19,2
DA:20,2
DA:21,2
DA:22,2
DA:23,2
DA:25,2
DA:26,2
DA:27,2
DA:35,2
DA:36,90
DA:37,2
DA:39,2
DA:40,47
DA:41,47
DA:42,2
DA:43,47
DA:44,2
DA:45,47
DA:46,2
DA:47,45
DA:48,45
DA:53,0
DA:54,0
DA:55,0
DA:56,0
DA:59,0
DA:61,0
DA:62,0
DA:63,0
DA:64,0
DA:67,0
DA:68,0
DA:69,0
DA:75,2
DA:76,2
DA:77,2
DA:78,2
DA:79,56
DA:81,56
DA:84,56
DA:85,56
DA:86,56
DA:87,56
DA:88,56
DA:89,107
DA:90,0
DA:92,0
DA:93,0
DA:94,0
DA:95,0
DA:96,0
DA:97,0
DA:98,0
DA:99,0
DA:101,0
DA:102,0
DA:103,0
DA:104,0
DA:105,0
DA:106,0
DA:107,0
DA:108,0
DA:109,0
DA:111,0
DA:112,0
DA:113,0
DA:115,0
DA:116,0
DA:117,0
DA:118,0
DA:119,0
DA:120,0
DA:121,0
DA:122,0
DA:123,0
DA:125,0
DA:126,0
DA:127,0
DA:129,57
DA:130,57
DA:131,57
DA:132,57
DA:133,57
DA:134,57
DA:135,57
DA:136,57
DA:137,57
DA:139,57
DA:140,57
DA:143,56
DA:144,56
DA:145,56
DA:146,56
DA:147,56
DA:148,56
DA:151,56
DA:153,56
DA:154,106
DA:156,106
DA:157,155
DA:160,155
DA:161,155
DA:163,155
DA:164,205
DA:165,205
DA:166,205
DA:167,205
DA:168,205
DA:169,205
DA:171,205
DA:172,205
DA:174,248
DA:175,248
DA:176,248
DA:178,248
DA:179,248
DA:180,0
DA:182,0
DA:183,0
DA:184,106
DA:185,107
DA:186,107
DA:187,107
DA:189,107
DA:191,107
DA:192,107
DA:194,107
DA:195,107
DA:196,107
DA:197,107
DA:199,107
DA:200,107
DA:201,0
DA:202,0
DA:203,0
DA:204,0
DA:205,0
DA:206,0
DA:207,107
DA:208,107
DA:209,56
DA:211,57
DA:212,57
DA:214,57
DA:215,57
DA:217,57
DA:218,57
DA:219,57
DA:220,57
DA:222,57
DA:223,57
DA:224,0
DA:225,0
DA:226,0
DA:227,0
DA:228,0
DA:229,0
DA:230,57
DA:231,57
DA:233,104
DA:234,104
DA:235,104
DA:236,104
DA:237,104
DA:240,0
DA:241,0
DA:242,0
DA:243,0
DA:244,0
DA:245,0
DA:246,0
DA:247,0
DA:248,0
DA:249,0
DA:250,0
DA:252,0
DA:253,0
DA:255,104
DA:259,104
DA:260,104
DA:261,104
DA:262,104
DA:263,56
DA:264,58
DA:265,58
DA:266,58
DA:267,58
DA:268,58
DA:269,58
DA:270,58
DA:271,58
DA:272,58
DA:273,58
DA:274,58
DA:275,58
DA:277,58
DA:278,58
DA:279,56
DA:285,0
DA:286,0
DA:287,0
DA:288,0
DA:289,0
DA:292,0
DA:295,0
DA:298,0
DA:301,0
DA:302,0
DA:303,0
DA:304,0
DA:305,0
DA:306,0
DA:307,0
DA:310,0
DA:311,0
DA:312,0
DA:313,0
DA:314,0
DA:315,0
DA:317,0
DA:318,0
DA:319,0
DA:320,0
DA:321,0
DA:323,0
DA:328,0
DA:329,0
DA:330,0
DA:331,0
DA:332,0
DA:333,0
DA:334,0
DA:335,0
DA:338,0
DA:339,0
DA:344,0
DA:346,0
DA:347,0
DA:348,0
DA:349,0
DA:350,0
DA:353,0
DA:354,0
DA:359,0
DA:361,0
DA:364,0
DA:365,0
DA:366,0
DA:367,0
DA:368,0
DA:369,0
DA:370,0
DA:373,0
DA:374,0
DA:375,0
DA:376,0
DA:377,0
DA:378,0
DA:379,0
DA:380,0
DA:381,0
DA:383,0
DA:384,0
DA:389,0
DA:390,0
DA:391,0
DA:392,0
DA:393,0
DA:396,0
DA:397,0
DA:398,0
DA:399,0
DA:402,0
DA:403,0
DA:404,0
DA:405,0
DA:406,0
DA:407,0
DA:408,0
DA:411,0
DA:412,0
DA:413,0
DA:416,0
DA:417,0
DA:418,0
DA:420,0
DA:421,0
DA:423,0
DA:424,0
DA:425,0
DA:426,0
DA:427,0
DA:428,0
DA:430,0
DA:431,0
DA:432,0
DA:433,0
DA:434,0
DA:436,0
DA:437,0
DA:438,2
DA:447,2
DA:448,2
DA:449,2
DA:450,2
DA:451,2
DA:453,5
DA:454,5
DA:455,5
DA:456,5
DA:457,5
DA:459,5
LH:146
LF:321
end_of_record
SF:/Users/tettuan/github/frontmatter-to-schema/src/domain/analyzers/value-objects.ts
FN:14,<instance_members_initializer>
FN:15,RegistryVersion
FN:17,create
FN:34,createDefault
FN:38,getValue
FN:42,toString
FN:50,<instance_members_initializer>
FN:51,ToolConfiguration
FN:56,create
FN:93,getName
FN:97,isEnabled
FN:105,<instance_members_initializer>
FN:106,RegistryCommand
FN:113,create
FN:148,createFromPath
FN:184,toJSON
FN:193,getC1
FN:197,getC2
FN:201,getC3
FN:205,getDescription
FN:213,<instance_members_initializer>
FN:214,AnalysisContext
FN:221,create
FN:256,getDocumentPath
FN:260,getFrontMatterData
FN:264,getSchemaData
FN:268,getTemplateData
FN:276,<instance_members_initializer>
FN:277,RegistryData
FN:286,create
FN:298,toJSON
FN:309,getVersion
FN:313,getDescription
FN:317,getAvailableConfigs
FN:321,getCommands
FNDA:10,<instance_members_initializer>
FNDA:10,RegistryVersion
FNDA:14,create
FNDA:6,createDefault
FNDA:7,getValue
FNDA:2,toString
FNDA:13,<instance_members_initializer>
FNDA:13,ToolConfiguration
FNDA:24,create
FNDA:13,getName
FNDA:9,isEnabled
FNDA:10,<instance_members_initializer>
FNDA:10,RegistryCommand
FNDA:19,create
FNDA:9,createFromPath
FNDA:2,toJSON
FNDA:6,getC1
FNDA:6,getC2
FNDA:6,getC3
FNDA:2,getDescription
FNDA:54,<instance_members_initializer>
FNDA:54,AnalysisContext
FNDA:57,create
FNDA:2,getDocumentPath
FNDA:2,getFrontMatterData
FNDA:1,getSchemaData
FNDA:1,getTemplateData
FNDA:5,<instance_members_initializer>
FNDA:5,RegistryData
FNDA:5,create
FNDA:1,toJSON
FNDA:1,getVersion
FNDA:1,getDescription
FNDA:4,getAvailableConfigs
FNDA:2,getCommands
FNF:35
FNH:35
BRDA:21,3,0,10
BRDA:30,3,1,4
BRDA:59,9,0,23
BRDA:59,9,1,5
BRDA:66,9,2,19
BRDA:79,9,3,6
BRDA:88,9,4,13
BRDA:119,14,0,17
BRDA:119,14,1,16
BRDA:119,14,2,4
BRDA:126,14,3,15
BRDA:128,14,4,14
BRDA:128,14,5,5
BRDA:135,14,6,10
BRDA:158,15,0,6
BRDA:163,15,1,3
BRDA:168,15,2,5
BRDA:177,15,3,4
BRDA:165,17,0,5
BRDA:227,25,0,1
BRDA:234,25,1,56
BRDA:236,25,2,55
BRDA:236,25,3,2
BRDA:243,25,4,54
BRF:24
BRH:24
DA:7,3
DA:8,3
DA:14,3
DA:15,29
DA:17,3
DA:18,3
DA:19,3
DA:20,17
DA:21,17
DA:22,27
DA:23,27
DA:24,27
DA:25,27
DA:26,27
DA:27,27
DA:28,27
DA:29,27
DA:30,27
DA:31,84
DA:32,17
DA:34,3
DA:35,9
DA:36,9
DA:38,3
DA:39,10
DA:40,10
DA:42,3
DA:43,5
DA:44,5
DA:45,3
DA:50,3
DA:51,3
DA:52,19
DA:53,19
DA:54,19
DA:56,3
DA:57,3
DA:58,3
DA:59,27
DA:60,32
DA:61,32
DA:62,32
DA:63,32
DA:64,32
DA:65,32
DA:66,32
DA:68,46
DA:69,46
DA:70,46
DA:71,46
DA:72,46
DA:73,46
DA:74,46
DA:75,46
DA:76,46
DA:77,46
DA:78,46
DA:79,27
DA:80,33
DA:81,33
DA:82,33
DA:83,33
DA:84,33
DA:85,33
DA:86,33
DA:87,33
DA:88,33
DA:90,160
DA:91,27
DA:93,3
DA:94,16
DA:95,16
DA:97,3
DA:98,12
DA:99,12
DA:100,3
DA:105,3
DA:106,3
DA:107,16
DA:108,16
DA:109,16
DA:110,16
DA:111,16
DA:113,3
DA:114,3
DA:115,3
DA:116,3
DA:117,3
DA:118,3
DA:119,22
DA:120,26
DA:121,26
DA:122,26
DA:123,26
DA:124,26
DA:125,26
DA:126,26
DA:128,22
DA:129,27
DA:130,27
DA:131,27
DA:132,27
DA:133,27
DA:134,27
DA:135,27
DA:137,32
DA:138,32
DA:139,32
DA:140,32
DA:141,32
DA:142,32
DA:143,32
DA:145,32
DA:146,22
DA:148,3
DA:149,3
DA:150,3
DA:151,3
DA:157,12
DA:158,12
DA:159,18
DA:160,18
DA:161,18
DA:162,18
DA:163,12
DA:165,15
DA:166,15
DA:168,12
DA:169,17
DA:170,17
DA:171,17
DA:172,17
DA:173,17
DA:174,17
DA:175,17
DA:176,17
DA:177,17
DA:180,16
DA:181,16
DA:182,12
DA:184,3
DA:185,5
DA:186,5
DA:187,5
DA:188,5
DA:189,5
DA:190,5
DA:191,5
DA:193,3
DA:194,9
DA:195,9
DA:197,3
DA:198,9
DA:199,9
DA:201,3
DA:202,9
DA:203,9
DA:205,3
DA:206,5
DA:207,5
DA:208,3
DA:213,3
DA:214,3
DA:215,60
DA:216,60
DA:217,60
DA:218,60
DA:219,60
DA:221,3
DA:222,3
DA:223,3
DA:224,3
DA:225,3
DA:226,3
DA:227,60
DA:228,61
DA:229,61
DA:230,61
DA:231,61
DA:232,61
DA:233,61
DA:234,61
DA:236,60
DA:237,62
DA:238,62
DA:239,62
DA:240,62
DA:241,62
DA:242,62
DA:243,62
DA:245,114
DA:246,114
DA:247,114
DA:248,114
DA:249,114
DA:250,114
DA:251,114
DA:253,114
DA:254,60
DA:256,3
DA:257,5
DA:258,5
DA:260,3
DA:261,5
DA:262,5
DA:264,3
DA:265,4
DA:266,4
DA:268,3
DA:269,4
DA:270,4
DA:271,3
DA:276,3
DA:277,3
DA:278,11
DA:279,11
DA:280,11
DA:283,3
DA:284,11
DA:286,3
DA:287,3
DA:288,3
DA:289,3
DA:290,3
DA:291,3
DA:292,8
DA:293,24
DA:294,8
DA:295,8
DA:296,8
DA:298,3
DA:299,4
DA:300,4
DA:301,4
DA:302,4
DA:303,4
DA:304,4
DA:305,4
DA:306,4
DA:307,4
DA:309,3
DA:310,4
DA:311,4
DA:313,3
DA:314,4
DA:315,4
DA:317,3
DA:318,7
DA:319,7
DA:321,3
DA:322,5
DA:323,5
DA:324,3
LH:253
LF:253
end_of_record
SF:/Users/tettuan/github/frontmatter-to-schema/src/domain/config/environment-config.ts
FN:29,<instance_members_initializer>
FN:30,<static_initializer>
FN:33,EnvironmentConfig
FN:40,getInstance
FN:52,getEnvVar
FN:63,clearCache
FN:70,resetSingleton
FN:77,getVerboseMode
FN:84,getDebugMode
FN:92,getBreakdownLogEnabled
FN:99,getNodeEnv
FN:106,getLogLevel
FN:113,getClaudeApiKey
FN:130,isProduction
FN:137,isDevelopment
FN:144,isTest
FN:151,getCustom
FN:157,getEnvironmentConfig
FNDA:22,<instance_members_initializer>
FNDA:3,<static_initializer>
FNDA:22,EnvironmentConfig
FNDA:29,getInstance
FNDA:42,getEnvVar
FNDA:0,clearCache
FNDA:40,resetSingleton
FNDA:26,getVerboseMode
FNDA:8,getDebugMode
FNDA:0,getBreakdownLogEnabled
FNDA:0,getNodeEnv
FNDA:0,getLogLevel
FNDA:0,getClaudeApiKey
FNDA:0,isProduction
FNDA:0,isDevelopment
FNDA:0,isTest
FNDA:0,getCustom
FNDA:29,getEnvironmentConfig
FNF:18
FNH:9
BRDA:43,4,0,22
BRDA:53,5,0,23
BRF:2
BRH:2
DA:6,3
DA:7,3
DA:10,3
DA:16,3
DA:17,3
DA:18,3
DA:19,3
DA:20,3
DA:21,3
DA:22,3
DA:23,3
DA:24,3
DA:29,3
DA:30,25
DA:31,28
DA:33,3
DA:34,28
DA:35,28
DA:40,3
DA:41,3
DA:42,3
DA:43,32
DA:44,54
DA:45,54
DA:46,32
DA:47,32
DA:52,3
DA:53,45
DA:54,68
DA:55,68
DA:56,68
DA:57,45
DA:58,45
DA:63,0
DA:64,0
DA:65,0
DA:70,3
DA:71,43
DA:72,43
DA:77,3
DA:78,29
DA:79,29
DA:84,3
DA:85,11
DA:86,11
DA:87,11
DA:92,0
DA:93,0
DA:94,0
DA:99,0
DA:100,0
DA:101,0
DA:106,0
DA:107,0
DA:108,0
DA:113,0
DA:114,0
DA:115,0
DA:116,0
DA:117,0
DA:118,0
DA:119,0
DA:120,0
DA:121,0
DA:122,0
DA:123,0
DA:124,0
DA:125,0
DA:130,0
DA:131,0
DA:132,0
DA:137,0
DA:138,0
DA:139,0
DA:144,0
DA:145,0
DA:146,0
DA:151,0
DA:152,0
DA:153,0
DA:154,3
DA:157,3
DA:158,3
DA:160,32
DA:161,3
LH:48
LF:85
end_of_record
SF:/Users/tettuan/github/frontmatter-to-schema/src/domain/config/schema-ref-resolver.ts
FN:24,<instance_members_initializer>
FN:28,SchemaRefResolver
FN:36,resolveSchema
FN:120,resolveRef
FN:189,resolveJsonPointer
FN:208,clearCache
FN:216,extractTemplateInfo
FN:240,resolveAndExtractTemplateInfo
FN:273,hasFrontmatterParts
FN:317,createSchemaRefResolver
FNDA:67,<instance_members_initializer>
FNDA:67,SchemaRefResolver
FNDA:358,resolveSchema
FNDA:16,resolveRef
FNDA:0,resolveJsonPointer
FNDA:0,clearCache
FNDA:5,extractTemplateInfo
FNDA:5,resolveAndExtractTemplateInfo
FNDA:0,hasFrontmatterParts
FNDA:0,createSchemaRefResolver
FNF:10
FNH:6
BRDA:41,3,0,0
BRDA:46,3,1,160
BRDA:48,3,2,198
BRDA:51,3,3,5
BRDA:53,3,4,12
BRDA:55,3,5,0
BRDA:61,3,6,193
BRDA:67,3,7,18
BRDA:67,3,8,18
BRDA:71,3,9,2
BRDA:80,3,10,16
BRDA:87,3,11,7
BRDA:89,3,12,9
BRDA:93,3,13,0
BRDA:99,3,14,9
BRDA:102,3,15,175
BRDA:106,3,16,269
BRDA:108,3,17,18
BRDA:110,3,18,251
BRDA:112,3,19,157
BRDA:125,4,0,0
BRDA:130,4,1,0
BRDA:135,4,2,0
BRDA:141,4,3,3
BRDA:150,4,4,15
BRDA:150,4,5,13
BRDA:158,4,6,9
BRDA:160,4,7,13
BRDA:163,4,8,0
BRDA:219,7,0,0
BRDA:251,8,0,0
BRDA:257,8,1,0
BRF:32
BRH:22
DA:9,19
DA:10,19
DA:13,19
DA:14,19
DA:15,19
DA:17,19
DA:18,19
DA:24,19
DA:25,172
DA:26,105
DA:28,19
DA:29,105
DA:30,105
DA:31,105
DA:36,19
DA:37,19
DA:38,19
DA:39,19
DA:41,0
DA:42,0
DA:43,0
DA:46,377
DA:47,2148
DA:48,537
DA:51,377
DA:52,382
DA:53,382
DA:54,394
DA:55,0
DA:56,0
DA:57,0
DA:58,394
DA:59,394
DA:60,1528
DA:61,382
DA:64,570
DA:67,377
DA:68,395
DA:71,395
DA:72,397
DA:73,397
DA:74,397
DA:75,397
DA:76,397
DA:77,397
DA:78,397
DA:79,397
DA:80,397
DA:83,411
DA:84,411
DA:85,411
DA:87,395
DA:88,402
DA:89,402
DA:92,404
DA:93,0
DA:95,0
DA:96,0
DA:97,0
DA:98,0
DA:99,0
DA:101,404
DA:102,404
DA:105,552
DA:106,377
DA:107,646
DA:108,646
DA:109,664
DA:110,664
DA:111,897
DA:112,897
DA:114,2136
DA:115,377
DA:120,19
DA:121,19
DA:122,19
DA:123,19
DA:125,0
DA:126,0
DA:127,0
DA:130,0
DA:131,0
DA:132,0
DA:135,0
DA:136,0
DA:137,0
DA:139,35
DA:141,35
DA:142,38
DA:143,38
DA:144,38
DA:145,38
DA:146,38
DA:147,38
DA:148,38
DA:149,38
DA:150,38
DA:152,63
DA:153,63
DA:156,63
DA:158,50
DA:159,59
DA:160,59
DA:162,63
DA:163,0
DA:164,0
DA:165,0
DA:166,0
DA:167,0
DA:168,0
DA:169,0
DA:170,0
DA:171,0
DA:172,0
DA:173,0
DA:175,0
DA:176,0
DA:177,0
DA:178,0
DA:179,0
DA:180,0
DA:181,0
DA:182,0
DA:183,0
DA:184,35
DA:189,0
DA:190,0
DA:191,0
DA:192,0
DA:195,0
DA:196,0
DA:197,0
DA:198,0
DA:199,0
DA:200,0
DA:201,0
DA:202,0
DA:203,0
DA:208,0
DA:209,0
DA:210,0
DA:211,0
DA:216,19
DA:217,19
DA:218,19
DA:219,0
DA:220,0
DA:221,0
DA:222,0
DA:223,0
DA:224,0
DA:225,0
DA:226,0
DA:227,0
DA:228,0
DA:230,24
DA:231,24
DA:235,24
DA:240,19
DA:241,19
DA:242,19
DA:248,19
DA:250,24
DA:251,0
DA:252,0
DA:253,0
DA:256,24
DA:257,0
DA:258,0
DA:259,0
DA:261,24
DA:262,24
DA:263,24
DA:264,24
DA:265,24
DA:266,24
DA:267,24
DA:268,24
DA:273,0
DA:274,0
DA:275,0
DA:276,0
DA:278,0
DA:280,0
DA:281,0
DA:282,0
DA:285,0
DA:286,0
DA:287,0
DA:288,0
DA:289,0
DA:290,0
DA:291,0
DA:292,0
DA:293,0
DA:294,0
DA:295,0
DA:296,0
DA:299,0
DA:300,0
DA:301,0
DA:302,0
DA:303,0
DA:304,0
DA:305,0
DA:307,0
DA:308,0
DA:310,0
DA:311,0
DA:312,19
DA:317,0
DA:318,0
DA:319,0
DA:321,0
DA:322,0
LH:105
LF:215
end_of_record
SF:/Users/tettuan/github/frontmatter-to-schema/src/domain/config/valid-tools-config.ts
FN:24,<instance_members_initializer>
FN:25,ValidToolsConfig
FN:30,create
FN:116,createDefault
FN:135,getTools
FN:142,isValidTool
FN:150,getCount
FNDA:0,<instance_members_initializer>
FNDA:0,ValidToolsConfig
FNDA:0,create
FNDA:0,createDefault
FNDA:0,getTools
FNDA:0,isValidTool
FNDA:0,getCount
FNF:7
FNH:0
BRF:0
BRH:0
DA:6,2
DA:7,2
DA:10,2
DA:24,2
DA:25,0
DA:30,0
DA:31,0
DA:32,0
DA:33,0
DA:34,0
DA:36,0
DA:37,0
DA:38,0
DA:39,0
DA:40,0
DA:41,0
DA:42,0
DA:43,0
DA:44,0
DA:46,0
DA:47,0
DA:49,0
DA:50,0
DA:51,0
DA:52,0
DA:53,0
DA:54,0
DA:55,0
DA:56,0
DA:57,0
DA:58,0
DA:60,0
DA:62,0
DA:63,0
DA:64,0
DA:65,0
DA:66,0
DA:67,0
DA:68,0
DA:69,0
DA:70,0
DA:71,0
DA:73,0
DA:74,0
DA:75,0
DA:76,0
DA:77,0
DA:78,0
DA:79,0
DA:80,0
DA:81,0
DA:84,0
DA:85,0
DA:86,0
DA:87,0
DA:88,0
DA:89,0
DA:90,0
DA:91,0
DA:92,0
DA:93,0
DA:94,0
DA:95,0
DA:97,0
DA:98,0
DA:99,0
DA:100,0
DA:101,0
DA:102,0
DA:103,0
DA:104,0
DA:105,0
DA:106,0
DA:107,0
DA:108,0
DA:109,0
DA:110,0
DA:111,0
DA:116,0
DA:117,0
DA:118,0
DA:119,0
DA:120,0
DA:121,0
DA:122,0
DA:123,0
DA:124,0
DA:125,0
DA:126,0
DA:127,0
DA:128,0
DA:129,0
DA:130,0
DA:135,0
DA:136,0
DA:137,0
DA:142,0
DA:143,0
DA:144,0
DA:145,0
DA:150,0
DA:151,0
DA:152,0
DA:153,2
LH:5
LF:104
end_of_record
SF:/Users/tettuan/github/frontmatter-to-schema/src/domain/config/version-config.ts
FN:14,<instance_members_initializer>
FN:15,VersionConfig
FN:23,getVersion
FN:30,getFallbackVersion
FN:38,create
FN:52,createWithValues
FN:83,equals
FN:91,toString
FN:116,getVersionConfig
FN:126,resetVersionConfig
FNDA:12,<instance_members_initializer>
FNDA:12,VersionConfig
FNDA:7,getVersion
FNDA:3,getFallbackVersion
FNDA:4,create
FNDA:10,createWithValues
FNDA:2,equals
FNDA:1,toString
FNDA:4,getVersionConfig
FNDA:3,resetVersionConfig
FNF:10
FNH:10
BRDA:59,6,0,1
BRDA:64,6,1,9
BRDA:66,6,2,5
BRDA:67,6,3,1
BRDA:72,6,4,8
BRDA:84,7,0,1
BRDA:117,9,0,2
BRF:7
BRH:7
DA:14,1
DA:15,1
DA:16,14
DA:17,14
DA:18,14
DA:23,1
DA:24,8
DA:25,8
DA:30,1
DA:31,4
DA:32,4
DA:38,1
DA:39,5
DA:40,5
DA:41,5
DA:43,5
DA:45,5
DA:46,5
DA:52,1
DA:53,1
DA:54,1
DA:55,1
DA:57,11
DA:59,11
DA:60,12
DA:61,12
DA:62,36
DA:63,12
DA:64,12
DA:66,11
DA:67,11
DA:68,12
DA:69,12
DA:70,36
DA:71,12
DA:72,12
DA:74,19
DA:75,19
DA:76,19
DA:77,19
DA:78,11
DA:83,1
DA:84,3
DA:85,3
DA:86,3
DA:91,1
DA:92,2
DA:93,2
DA:94,1
DA:100,1
DA:101,1
DA:102,1
DA:103,1
DA:104,1
DA:105,1
DA:110,1
DA:116,1
DA:117,5
DA:118,7
DA:119,7
DA:120,5
DA:121,5
DA:126,1
DA:127,4
DA:128,4
LH:65
LF:65
end_of_record
SF:/Users/tettuan/github/frontmatter-to-schema/src/domain/constants/command-fields.ts
FN:68,getRequiredCommandFields
FN:77,hasRequiredCommandFields
FNDA:0,getRequiredCommandFields
FNDA:0,hasRequiredCommandFields
FNF:2
FNH:0
BRF:0
BRH:0
DA:14,7
DA:15,7
DA:16,7
DA:17,7
DA:18,7
DA:19,7
DA:20,7
DA:21,7
DA:22,7
DA:27,7
DA:28,7
DA:29,7
DA:30,7
DA:31,7
DA:32,7
DA:33,7
DA:34,7
DA:35,7
DA:36,7
DA:37,7
DA:38,7
DA:39,7
DA:40,7
DA:41,7
DA:42,7
DA:43,7
DA:44,7
DA:45,7
DA:46,7
DA:47,7
DA:48,7
DA:49,7
DA:50,7
DA:51,7
DA:52,7
DA:53,7
DA:54,7
DA:55,7
DA:56,7
DA:57,7
DA:58,7
DA:59,7
DA:60,7
DA:61,7
DA:62,7
DA:63,7
DA:68,0
DA:69,0
DA:70,0
DA:71,0
DA:72,0
DA:77,0
DA:78,0
DA:79,0
DA:80,0
DA:82,0
DA:83,0
DA:85,0
DA:86,0
DA:87,0
DA:88,0
DA:89,0
DA:91,0
LH:46
LF:63
end_of_record
SF:/Users/tettuan/github/frontmatter-to-schema/src/domain/constants/index.ts
FNF:0
FNH:0
BRF:0
BRH:0
DA:7,1
DA:8,1
DA:9,1
DA:10,1
DA:11,1
DA:12,1
DA:13,1
DA:14,1
DA:15,1
DA:16,1
DA:17,1
DA:18,1
DA:19,1
DA:20,1
DA:23,1
DA:24,1
DA:25,1
DA:26,1
DA:27,1
DA:28,1
DA:29,1
DA:32,1
DA:33,1
DA:34,1
DA:35,1
DA:36,1
DA:37,1
DA:38,1
DA:39,1
DA:40,1
DA:43,1
DA:44,1
DA:45,1
DA:46,1
DA:49,1
DA:50,1
DA:51,1
DA:52,1
DA:53,1
DA:54,1
DA:57,1
DA:58,1
DA:59,1
DA:60,1
DA:61,1
DA:62,1
DA:65,1
DA:66,1
DA:67,1
DA:68,1
DA:71,1
DA:72,1
DA:73,1
DA:74,1
DA:75,1
DA:76,1
DA:77,1
LH:57
LF:57
end_of_record
SF:/Users/tettuan/github/frontmatter-to-schema/src/domain/core/analysis-engine-core.ts
FN:31,<instance_members_initializer>
FN:32,GenericAnalysisEngine
FN:36,analyze
FN:106,validateInput
FN:116,createTimeoutState
FN:126,cleanupTimeout
FN:148,analyze
FN:166,isValidResultType
FN:174,hasValidationMethod
FN:189,process
FN:244,extractSchemaValidationCapability
FN:261,performSchemaValidation
FNDA:66,<instance_members_initializer>
FNDA:66,GenericAnalysisEngine
FNDA:6,analyze
FNDA:6,validateInput
FNDA:2,createTimeoutState
FNDA:2,cleanupTimeout
FNDA:118,analyze
FNDA:120,isValidResultType
FNDA:3,hasValidationMethod
FNDA:3,process
FNDA:3,extractSchemaValidationCapability
FNDA:3,performSchemaValidation
FNF:12
FNH:12
BRDA:43,3,0,2
BRDA:52,3,1,4
BRDA:55,3,2,4
BRDA:74,3,3,2
BRDA:82,3,4,1
BRDA:107,6,0,2
BRDA:109,6,1,4
BRDA:119,7,0,0
BRDA:131,8,0,0
BRDA:132,8,1,0
BRDA:155,9,0,0
BRDA:201,12,0,1
BRDA:210,12,1,2
BRDA:214,12,2,0
BRDA:223,12,3,2
BRDA:229,12,4,0
BRDA:253,13,0,0
BRDA:268,14,0,0
BRF:18
BRH:10
DA:8,2
DA:31,2
DA:32,2
DA:33,70
DA:34,70
DA:36,2
DA:37,2
DA:38,2
DA:39,2
DA:41,8
DA:42,8
DA:43,8
DA:44,10
DA:45,10
DA:46,10
DA:47,10
DA:48,10
DA:49,10
DA:50,10
DA:51,10
DA:52,8
DA:54,12
DA:55,8
DA:57,12
DA:59,12
DA:61,12
DA:62,16
DA:63,16
DA:64,16
DA:66,12
DA:68,12
DA:69,12
DA:70,12
DA:71,36
DA:72,12
DA:74,48
DA:77,10
DA:78,10
DA:80,10
DA:81,10
DA:82,10
DA:83,11
DA:84,11
DA:85,11
DA:86,11
DA:87,11
DA:88,11
DA:89,11
DA:90,11
DA:92,11
DA:93,11
DA:94,11
DA:95,11
DA:96,11
DA:97,11
DA:98,11
DA:99,11
DA:100,11
DA:101,8
DA:106,2
DA:107,8
DA:108,40
DA:109,10
DA:110,48
DA:111,8
DA:116,2
DA:117,4
DA:118,16
DA:119,4
DA:120,0
DA:121,0
DA:126,2
DA:127,4
DA:128,4
DA:129,4
DA:130,4
DA:131,0
DA:132,0
DA:134,0
DA:135,4
DA:136,4
DA:137,2
DA:143,2
DA:148,2
DA:149,2
DA:150,2
DA:151,2
DA:152,2
DA:155,0
DA:157,0
DA:158,0
DA:160,120
DA:161,120
DA:166,2
DA:168,122
DA:169,122
DA:174,2
DA:175,2
DA:180,2
DA:181,5
DA:182,5
DA:183,5
DA:184,5
DA:185,5
DA:187,5
DA:189,2
DA:190,2
DA:191,2
DA:192,2
DA:194,5
DA:195,5
DA:197,5
DA:198,5
DA:199,5
DA:201,5
DA:202,6
DA:203,6
DA:204,6
DA:205,6
DA:206,6
DA:207,6
DA:208,6
DA:209,6
DA:210,6
DA:212,7
DA:214,0
DA:215,0
DA:216,0
DA:217,0
DA:218,0
DA:219,0
DA:220,0
DA:221,0
DA:222,0
DA:223,0
DA:225,7
DA:227,7
DA:228,28
DA:229,0
DA:230,0
DA:231,0
DA:232,0
DA:233,0
DA:234,0
DA:235,0
DA:236,0
DA:237,0
DA:238,0
DA:239,5
DA:244,2
DA:245,2
DA:246,2
DA:248,5
DA:249,5
DA:250,5
DA:251,5
DA:252,5
DA:253,5
DA:255,0
DA:256,0
DA:261,2
DA:262,2
DA:263,2
DA:264,2
DA:265,5
DA:266,5
DA:267,5
DA:268,0
DA:269,0
DA:270,5
DA:271,5
DA:272,2
LH:140
LF:172
end_of_record
SF:/Users/tettuan/github/frontmatter-to-schema/src/domain/core/analysis-engine.ts
FNF:0
FNH:0
BRF:0
BRH:0
DA:18,2
LH:1
LF:1
end_of_record
SF:/Users/tettuan/github/frontmatter-to-schema/src/domain/core/analysis-engine/index.ts
FNF:0
FNH:0
BRF:0
BRH:0
DA:9,2
DA:12,2
DA:13,2
DA:14,2
DA:15,2
DA:18,2
DA:21,2
DA:22,2
DA:23,2
DA:24,2
DA:25,2
DA:26,2
LH:12
LF:12
end_of_record
SF:/Users/tettuan/github/frontmatter-to-schema/src/domain/core/analysis-processors-strategies.ts
FN:31,<instance_members_initializer>
FN:32,ContextualAnalysisProcessor
FN:41,processWithContext
FN:138,<instance_members_initializer>
FN:140,execute
FN:201,<instance_members_initializer>
FN:205,SchemaMappingStrategy
FN:207,execute
FNDA:65,<instance_members_initializer>
FNDA:65,ContextualAnalysisProcessor
FNDA:123,processWithContext
FNDA:63,<instance_members_initializer>
FNDA:63,execute
FNDA:2,<instance_members_initializer>
FNDA:2,SchemaMappingStrategy
FNDA:2,execute
FNF:8
FNH:8
BRDA:47,3,0,59
BRDA:55,3,1,60
BRDA:56,3,2,59
BRDA:63,3,3,1
BRDA:66,3,4,0
BRDA:76,3,5,1
BRDA:82,3,6,0
BRDA:96,3,7,3
BRDA:101,3,8,0
BRDA:106,3,9,1
BRDA:114,3,10,0
BRDA:147,5,0,3
BRDA:156,5,1,61
BRDA:156,5,2,60
BRDA:161,5,3,59
BRDA:161,5,4,1
BRDA:163,5,5,0
BRDA:176,5,6,59
BRDA:181,5,7,0
BRDA:190,5,8,59
BRDA:211,8,0,1
BRF:21
BRH:15
DA:8,2
DA:11,2
DA:16,2
DA:25,2
DA:31,2
DA:32,2
DA:33,69
DA:34,69
DA:37,2
DA:38,69
DA:39,69
DA:41,2
DA:42,2
DA:43,2
DA:44,2
DA:46,125
DA:47,309
DA:48,184
DA:49,184
DA:50,184
DA:52,736
DA:53,184
DA:55,310
DA:56,185
DA:57,185
DA:58,244
DA:59,244
DA:60,244
DA:61,244
DA:63,185
DA:64,742
DA:66,0
DA:67,0
DA:68,0
DA:70,185
DA:71,185
DA:72,185
DA:74,185
DA:76,251
DA:77,126
DA:81,126
DA:82,0
DA:83,0
DA:84,0
DA:85,0
DA:86,0
DA:87,0
DA:88,0
DA:89,0
DA:90,0
DA:91,0
DA:93,504
DA:94,126
DA:96,253
DA:98,128
DA:99,128
DA:100,0
DA:101,0
DA:102,0
DA:103,128
DA:104,128
DA:105,128
DA:106,128
DA:107,128
DA:108,128
DA:110,512
DA:111,128
DA:114,0
DA:115,0
DA:116,0
DA:117,0
DA:118,0
DA:119,0
DA:120,0
DA:121,0
DA:122,0
DA:123,0
DA:124,125
DA:125,125
DA:126,2
DA:136,2
DA:138,2
DA:140,2
DA:141,2
DA:142,2
DA:143,2
DA:145,65
DA:147,65
DA:148,68
DA:149,68
DA:150,68
DA:151,68
DA:152,68
DA:153,68
DA:154,68
DA:155,68
DA:156,68
DA:158,186
DA:161,65
DA:162,66
DA:163,0
DA:164,0
DA:165,0
DA:166,0
DA:167,0
DA:168,0
DA:169,0
DA:170,0
DA:171,0
DA:172,0
DA:174,66
DA:175,66
DA:176,66
DA:178,124
DA:181,0
DA:182,0
DA:183,0
DA:184,0
DA:185,0
DA:186,0
DA:187,0
DA:188,0
DA:189,0
DA:190,0
DA:193,124
DA:194,124
DA:195,65
DA:196,2
DA:201,2
DA:203,6
DA:205,10
DA:207,2
DA:208,2
DA:209,2
DA:210,2
DA:211,4
DA:212,5
DA:213,5
DA:214,5
DA:215,5
DA:216,5
DA:217,5
DA:218,5
DA:219,5
DA:221,5
DA:222,5
DA:223,4
DA:224,2
DA:227,2
DA:228,2
DA:229,2
DA:230,2
LH:106
LF:152
end_of_record
SF:/Users/tettuan/github/frontmatter-to-schema/src/domain/core/analysis-template-mapper.ts
FN:29,map
FN:59,isTemplateDefinition
FN:70,mapInternal
FN:101,transformWithTemplate
FN:141,parseTemplateDefinition
FN:196,extractMappingRules
FN:208,extractTemplateStructure
FN:222,applyMappingRules
FNDA:4,map
FNDA:4,isTemplateDefinition
FNDA:60,mapInternal
FNDA:60,transformWithTemplate
FNDA:60,parseTemplateDefinition
FNDA:60,extractMappingRules
FNDA:60,extractTemplateStructure
FNDA:60,applyMappingRules
FNF:8
FNH:8
BRDA:37,1,0,1
BRDA:39,1,1,3
BRDA:42,1,2,3
BRDA:50,1,3,0
BRDA:65,2,0,3
BRDA:74,3,0,0
BRDA:89,3,1,0
BRDA:115,4,0,0
BRDA:117,4,1,0
BRDA:123,4,2,0
BRDA:131,4,3,455
BRDA:149,5,0,57
BRDA:153,5,1,0
BRDA:155,5,2,0
BRDA:158,5,3,3
BRDA:160,5,4,2
BRDA:165,5,5,2
BRDA:166,5,6,2
BRDA:176,5,7,0
BRDA:199,6,0,57
BRDA:199,6,1,57
BRDA:201,6,2,3
BRDA:214,7,0,0
BRDA:228,8,0,57
BRDA:233,8,1,173
BRDA:235,8,2,170
BRDA:237,8,3,2
BRDA:240,8,4,0
BRDA:245,8,5,168
BRDA:251,8,6,3
BRF:30
BRH:19
DA:8,2
DA:24,2
DA:29,2
DA:30,2
DA:31,2
DA:32,2
DA:33,2
DA:35,6
DA:37,6
DA:38,7
DA:39,7
DA:42,6
DA:43,9
DA:44,9
DA:45,27
DA:46,9
DA:48,9
DA:49,9
DA:50,6
DA:53,0
DA:54,0
DA:59,2
DA:60,2
DA:61,2
DA:62,6
DA:63,6
DA:64,6
DA:65,6
DA:67,6
DA:70,2
DA:71,2
DA:72,2
DA:73,2
DA:74,0
DA:75,0
DA:76,0
DA:77,0
DA:78,0
DA:79,0
DA:80,0
DA:81,0
DA:82,0
DA:83,0
DA:85,62
DA:87,62
DA:88,248
DA:89,0
DA:90,0
DA:91,0
DA:92,0
DA:93,0
DA:94,0
DA:95,0
DA:96,0
DA:97,0
DA:98,0
DA:99,62
DA:101,2
DA:102,2
DA:103,2
DA:104,2
DA:106,62
DA:109,62
DA:110,186
DA:113,62
DA:114,0
DA:115,0
DA:116,0
DA:117,0
DA:119,0
DA:120,0
DA:121,0
DA:122,62
DA:123,0
DA:124,0
DA:125,0
DA:128,62
DA:131,62
DA:132,517
DA:133,517
DA:135,62
DA:136,62
DA:141,2
DA:142,2
DA:143,2
DA:144,62
DA:146,62
DA:147,62
DA:148,62
DA:149,62
DA:150,119
DA:151,119
DA:152,119
DA:153,0
DA:154,0
DA:155,0
DA:157,119
DA:158,62
DA:160,65
DA:163,65
DA:164,65
DA:165,65
DA:166,65
DA:167,201
DA:168,67
DA:170,65
DA:171,65
DA:172,65
DA:173,65
DA:174,65
DA:175,65
DA:176,0
DA:178,0
DA:181,0
DA:182,0
DA:183,0
DA:185,0
DA:186,0
DA:187,0
DA:188,0
DA:189,0
DA:190,0
DA:191,62
DA:196,2
DA:197,2
DA:198,2
DA:199,62
DA:200,476
DA:201,119
DA:202,195
DA:203,62
DA:208,2
DA:209,2
DA:210,2
DA:211,62
DA:212,62
DA:213,62
DA:214,0
DA:215,0
DA:216,62
DA:217,62
DA:222,2
DA:223,2
DA:224,2
DA:225,2
DA:226,2
DA:227,62
DA:228,62
DA:229,119
DA:230,119
DA:231,119
DA:233,119
DA:234,292
DA:235,292
DA:237,462
DA:239,464
DA:240,0
DA:241,0
DA:242,0
DA:243,0
DA:244,0
DA:245,462
DA:246,630
DA:247,630
DA:248,462
DA:249,292
DA:250,119
DA:251,62
DA:253,65
DA:254,62
DA:255,62
DA:256,2
LH:119
LF:172
end_of_record
SF:/Users/tettuan/github/frontmatter-to-schema/src/domain/core/analysis-types.ts
FN:63,isSchemaAnalysis
FN:103,<instance_members_initializer>
FN:106,AnalysisResult
FN:112,get extractedData
FN:116,addMetadata
FN:122,getMetadata
FN:129,hasMetadata
FNDA:2,isSchemaAnalysis
FNDA:99,<instance_members_initializer>
FNDA:99,AnalysisResult
FNDA:22,get extractedData
FNDA:199,addMetadata
FNDA:4,getMetadata
FNDA:1,hasMetadata
FNF:7
FNH:7
BRDA:123,6,0,1
BRDA:125,6,1,3
BRF:2
BRH:2
DA:63,7
DA:64,9
DA:65,9
DA:103,7
DA:104,113
DA:106,7
DA:107,113
DA:108,113
DA:109,113
DA:112,7
DA:113,29
DA:114,29
DA:116,7
DA:117,206
DA:118,206
DA:122,7
DA:123,11
DA:124,36
DA:125,12
DA:126,14
DA:127,11
DA:129,7
DA:130,8
DA:131,8
DA:132,7
LH:25
LF:25
end_of_record
SF:/Users/tettuan/github/frontmatter-to-schema/src/domain/core/command-types.ts
FN:16,<instance_members_initializer>
FN:17,CommandOptions
FN:25,create
FN:51,getInput
FN:54,getAdaptation
FN:57,getInputFile
FN:60,getStdin
FN:63,getDestination
FN:95,<instance_members_initializer>
FN:96,ValidatedCommand
FN:98,create
FN:171,getCommand
FN:175,getSchemaCommand
FN:180,getC1
FN:184,getC2
FN:188,getC3
FN:192,getUsage
FN:202,getOptions
FN:241,createCommand
FNDA:0,<instance_members_initializer>
FNDA:0,CommandOptions
FNDA:0,create
FNDA:0,getInput
FNDA:0,getAdaptation
FNDA:0,getInputFile
FNDA:0,getStdin
FNDA:0,getDestination
FNDA:0,<instance_members_initializer>
FNDA:0,ValidatedCommand
FNDA:0,create
FNDA:0,getCommand
FNDA:0,getSchemaCommand
FNDA:0,getC1
FNDA:0,getC2
FNDA:0,getC3
FNDA:0,getUsage
FNDA:0,getOptions
FNDA:0,createCommand
FNF:19
FNH:0
BRF:0
BRH:0
DA:9,7
DA:10,7
DA:11,7
DA:16,7
DA:17,0
DA:18,0
DA:19,0
DA:20,0
DA:21,0
DA:22,0
DA:23,0
DA:25,0
DA:31,0
DA:33,0
DA:34,0
DA:35,0
DA:36,0
DA:37,0
DA:39,0
DA:40,0
DA:41,0
DA:42,0
DA:43,0
DA:44,0
DA:45,0
DA:46,0
DA:48,0
DA:49,0
DA:51,0
DA:52,0
DA:53,0
DA:54,0
DA:55,0
DA:56,0
DA:57,0
DA:58,0
DA:59,0
DA:60,0
DA:61,0
DA:62,0
DA:63,0
DA:64,0
DA:65,0
DA:66,7
DA:95,7
DA:96,0
DA:98,0
DA:99,0
DA:100,0
DA:101,0
DA:103,0
DA:104,0
DA:105,0
DA:106,0
DA:107,0
DA:110,0
DA:111,0
DA:112,0
DA:115,0
DA:116,0
DA:118,0
DA:119,0
DA:120,0
DA:121,0
DA:122,0
DA:123,0
DA:125,0
DA:126,0
DA:129,0
DA:130,0
DA:132,0
DA:133,0
DA:134,0
DA:135,0
DA:143,0
DA:144,0
DA:145,0
DA:146,0
DA:147,0
DA:148,0
DA:149,0
DA:150,0
DA:151,0
DA:152,0
DA:153,0
DA:154,0
DA:155,0
DA:156,0
DA:157,0
DA:158,0
DA:159,0
DA:160,0
DA:161,0
DA:162,0
DA:163,0
DA:164,0
DA:165,0
DA:166,0
DA:168,0
DA:169,0
DA:171,0
DA:172,0
DA:173,0
DA:175,0
DA:176,0
DA:177,0
DA:180,0
DA:181,0
DA:182,0
DA:184,0
DA:185,0
DA:186,0
DA:188,0
DA:189,0
DA:190,0
DA:192,0
DA:193,0
DA:194,0
DA:195,0
DA:196,0
DA:197,0
DA:198,0
DA:199,0
DA:200,0
DA:202,0
DA:203,0
DA:204,0
DA:205,0
DA:206,0
DA:207,0
DA:208,0
DA:209,0
DA:210,0
DA:211,7
DA:241,0
DA:254,0
DA:256,0
DA:257,0
DA:258,0
DA:259,0
DA:260,0
DA:261,0
DA:262,0
DA:263,0
DA:264,0
LH:7
LF:145
end_of_record
SF:/Users/tettuan/github/frontmatter-to-schema/src/domain/core/domain-types.ts
FN:65,<instance_members_initializer>
FN:66,ValidatedFrontmatterData
FN:68,create
FN:116,getData
FN:120,getTitle
FN:131,getDescription
FN:142,getUsage
FN:153,getAdditionalFields
FN:168,<instance_members_initializer>
FN:169,TotalCommandStructure
FN:175,create
FN:250,getC1
FN:253,getC2
FN:256,getC3
FN:259,getInput
FN:262,getAdaptation
FN:266,toString
FN:341,createCommandStructure
FN:358,createFrontmatterData
FNDA:0,<instance_members_initializer>
FNDA:0,ValidatedFrontmatterData
FNDA:0,create
FNDA:0,getData
FNDA:0,getTitle
FNDA:0,getDescription
FNDA:0,getUsage
FNDA:0,getAdditionalFields
FNDA:0,<instance_members_initializer>
FNDA:0,TotalCommandStructure
FNDA:0,create
FNDA:0,getC1
FNDA:0,getC2
FNDA:0,getC3
FNDA:0,getInput
FNDA:0,getAdaptation
FNDA:0,toString
FNDA:0,createCommandStructure
FNDA:0,createFrontmatterData
FNF:19
FNH:0
BRF:0
BRH:0
DA:9,7
DA:10,7
DA:11,7
DA:65,7
DA:66,0
DA:68,0
DA:73,0
DA:74,0
DA:75,0
DA:76,0
DA:79,0
DA:80,0
DA:81,0
DA:83,0
DA:84,0
DA:85,0
DA:86,0
DA:87,0
DA:88,0
DA:89,0
DA:90,0
DA:91,0
DA:92,0
DA:93,0
DA:94,0
DA:95,0
DA:96,0
DA:97,0
DA:98,0
DA:100,0
DA:101,0
DA:102,0
DA:103,0
DA:104,0
DA:105,0
DA:106,0
DA:107,0
DA:108,0
DA:110,0
DA:111,0
DA:113,0
DA:114,0
DA:116,0
DA:117,0
DA:118,0
DA:120,0
DA:121,0
DA:122,0
DA:123,0
DA:124,0
DA:125,0
DA:126,0
DA:127,0
DA:128,0
DA:129,0
DA:131,0
DA:132,0
DA:133,0
DA:134,0
DA:135,0
DA:136,0
DA:137,0
DA:138,0
DA:139,0
DA:140,0
DA:142,0
DA:143,0
DA:144,0
DA:145,0
DA:146,0
DA:147,0
DA:148,0
DA:149,0
DA:150,0
DA:151,0
DA:153,0
DA:154,0
DA:155,0
DA:156,0
DA:157,0
DA:158,0
DA:159,0
DA:160,0
DA:161,0
DA:162,0
DA:163,7
DA:168,7
DA:169,0
DA:170,0
DA:171,0
DA:172,0
DA:173,0
DA:175,0
DA:176,0
DA:177,0
DA:178,0
DA:180,0
DA:181,0
DA:182,0
DA:183,0
DA:184,0
DA:187,0
DA:188,0
DA:189,0
DA:190,0
DA:191,0
DA:192,0
DA:193,0
DA:195,0
DA:196,0
DA:199,0
DA:200,0
DA:201,0
DA:202,0
DA:203,0
DA:204,0
DA:205,0
DA:206,0
DA:207,0
DA:208,0
DA:209,0
DA:211,0
DA:212,0
DA:214,0
DA:217,0
DA:218,0
DA:219,0
DA:220,0
DA:221,0
DA:222,0
DA:223,0
DA:224,0
DA:225,0
DA:226,0
DA:227,0
DA:228,0
DA:229,0
DA:230,0
DA:231,0
DA:232,0
DA:233,0
DA:234,0
DA:236,0
DA:237,0
DA:238,0
DA:240,0
DA:241,0
DA:242,0
DA:243,0
DA:244,0
DA:245,0
DA:247,0
DA:248,0
DA:250,0
DA:251,0
DA:252,0
DA:253,0
DA:254,0
DA:255,0
DA:256,0
DA:257,0
DA:258,0
DA:259,0
DA:260,0
DA:261,0
DA:262,0
DA:263,0
DA:264,0
DA:266,0
DA:267,0
DA:268,0
DA:269,0
DA:270,0
DA:271,0
DA:272,0
DA:273,0
DA:274,0
DA:275,0
DA:276,0
DA:277,0
DA:278,0
DA:279,0
DA:280,7
DA:341,0
DA:347,0
DA:349,0
DA:350,0
DA:351,0
DA:352,0
DA:353,0
DA:354,0
DA:355,0
DA:356,0
DA:358,0
DA:363,0
DA:365,0
DA:366,0
LH:7
LF:197
end_of_record
SF:/Users/tettuan/github/frontmatter-to-schema/src/domain/core/registry.ts
FN:12,<instance_members_initializer>
FN:17,add
FN:24,get
FN:31,has
FN:38,keys
FN:45,values
FN:52,size
FN:59,clear
FN:66,transform
FN:75,merge
FN:84,filter
FN:97,map
FN:110,toObject
FN:128,hasExtractedData
FN:140,toArray
FNDA:22,<instance_members_initializer>
FNDA:40,add
FNDA:5,get
FNDA:9,has
FNDA:1,keys
FNDA:3,values
FNDA:7,size
FNDA:2,clear
FNDA:0,transform
FNDA:1,merge
FNDA:2,filter
FNDA:1,map
FNDA:1,toObject
FNDA:0,hasExtractedData
FNDA:9,toArray
FNF:15
FNH:13
BRDA:76,10,0,2
BRDA:86,11,0,6
BRDA:87,11,1,4
BRDA:101,12,0,2
BRDA:112,13,0,2
BRDA:116,13,1,0
BRF:6
BRH:5
DA:11,4
DA:12,4
DA:17,4
DA:18,44
DA:19,44
DA:24,4
DA:25,9
DA:26,9
DA:31,4
DA:32,13
DA:33,13
DA:38,4
DA:39,5
DA:40,5
DA:45,4
DA:46,7
DA:47,7
DA:52,4
DA:53,11
DA:54,11
DA:59,4
DA:60,6
DA:61,6
DA:66,0
DA:67,0
DA:68,0
DA:70,0
DA:75,4
DA:76,5
DA:77,7
DA:78,7
DA:79,5
DA:84,4
DA:85,6
DA:86,6
DA:87,12
DA:88,16
DA:89,16
DA:90,12
DA:91,6
DA:92,6
DA:97,4
DA:98,4
DA:99,4
DA:100,5
DA:101,5
DA:102,7
DA:103,7
DA:104,5
DA:105,5
DA:110,4
DA:111,5
DA:112,5
DA:114,7
DA:115,7
DA:116,0
DA:117,0
DA:118,0
DA:121,7
DA:122,5
DA:123,5
DA:128,0
DA:129,0
DA:130,0
DA:131,0
DA:132,0
DA:133,0
DA:135,0
DA:140,4
DA:141,13
DA:142,27
DA:143,27
DA:144,13
DA:145,13
DA:146,4
LH:61
LF:75
end_of_record
SF:/Users/tettuan/github/frontmatter-to-schema/src/domain/core/result.ts
FN:76,createDomainError
FN:85,createProcessingStageError
FN:106,getDefaultErrorMessage
FN:239,mapResult
FN:250,flatMapResult
FN:261,mapErrorResult
FN:276,combineResults
FN:292,unwrapResult
FN:305,unwrapOrResult
FN:325,chain
FN:330,all
FN:335,isSuccess
FN:342,isFailure
FNDA:379,createDomainError
FNDA:7,createProcessingStageError
FNDA:149,getDefaultErrorMessage
FNDA:8,mapResult
FNDA:13,flatMapResult
FNDA:2,mapErrorResult
FNDA:4,combineResults
FNDA:26,unwrapResult
FNDA:2,unwrapOrResult
FNDA:1,chain
FNDA:1,all
FNDA:503,isSuccess
FNDA:87,isFailure
FNF:13
FNH:13
BRDA:81,1,0,138
BRDA:98,2,0,2
BRDA:109,3,0,25
BRDA:111,3,1,7
BRDA:111,3,2,18
BRDA:113,3,3,22
BRDA:115,3,4,1
BRDA:116,3,5,0
BRDA:117,3,6,0
BRDA:119,3,7,1
BRDA:121,3,8,11
BRDA:123,3,9,0
BRDA:125,3,10,1
BRDA:127,3,11,1
BRDA:129,3,12,1
BRDA:131,3,13,1
BRDA:135,3,14,9
BRDA:137,3,15,8
BRDA:137,3,16,1
BRDA:138,3,17,1
BRDA:138,3,18,8
BRDA:139,3,19,3
BRDA:141,3,20,2
BRDA:143,3,21,1
BRDA:145,3,22,0
BRDA:149,3,23,4
BRDA:151,3,24,2
BRDA:155,3,25,11
BRDA:157,3,26,0
BRDA:161,3,27,1
BRDA:163,3,28,1
BRDA:165,3,29,0
BRDA:167,3,30,0
BRDA:171,3,31,0
BRDA:175,3,32,1
BRDA:179,3,33,0
BRDA:182,3,34,0
BRDA:184,3,35,0
BRDA:186,3,36,0
BRDA:188,3,37,0
BRDA:192,3,38,35
BRDA:194,3,39,0
BRDA:196,3,40,0
BRDA:198,3,41,3
BRDA:200,3,42,0
BRDA:202,3,43,12
BRDA:204,3,44,0
BRDA:206,3,45,0
BRDA:210,3,46,0
BRDA:214,3,47,0
BRDA:216,3,48,0
BRDA:220,3,49,0
BRDA:222,3,50,0
BRDA:226,3,51,0
BRDA:231,3,52,0
BRDA:243,4,0,7
BRDA:243,4,1,5
BRDA:245,4,2,3
BRDA:254,5,0,9
BRDA:256,5,1,4
BRDA:269,6,0,1
BRDA:281,7,0,8
BRDA:282,7,1,1
BRDA:284,7,2,7
BRDA:286,7,3,3
BRDA:293,8,0,24
BRDA:295,8,1,2
BRDA:298,8,2,2
BRDA:298,8,3,2
BRDA:299,8,4,0
BRDA:309,9,0,1
BRF:71
BRH:45
DA:76,61
DA:77,61
DA:78,61
DA:79,61
DA:80,440
DA:81,440
DA:82,61
DA:85,61
DA:86,61
DA:87,61
DA:88,61
DA:90,68
DA:91,68
DA:92,68
DA:93,68
DA:94,68
DA:96,68
DA:97,68
DA:98,68
DA:99,68
DA:100,68
DA:101,68
DA:103,61
DA:106,61
DA:107,210
DA:109,210
DA:110,235
DA:111,235
DA:112,235
DA:113,210
DA:114,232
DA:115,210
DA:116,0
DA:117,0
DA:118,0
DA:119,210
DA:120,211
DA:121,210
DA:122,0
DA:123,0
DA:124,0
DA:125,210
DA:126,211
DA:127,210
DA:128,211
DA:129,210
DA:130,211
DA:131,210
DA:132,211
DA:133,211
DA:134,211
DA:135,210
DA:136,219
DA:137,219
DA:138,219
DA:139,210
DA:140,213
DA:141,210
DA:142,212
DA:143,210
DA:144,211
DA:145,0
DA:146,0
DA:149,210
DA:150,214
DA:151,210
DA:152,212
DA:153,212
DA:154,212
DA:155,210
DA:156,221
DA:157,0
DA:158,0
DA:159,0
DA:160,0
DA:161,210
DA:162,211
DA:163,210
DA:164,211
DA:165,0
DA:166,0
DA:167,0
DA:168,0
DA:171,0
DA:172,0
DA:173,0
DA:174,0
DA:175,210
DA:176,0
DA:177,0
DA:178,0
DA:179,0
DA:180,0
DA:181,0
DA:182,0
DA:183,0
DA:184,0
DA:185,0
DA:186,0
DA:187,0
DA:188,0
DA:189,0
DA:192,210
DA:193,245
DA:194,0
DA:195,0
DA:196,0
DA:197,0
DA:198,210
DA:199,0
DA:200,0
DA:201,0
DA:202,210
DA:203,0
DA:204,0
DA:205,0
DA:206,0
DA:207,0
DA:210,0
DA:211,0
DA:212,0
DA:213,0
DA:214,0
DA:215,0
DA:216,0
DA:217,0
DA:218,0
DA:219,0
DA:220,0
DA:221,0
DA:222,0
DA:223,0
DA:224,0
DA:225,0
DA:226,0
DA:227,0
DA:228,0
DA:229,0
DA:231,0
DA:232,0
DA:233,210
DA:234,61
DA:239,61
DA:240,61
DA:241,61
DA:243,69
DA:244,324
DA:245,81
DA:246,79
DA:247,61
DA:250,61
DA:251,61
DA:252,61
DA:254,74
DA:255,83
DA:256,83
DA:257,78
DA:258,61
DA:261,61
DA:266,61
DA:267,61
DA:269,63
DA:270,64
DA:271,64
DA:272,256
DA:273,61
DA:276,61
DA:277,61
DA:279,65
DA:281,65
DA:282,73
DA:283,74
DA:284,74
DA:285,80
DA:286,80
DA:288,272
DA:289,61
DA:292,61
DA:293,87
DA:294,111
DA:295,111
DA:296,113
DA:297,0
DA:298,0
DA:299,0
DA:300,0
DA:301,87
DA:302,61
DA:305,61
DA:306,61
DA:307,61
DA:309,63
DA:310,64
DA:311,64
DA:312,64
DA:313,61
DA:316,61
DA:317,61
DA:318,61
DA:319,61
DA:320,61
DA:321,61
DA:322,61
DA:325,61
DA:326,61
DA:327,61
DA:328,61
DA:330,61
DA:331,61
DA:332,61
DA:335,61
DA:336,61
DA:338,564
DA:339,61
DA:342,61
DA:343,61
DA:345,148
DA:346,61
DA:349,61
DA:350,61
LH:148
LF:220
end_of_record
SF:/Users/tettuan/github/frontmatter-to-schema/src/domain/core/schema-injection.ts
FN:12,<instance_members_initializer>
FN:13,SchemaContext
FN:20,create
FN:54,isExpired
FN:62,<instance_members_initializer>
FN:63,TemplateContext
FN:70,create
FN:103,<instance_members_initializer>
FN:104,PromptContext
FN:110,create
FN:177,<instance_members_initializer>
FN:185,injectSchema
FN:201,injectTemplate
FN:218,injectPrompts
FN:238,activate
FN:305,getCurrentSchema
FN:312,listAvailableSchemas
FN:323,clearSchema
FN:339,clearAll
FN:351,<instance_members_initializer>
FN:356,bind
FN:366,resolve
FN:384,has
FN:391,unbind
FN:398,clear
FN:405,keys
FN:413,isLoadedSchema
FN:419,isLoadingSchema
FN:425,isFailedSchema
FN:431,isNoSchema
FNDA:35,<instance_members_initializer>
FNDA:35,SchemaContext
FNDA:39,create
FNDA:5,isExpired
FNDA:29,<instance_members_initializer>
FNDA:29,TemplateContext
FNDA:32,create
FNDA:26,<instance_members_initializer>
FNDA:26,PromptContext
FNDA:30,create
FNDA:33,<instance_members_initializer>
FNDA:29,injectSchema
FNDA:25,injectTemplate
FNDA:24,injectPrompts
FNDA:25,activate
FNDA:22,getCurrentSchema
FNDA:4,listAvailableSchemas
FNDA:4,clearSchema
FNDA:2,clearAll
FNDA:12,<instance_members_initializer>
FNDA:21,bind
FNDA:11,resolve
FNDA:7,has
FNDA:1,unbind
FNDA:1,clear
FNDA:3,keys
FNDA:4,isLoadedSchema
FNDA:4,isLoadingSchema
FNDA:4,isFailedSchema
FNDA:4,isNoSchema
FNF:30
FNH:30
BRDA:25,3,0,38
BRDA:25,3,1,2
BRDA:30,3,2,37
BRDA:32,3,3,2
BRDA:41,3,4,35
BRDA:48,3,5,34
BRDA:75,7,0,31
BRDA:75,7,1,1
BRDA:80,7,2,31
BRDA:82,7,3,2
BRDA:91,7,4,29
BRDA:114,10,0,29
BRDA:114,10,1,2
BRDA:122,10,2,28
BRDA:124,10,3,27
BRDA:124,10,4,2
BRDA:132,10,5,26
BRDA:190,12,0,0
BRDA:207,13,0,0
BRDA:227,14,0,0
BRDA:245,15,0,4
BRDA:258,15,1,21
BRDA:260,15,2,2
BRDA:273,15,3,19
BRDA:275,15,4,1
BRDA:288,15,5,18
BRDA:331,18,0,3
BRDA:357,21,0,20
BRDA:357,21,1,2
BRDA:359,21,2,19
BRDA:368,22,0,1
BRDA:377,22,1,10
BRF:32
BRH:29
DA:6,2
DA:12,2
DA:13,2
DA:14,39
DA:15,39
DA:16,39
DA:17,39
DA:18,39
DA:20,2
DA:21,2
DA:22,2
DA:23,2
DA:24,2
DA:25,41
DA:26,43
DA:27,43
DA:28,129
DA:29,43
DA:30,43
DA:32,41
DA:33,43
DA:34,43
DA:35,43
DA:36,43
DA:37,43
DA:38,43
DA:39,43
DA:40,43
DA:41,43
DA:43,76
DA:44,76
DA:45,41
DA:46,41
DA:47,41
DA:48,41
DA:49,41
DA:51,41
DA:52,41
DA:54,2
DA:55,7
DA:56,7
DA:57,2
DA:62,2
DA:63,2
DA:64,33
DA:65,33
DA:66,33
DA:67,33
DA:68,33
DA:70,2
DA:71,2
DA:72,2
DA:73,2
DA:74,2
DA:75,34
DA:76,35
DA:77,35
DA:78,105
DA:79,35
DA:80,35
DA:82,34
DA:83,36
DA:84,36
DA:85,36
DA:86,36
DA:87,36
DA:88,36
DA:89,36
DA:90,36
DA:91,36
DA:93,63
DA:94,63
DA:95,63
DA:96,63
DA:97,34
DA:98,2
DA:103,2
DA:104,2
DA:105,30
DA:106,30
DA:107,30
DA:108,30
DA:110,2
DA:111,2
DA:112,2
DA:113,2
DA:114,32
DA:115,34
DA:116,34
DA:117,34
DA:118,34
DA:119,34
DA:120,34
DA:121,34
DA:122,34
DA:124,32
DA:125,34
DA:126,34
DA:127,34
DA:128,34
DA:129,34
DA:130,34
DA:131,34
DA:132,34
DA:134,58
DA:135,58
DA:136,58
DA:137,58
DA:138,58
DA:139,58
DA:141,58
DA:142,32
DA:143,2
DA:176,2
DA:177,72
DA:178,35
DA:179,35
DA:180,2
DA:185,2
DA:186,2
DA:187,2
DA:188,2
DA:189,31
DA:190,0
DA:191,0
DA:192,0
DA:194,31
DA:195,31
DA:196,31
DA:201,2
DA:202,2
DA:203,2
DA:204,2
DA:205,2
DA:206,27
DA:207,0
DA:208,0
DA:209,0
DA:211,27
DA:212,27
DA:213,27
DA:218,2
DA:219,2
DA:220,2
DA:221,2
DA:222,2
DA:223,26
DA:224,26
DA:225,26
DA:227,0
DA:228,0
DA:229,0
DA:231,26
DA:232,26
DA:233,26
DA:238,2
DA:239,2
DA:240,2
DA:241,27
DA:242,27
DA:243,27
DA:245,27
DA:246,31
DA:247,31
DA:248,31
DA:249,31
DA:250,31
DA:251,31
DA:252,31
DA:253,31
DA:254,31
DA:255,31
DA:256,31
DA:257,124
DA:258,31
DA:260,27
DA:261,29
DA:262,29
DA:263,29
DA:264,29
DA:265,29
DA:266,29
DA:267,29
DA:268,29
DA:269,29
DA:270,29
DA:271,29
DA:272,116
DA:273,29
DA:275,27
DA:276,28
DA:277,28
DA:278,28
DA:279,28
DA:280,28
DA:281,28
DA:282,28
DA:283,28
DA:284,28
DA:285,28
DA:286,28
DA:287,112
DA:288,28
DA:290,45
DA:291,45
DA:292,45
DA:293,45
DA:294,45
DA:295,45
DA:296,45
DA:297,45
DA:299,180
DA:300,27
DA:305,2
DA:306,24
DA:307,24
DA:312,2
DA:313,6
DA:314,6
DA:315,6
DA:316,6
DA:317,6
DA:318,6
DA:323,2
DA:324,6
DA:325,6
DA:326,6
DA:328,6
DA:329,6
DA:330,6
DA:331,6
DA:332,27
DA:333,9
DA:334,6
DA:339,2
DA:340,4
DA:341,4
DA:342,4
DA:343,12
DA:344,4
DA:345,2
DA:350,2
DA:351,2
DA:356,2
DA:357,23
DA:358,25
DA:359,25
DA:360,42
DA:361,23
DA:366,2
DA:367,13
DA:368,13
DA:369,14
DA:370,14
DA:371,14
DA:372,14
DA:373,14
DA:374,14
DA:375,14
DA:376,14
DA:377,14
DA:378,92
DA:379,13
DA:384,2
DA:385,9
DA:386,9
DA:391,2
DA:392,3
DA:393,3
DA:398,2
DA:399,3
DA:400,3
DA:405,2
DA:406,5
DA:407,5
DA:408,2
DA:413,2
DA:414,2
DA:416,6
DA:417,2
DA:419,2
DA:420,2
DA:422,6
DA:423,2
DA:425,2
DA:426,2
DA:428,6
DA:429,2
DA:431,2
DA:432,2
DA:434,6
DA:435,2
LH:283
LF:292
end_of_record
SF:/Users/tettuan/github/frontmatter-to-schema/src/domain/core/schema-management.ts
FN:18,<instance_members_initializer>
FN:19,ValidSchema
FN:29,create
FN:85,<instance_members_initializer>
FN:86,SchemaLoader
FN:95,loadSchema
FN:127,loadTemplate
FN:166,loadPrompts
FN:207,validateSchemaFormat
FN:244,isValidSchema
FN:262,<instance_members_initializer>
FN:268,registerSchema
FN:304,switchToSchema
FN:324,getCurrentSchema
FN:332,listAvailableSchemas
FN:339,unregisterSchema
FN:347,clearAll
FN:357,<instance_members_initializer>
FN:358,DynamicPipelineFactory
FN:366,createPipeline
FN:449,<instance_members_initializer>
FN:452,ExecutablePipeline
FN:462,execute
FN:536,dispose
FN:541,formatOutput
FN:556,toYAML
FN:578,toXML
FN:585,objectToXML
FNDA:15,<instance_members_initializer>
FNDA:15,ValidSchema
FNDA:28,create
FNDA:19,<instance_members_initializer>
FNDA:19,SchemaLoader
FNDA:13,loadSchema
FNDA:11,loadTemplate
FNDA:8,loadPrompts
FNDA:3,validateSchemaFormat
FNDA:1,isValidSchema
FNDA:13,<instance_members_initializer>
FNDA:12,registerSchema
FNDA:9,switchToSchema
FNDA:6,getCurrentSchema
FNDA:6,listAvailableSchemas
FNDA:1,unregisterSchema
FNDA:1,clearAll
FNDA:6,<instance_members_initializer>
FNDA:6,DynamicPipelineFactory
FNDA:6,createPipeline
FNDA:13,<instance_members_initializer>
FNDA:13,ExecutablePipeline
FNDA:12,execute
FNDA:1,dispose
FNDA:6,formatOutput
FNDA:1,toYAML
FNDA:1,toXML
FNDA:1,objectToXML
FNF:28
FNH:28
BRDA:35,3,0,27
BRDA:35,3,1,2
BRDA:40,3,2,26
BRDA:42,3,3,3
BRDA:51,3,4,23
BRDA:53,3,5,1
BRDA:62,3,6,22
BRDA:64,3,7,20
BRDA:64,3,8,17
BRDA:64,3,9,7
BRDA:73,3,10,15
BRDA:98,6,0,1
BRDA:106,6,1,12
BRDA:109,6,2,9
BRDA:112,6,3,4
BRDA:118,6,4,0
BRDA:130,7,0,0
BRDA:141,7,1,8
BRDA:147,7,2,2
BRDA:151,7,3,3
BRDA:157,7,4,0
BRDA:175,8,0,0
BRDA:186,8,1,5
BRDA:192,8,2,3
BRDA:198,8,3,0
BRDA:211,9,0,2
BRDA:211,9,1,2
BRDA:220,9,2,1
BRDA:223,9,3,0
BRDA:232,9,4,1
BRDA:248,10,0,0
BRDA:276,12,0,0
BRDA:284,12,1,0
BRDA:293,12,2,0
BRDA:307,13,0,1
BRDA:316,13,1,8
BRDA:326,14,0,3
BRDA:326,14,1,3
BRDA:375,20,0,1
BRDA:377,20,1,5
BRDA:380,20,2,1
BRDA:382,20,3,4
BRDA:388,20,4,1
BRDA:390,20,5,3
BRDA:393,20,6,1
BRDA:398,20,7,0
BRDA:400,20,8,3
BRDA:403,20,9,0
BRDA:405,20,10,3
BRDA:410,20,11,0
BRDA:412,20,12,3
BRDA:465,23,0,2
BRDA:473,23,1,10
BRDA:475,23,2,1
BRDA:484,23,3,9
BRDA:489,23,4,1
BRDA:491,23,5,1
BRDA:499,23,6,8
BRDA:509,23,7,1
BRDA:511,23,8,7
BRDA:514,23,9,6
BRDA:519,23,10,7
BRDA:543,25,0,4
BRDA:545,25,1,1
BRDA:548,25,2,1
BRDA:551,25,3,0
BRDA:558,26,0,0
BRDA:565,26,1,2
BRDA:566,26,2,0
BRDA:566,26,3,0
BRDA:586,28,0,0
BRDA:595,28,1,2
BRDA:596,28,2,0
BRDA:596,28,3,0
BRF:74
BRH:54
DA:6,1
DA:7,1
DA:10,1
DA:13,1
DA:18,1
DA:19,1
DA:20,17
DA:21,17
DA:22,17
DA:23,17
DA:26,1
DA:27,17
DA:29,1
DA:30,1
DA:31,1
DA:32,1
DA:33,1
DA:34,1
DA:35,29
DA:36,31
DA:37,31
DA:38,124
DA:39,31
DA:40,31
DA:42,29
DA:43,32
DA:44,32
DA:45,32
DA:46,32
DA:47,32
DA:48,32
DA:49,32
DA:50,32
DA:51,32
DA:53,29
DA:54,30
DA:55,30
DA:56,30
DA:57,30
DA:58,30
DA:59,30
DA:60,30
DA:61,30
DA:62,30
DA:64,29
DA:65,36
DA:66,36
DA:67,36
DA:68,36
DA:69,36
DA:70,36
DA:71,36
DA:72,36
DA:73,36
DA:75,44
DA:76,44
DA:77,44
DA:78,44
DA:79,29
DA:80,1
DA:85,1
DA:86,1
DA:87,21
DA:89,1
DA:90,21
DA:95,1
DA:96,1
DA:97,1
DA:98,14
DA:99,15
DA:100,15
DA:101,15
DA:102,15
DA:103,15
DA:104,15
DA:105,15
DA:106,15
DA:108,26
DA:109,26
DA:110,23
DA:111,92
DA:112,14
DA:113,18
DA:114,18
DA:115,18
DA:116,18
DA:117,18
DA:118,0
DA:119,18
DA:120,18
DA:121,18
DA:122,14
DA:127,1
DA:128,1
DA:129,1
DA:130,0
DA:131,0
DA:132,0
DA:133,0
DA:134,0
DA:135,0
DA:136,0
DA:137,0
DA:138,0
DA:140,12
DA:141,12
DA:144,20
DA:145,20
DA:146,80
DA:147,12
DA:149,56
DA:150,14
DA:151,12
DA:152,15
DA:153,15
DA:154,15
DA:155,15
DA:156,15
DA:157,0
DA:158,15
DA:159,15
DA:160,15
DA:161,12
DA:166,1
DA:167,1
DA:168,1
DA:174,1
DA:175,0
DA:176,0
DA:177,0
DA:178,0
DA:179,0
DA:180,0
DA:181,0
DA:182,0
DA:183,0
DA:185,9
DA:186,9
DA:187,14
DA:188,14
DA:189,14
DA:190,56
DA:191,14
DA:192,9
DA:193,12
DA:194,12
DA:195,12
DA:196,12
DA:197,12
DA:198,0
DA:199,12
DA:200,12
DA:201,12
DA:202,9
DA:207,1
DA:208,1
DA:209,1
DA:211,4
DA:212,6
DA:213,6
DA:214,6
DA:215,6
DA:216,6
DA:217,6
DA:218,6
DA:219,6
DA:220,6
DA:223,0
DA:224,0
DA:225,0
DA:226,0
DA:227,0
DA:228,0
DA:229,0
DA:230,0
DA:231,0
DA:232,0
DA:235,5
DA:236,5
DA:237,5
DA:238,5
DA:239,4
DA:244,1
DA:246,0
DA:247,0
DA:248,0
DA:249,0
DA:250,0
DA:254,2
DA:255,2
DA:256,1
DA:261,1
DA:262,1
DA:263,1
DA:268,1
DA:269,1
DA:270,1
DA:272,13
DA:273,13
DA:274,13
DA:276,0
DA:277,0
DA:278,0
DA:280,13
DA:281,13
DA:282,13
DA:284,0
DA:285,0
DA:286,0
DA:288,13
DA:289,13
DA:290,13
DA:291,13
DA:293,0
DA:294,0
DA:295,0
DA:297,13
DA:298,52
DA:299,13
DA:304,1
DA:305,1
DA:306,1
DA:307,10
DA:308,11
DA:309,11
DA:310,11
DA:311,11
DA:312,11
DA:313,11
DA:314,11
DA:315,11
DA:316,11
DA:318,18
DA:319,10
DA:324,1
DA:325,7
DA:326,7
DA:327,7
DA:332,1
DA:333,7
DA:334,7
DA:339,1
DA:340,2
DA:341,2
DA:342,2
DA:347,1
DA:348,2
DA:349,2
DA:350,2
DA:351,1
DA:357,1
DA:358,1
DA:359,8
DA:360,8
DA:361,8
DA:366,1
DA:367,1
DA:370,1
DA:372,7
DA:374,7
DA:375,7
DA:376,8
DA:377,8
DA:379,12
DA:380,7
DA:381,8
DA:382,8
DA:384,11
DA:385,11
DA:386,11
DA:388,7
DA:389,8
DA:390,8
DA:392,7
DA:393,7
DA:394,7
DA:395,7
DA:396,7
DA:398,0
DA:399,0
DA:400,0
DA:402,10
DA:403,0
DA:404,0
DA:405,0
DA:407,10
DA:408,10
DA:410,0
DA:411,0
DA:412,0
DA:414,10
DA:415,10
DA:416,10
DA:417,10
DA:418,10
DA:419,10
DA:420,10
DA:422,10
DA:423,7
DA:424,1
DA:449,1
DA:450,15
DA:452,1
DA:453,15
DA:454,15
DA:455,15
DA:456,15
DA:457,15
DA:462,1
DA:464,1
DA:465,13
DA:466,15
DA:467,15
DA:468,15
DA:469,15
DA:470,15
DA:471,15
DA:472,15
DA:473,15
DA:475,13
DA:476,14
DA:477,14
DA:478,14
DA:479,14
DA:480,14
DA:481,14
DA:482,14
DA:483,14
DA:484,14
DA:486,22
DA:489,13
DA:490,13
DA:491,13
DA:492,14
DA:493,14
DA:494,14
DA:495,14
DA:496,14
DA:497,14
DA:498,14
DA:499,14
DA:502,21
DA:503,21
DA:504,21
DA:505,21
DA:506,21
DA:509,13
DA:510,14
DA:511,14
DA:514,13
DA:515,19
DA:516,19
DA:517,19
DA:519,19
DA:521,20
DA:522,20
DA:523,20
DA:524,20
DA:525,20
DA:526,20
DA:527,20
DA:528,20
DA:529,20
DA:530,20
DA:531,13
DA:536,1
DA:537,2
DA:539,2
DA:541,1
DA:542,7
DA:543,7
DA:544,11
DA:545,7
DA:547,8
DA:548,7
DA:550,8
DA:551,0
DA:552,0
DA:553,7
DA:554,7
DA:556,1
DA:558,0
DA:559,0
DA:560,0
DA:562,2
DA:563,2
DA:564,2
DA:565,2
DA:566,0
DA:567,0
DA:568,0
DA:569,0
DA:570,0
DA:571,0
DA:572,4
DA:573,4
DA:574,4
DA:575,2
DA:576,2
DA:578,1
DA:580,2
DA:581,2
DA:582,2
DA:583,2
DA:585,1
DA:586,0
DA:587,0
DA:588,0
DA:590,2
DA:591,2
DA:593,2
DA:594,2
DA:595,2
DA:596,0
DA:597,0
DA:598,0
DA:599,0
DA:600,0
DA:601,4
DA:602,4
DA:603,4
DA:605,2
DA:606,2
DA:607,1
LH:351
LF:424
end_of_record
SF:/Users/tettuan/github/frontmatter-to-schema/src/domain/core/types.ts
FNF:0
FNH:0
BRF:0
BRH:0
DA:11,7
DA:14,7
DA:17,7
LH:3
LF:3
end_of_record
SF:/Users/tettuan/github/frontmatter-to-schema/src/domain/frontmatter/frontmatter-models.ts
FN:3,<instance_members_initializer>
FN:4,FrontMatter
FN:9,get
FN:13,has
FN:17,toJson
FN:23,<instance_members_initializer>
FN:25,extract
FN:48,hasFrontMatter
FNDA:29,<instance_members_initializer>
FNDA:29,FrontMatter
FNDA:49,get
FNDA:5,has
FNDA:2,toJson
FNDA:14,<instance_members_initializer>
FNDA:35,extract
FNDA:15,hasFrontMatter
FNF:8
FNH:8
BRDA:28,7,0,26
BRDA:28,7,1,34
BRDA:28,7,2,9
BRDA:30,7,3,26
BRDA:35,7,4,6
BRDA:37,7,5,20
BRDA:41,7,6,0
BRDA:42,7,7,3
BRF:8
BRH:7
DA:1,4
DA:3,4
DA:4,4
DA:5,37
DA:6,37
DA:7,37
DA:9,4
DA:10,53
DA:11,53
DA:13,4
DA:14,9
DA:15,9
DA:17,4
DA:18,6
DA:19,6
DA:20,4
DA:22,4
DA:23,4
DA:25,4
DA:26,39
DA:28,39
DA:29,82
DA:30,82
DA:32,99
DA:35,39
DA:36,45
DA:37,45
DA:39,59
DA:40,59
DA:41,0
DA:42,39
DA:44,42
DA:45,42
DA:46,39
DA:48,4
DA:49,19
DA:50,19
DA:51,4
LH:37
LF:38
end_of_record
SF:/Users/tettuan/github/frontmatter-to-schema/src/domain/models/analysis-entities.ts
FN:8,<instance_members_initializer>
FN:9,AnalysisId
FN:11,create
FN:25,generate
FN:29,getValue
FN:33,equals
FN:39,<instance_members_initializer>
FN:40,ExtractedData
FN:42,create
FN:46,getData
FN:50,getValue
FN:54,hasProperty
FN:58,has
FN:62,getKeys
FN:66,toJSON
FN:72,<instance_members_initializer>
FN:73,MappedData
FN:75,create
FN:79,getData
FN:83,getValue
FN:87,hasProperty
FN:91,getKeys
FN:95,toJSON
FN:99,toYAML
FN:104,objectToYAML
FN:133,<instance_members_initializer>
FN:134,AnalysisResult
FN:142,create
FN:156,getId
FN:160,getDocument
FN:164,getExtractedData
FN:168,getMappedData
FN:172,getTimestamp
FN:178,<instance_members_initializer>
FN:179,AggregatedResult
FN:185,create
FN:192,getResults
FN:196,getFormat
FN:200,getTimestamp
FN:208,getRawData
FN:212,objectToYAML
FNDA:157,<instance_members_initializer>
FNDA:157,AnalysisId
FNDA:1,create
FNDA:156,generate
FNDA:6,getValue
FNDA:2,equals
FNDA:205,<instance_members_initializer>
FNDA:205,ExtractedData
FNDA:205,create
FNDA:15,getData
FNDA:5,getValue
FNDA:0,hasProperty
FNDA:5,has
FNDA:0,getKeys
FNDA:3,toJSON
FNDA:158,<instance_members_initializer>
FNDA:158,MappedData
FNDA:158,create
FNDA:13,getData
FNDA:0,getValue
FNDA:0,hasProperty
FNDA:0,getKeys
FNDA:13,toJSON
FNDA:4,toYAML
FNDA:19,objectToYAML
FNDA:153,<instance_members_initializer>
FNDA:153,AnalysisResult
FNDA:153,create
FNDA:6,getId
FNDA:3,getDocument
FNDA:3,getExtractedData
FNDA:23,getMappedData
FNDA:2,getTimestamp
FNDA:21,<instance_members_initializer>
FNDA:21,AggregatedResult
FNDA:21,create
FNDA:24,getResults
FNDA:16,getFormat
FNDA:4,getTimestamp
FNDA:1,getRawData
FNDA:0,objectToYAML
FNF:41
FNH:35
BRDA:14,3,0,0
BRDA:108,25,0,9
BRDA:108,25,1,9
BRDA:108,25,2,10
BRDA:110,25,3,9
BRDA:112,25,4,19
BRDA:113,25,5,0
BRDA:115,25,6,8
BRDA:115,25,7,3
BRDA:118,25,8,16
BRDA:118,25,9,5
BRDA:120,25,10,12
BRDA:123,25,11,11
BRDA:126,25,12,9
BRF:14
BRH:12
DA:8,15
DA:9,359
DA:11,15
DA:12,15
DA:13,15
DA:14,0
DA:15,0
DA:16,0
DA:17,0
DA:18,0
DA:19,0
DA:20,0
DA:21,0
DA:22,64
DA:23,16
DA:25,15
DA:26,171
DA:27,171
DA:29,15
DA:30,21
DA:31,21
DA:33,15
DA:34,17
DA:35,17
DA:36,15
DA:39,15
DA:40,455
DA:42,15
DA:43,220
DA:44,220
DA:46,15
DA:47,90
DA:48,30
DA:50,15
DA:51,20
DA:52,20
DA:54,0
DA:55,0
DA:56,0
DA:58,15
DA:59,20
DA:60,20
DA:62,0
DA:63,0
DA:64,0
DA:66,15
DA:67,18
DA:68,18
DA:69,15
DA:72,15
DA:73,361
DA:75,15
DA:76,173
DA:77,173
DA:79,15
DA:80,84
DA:81,28
DA:83,0
DA:84,0
DA:85,0
DA:87,0
DA:88,0
DA:89,0
DA:91,0
DA:92,0
DA:93,0
DA:95,15
DA:96,28
DA:97,28
DA:99,15
DA:101,19
DA:102,19
DA:104,15
DA:105,34
DA:106,34
DA:108,34
DA:109,44
DA:110,44
DA:112,34
DA:113,0
DA:114,0
DA:115,0
DA:116,56
DA:117,56
DA:118,53
DA:119,74
DA:120,74
DA:121,86
DA:122,86
DA:123,69
DA:124,80
DA:125,80
DA:126,53
DA:128,43
DA:129,34
DA:130,15
DA:133,15
DA:134,15
DA:135,183
DA:136,183
DA:137,183
DA:138,183
DA:139,183
DA:140,183
DA:142,15
DA:143,15
DA:144,15
DA:145,15
DA:146,15
DA:147,168
DA:148,168
DA:149,168
DA:150,168
DA:151,168
DA:152,168
DA:154,168
DA:156,15
DA:157,21
DA:158,21
DA:160,15
DA:161,18
DA:162,18
DA:164,15
DA:165,18
DA:166,18
DA:168,15
DA:169,38
DA:170,38
DA:172,15
DA:173,17
DA:174,17
DA:175,15
DA:178,15
DA:179,15
DA:180,51
DA:181,51
DA:182,51
DA:183,51
DA:185,15
DA:186,15
DA:187,15
DA:188,15
DA:189,36
DA:190,36
DA:192,15
DA:193,117
DA:194,39
DA:196,15
DA:197,31
DA:198,31
DA:200,15
DA:201,19
DA:202,19
DA:208,15
DA:209,16
DA:210,16
DA:212,0
DA:213,0
DA:214,0
DA:216,0
DA:218,0
DA:219,0
DA:220,0
DA:222,0
DA:223,0
DA:224,0
DA:225,0
DA:226,0
DA:227,0
DA:228,0
DA:229,0
DA:230,0
DA:231,0
DA:232,0
DA:233,0
DA:234,0
DA:235,0
DA:236,0
DA:238,0
DA:239,0
DA:240,15
LH:131
LF:181
end_of_record
SF:/Users/tettuan/github/frontmatter-to-schema/src/domain/models/command-processor.ts
FN:68,<instance_members_initializer>
[...]
DA:82,31
DA:83,31
DA:84,31
DA:86,33
DA:87,33
DA:88,33
DA:89,33
DA:90,0
DA:91,0
DA:92,0
DA:93,0
DA:94,0
DA:95,0
DA:96,0
DA:97,0
DA:98,0
DA:99,0
DA:100,0
DA:101,0
DA:102,0
DA:103,0
DA:104,19
DA:106,2
DA:107,6
DA:108,6
DA:110,2
DA:111,31
DA:112,31
DA:114,31
DA:115,34
DA:116,34
DA:117,40
DA:118,40
DA:119,31
DA:120,76
DA:121,76
DA:122,121
DA:123,127
DA:124,127
DA:125,121
DA:126,160
DA:127,160
DA:128,121
DA:129,57
DA:130,64
DA:131,64
DA:133,31
DA:134,31
DA:136,2
DA:137,48
DA:139,82
DA:140,86
DA:141,86
DA:142,112
DA:143,112
DA:144,60
DA:145,48
DA:146,2
DA:152,2
DA:153,2
DA:154,14
DA:155,14
DA:156,21
DA:157,14
DA:158,19
DA:159,14
DA:160,14
DA:162,2
DA:163,2
DA:164,2
DA:165,20
DA:166,20
DA:167,182
DA:168,20
DA:169,20
DA:170,189
DA:171,20
DA:172,25
DA:173,25
DA:174,25
DA:175,25
DA:176,25
DA:177,25
DA:178,25
DA:179,25
DA:180,20
DA:181,20
DA:182,2
DA:188,2
DA:189,2
DA:190,2
DA:191,2
DA:192,2
DA:193,10
DA:194,10
DA:195,10
DA:197,2
DA:198,2
DA:199,2
DA:200,2
DA:201,9
DA:202,9
DA:203,17
DA:204,17
DA:206,20
DA:207,9
DA:209,2
DA:210,12
DA:211,3
DA:212,2
LH:138
LF:152
end_of_record
SF:/Users/tettuan/github/frontmatter-to-schema/src/infrastructure/template/file-template-repository.ts
FN:16,<instance_members_initializer>
FN:19,FileTemplateRepository
FN:21,load
FN:59,loadFromPath
FN:148,save
FN:189,exists
FN:198,list
FN:246,determineTemplateFormat
FN:278,getSupportedExtensions
FN:285,isSupportedExtension
FN:292,validate
FNDA:12,<instance_members_initializer>
FNDA:12,FileTemplateRepository
FNDA:19,load
FNDA:40,loadFromPath
FNDA:6,save
FNDA:3,exists
FNDA:3,list
FNDA:14,determineTemplateFormat
FNDA:15,getSupportedExtensions
FNDA:15,isSupportedExtension
FNDA:0,validate
FNF:11
FNH:10
BRDA:26,3,0,4
BRDA:28,3,1,15
BRDA:39,3,2,37
BRDA:43,3,3,13
BRDA:48,3,4,2
BRDA:64,4,0,14
BRDA:67,4,1,0
BRDA:69,4,2,0
BRDA:71,4,3,14
BRDA:74,4,4,0
BRDA:79,4,5,0
BRDA:89,4,6,14
BRDA:102,4,7,0
BRDA:110,4,8,14
BRDA:127,4,9,26
BRDA:128,4,10,25
BRDA:136,4,11,1
BRDA:142,4,12,0
BRDA:153,5,0,2
BRDA:154,5,1,4
BRDA:155,5,2,1
BRDA:156,5,3,3
BRDA:162,5,4,5
BRDA:169,5,5,1
BRDA:171,5,6,0
BRDA:173,5,7,0
BRDA:183,5,8,0
BRDA:190,6,0,1
BRDA:192,6,1,2
BRDA:203,7,0,6
BRDA:209,7,1,5
BRDA:216,7,2,2
BRDA:219,7,3,1
BRDA:230,7,4,0
BRDA:236,7,5,0
BRDA:260,8,0,0
BRDA:262,8,1,0
BRF:37
BRH:24
DA:7,1
DA:8,1
DA:10,1
DA:12,1
DA:13,1
DA:14,1
DA:16,1
DA:17,14
DA:19,27
DA:21,1
DA:22,1
DA:23,1
DA:25,20
DA:26,20
DA:27,96
DA:28,24
DA:31,35
DA:32,35
DA:33,35
DA:34,35
DA:35,35
DA:36,35
DA:37,35
DA:39,20
DA:40,57
DA:41,57
DA:42,57
DA:43,57
DA:44,70
DA:45,70
DA:46,70
DA:47,57
DA:48,57
DA:50,22
DA:51,22
DA:52,22
DA:53,22
DA:54,22
DA:55,22
DA:56,22
DA:57,20
DA:59,1
DA:60,1
DA:61,1
DA:62,41
DA:63,41
DA:64,41
DA:67,0
DA:68,41
DA:69,0
DA:70,0
DA:71,0
DA:74,0
DA:75,41
DA:78,41
DA:79,0
DA:80,0
DA:81,0
DA:82,0
DA:83,0
DA:84,0
DA:85,0
DA:86,0
DA:87,0
DA:88,0
DA:89,0
DA:92,55
DA:95,55
DA:96,55
DA:97,55
DA:98,55
DA:99,55
DA:102,0
DA:103,0
DA:104,0
DA:105,0
DA:106,0
DA:107,0
DA:108,0
DA:109,0
DA:110,0
DA:112,55
DA:126,220
DA:127,41
DA:128,67
DA:129,92
DA:130,92
DA:131,92
DA:132,92
DA:133,92
DA:134,92
DA:135,92
DA:136,92
DA:137,68
DA:138,68
DA:139,68
DA:140,68
DA:141,68
DA:142,0
DA:143,67
DA:144,67
DA:145,67
DA:146,41
DA:148,1
DA:149,1
DA:150,1
DA:151,7
DA:152,7
DA:153,7
DA:154,7
DA:155,7
DA:156,7
DA:157,7
DA:158,7
DA:160,7
DA:161,7
DA:162,7
DA:166,12
DA:168,48
DA:169,7
DA:170,8
DA:171,0
DA:172,0
DA:173,0
DA:174,0
DA:175,0
DA:176,8
DA:178,8
DA:179,8
DA:180,8
DA:181,8
DA:182,8
DA:183,0
DA:184,8
DA:185,8
DA:186,8
DA:187,7
DA:189,1
DA:190,4
DA:191,5
DA:192,5
DA:194,6
DA:195,6
DA:196,4
DA:198,1
DA:199,4
DA:200,4
DA:203,4
DA:204,10
DA:205,10
DA:206,10
DA:209,10
DA:210,15
DA:211,15
DA:212,15
DA:213,15
DA:214,15
DA:215,10
DA:216,10
DA:218,24
DA:219,4
DA:220,5
DA:222,5
DA:223,5
DA:224,5
DA:225,5
DA:226,5
DA:227,5
DA:228,5
DA:229,5
DA:230,5
DA:231,0
DA:232,0
DA:233,0
DA:234,0
DA:235,0
DA:236,0
DA:237,5
DA:238,5
DA:239,5
DA:240,4
DA:246,1
DA:247,1
DA:248,1
DA:249,1
DA:251,15
DA:252,15
DA:253,15
DA:254,15
DA:255,15
DA:256,15
DA:257,15
DA:258,15
DA:260,0
DA:261,15
DA:262,0
DA:263,0
DA:264,0
DA:265,0
DA:266,0
DA:267,0
DA:268,0
DA:269,0
DA:270,0
DA:271,0
DA:272,15
DA:273,15
DA:278,1
DA:279,128
DA:280,16
DA:285,1
DA:286,16
DA:287,16
DA:292,0
DA:293,0
DA:294,0
DA:296,0
DA:297,0
DA:298,0
DA:301,0
DA:302,0
DA:303,0
DA:304,0
DA:305,0
DA:306,0
DA:307,0
DA:308,0
DA:309,0
DA:312,0
DA:313,0
DA:314,0
DA:315,0
DA:316,0
DA:317,0
DA:318,0
DA:319,0
DA:320,0
DA:321,0
DA:323,0
DA:324,0
DA:325,0
DA:326,0
DA:327,0
DA:328,0
DA:329,0
DA:330,0
DA:331,0
DA:332,0
DA:333,0
DA:334,0
DA:335,1
LH:165
LF:251
end_of_record
SF:/Users/tettuan/github/frontmatter-to-schema/src/presentation/cli-arguments.ts
FN:36,<instance_members_initializer>
FN:37,SchemaPath
FN:39,create
FN:66,toString
FN:70,getDirectory
FN:75,getFileName
FN:84,<instance_members_initializer>
FN:85,OutputPath
FN:90,create
FN:122,toString
FN:126,getFormat
FN:134,<instance_members_initializer>
FN:135,InputPattern
FN:137,create
FN:153,toString
FN:157,toGlob
FN:180,parse
FN:334,getUsage
FN:361,getHelp
FNDA:7,<instance_members_initializer>
FNDA:7,SchemaPath
FNDA:7,create
FNDA:9,toString
FNDA:0,getDirectory
FNDA:0,getFileName
FNDA:7,<instance_members_initializer>
FNDA:7,OutputPath
FNDA:7,create
FNDA:9,toString
FNDA:9,getFormat
FNDA:7,<instance_members_initializer>
FNDA:7,InputPattern
FNDA:7,create
FNDA:0,toString
FNDA:9,toGlob
FNDA:7,parse
FNDA:1,getUsage
FNDA:1,getHelp
FNF:19
FNH:16
BRDA:42,3,0,0
BRDA:52,3,1,0
BRDA:93,9,0,0
BRDA:106,9,1,0
BRDA:118,9,2,0
BRDA:140,14,0,0
BRDA:159,16,0,0
BRDA:159,16,1,0
BRDA:184,17,0,1
BRDA:190,17,1,0
BRDA:211,17,2,6
BRDA:213,17,3,1
BRDA:219,17,4,0
BRDA:240,17,5,5
BRDA:254,17,6,18
BRDA:257,17,7,3
BRDA:260,17,8,0
BRDA:261,17,9,1
BRDA:264,17,10,0
BRDA:265,17,11,1
BRDA:268,17,12,1
BRDA:271,17,13,0
BRDA:272,17,14,0
BRDA:275,17,15,0
BRDA:285,17,16,15
BRDA:293,17,17,0
BRDA:306,17,18,0
BRDA:311,17,19,0
BRDA:316,17,20,0
BRF:29
BRH:10
DA:36,14
DA:37,56
DA:39,14
DA:40,14
DA:41,14
DA:42,0
DA:43,0
DA:44,0
DA:45,0
DA:46,0
DA:47,0
DA:48,0
DA:49,0
DA:50,0
DA:52,0
DA:53,0
DA:54,0
DA:55,0
DA:56,0
DA:57,0
DA:58,0
DA:59,0
DA:60,0
DA:62,21
DA:63,84
DA:64,21
DA:66,14
DA:67,23
DA:68,23
DA:70,0
DA:71,0
DA:72,0
DA:73,0
DA:75,0
DA:76,0
DA:77,0
DA:78,0
DA:79,14
DA:84,14
DA:85,14
DA:86,35
DA:87,35
DA:88,35
DA:90,14
DA:91,14
DA:92,14
DA:93,0
DA:94,0
DA:95,0
DA:96,0
DA:97,0
DA:98,0
DA:99,0
DA:100,0
DA:101,0
DA:103,21
DA:104,126
DA:106,0
DA:107,0
DA:108,0
DA:109,0
DA:110,0
DA:111,0
DA:112,0
DA:114,0
DA:115,0
DA:116,0
DA:118,0
DA:119,84
DA:120,21
DA:122,14
DA:123,23
DA:124,23
DA:126,14
DA:127,23
DA:128,23
DA:129,14
DA:134,14
DA:135,56
DA:137,14
DA:138,14
DA:139,14
DA:140,0
DA:141,0
DA:142,0
DA:143,0
DA:144,0
DA:145,0
DA:146,0
DA:147,0
DA:148,0
DA:150,84
DA:151,21
DA:153,0
DA:154,0
DA:155,0
DA:157,14
DA:159,0
DA:160,0
DA:161,0
DA:162,0
DA:163,0
DA:164,23
DA:165,23
DA:166,14
DA:176,14
DA:180,14
DA:181,14
DA:182,14
DA:184,21
DA:186,22
DA:187,22
DA:188,22
DA:190,0
DA:192,0
DA:193,0
DA:195,22
DA:196,22
DA:197,22
DA:198,22
DA:199,22
DA:200,22
DA:201,22
DA:202,22
DA:203,22
DA:204,22
DA:205,22
DA:206,22
DA:207,22
DA:208,22
DA:209,22
DA:210,22
DA:211,22
DA:213,27
DA:215,28
DA:216,28
DA:217,28
DA:219,0
DA:221,0
DA:222,0
DA:224,28
DA:225,28
DA:226,28
DA:227,28
DA:228,28
DA:229,28
DA:230,28
DA:231,28
DA:232,28
DA:233,28
DA:234,28
DA:235,28
DA:236,28
DA:237,28
DA:238,28
DA:239,28
DA:240,28
DA:243,32
DA:244,32
DA:245,32
DA:246,32
DA:247,32
DA:248,32
DA:249,32
DA:250,32
DA:251,32
DA:253,32
DA:254,32
DA:255,50
DA:257,50
DA:259,53
DA:260,0
DA:261,53
DA:262,54
DA:263,54
DA:264,0
DA:265,53
DA:266,54
DA:267,54
DA:268,53
DA:269,54
DA:270,54
DA:271,0
DA:272,0
DA:273,0
DA:274,0
DA:275,0
DA:276,0
DA:277,0
DA:278,0
DA:279,0
DA:280,0
DA:281,0
DA:282,0
DA:283,0
DA:284,53
DA:285,50
DA:287,65
DA:288,65
DA:289,50
DA:290,50
DA:293,0
DA:294,0
DA:295,0
DA:296,0
DA:297,0
DA:298,0
DA:299,0
DA:300,0
DA:301,0
DA:302,0
DA:305,32
DA:306,0
DA:307,0
DA:308,0
DA:310,32
DA:311,0
DA:312,0
DA:313,0
DA:315,32
DA:316,0
DA:317,0
DA:318,0
DA:320,32
DA:321,32
DA:322,32
DA:323,32
DA:324,32
DA:325,32
DA:326,32
DA:327,32
DA:328,32
DA:329,21
DA:334,14
DA:335,15
DA:355,15
DA:356,15
DA:361,14
DA:362,15
DA:364,15
DA:379,15
DA:380,15
DA:381,14
LH:140
LF:243
end_of_record
SF:/Users/tettuan/github/frontmatter-to-schema/tests/helpers/breakdown-logger.ts
FN:35,<static_initializer>
FN:36,<instance_members_initializer>
FN:40,BreakdownLogger
FN:49,getInstance
FN:59,isEnabled
FN:66,setEnabled
FN:73,startTimer
FN:81,endTimer
FN:94,debug
FN:101,info
FN:108,warn
FN:115,error
FN:122,logWithTiming
FN:147,logPhase
FN:164,logResult
FN:189,createTestScope
FN:196,clear
FN:204,getEntries
FN:211,exportToJson
FN:218,log
FN:241,output
FN:270,<instance_members_initializer>
FN:271,TestScopeLogger
FN:280,arrange
FN:291,act
FN:302,assert
FN:313,cleanup
FN:324,startTimer
FN:331,endTimer
FN:343,logResult
FN:358,createContext
FN:370,getBreakdownLogger
FN:378,logTestExecution
FN:385,descriptor.value
FNDA:4,<static_initializer>
FNDA:7,<instance_members_initializer>
FNDA:7,BreakdownLogger
FNDA:67,getInstance
FNDA:21,isEnabled
FNDA:76,setEnabled
FNDA:31,startTimer
FNDA:14,endTimer
FNDA:3,debug
FNDA:57,info
FNDA:3,warn
FNDA:4,error
FNDA:24,logWithTiming
FNDA:3,logPhase
FNDA:11,logResult
FNDA:20,createTestScope
FNDA:71,clear
FNDA:31,getEntries
FNDA:2,exportToJson
FNDA:67,log
FNDA:42,output
FNDA:20,<instance_members_initializer>
FNDA:20,TestScopeLogger
FNDA:11,arrange
FNDA:9,act
FNDA:8,assert
FNDA:3,cleanup
FNDA:21,startTimer
FNDA:21,endTimer
FNDA:7,logResult
FNDA:59,createContext
FNDA:18,getBreakdownLogger
FNDA:4,logTestExecution
FNDA:3,descriptor.value
FNF:34
FNH:34
BRDA:43,3,0,1
BRDA:50,4,0,7
BRDA:74,7,0,19
BRDA:74,7,1,12
BRDA:82,8,0,1
BRDA:82,8,1,13
BRDA:84,8,2,4
BRDA:84,8,3,9
BRDA:128,13,0,19
BRDA:128,13,1,5
BRDA:152,14,0,1
BRDA:152,14,1,2
BRDA:157,14,2,1
BRDA:169,15,0,7
BRDA:169,15,1,5
BRDA:169,15,2,4
BRDA:171,15,3,3
BRDA:174,15,4,1
BRDA:177,15,5,1
BRDA:224,20,0,30
BRDA:224,20,1,37
BRDA:242,21,0,0
BRDA:246,21,1,5
BRDA:246,21,2,37
BRDA:251,21,3,2
BRDA:252,21,4,1
BRDA:254,21,5,35
BRDA:255,21,6,15
BRDA:257,21,7,2
BRDA:260,21,8,3
BRDA:261,21,9,2
BRDA:387,34,0,1
BRDA:389,34,1,2
BRDA:397,34,2,1
BRF:34
BRH:33
DA:34,4
DA:35,4
DA:36,4
DA:37,11
DA:38,4
DA:40,4
DA:41,11
DA:42,11
DA:43,11
DA:45,12
DA:46,12
DA:47,11
DA:49,4
DA:50,71
DA:51,78
DA:52,78
DA:53,71
DA:54,71
DA:59,4
DA:60,25
DA:61,25
DA:66,4
DA:67,80
DA:68,80
DA:73,4
DA:74,35
DA:75,47
DA:76,35
DA:81,4
DA:82,18
DA:83,31
DA:84,18
DA:86,27
DA:87,27
DA:88,27
DA:89,18
DA:94,4
DA:95,7
DA:96,7
DA:101,4
DA:102,61
DA:103,61
DA:108,4
DA:109,7
DA:110,7
DA:115,4
DA:116,8
DA:117,8
DA:122,4
DA:123,4
DA:124,4
DA:125,4
DA:126,4
DA:127,4
DA:128,28
DA:130,33
DA:131,33
DA:132,33
DA:133,33
DA:134,33
DA:135,33
DA:136,33
DA:137,33
DA:138,33
DA:140,33
DA:141,33
DA:142,28
DA:147,4
DA:148,4
DA:149,4
DA:150,4
DA:151,4
DA:152,7
DA:154,36
DA:155,7
DA:156,7
DA:157,7
DA:159,7
DA:164,4
DA:165,4
DA:166,4
DA:167,4
DA:168,4
DA:169,15
DA:171,20
DA:172,23
DA:173,23
DA:174,23
DA:175,69
DA:177,20
DA:178,21
DA:179,21
DA:180,21
DA:181,63
DA:183,21
DA:184,15
DA:189,4
DA:190,24
DA:191,24
DA:196,4
DA:197,75
DA:198,75
DA:199,75
DA:204,4
DA:205,35
DA:206,35
DA:211,4
DA:212,6
DA:213,6
DA:218,4
DA:219,4
DA:220,4
DA:221,4
DA:222,4
DA:223,4
DA:224,71
DA:226,108
DA:227,108
DA:228,108
DA:229,108
DA:230,108
DA:231,108
DA:232,108
DA:234,108
DA:235,108
DA:236,71
DA:241,4
DA:242,0
DA:244,46
DA:245,46
DA:246,46
DA:248,46
DA:250,46
DA:251,46
DA:252,48
DA:253,48
DA:254,46
DA:255,81
DA:256,81
DA:257,46
DA:258,48
DA:259,48
DA:260,46
DA:261,49
DA:262,49
DA:263,46
DA:264,46
DA:265,4
DA:270,4
DA:271,4
DA:272,28
DA:273,28
DA:274,28
DA:275,28
DA:280,4
DA:281,15
DA:282,15
DA:283,15
DA:284,15
DA:286,15
DA:291,4
DA:292,13
DA:293,13
DA:294,13
DA:295,13
DA:297,13
DA:302,4
DA:303,12
DA:304,12
DA:305,12
DA:306,12
DA:308,12
DA:313,4
DA:314,7
DA:315,7
DA:316,7
DA:317,7
DA:319,7
DA:324,4
DA:325,25
DA:326,25
DA:331,4
DA:332,25
DA:333,25
DA:334,25
DA:335,25
DA:336,25
DA:338,25
DA:343,4
DA:344,4
DA:345,4
DA:346,4
DA:347,4
DA:348,11
DA:349,11
DA:350,11
DA:351,11
DA:353,11
DA:358,4
DA:359,63
DA:360,63
DA:361,63
DA:362,63
DA:363,63
DA:364,63
DA:365,4
DA:370,4
DA:371,22
DA:372,22
DA:378,4
DA:379,4
DA:380,4
DA:381,4
DA:383,8
DA:385,8
DA:386,11
DA:387,11
DA:388,12
DA:389,12
DA:391,11
DA:392,11
DA:394,11
DA:396,11
DA:397,11
DA:398,12
DA:399,12
DA:400,12
DA:401,12
DA:402,12
DA:403,12
DA:404,8
DA:406,8
DA:407,8
LH:232
LF:233
end_of_record
SF:/Users/tettuan/github/frontmatter-to-schema/tests/helpers/test-utilities.ts
FN:34,validFilePath
FN:47,markdownFilePath
FN:60,frontMatterContent
FN:75,frontMatterFromYaml
FN:88,schemaDefinition
FN:104,sourceFile
FN:117,analysisResult
FN:136,<static_initializer>
FN:141,assertSuccess
FN:173,assertError
FN:209,assertValidationError
FN:226,assertAnalysisError
FN:243,<instance_members_initializer>
FN:248,MockAnalysisStrategy
FN:262,execute
FN:281,setSuccess
FN:289,setError
FN:301,schemaAnalysis
FN:317,templateMapping
FN:339,validationOnly
FN:348,validate
FN:357,basicExtraction
FN:386,frontMatter
FN:467,markdownWithFrontMatter
FN:520,commandSchema
FN:560,commandTemplate
FN:586,<static_initializer>
FN:591,measureTime
FN:620,benchmarkFunction
FN:671,assertPerformance
FN:688,<instance_members_initializer>
FN:690,TestWithBreakdown
FN:697,runTest
FN:754,getLogger
FN:761,<static_initializer>
FN:766,register
FN:773,runAll
FN:783,createTempRegistry
FNDA:6,validFilePath
FNDA:2,markdownFilePath
FNDA:2,frontMatterContent
FNDA:1,frontMatterFromYaml
FNDA:6,schemaDefinition
FNDA:1,sourceFile
FNDA:3,analysisResult
FNDA:2,<static_initializer>
FNDA:2,assertSuccess
FNDA:5,assertError
FNDA:1,assertValidationError
FNDA:1,assertAnalysisError
FNDA:4,<instance_members_initializer>
FNDA:4,MockAnalysisStrategy
FNDA:4,execute
FNDA:1,setSuccess
FNDA:1,setError
FNDA:2,schemaAnalysis
FNDA:1,templateMapping
FNDA:1,validationOnly
FNDA:0,validate
FNDA:5,basicExtraction
FNDA:6,frontMatter
FNDA:1,markdownWithFrontMatter
FNDA:1,commandSchema
FNDA:1,commandTemplate
FNDA:2,<static_initializer>
FNDA:6,measureTime
FNDA:1,benchmarkFunction
FNDA:2,assertPerformance
FNDA:8,<instance_members_initializer>
FNDA:8,TestWithBreakdown
FNDA:6,runTest
FNDA:2,getLogger
FNDA:2,<static_initializer>
FNDA:4,register
FNDA:4,runAll
FNDA:1,createTempRegistry
FNF:38
FNH:37
BRDA:36,1,0,0
BRDA:49,2,0,0
BRDA:64,3,0,0
BRDA:77,4,0,0
BRDA:92,5,0,0
BRDA:125,7,0,1
BRDA:126,7,1,2
BRDA:148,9,0,0
BRDA:164,9,1,1
BRDA:166,9,2,0
BRDA:184,10,0,0
BRDA:192,10,1,4
BRDA:193,10,2,4
BRDA:194,10,3,3
BRDA:194,10,4,3
BRDA:202,10,5,0
BRDA:257,14,0,0
BRDA:259,14,1,3
BRDA:266,15,0,2
BRDA:266,15,1,2
BRDA:309,18,0,1
BRDA:343,20,0,0
BRDA:396,23,0,2
BRDA:407,23,1,1
BRDA:418,23,2,1
BRDA:429,23,3,1
BRDA:440,23,4,1
BRDA:451,23,5,0
BRDA:472,25,0,1
BRDA:474,25,1,7
BRDA:474,25,2,5
BRDA:476,25,3,2
BRDA:600,30,0,0
BRDA:639,31,0,5
BRDA:707,36,0,5
BRDA:709,36,1,1
BRDA:712,36,2,5
BRDA:719,36,3,4
BRDA:721,36,4,1
BRDA:724,36,5,4
BRDA:730,36,6,3
BRDA:732,36,7,1
BRDA:735,36,8,3
BRDA:738,36,9,2
BRDA:742,36,10,1
BRF:45
BRH:32
DA:6,2
DA:7,2
DA:9,2
DA:12,2
DA:13,2
DA:15,2
DA:16,2
DA:17,2
DA:18,2
DA:19,2
DA:20,2
DA:21,2
DA:23,2
DA:24,2
DA:25,2
DA:27,2
DA:30,2
DA:34,2
DA:35,8
DA:36,0
DA:37,0
DA:38,0
DA:40,0
DA:41,8
DA:42,8
DA:47,2
DA:48,4
DA:49,0
DA:50,0
DA:51,0
DA:53,0
DA:54,4
DA:55,4
DA:60,2
DA:61,10
DA:62,4
DA:63,4
DA:64,0
DA:65,0
DA:66,0
DA:68,0
DA:69,4
DA:70,4
DA:75,2
DA:76,3
DA:77,0
DA:78,0
DA:79,0
DA:81,0
DA:82,3
DA:83,3
DA:88,2
DA:89,18
DA:90,8
DA:91,8
DA:92,0
DA:93,0
DA:94,0
DA:96,0
DA:97,8
DA:98,8
DA:104,2
DA:105,2
DA:106,2
DA:107,2
DA:108,2
DA:111,3
DA:112,3
DA:117,2
DA:118,2
DA:119,12
DA:120,5
DA:121,5
DA:122,5
DA:123,5
DA:125,5
DA:126,6
DA:127,8
DA:128,8
DA:129,6
DA:130,5
DA:131,5
DA:132,2
DA:135,2
DA:136,2
DA:141,2
DA:142,4
DA:143,4
DA:144,4
DA:145,4
DA:146,4
DA:148,0
DA:150,0
DA:151,0
DA:152,0
DA:153,0
DA:154,0
DA:155,0
DA:156,0
DA:157,0
DA:159,4
DA:160,4
DA:161,4
DA:162,4
DA:164,4
DA:165,5
DA:166,5
DA:167,0
DA:168,0
DA:173,2
DA:174,2
DA:175,2
DA:176,2
DA:177,2
DA:178,7
DA:179,7
DA:180,7
DA:181,7
DA:182,7
DA:184,0
DA:186,0
DA:187,0
DA:188,0
DA:189,0
DA:190,0
DA:192,7
DA:193,7
DA:194,11
DA:195,14
DA:196,14
DA:197,14
DA:198,14
DA:200,14
DA:201,11
DA:202,11
DA:203,0
DA:204,0
DA:209,2
DA:210,2
DA:211,2
DA:212,2
DA:213,2
DA:214,3
DA:215,3
DA:216,3
DA:217,3
DA:218,3
DA:220,3
DA:221,3
DA:226,2
DA:227,2
DA:228,2
DA:229,2
DA:230,2
DA:231,3
DA:232,3
DA:233,3
DA:234,3
DA:235,3
DA:237,3
DA:238,3
DA:239,2
DA:242,2
DA:243,2
DA:244,6
DA:245,6
DA:246,2
DA:248,2
DA:249,2
DA:250,2
DA:254,2
DA:255,2
DA:256,6
DA:257,0
DA:258,6
DA:259,6
DA:260,6
DA:262,2
DA:263,2
DA:264,2
DA:265,2
DA:266,6
DA:267,32
DA:268,8
DA:270,8
DA:271,8
DA:272,8
DA:273,8
DA:274,8
DA:275,8
DA:276,8
DA:277,8
DA:278,6
DA:281,2
DA:282,3
DA:283,3
DA:284,3
DA:285,3
DA:286,3
DA:287,3
DA:289,2
DA:290,3
DA:291,3
DA:292,3
DA:293,3
DA:294,2
DA:297,2
DA:301,2
DA:302,2
DA:303,10
DA:304,4
DA:305,4
DA:306,4
DA:307,4
DA:308,4
DA:309,4
DA:310,4
DA:311,4
DA:312,4
DA:317,2
DA:318,17
DA:319,3
DA:320,3
DA:321,3
DA:322,3
DA:323,3
DA:324,3
DA:325,3
DA:326,3
DA:328,3
DA:329,3
DA:330,3
DA:331,3
DA:333,3
DA:334,3
DA:339,2
DA:340,2
DA:341,2
DA:342,2
DA:343,0
DA:344,3
DA:345,3
DA:346,3
DA:347,3
DA:348,0
DA:349,3
DA:350,3
DA:351,3
DA:352,3
DA:357,2
DA:358,16
DA:359,7
DA:360,7
DA:361,7
DA:362,7
DA:363,7
DA:364,7
DA:365,7
DA:366,7
DA:367,2
DA:382,2
DA:386,2
DA:387,2
DA:388,2
DA:389,8
DA:390,8
DA:391,8
DA:392,16
DA:393,8
DA:395,8
DA:396,8
DA:397,10
DA:398,10
DA:399,10
DA:400,10
DA:401,10
DA:402,10
DA:403,10
DA:404,40
DA:405,10
DA:407,8
DA:408,9
DA:409,9
DA:410,9
DA:411,9
DA:412,9
DA:413,9
DA:414,9
DA:415,36
DA:416,9
DA:418,8
DA:419,9
DA:420,9
DA:421,9
DA:422,9
DA:423,9
DA:424,9
DA:425,9
DA:426,36
DA:427,9
DA:429,8
DA:430,9
DA:431,9
DA:432,9
DA:433,9
DA:434,9
DA:435,9
DA:436,9
DA:437,36
DA:438,9
DA:440,8
DA:441,9
DA:442,9
DA:443,9
DA:444,9
DA:445,9
DA:446,9
DA:447,9
DA:448,36
DA:449,9
DA:451,0
DA:452,0
DA:453,0
DA:454,0
DA:455,0
DA:456,0
DA:457,0
DA:458,0
DA:459,0
DA:460,0
DA:461,8
DA:462,8
DA:467,2
DA:468,2
DA:469,2
DA:470,3
DA:471,3
DA:472,11
DA:473,12
DA:474,11
DA:475,23
DA:476,18
DA:477,20
DA:478,20
DA:479,3
DA:481,3
DA:482,3
DA:485,3
DA:486,3
DA:487,3
DA:489,3
DA:493,3
DA:496,3
DA:509,3
DA:512,3
DA:514,3
DA:515,3
DA:520,2
DA:521,3
DA:522,3
DA:523,3
DA:524,3
DA:525,3
DA:526,18
DA:527,3
DA:528,3
DA:529,3
DA:530,3
DA:531,3
DA:532,3
DA:533,3
DA:534,3
DA:535,3
DA:536,3
DA:537,3
DA:539,3
DA:540,9
DA:541,9
DA:542,3
DA:543,3
DA:544,12
DA:545,3
DA:546,3
DA:547,3
DA:548,9
DA:549,3
DA:550,9
DA:551,9
DA:552,3
DA:553,15
DA:554,3
DA:555,3
DA:560,2
DA:561,3
DA:562,3
DA:563,3
DA:564,3
DA:565,3
DA:566,3
DA:567,3
DA:568,3
DA:569,3
DA:570,3
DA:571,3
DA:572,3
DA:573,3
DA:574,3
DA:575,3
DA:576,3
DA:577,3
DA:578,3
DA:579,3
DA:580,3
DA:581,3
DA:582,2
DA:585,2
DA:586,2
DA:591,2
DA:592,2
DA:593,2
DA:594,2
DA:595,8
DA:596,8
DA:597,8
DA:598,8
DA:600,0
DA:601,0
DA:602,0
DA:603,0
DA:604,0
DA:605,0
DA:606,0
DA:607,0
DA:608,0
DA:610,0
DA:611,8
DA:612,8
DA:614,32
DA:615,8
DA:620,2
DA:621,2
DA:622,2
DA:623,2
DA:631,2
DA:632,3
DA:633,3
DA:635,3
DA:636,3
DA:639,3
DA:640,8
DA:641,8
DA:642,8
DA:643,8
DA:645,3
DA:646,3
DA:647,3
DA:648,3
DA:649,3
DA:651,3
DA:652,3
DA:653,3
DA:654,3
DA:655,3
DA:656,3
DA:658,3
DA:659,3
DA:660,3
DA:661,3
DA:662,3
DA:663,3
DA:664,3
DA:665,3
DA:666,3
DA:671,2
DA:672,2
DA:673,2
DA:674,2
DA:675,2
DA:676,4
DA:677,4
DA:678,4
DA:679,4
DA:680,4
DA:681,4
DA:683,4
DA:684,2
DA:687,2
DA:688,2
DA:690,2
DA:691,10
DA:692,10
DA:697,2
DA:698,2
DA:699,2
DA:700,2
DA:701,2
DA:702,2
DA:704,8
DA:705,8
DA:706,8
DA:707,8
DA:708,13
DA:709,8
DA:710,9
DA:711,9
DA:712,9
DA:715,13
DA:716,13
DA:717,13
DA:718,13
DA:719,13
DA:720,12
DA:721,8
DA:722,9
DA:723,9
DA:724,9
DA:727,12
DA:728,12
DA:729,12
DA:730,12
DA:731,11
DA:732,8
DA:733,9
DA:734,9
DA:735,9
DA:738,8
DA:739,10
DA:740,10
DA:741,10
DA:742,10
DA:743,11
DA:744,11
DA:745,11
DA:746,11
DA:747,11
DA:748,10
DA:749,8
DA:754,2
DA:755,4
DA:756,4
DA:757,2
DA:760,2
DA:761,2
DA:766,2
DA:767,6
DA:768,6
DA:773,2
DA:774,6
DA:775,6
DA:776,6
DA:777,6
DA:778,6
DA:783,2
DA:784,3
DA:786,3
DA:787,4
DA:788,3
DA:790,3
DA:791,3
DA:792,2
LH:498
LF:560
end_of_record
